#
# There is insufficient memory for the Java Runtime Environment to continue.
# Native memory allocation (malloc) failed to allocate 189136 bytes for Chunk::new
# Possible reasons:
#   The system is out of physical RAM or swap space
#   The process is running with CompressedOops enabled, and the Java Heap may be blocking the growth of the native heap
# Possible solutions:
#   Reduce memory load on the system
#   Increase physical memory or swap space
#   Check if swap backing store is full
#   Decrease Java heap size (-Xmx/-Xms)
#   Decrease number of Java threads
#   Decrease Java thread stack sizes (-Xss)
#   Set larger code cache with -XX:ReservedCodeCacheSize=
#   JVM is running with Unscaled Compressed Oops mode in which the Java heap is
#     placed in the first 4GB address space. The Java Heap base address is the
#     maximum limit for the native heap growth. Please use -XX:HeapBaseMinAddress
#     to set the Java Heap base and to place the Java Heap above 4GB virtual address.
# This output file may be truncated or incomplete.
#
#  Out of Memory Error (arena.cpp:189), pid=9532, tid=30520
#
# JRE version: OpenJDK Runtime Environment JBR-17.0.8+7-1000.22-nomod (17.0.8+7) (build 17.0.8+7-b1000.22)
# Java VM: OpenJDK 64-Bit Server VM JBR-17.0.8+7-1000.22-nomod (17.0.8+7-b1000.22, mixed mode, tiered, compressed oops, compressed class ptrs, g1 gc, windows-amd64)
# No core dump will be written. Minidumps are not enabled by default on client versions of Windows
#

---------------  S U M M A R Y ------------

Command Line: -Dmaven.multiModuleProjectDirectory=C:\Users\asmab\IdeaProjects\skillhub -Djansi.passthrough=true -Dmaven.home=C:\Program Files\JetBrains\IntelliJ IDEA 2023.2.1\plugins\maven\lib\maven3 -Dclassworlds.conf=C:\Program Files\JetBrains\IntelliJ IDEA 2023.2.1\plugins\maven\lib\maven3\bin\m2.conf -Dmaven.ext.class.path=C:\Program Files\JetBrains\IntelliJ IDEA 2023.2.1\plugins\maven\lib\maven-event-listener.jar -javaagent:C:\Program Files\JetBrains\IntelliJ IDEA 2023.2.1\lib\idea_rt.jar=56869:C:\Program Files\JetBrains\IntelliJ IDEA 2023.2.1\bin -Dfile.encoding=UTF-8 org.codehaus.classworlds.Launcher -Didea.version=2023.2.1 javafx:run

Host: Intel(R) Core(TM) i5-1035G1 CPU @ 1.00GHz, 8 cores, 7G,  Windows 11 , 64 bit Build 22621 (10.0.22621.3235)
Time: Tue Apr 23 00:34:19 2024 Afr. centrale Ouest elapsed time: 1.281147 seconds (0d 0h 0m 1s)

---------------  T H R E A D  ---------------

Current thread (0x0000024cbe2dd300):  JavaThread "C2 CompilerThread0" daemon [_thread_in_native, id=30520, stack(0x000000b33d200000,0x000000b33d300000)]


Current CompileTask:
C2:   1281  617  s!   4       jdk.internal.loader.URLClassPath::getLoader (194 bytes)

Stack: [0x000000b33d200000,0x000000b33d300000]
Native frames: (J=compiled Java code, j=interpreted, Vv=VM code, C=native code)
V  [jvm.dll+0x6852da]
V  [jvm.dll+0x844c84]
V  [jvm.dll+0x84659e]
V  [jvm.dll+0x846c03]
V  [jvm.dll+0x24b7cf]
V  [jvm.dll+0xac3bc]
V  [jvm.dll+0xac98c]
V  [jvm.dll+0x36af42]
V  [jvm.dll+0x3352b1]
V  [jvm.dll+0x33475a]
V  [jvm.dll+0x21d7f1]
V  [jvm.dll+0x21cc11]
V  [jvm.dll+0x1a660d]
V  [jvm.dll+0x22c9c8]
V  [jvm.dll+0x22a990]
V  [jvm.dll+0x7f9d3c]
V  [jvm.dll+0x7f415a]
V  [jvm.dll+0x684115]
C  [ucrtbase.dll+0x29363]
C  [KERNEL32.DLL+0x1257d]
C  [ntdll.dll+0x5aa58]


---------------  P R O C E S S  ---------------

Threads class SMR info:
_java_thread_list=0x0000024cbe51b090, length=13, elements={
0x0000024ca4269f10, 0x0000024cbe153d70, 0x0000024cbe1708b0, 0x0000024cbe2d58c0,
0x0000024cbe2d6280, 0x0000024cbe2dac60, 0x0000024cbe2dbdc0, 0x0000024cbe2dd300,
0x0000024cbe2dfd00, 0x0000024cbe2e52c0, 0x0000024cbe0f2a20, 0x0000024cbe5852c0,
0x0000024cbe50e2c0
}

Java Threads: ( => current thread )
  0x0000024ca4269f10 JavaThread "main" [_thread_in_Java, id=29380, stack(0x000000b33c500000,0x000000b33c600000)]
  0x0000024cbe153d70 JavaThread "Reference Handler" daemon [_thread_blocked, id=2968, stack(0x000000b33cc00000,0x000000b33cd00000)]
  0x0000024cbe1708b0 JavaThread "Finalizer" daemon [_thread_blocked, id=17500, stack(0x000000b33cd00000,0x000000b33ce00000)]
  0x0000024cbe2d58c0 JavaThread "Signal Dispatcher" daemon [_thread_blocked, id=23448, stack(0x000000b33ce00000,0x000000b33cf00000)]
  0x0000024cbe2d6280 JavaThread "Attach Listener" daemon [_thread_blocked, id=27696, stack(0x000000b33cf00000,0x000000b33d000000)]
  0x0000024cbe2dac60 JavaThread "Service Thread" daemon [_thread_blocked, id=30056, stack(0x000000b33d000000,0x000000b33d100000)]
  0x0000024cbe2dbdc0 JavaThread "Monitor Deflation Thread" daemon [_thread_blocked, id=25232, stack(0x000000b33d100000,0x000000b33d200000)]
=>0x0000024cbe2dd300 JavaThread "C2 CompilerThread0" daemon [_thread_in_native, id=30520, stack(0x000000b33d200000,0x000000b33d300000)]
  0x0000024cbe2dfd00 JavaThread "C1 CompilerThread0" daemon [_thread_in_vm, id=30864, stack(0x000000b33d300000,0x000000b33d400000)]
  0x0000024cbe2e52c0 JavaThread "Sweeper thread" daemon [_thread_blocked, id=31008, stack(0x000000b33d400000,0x000000b33d500000)]
  0x0000024cbe0f2a20 JavaThread "Common-Cleaner" daemon [_thread_blocked, id=19040, stack(0x000000b33d500000,0x000000b33d600000)]
  0x0000024cbe5852c0 JavaThread "Monitor Ctrl-Break" daemon [_thread_in_native, id=28832, stack(0x000000b33d600000,0x000000b33d700000)]
  0x0000024cbe50e2c0 JavaThread "Notification Thread" daemon [_thread_blocked, id=28840, stack(0x000000b33d700000,0x000000b33d800000)]

Other Threads:
  0x0000024cbe14fbf0 VMThread "VM Thread" [stack: 0x000000b33cb00000,0x000000b33cc00000] [id=14208]
  0x0000024ca426ad90 WatcherThread [stack: 0x000000b33d800000,0x000000b33d900000] [id=30536]
  0x0000024ca42c3af0 GCTaskThread "GC Thread#0" [stack: 0x000000b33c600000,0x000000b33c700000] [id=28572]
  0x0000024ca42d4240 ConcurrentGCThread "G1 Main Marker" [stack: 0x000000b33c700000,0x000000b33c800000] [id=7540]
  0x0000024ca42d4c50 ConcurrentGCThread "G1 Conc#0" [stack: 0x000000b33c800000,0x000000b33c900000] [id=14000]
  0x0000024ca4318a50 ConcurrentGCThread "G1 Refine#0" [stack: 0x000000b33c900000,0x000000b33ca00000] [id=28528]
  0x0000024cbdfb3620 ConcurrentGCThread "G1 Service" [stack: 0x000000b33ca00000,0x000000b33cb00000] [id=31104]

Threads with active compile tasks:
C2 CompilerThread0     1302  617  s!   4       jdk.internal.loader.URLClassPath::getLoader (194 bytes)
C1 CompilerThread0     1302  660       3       sun.util.locale.StringTokenIterator::next (74 bytes)

VM state: not at safepoint (normal execution)

VM Mutex/Monitor currently owned by a thread:  ([mutex/lock_event])
[0x0000024ca42664f0] Compile_lock - owner thread: 0x0000024cbe2dfd00
[0x0000024ca4265260] MethodCompileQueue_lock - owner thread: 0x0000000000000000

Heap address: 0x0000000084000000, size: 1984 MB, Compressed Oops mode: 32-bit

CDS archive(s) not mapped
Compressed class space mapped at: 0x0000000100000000-0x0000000140000000, reserved size: 1073741824
Narrow klass base: 0x0000000000000000, Narrow klass shift: 3, Narrow klass range: 0x140000000

GC Precious Log:
 CPUs: 8 total, 8 available
 Memory: 7932M
 Large Page Support: Disabled
 NUMA Support: Disabled
 Compressed Oops: Enabled (32-bit)
 Heap Region Size: 1M
 Heap Min Capacity: 8M
 Heap Initial Capacity: 124M
 Heap Max Capacity: 1984M
 Pre-touch: Disabled
 Parallel Workers: 8
 Concurrent Workers: 2
 Concurrent Refinement Workers: 8
 Periodic GC: Disabled

Heap:
 garbage-first heap   total 126976K, used 9216K [0x0000000084000000, 0x0000000100000000)
  region size 1024K, 10 young (10240K), 0 survivors (0K)
 Metaspace       used 10561K, committed 10752K, reserved 1114112K
  class space    used 974K, committed 1088K, reserved 1048576K

Heap Regions: E=young(eden), S=young(survivor), O=old, HS=humongous(starts), HC=humongous(continues), CS=collection set, F=free, OA=open archive, CA=closed archive, TAMS=top-at-mark-start (previous, next)
|   0|0x0000000084000000, 0x0000000084000000, 0x0000000084100000|  0%| F|  |TAMS 0x0000000084000000, 0x0000000084000000| Untracked 
|   1|0x0000000084100000, 0x0000000084100000, 0x0000000084200000|  0%| F|  |TAMS 0x0000000084100000, 0x0000000084100000| Untracked 
|   2|0x0000000084200000, 0x0000000084200000, 0x0000000084300000|  0%| F|  |TAMS 0x0000000084200000, 0x0000000084200000| Untracked 
|   3|0x0000000084300000, 0x0000000084300000, 0x0000000084400000|  0%| F|  |TAMS 0x0000000084300000, 0x0000000084300000| Untracked 
|   4|0x0000000084400000, 0x0000000084400000, 0x0000000084500000|  0%| F|  |TAMS 0x0000000084400000, 0x0000000084400000| Untracked 
|   5|0x0000000084500000, 0x0000000084500000, 0x0000000084600000|  0%| F|  |TAMS 0x0000000084500000, 0x0000000084500000| Untracked 
|   6|0x0000000084600000, 0x0000000084600000, 0x0000000084700000|  0%| F|  |TAMS 0x0000000084600000, 0x0000000084600000| Untracked 
|   7|0x0000000084700000, 0x0000000084700000, 0x0000000084800000|  0%| F|  |TAMS 0x0000000084700000, 0x0000000084700000| Untracked 
|   8|0x0000000084800000, 0x0000000084800000, 0x0000000084900000|  0%| F|  |TAMS 0x0000000084800000, 0x0000000084800000| Untracked 
|   9|0x0000000084900000, 0x0000000084900000, 0x0000000084a00000|  0%| F|  |TAMS 0x0000000084900000, 0x0000000084900000| Untracked 
|  10|0x0000000084a00000, 0x0000000084a00000, 0x0000000084b00000|  0%| F|  |TAMS 0x0000000084a00000, 0x0000000084a00000| Untracked 
|  11|0x0000000084b00000, 0x0000000084b00000, 0x0000000084c00000|  0%| F|  |TAMS 0x0000000084b00000, 0x0000000084b00000| Untracked 
|  12|0x0000000084c00000, 0x0000000084c00000, 0x0000000084d00000|  0%| F|  |TAMS 0x0000000084c00000, 0x0000000084c00000| Untracked 
|  13|0x0000000084d00000, 0x0000000084d00000, 0x0000000084e00000|  0%| F|  |TAMS 0x0000000084d00000, 0x0000000084d00000| Untracked 
|  14|0x0000000084e00000, 0x0000000084e00000, 0x0000000084f00000|  0%| F|  |TAMS 0x0000000084e00000, 0x0000000084e00000| Untracked 
|  15|0x0000000084f00000, 0x0000000084f00000, 0x0000000085000000|  0%| F|  |TAMS 0x0000000084f00000, 0x0000000084f00000| Untracked 
|  16|0x0000000085000000, 0x0000000085000000, 0x0000000085100000|  0%| F|  |TAMS 0x0000000085000000, 0x0000000085000000| Untracked 
|  17|0x0000000085100000, 0x0000000085100000, 0x0000000085200000|  0%| F|  |TAMS 0x0000000085100000, 0x0000000085100000| Untracked 
|  18|0x0000000085200000, 0x0000000085200000, 0x0000000085300000|  0%| F|  |TAMS 0x0000000085200000, 0x0000000085200000| Untracked 
|  19|0x0000000085300000, 0x0000000085300000, 0x0000000085400000|  0%| F|  |TAMS 0x0000000085300000, 0x0000000085300000| Untracked 
|  20|0x0000000085400000, 0x0000000085400000, 0x0000000085500000|  0%| F|  |TAMS 0x0000000085400000, 0x0000000085400000| Untracked 
|  21|0x0000000085500000, 0x0000000085500000, 0x0000000085600000|  0%| F|  |TAMS 0x0000000085500000, 0x0000000085500000| Untracked 
|  22|0x0000000085600000, 0x0000000085600000, 0x0000000085700000|  0%| F|  |TAMS 0x0000000085600000, 0x0000000085600000| Untracked 
|  23|0x0000000085700000, 0x0000000085700000, 0x0000000085800000|  0%| F|  |TAMS 0x0000000085700000, 0x0000000085700000| Untracked 
|  24|0x0000000085800000, 0x0000000085800000, 0x0000000085900000|  0%| F|  |TAMS 0x0000000085800000, 0x0000000085800000| Untracked 
|  25|0x0000000085900000, 0x0000000085900000, 0x0000000085a00000|  0%| F|  |TAMS 0x0000000085900000, 0x0000000085900000| Untracked 
|  26|0x0000000085a00000, 0x0000000085a00000, 0x0000000085b00000|  0%| F|  |TAMS 0x0000000085a00000, 0x0000000085a00000| Untracked 
|  27|0x0000000085b00000, 0x0000000085b00000, 0x0000000085c00000|  0%| F|  |TAMS 0x0000000085b00000, 0x0000000085b00000| Untracked 
|  28|0x0000000085c00000, 0x0000000085c00000, 0x0000000085d00000|  0%| F|  |TAMS 0x0000000085c00000, 0x0000000085c00000| Untracked 
|  29|0x0000000085d00000, 0x0000000085d00000, 0x0000000085e00000|  0%| F|  |TAMS 0x0000000085d00000, 0x0000000085d00000| Untracked 
|  30|0x0000000085e00000, 0x0000000085e00000, 0x0000000085f00000|  0%| F|  |TAMS 0x0000000085e00000, 0x0000000085e00000| Untracked 
|  31|0x0000000085f00000, 0x0000000085f00000, 0x0000000086000000|  0%| F|  |TAMS 0x0000000085f00000, 0x0000000085f00000| Untracked 
|  32|0x0000000086000000, 0x0000000086000000, 0x0000000086100000|  0%| F|  |TAMS 0x0000000086000000, 0x0000000086000000| Untracked 
|  33|0x0000000086100000, 0x0000000086100000, 0x0000000086200000|  0%| F|  |TAMS 0x0000000086100000, 0x0000000086100000| Untracked 
|  34|0x0000000086200000, 0x0000000086200000, 0x0000000086300000|  0%| F|  |TAMS 0x0000000086200000, 0x0000000086200000| Untracked 
|  35|0x0000000086300000, 0x0000000086300000, 0x0000000086400000|  0%| F|  |TAMS 0x0000000086300000, 0x0000000086300000| Untracked 
|  36|0x0000000086400000, 0x0000000086400000, 0x0000000086500000|  0%| F|  |TAMS 0x0000000086400000, 0x0000000086400000| Untracked 
|  37|0x0000000086500000, 0x0000000086500000, 0x0000000086600000|  0%| F|  |TAMS 0x0000000086500000, 0x0000000086500000| Untracked 
|  38|0x0000000086600000, 0x0000000086600000, 0x0000000086700000|  0%| F|  |TAMS 0x0000000086600000, 0x0000000086600000| Untracked 
|  39|0x0000000086700000, 0x0000000086700000, 0x0000000086800000|  0%| F|  |TAMS 0x0000000086700000, 0x0000000086700000| Untracked 
|  40|0x0000000086800000, 0x0000000086800000, 0x0000000086900000|  0%| F|  |TAMS 0x0000000086800000, 0x0000000086800000| Untracked 
|  41|0x0000000086900000, 0x0000000086900000, 0x0000000086a00000|  0%| F|  |TAMS 0x0000000086900000, 0x0000000086900000| Untracked 
|  42|0x0000000086a00000, 0x0000000086a00000, 0x0000000086b00000|  0%| F|  |TAMS 0x0000000086a00000, 0x0000000086a00000| Untracked 
|  43|0x0000000086b00000, 0x0000000086b00000, 0x0000000086c00000|  0%| F|  |TAMS 0x0000000086b00000, 0x0000000086b00000| Untracked 
|  44|0x0000000086c00000, 0x0000000086c00000, 0x0000000086d00000|  0%| F|  |TAMS 0x0000000086c00000, 0x0000000086c00000| Untracked 
|  45|0x0000000086d00000, 0x0000000086d00000, 0x0000000086e00000|  0%| F|  |TAMS 0x0000000086d00000, 0x0000000086d00000| Untracked 
|  46|0x0000000086e00000, 0x0000000086e00000, 0x0000000086f00000|  0%| F|  |TAMS 0x0000000086e00000, 0x0000000086e00000| Untracked 
|  47|0x0000000086f00000, 0x0000000086f00000, 0x0000000087000000|  0%| F|  |TAMS 0x0000000086f00000, 0x0000000086f00000| Untracked 
|  48|0x0000000087000000, 0x0000000087000000, 0x0000000087100000|  0%| F|  |TAMS 0x0000000087000000, 0x0000000087000000| Untracked 
|  49|0x0000000087100000, 0x0000000087100000, 0x0000000087200000|  0%| F|  |TAMS 0x0000000087100000, 0x0000000087100000| Untracked 
|  50|0x0000000087200000, 0x0000000087200000, 0x0000000087300000|  0%| F|  |TAMS 0x0000000087200000, 0x0000000087200000| Untracked 
|  51|0x0000000087300000, 0x0000000087300000, 0x0000000087400000|  0%| F|  |TAMS 0x0000000087300000, 0x0000000087300000| Untracked 
|  52|0x0000000087400000, 0x0000000087400000, 0x0000000087500000|  0%| F|  |TAMS 0x0000000087400000, 0x0000000087400000| Untracked 
|  53|0x0000000087500000, 0x0000000087500000, 0x0000000087600000|  0%| F|  |TAMS 0x0000000087500000, 0x0000000087500000| Untracked 
|  54|0x0000000087600000, 0x0000000087600000, 0x0000000087700000|  0%| F|  |TAMS 0x0000000087600000, 0x0000000087600000| Untracked 
|  55|0x0000000087700000, 0x0000000087700000, 0x0000000087800000|  0%| F|  |TAMS 0x0000000087700000, 0x0000000087700000| Untracked 
|  56|0x0000000087800000, 0x0000000087800000, 0x0000000087900000|  0%| F|  |TAMS 0x0000000087800000, 0x0000000087800000| Untracked 
|  57|0x0000000087900000, 0x0000000087900000, 0x0000000087a00000|  0%| F|  |TAMS 0x0000000087900000, 0x0000000087900000| Untracked 
|  58|0x0000000087a00000, 0x0000000087a00000, 0x0000000087b00000|  0%| F|  |TAMS 0x0000000087a00000, 0x0000000087a00000| Untracked 
|  59|0x0000000087b00000, 0x0000000087b00000, 0x0000000087c00000|  0%| F|  |TAMS 0x0000000087b00000, 0x0000000087b00000| Untracked 
|  60|0x0000000087c00000, 0x0000000087c00000, 0x0000000087d00000|  0%| F|  |TAMS 0x0000000087c00000, 0x0000000087c00000| Untracked 
|  61|0x0000000087d00000, 0x0000000087d00000, 0x0000000087e00000|  0%| F|  |TAMS 0x0000000087d00000, 0x0000000087d00000| Untracked 
|  62|0x0000000087e00000, 0x0000000087e00000, 0x0000000087f00000|  0%| F|  |TAMS 0x0000000087e00000, 0x0000000087e00000| Untracked 
|  63|0x0000000087f00000, 0x0000000087f00000, 0x0000000088000000|  0%| F|  |TAMS 0x0000000087f00000, 0x0000000087f00000| Untracked 
|  64|0x0000000088000000, 0x0000000088000000, 0x0000000088100000|  0%| F|  |TAMS 0x0000000088000000, 0x0000000088000000| Untracked 
|  65|0x0000000088100000, 0x0000000088100000, 0x0000000088200000|  0%| F|  |TAMS 0x0000000088100000, 0x0000000088100000| Untracked 
|  66|0x0000000088200000, 0x0000000088200000, 0x0000000088300000|  0%| F|  |TAMS 0x0000000088200000, 0x0000000088200000| Untracked 
|  67|0x0000000088300000, 0x0000000088300000, 0x0000000088400000|  0%| F|  |TAMS 0x0000000088300000, 0x0000000088300000| Untracked 
|  68|0x0000000088400000, 0x0000000088400000, 0x0000000088500000|  0%| F|  |TAMS 0x0000000088400000, 0x0000000088400000| Untracked 
|  69|0x0000000088500000, 0x0000000088500000, 0x0000000088600000|  0%| F|  |TAMS 0x0000000088500000, 0x0000000088500000| Untracked 
|  70|0x0000000088600000, 0x0000000088600000, 0x0000000088700000|  0%| F|  |TAMS 0x0000000088600000, 0x0000000088600000| Untracked 
|  71|0x0000000088700000, 0x0000000088700000, 0x0000000088800000|  0%| F|  |TAMS 0x0000000088700000, 0x0000000088700000| Untracked 
|  72|0x0000000088800000, 0x0000000088800000, 0x0000000088900000|  0%| F|  |TAMS 0x0000000088800000, 0x0000000088800000| Untracked 
|  73|0x0000000088900000, 0x0000000088900000, 0x0000000088a00000|  0%| F|  |TAMS 0x0000000088900000, 0x0000000088900000| Untracked 
|  74|0x0000000088a00000, 0x0000000088a00000, 0x0000000088b00000|  0%| F|  |TAMS 0x0000000088a00000, 0x0000000088a00000| Untracked 
|  75|0x0000000088b00000, 0x0000000088b00000, 0x0000000088c00000|  0%| F|  |TAMS 0x0000000088b00000, 0x0000000088b00000| Untracked 
|  76|0x0000000088c00000, 0x0000000088c00000, 0x0000000088d00000|  0%| F|  |TAMS 0x0000000088c00000, 0x0000000088c00000| Untracked 
|  77|0x0000000088d00000, 0x0000000088d00000, 0x0000000088e00000|  0%| F|  |TAMS 0x0000000088d00000, 0x0000000088d00000| Untracked 
|  78|0x0000000088e00000, 0x0000000088e00000, 0x0000000088f00000|  0%| F|  |TAMS 0x0000000088e00000, 0x0000000088e00000| Untracked 
|  79|0x0000000088f00000, 0x0000000088f00000, 0x0000000089000000|  0%| F|  |TAMS 0x0000000088f00000, 0x0000000088f00000| Untracked 
|  80|0x0000000089000000, 0x0000000089000000, 0x0000000089100000|  0%| F|  |TAMS 0x0000000089000000, 0x0000000089000000| Untracked 
|  81|0x0000000089100000, 0x0000000089100000, 0x0000000089200000|  0%| F|  |TAMS 0x0000000089100000, 0x0000000089100000| Untracked 
|  82|0x0000000089200000, 0x0000000089200000, 0x0000000089300000|  0%| F|  |TAMS 0x0000000089200000, 0x0000000089200000| Untracked 
|  83|0x0000000089300000, 0x0000000089300000, 0x0000000089400000|  0%| F|  |TAMS 0x0000000089300000, 0x0000000089300000| Untracked 
|  84|0x0000000089400000, 0x0000000089400000, 0x0000000089500000|  0%| F|  |TAMS 0x0000000089400000, 0x0000000089400000| Untracked 
|  85|0x0000000089500000, 0x0000000089500000, 0x0000000089600000|  0%| F|  |TAMS 0x0000000089500000, 0x0000000089500000| Untracked 
|  86|0x0000000089600000, 0x0000000089600000, 0x0000000089700000|  0%| F|  |TAMS 0x0000000089600000, 0x0000000089600000| Untracked 
|  87|0x0000000089700000, 0x0000000089700000, 0x0000000089800000|  0%| F|  |TAMS 0x0000000089700000, 0x0000000089700000| Untracked 
|  88|0x0000000089800000, 0x0000000089800000, 0x0000000089900000|  0%| F|  |TAMS 0x0000000089800000, 0x0000000089800000| Untracked 
|  89|0x0000000089900000, 0x0000000089900000, 0x0000000089a00000|  0%| F|  |TAMS 0x0000000089900000, 0x0000000089900000| Untracked 
|  90|0x0000000089a00000, 0x0000000089a00000, 0x0000000089b00000|  0%| F|  |TAMS 0x0000000089a00000, 0x0000000089a00000| Untracked 
|  91|0x0000000089b00000, 0x0000000089b00000, 0x0000000089c00000|  0%| F|  |TAMS 0x0000000089b00000, 0x0000000089b00000| Untracked 
|  92|0x0000000089c00000, 0x0000000089c00000, 0x0000000089d00000|  0%| F|  |TAMS 0x0000000089c00000, 0x0000000089c00000| Untracked 
|  93|0x0000000089d00000, 0x0000000089d00000, 0x0000000089e00000|  0%| F|  |TAMS 0x0000000089d00000, 0x0000000089d00000| Untracked 
|  94|0x0000000089e00000, 0x0000000089e00000, 0x0000000089f00000|  0%| F|  |TAMS 0x0000000089e00000, 0x0000000089e00000| Untracked 
|  95|0x0000000089f00000, 0x0000000089f00000, 0x000000008a000000|  0%| F|  |TAMS 0x0000000089f00000, 0x0000000089f00000| Untracked 
|  96|0x000000008a000000, 0x000000008a000000, 0x000000008a100000|  0%| F|  |TAMS 0x000000008a000000, 0x000000008a000000| Untracked 
|  97|0x000000008a100000, 0x000000008a100000, 0x000000008a200000|  0%| F|  |TAMS 0x000000008a100000, 0x000000008a100000| Untracked 
|  98|0x000000008a200000, 0x000000008a200000, 0x000000008a300000|  0%| F|  |TAMS 0x000000008a200000, 0x000000008a200000| Untracked 
|  99|0x000000008a300000, 0x000000008a300000, 0x000000008a400000|  0%| F|  |TAMS 0x000000008a300000, 0x000000008a300000| Untracked 
| 100|0x000000008a400000, 0x000000008a400000, 0x000000008a500000|  0%| F|  |TAMS 0x000000008a400000, 0x000000008a400000| Untracked 
| 101|0x000000008a500000, 0x000000008a500000, 0x000000008a600000|  0%| F|  |TAMS 0x000000008a500000, 0x000000008a500000| Untracked 
| 102|0x000000008a600000, 0x000000008a600000, 0x000000008a700000|  0%| F|  |TAMS 0x000000008a600000, 0x000000008a600000| Untracked 
| 103|0x000000008a700000, 0x000000008a700000, 0x000000008a800000|  0%| F|  |TAMS 0x000000008a700000, 0x000000008a700000| Untracked 
| 104|0x000000008a800000, 0x000000008a800000, 0x000000008a900000|  0%| F|  |TAMS 0x000000008a800000, 0x000000008a800000| Untracked 
| 105|0x000000008a900000, 0x000000008a900000, 0x000000008aa00000|  0%| F|  |TAMS 0x000000008a900000, 0x000000008a900000| Untracked 
| 106|0x000000008aa00000, 0x000000008aa00000, 0x000000008ab00000|  0%| F|  |TAMS 0x000000008aa00000, 0x000000008aa00000| Untracked 
| 107|0x000000008ab00000, 0x000000008ab00000, 0x000000008ac00000|  0%| F|  |TAMS 0x000000008ab00000, 0x000000008ab00000| Untracked 
| 108|0x000000008ac00000, 0x000000008ac00000, 0x000000008ad00000|  0%| F|  |TAMS 0x000000008ac00000, 0x000000008ac00000| Untracked 
| 109|0x000000008ad00000, 0x000000008ad00000, 0x000000008ae00000|  0%| F|  |TAMS 0x000000008ad00000, 0x000000008ad00000| Untracked 
| 110|0x000000008ae00000, 0x000000008ae00000, 0x000000008af00000|  0%| F|  |TAMS 0x000000008ae00000, 0x000000008ae00000| Untracked 
| 111|0x000000008af00000, 0x000000008af00000, 0x000000008b000000|  0%| F|  |TAMS 0x000000008af00000, 0x000000008af00000| Untracked 
| 112|0x000000008b000000, 0x000000008b000000, 0x000000008b100000|  0%| F|  |TAMS 0x000000008b000000, 0x000000008b000000| Untracked 
| 113|0x000000008b100000, 0x000000008b100000, 0x000000008b200000|  0%| F|  |TAMS 0x000000008b100000, 0x000000008b100000| Untracked 
| 114|0x000000008b200000, 0x000000008b279868, 0x000000008b300000| 47%| E|  |TAMS 0x000000008b200000, 0x000000008b200000| Complete 
| 115|0x000000008b300000, 0x000000008b400000, 0x000000008b400000|100%| E|CS|TAMS 0x000000008b300000, 0x000000008b300000| Complete 
| 116|0x000000008b400000, 0x000000008b500000, 0x000000008b500000|100%| E|CS|TAMS 0x000000008b400000, 0x000000008b400000| Complete 
| 117|0x000000008b500000, 0x000000008b600000, 0x000000008b600000|100%| E|CS|TAMS 0x000000008b500000, 0x000000008b500000| Complete 
| 118|0x000000008b600000, 0x000000008b700000, 0x000000008b700000|100%| E|CS|TAMS 0x000000008b600000, 0x000000008b600000| Complete 
| 119|0x000000008b700000, 0x000000008b800000, 0x000000008b800000|100%| E|CS|TAMS 0x000000008b700000, 0x000000008b700000| Complete 
| 120|0x000000008b800000, 0x000000008b900000, 0x000000008b900000|100%| E|CS|TAMS 0x000000008b800000, 0x000000008b800000| Complete 
| 121|0x000000008b900000, 0x000000008ba00000, 0x000000008ba00000|100%| E|CS|TAMS 0x000000008b900000, 0x000000008b900000| Complete 
| 122|0x000000008ba00000, 0x000000008bb00000, 0x000000008bb00000|100%| E|CS|TAMS 0x000000008ba00000, 0x000000008ba00000| Complete 
| 123|0x000000008bb00000, 0x000000008bc00000, 0x000000008bc00000|100%| E|CS|TAMS 0x000000008bb00000, 0x000000008bb00000| Complete 

Card table byte_map: [0x0000024cb7140000,0x0000024cb7520000] _byte_map_base: 0x0000024cb6d20000

Marking Bits (Prev, Next): (CMBitMap*) 0x0000024ca42c4110, (CMBitMap*) 0x0000024ca42c4150
 Prev Bits: [0x0000024cb7900000, 0x0000024cb9800000)
 Next Bits: [0x0000024cb9800000, 0x0000024cbb700000)

Polling page: 0x0000024ca3a20000

Metaspace:

Usage:
  Non-class:      9.37 MB used.
      Class:    974.90 KB used.
       Both:     10.32 MB used.

Virtual space:
  Non-class space:       64.00 MB reserved,       9.50 MB ( 15%) committed,  1 nodes.
      Class space:        1.00 GB reserved,       1.06 MB ( <1%) committed,  1 nodes.
             Both:        1.06 GB reserved,      10.56 MB ( <1%) committed. 

Chunk freelists:
   Non-Class:  6.48 MB
       Class:  14.98 MB
        Both:  21.46 MB

MaxMetaspaceSize: unlimited
CompressedClassSpaceSize: 1.00 GB
Initial GC threshold: 21.00 MB
Current GC threshold: 21.00 MB
CDS: off
MetaspaceReclaimPolicy: balanced
 - commit_granule_bytes: 65536.
 - commit_granule_words: 8192.
 - virtual_space_node_default_size: 8388608.
 - enlarge_chunks_in_place: 1.
 - new_chunks_are_fully_committed: 0.
 - uncommit_free_chunks: 1.
 - use_allocation_guard: 0.
 - handle_deallocations: 1.


Internal statistics:

num_allocs_failed_limit: 0.
num_arena_births: 24.
num_arena_deaths: 0.
num_vsnodes_births: 2.
num_vsnodes_deaths: 0.
num_space_committed: 169.
num_space_uncommitted: 0.
num_chunks_returned_to_freelist: 0.
num_chunks_taken_from_freelist: 108.
num_chunk_merges: 0.
num_chunk_splits: 63.
num_chunks_enlarged: 43.
num_inconsistent_stats: 0.

CodeHeap 'non-profiled nmethods': size=120000Kb used=190Kb max_used=190Kb free=119809Kb
 bounds [0x0000024caf500000, 0x0000024caf770000, 0x0000024cb6a30000]
CodeHeap 'profiled nmethods': size=120000Kb used=1196Kb max_used=1196Kb free=118803Kb
 bounds [0x0000024ca7a30000, 0x0000024ca7ca0000, 0x0000024caef60000]
CodeHeap 'non-nmethods': size=5760Kb used=1151Kb max_used=1164Kb free=4608Kb
 bounds [0x0000024caef60000, 0x0000024caf1d0000, 0x0000024caf500000]
 total_blobs=1092 nmethods=666 adapters=339
 compilation: enabled
              stopped_count=0, restarted_count=0
 full_count=0

Compilation events (20 events):
Event: 1.273 Thread 0x0000024cbe2dfd00  627       3       java.io.DataInputStream::readFully (59 bytes)
Event: 1.273 Thread 0x0000024cbe2dfd00 nmethod 627 0x0000024ca7b3e510 code [0x0000024ca7b3e700, 0x0000024ca7b3ec68]
Event: 1.273 Thread 0x0000024cbe2dfd00  622  s    3       java.io.BufferedInputStream::read (49 bytes)
Event: 1.274 Thread 0x0000024cbe2dfd00 nmethod 622 0x0000024ca7b3ef10 code [0x0000024ca7b3f0e0, 0x0000024ca7b3f558]
Event: 1.274 Thread 0x0000024cbe2dfd00  623  s    3       java.io.BufferedInputStream::read (113 bytes)
Event: 1.274 Thread 0x0000024cbe2dfd00 nmethod 623 0x0000024ca7b3f710 code [0x0000024ca7b3f940, 0x0000024ca7b401f8]
Event: 1.274 Thread 0x0000024cbe2dfd00  628       3       java.io.DataInputStream::readShort (40 bytes)
Event: 1.274 Thread 0x0000024cbe2dfd00 nmethod 628 0x0000024ca7b40490 code [0x0000024ca7b40660, 0x0000024ca7b40a28]
Event: 1.274 Thread 0x0000024cbe2dfd00  619       3       java.util.Objects::checkFromIndexSize (8 bytes)
Event: 1.275 Thread 0x0000024cbe2dfd00 nmethod 619 0x0000024ca7b40b90 code [0x0000024ca7b40d40, 0x0000024ca7b40f68]
Event: 1.275 Thread 0x0000024cbe2dfd00  624       3       java.io.BufferedInputStream::read1 (108 bytes)
Event: 1.275 Thread 0x0000024cbe2dfd00 nmethod 624 0x0000024ca7b41090 code [0x0000024ca7b412e0, 0x0000024ca7b41bd8]
Event: 1.275 Thread 0x0000024cbe2dfd00  625       3       java.io.DataInputStream::readUTF (5 bytes)
Event: 1.275 Thread 0x0000024cbe2dfd00 nmethod 625 0x0000024ca7b41e90 code [0x0000024ca7b42020, 0x0000024ca7b42148]
Event: 1.275 Thread 0x0000024cbe2dfd00  626       3       java.io.DataInputStream::readUnsignedShort (39 bytes)
Event: 1.275 Thread 0x0000024cbe2dfd00 nmethod 626 0x0000024ca7b42210 code [0x0000024ca7b423e0, 0x0000024ca7b42788]
Event: 1.275 Thread 0x0000024cbe2dfd00  620       3       jdk.internal.util.Preconditions::checkFromIndexSize (25 bytes)
Event: 1.275 Thread 0x0000024cbe2dfd00 nmethod 620 0x0000024ca7b42910 code [0x0000024ca7b42ac0, 0x0000024ca7b42c88]
Event: 1.278 Thread 0x0000024cbe2dfd00  629       3       java.lang.String::<init> (10 bytes)
Event: 1.278 Thread 0x0000024cbe2dfd00 nmethod 629 0x0000024ca7b42d90 code [0x0000024ca7b42f40, 0x0000024ca7b43088]

GC Heap History (0 events):
No events

Dll operation events (4 events):
Event: 0.019 Loaded shared library C:\Users\asmab\.jdks\jbr-17.0.8\bin\java.dll
Event: 0.072 Loaded shared library C:\Users\asmab\.jdks\jbr-17.0.8\bin\jsvml.dll
Event: 0.339 Loaded shared library C:\Users\asmab\.jdks\jbr-17.0.8\bin\zip.dll
Event: 1.095 Loaded shared library C:\Users\asmab\.jdks\jbr-17.0.8\bin\verify.dll

Deoptimization events (20 events):
Event: 1.145 Thread 0x0000024ca4269f10 DEOPT PACKING pc=0x0000024caf50c8a4 sp=0x000000b33c5fe4e0
Event: 1.145 Thread 0x0000024ca4269f10 DEOPT UNPACKING pc=0x0000024caefba1a3 sp=0x000000b33c5fe490 mode 2
Event: 1.158 Thread 0x0000024ca4269f10 DEOPT PACKING pc=0x0000024ca7a64d18 sp=0x000000b33c5fc6b0
Event: 1.158 Thread 0x0000024ca4269f10 DEOPT UNPACKING pc=0x0000024caefbace3 sp=0x000000b33c5fbb70 mode 0
Event: 1.159 Thread 0x0000024ca4269f10 DEOPT PACKING pc=0x0000024ca7a95c65 sp=0x000000b33c5fd240
Event: 1.159 Thread 0x0000024ca4269f10 DEOPT UNPACKING pc=0x0000024caefbace3 sp=0x000000b33c5fc690 mode 0
Event: 1.161 Thread 0x0000024ca4269f10 Uncommon trap: trap_request=0xffffffde fr.pc=0x0000024caf50c8a4 relative=0x0000000000000444
Event: 1.161 Thread 0x0000024ca4269f10 Uncommon trap: reason=class_check action=maybe_recompile pc=0x0000024caf50c8a4 method=java.util.HashMap.putVal(ILjava/lang/Object;Ljava/lang/Object;ZZ)Ljava/lang/Object; @ 253 c2
Event: 1.161 Thread 0x0000024ca4269f10 DEOPT PACKING pc=0x0000024caf50c8a4 sp=0x000000b33c5fe610
Event: 1.161 Thread 0x0000024ca4269f10 DEOPT UNPACKING pc=0x0000024caefba1a3 sp=0x000000b33c5fe5c0 mode 2
Event: 1.169 Thread 0x0000024ca4269f10 Uncommon trap: trap_request=0xffffffde fr.pc=0x0000024caf50c8a4 relative=0x0000000000000444
Event: 1.169 Thread 0x0000024ca4269f10 Uncommon trap: reason=class_check action=maybe_recompile pc=0x0000024caf50c8a4 method=java.util.HashMap.putVal(ILjava/lang/Object;Ljava/lang/Object;ZZ)Ljava/lang/Object; @ 253 c2
Event: 1.169 Thread 0x0000024ca4269f10 DEOPT PACKING pc=0x0000024caf50c8a4 sp=0x000000b33c5fe430
Event: 1.169 Thread 0x0000024ca4269f10 DEOPT UNPACKING pc=0x0000024caefba1a3 sp=0x000000b33c5fe3e0 mode 2
Event: 1.170 Thread 0x0000024ca4269f10 DEOPT PACKING pc=0x0000024ca7a95c65 sp=0x000000b33c5fa0b0
Event: 1.170 Thread 0x0000024ca4269f10 DEOPT UNPACKING pc=0x0000024caefbace3 sp=0x000000b33c5f9500 mode 0
Event: 1.177 Thread 0x0000024ca4269f10 Uncommon trap: trap_request=0xffffffde fr.pc=0x0000024caf50c8a4 relative=0x0000000000000444
Event: 1.177 Thread 0x0000024ca4269f10 Uncommon trap: reason=class_check action=maybe_recompile pc=0x0000024caf50c8a4 method=java.util.HashMap.putVal(ILjava/lang/Object;Ljava/lang/Object;ZZ)Ljava/lang/Object; @ 253 c2
Event: 1.177 Thread 0x0000024ca4269f10 DEOPT PACKING pc=0x0000024caf50c8a4 sp=0x000000b33c5fe5d0
Event: 1.177 Thread 0x0000024ca4269f10 DEOPT UNPACKING pc=0x0000024caefba1a3 sp=0x000000b33c5fe580 mode 2

Classes unloaded (0 events):
No events

Classes redefined (0 events):
No events

Internal exceptions (12 events):
Event: 0.544 Thread 0x0000024cbe5852c0 Exception <a 'java/lang/NoSuchMethodError'{0x000000008baf07c0}: 'java.lang.Object java.lang.invoke.DirectMethodHandle$Holder.invokeStaticInit(java.lang.Object)'> (0x000000008baf07c0) 
thrown [s\src\hotspot\share\interpreter\linkResolver.cpp, line 771]
Event: 0.575 Thread 0x0000024cbe5852c0 Exception <a 'java/lang/NoSuchMethodError'{0x000000008bafd868}: 'void java.lang.invoke.DirectMethodHandle$Holder.invokeStatic(java.lang.Object, java.lang.Object)'> (0x000000008bafd868) 
thrown [s\src\hotspot\share\interpreter\linkResolver.cpp, line 771]
Event: 0.612 Thread 0x0000024ca4269f10 Exception <a 'java/lang/NoSuchMethodError'{0x000000008b961700}: 'int java.lang.invoke.DirectMethodHandle$Holder.invokeSpecial(java.lang.Object, java.lang.Object, java.lang.Object)'> (0x000000008b961700) 
thrown [s\src\hotspot\share\interpreter\linkResolver.cpp, line 771]
Event: 0.980 Thread 0x0000024ca4269f10 Exception <a 'java/lang/NullPointerException'{0x000000008b62f4d8}> (0x000000008b62f4d8) 
thrown [s\src\hotspot\share\interpreter\linkResolver.cpp, line 1362]
Event: 1.093 Thread 0x0000024ca4269f10 Exception <a 'sun/nio/fs/WindowsException'{0x000000008b6be0c8}> (0x000000008b6be0c8) 
thrown [s\src\hotspot\share\prims\jni.cpp, line 517]
Event: 1.094 Thread 0x0000024ca4269f10 Exception <a 'sun/nio/fs/WindowsException'{0x000000008b6be780}> (0x000000008b6be780) 
thrown [s\src\hotspot\share\prims\jni.cpp, line 517]
Event: 1.094 Thread 0x0000024ca4269f10 Exception <a 'sun/nio/fs/WindowsException'{0x000000008b6bece0}> (0x000000008b6bece0) 
thrown [s\src\hotspot\share\prims\jni.cpp, line 517]
Event: 1.094 Thread 0x0000024ca4269f10 Exception <a 'sun/nio/fs/WindowsException'{0x000000008b6bf1f0}> (0x000000008b6bf1f0) 
thrown [s\src\hotspot\share\prims\jni.cpp, line 517]
Event: 1.094 Thread 0x0000024ca4269f10 Exception <a 'sun/nio/fs/WindowsException'{0x000000008b6bf6b8}> (0x000000008b6bf6b8) 
thrown [s\src\hotspot\share\prims\jni.cpp, line 517]
Event: 1.119 Thread 0x0000024ca4269f10 Exception <a 'java/lang/NoSuchMethodError'{0x000000008b53d730}: 'void java.lang.invoke.DirectMethodHandle$Holder.invokeStatic(java.lang.Object, java.lang.Object, java.lang.Object)'> (0x000000008b53d730) 
thrown [s\src\hotspot\share\interpreter\linkResolver.cpp, line 771]
Event: 1.130 Thread 0x0000024ca4269f10 Exception <a 'java/lang/NoSuchMethodError'{0x000000008b59b198}: 'int java.lang.invoke.DirectMethodHandle$Holder.invokeStatic(java.lang.Object, java.lang.Object, int)'> (0x000000008b59b198) 
thrown [s\src\hotspot\share\interpreter\linkResolver.cpp, line 771]
Event: 1.214 Thread 0x0000024ca4269f10 Exception <a 'java/lang/NoSuchMethodError'{0x000000008b317ee8}: 'java.lang.Object java.lang.invoke.DirectMethodHandle$Holder.invokeSpecialIFC(java.lang.Object, java.lang.Object, java.lang.Object, java.lang.Object)'> (0x000000008b317ee8) 
thrown [s\src\hotspot\share\interpreter\linkResolver.cpp, line 771]

VM Operations (8 events):
Event: 0.304 Executing VM operation: HandshakeAllThreads
Event: 0.304 Executing VM operation: HandshakeAllThreads done
Event: 0.525 Executing VM operation: HandshakeAllThreads
Event: 0.537 Executing VM operation: HandshakeAllThreads done
Event: 0.978 Executing VM operation: HandshakeAllThreads
Event: 0.978 Executing VM operation: HandshakeAllThreads done
Event: 1.007 Executing VM operation: HandshakeAllThreads
Event: 1.007 Executing VM operation: HandshakeAllThreads done

Events (20 events):
Event: 1.276 loading class sun/util/cldr/CLDRLocaleProviderAdapter
Event: 1.276 loading class sun/util/locale/provider/JRELocaleProviderAdapter
Event: 1.276 loading class sun/util/locale/provider/ResourceBundleBasedAdapter
Event: 1.276 loading class sun/util/locale/provider/ResourceBundleBasedAdapter done
Event: 1.276 loading class sun/util/locale/provider/JRELocaleProviderAdapter done
Event: 1.276 loading class sun/util/cldr/CLDRLocaleProviderAdapter done
Event: 1.277 loading class sun/util/cldr/CLDRBaseLocaleDataMetaInfo
Event: 1.277 loading class sun/util/locale/provider/LocaleDataMetaInfo
Event: 1.277 loading class sun/util/locale/provider/LocaleDataMetaInfo done
Event: 1.277 loading class sun/util/cldr/CLDRBaseLocaleDataMetaInfo done
Event: 1.277 loading class sun/util/locale/LanguageTag
Event: 1.278 loading class sun/util/locale/LanguageTag done
Event: 1.278 loading class sun/util/locale/ParseStatus
Event: 1.278 loading class sun/util/locale/ParseStatus done
Event: 1.278 loading class sun/util/locale/StringTokenIterator
Event: 1.278 loading class sun/util/locale/StringTokenIterator done
Event: 1.278 loading class sun/util/locale/InternalLocaleBuilder
Event: 1.278 loading class sun/util/locale/InternalLocaleBuilder done
Event: 1.278 loading class sun/util/locale/InternalLocaleBuilder$CaseInsensitiveChar
Event: 1.278 loading class sun/util/locale/InternalLocaleBuilder$CaseInsensitiveChar done


Dynamic libraries:
0x00007ff7130f0000 - 0x00007ff7130fa000 	C:\Users\asmab\.jdks\jbr-17.0.8\bin\java.exe
0x00007ff9b0e30000 - 0x00007ff9b1046000 	C:\WINDOWS\SYSTEM32\ntdll.dll
0x00007ff9b00d0000 - 0x00007ff9b0194000 	C:\WINDOWS\System32\KERNEL32.DLL
0x00007ff9ae550000 - 0x00007ff9ae8f6000 	C:\WINDOWS\System32\KERNELBASE.dll
0x00007ff9ae310000 - 0x00007ff9ae421000 	C:\WINDOWS\System32\ucrtbase.dll
0x00007ff9a7930000 - 0x00007ff9a7947000 	C:\Users\asmab\.jdks\jbr-17.0.8\bin\jli.dll
0x00007ff9b0680000 - 0x00007ff9b082d000 	C:\WINDOWS\System32\USER32.dll
0x00007ff9a7910000 - 0x00007ff9a792b000 	C:\Users\asmab\.jdks\jbr-17.0.8\bin\VCRUNTIME140.dll
0x00007ff9aeae0000 - 0x00007ff9aeb06000 	C:\WINDOWS\System32\win32u.dll
0x00007ff9af790000 - 0x00007ff9af7b9000 	C:\WINDOWS\System32\GDI32.dll
0x00007ff998dd0000 - 0x00007ff999063000 	C:\WINDOWS\WinSxS\amd64_microsoft.windows.common-controls_6595b64144ccf1df_6.0.22621.3235_none_270f74e173860f98\COMCTL32.dll
0x00007ff9aff70000 - 0x00007ff9b0017000 	C:\WINDOWS\System32\msvcrt.dll
0x00007ff9ae900000 - 0x00007ff9aea18000 	C:\WINDOWS\System32\gdi32full.dll
0x00007ff9ae430000 - 0x00007ff9ae4ca000 	C:\WINDOWS\System32\msvcp_win.dll
0x00007ff9aed40000 - 0x00007ff9aed71000 	C:\WINDOWS\System32\IMM32.DLL
0x00007ff99ac60000 - 0x00007ff99ac6c000 	C:\Users\asmab\.jdks\jbr-17.0.8\bin\vcruntime140_1.dll
0x00007ff9a71a0000 - 0x00007ff9a722d000 	C:\Users\asmab\.jdks\jbr-17.0.8\bin\msvcp140.dll
0x00007ff92b4a0000 - 0x00007ff92c123000 	C:\Users\asmab\.jdks\jbr-17.0.8\bin\server\jvm.dll
0x00007ff9b01b0000 - 0x00007ff9b0262000 	C:\WINDOWS\System32\ADVAPI32.dll
0x00007ff9b0940000 - 0x00007ff9b09e8000 	C:\WINDOWS\System32\sechost.dll
0x00007ff9ae2e0000 - 0x00007ff9ae308000 	C:\WINDOWS\System32\bcrypt.dll
0x00007ff9aed80000 - 0x00007ff9aee95000 	C:\WINDOWS\System32\RPCRT4.dll
0x00007ff9ae040000 - 0x00007ff9ae08d000 	C:\WINDOWS\SYSTEM32\POWRPROF.dll
0x00007ff9a68a0000 - 0x00007ff9a68d4000 	C:\WINDOWS\SYSTEM32\WINMM.dll
0x00007ff991950000 - 0x00007ff991959000 	C:\WINDOWS\SYSTEM32\WSOCK32.dll
0x00007ff9a5030000 - 0x00007ff9a503a000 	C:\WINDOWS\SYSTEM32\VERSION.dll
0x00007ff9b0600000 - 0x00007ff9b0671000 	C:\WINDOWS\System32\WS2_32.dll
0x00007ff9ae020000 - 0x00007ff9ae033000 	C:\WINDOWS\SYSTEM32\UMPDC.dll
0x00007ff9ad170000 - 0x00007ff9ad188000 	C:\WINDOWS\SYSTEM32\kernel.appcore.dll
0x00007ff9a7130000 - 0x00007ff9a713a000 	C:\Users\asmab\.jdks\jbr-17.0.8\bin\jimage.dll
0x00007ff9ab9b0000 - 0x00007ff9abbe3000 	C:\WINDOWS\SYSTEM32\DBGHELP.DLL
0x00007ff9b0270000 - 0x00007ff9b05f8000 	C:\WINDOWS\System32\combase.dll
0x00007ff9b0840000 - 0x00007ff9b0917000 	C:\WINDOWS\System32\OLEAUT32.dll
0x00007ff987550000 - 0x00007ff987582000 	C:\WINDOWS\SYSTEM32\dbgcore.DLL
0x00007ff9ae4d0000 - 0x00007ff9ae54a000 	C:\WINDOWS\System32\bcryptPrimitives.dll
0x00007ff9a9660000 - 0x00007ff9a966e000 	C:\Users\asmab\.jdks\jbr-17.0.8\bin\instrument.dll
0x00007ff978ba0000 - 0x00007ff978bc5000 	C:\Users\asmab\.jdks\jbr-17.0.8\bin\java.dll
0x00007ff9a7140000 - 0x00007ff9a7158000 	C:\Users\asmab\.jdks\jbr-17.0.8\bin\zip.dll
0x00007ff9789a0000 - 0x00007ff978a77000 	C:\Users\asmab\.jdks\jbr-17.0.8\bin\jsvml.dll
0x00007ff9aef30000 - 0x00007ff9af78d000 	C:\WINDOWS\System32\SHELL32.dll
0x00007ff9ac080000 - 0x00007ff9ac978000 	C:\WINDOWS\SYSTEM32\windows.storage.dll
0x00007ff9abf40000 - 0x00007ff9ac07e000 	C:\WINDOWS\SYSTEM32\wintypes.dll
0x00007ff9b0b90000 - 0x00007ff9b0c83000 	C:\WINDOWS\System32\SHCORE.dll
0x00007ff9b0c90000 - 0x00007ff9b0cee000 	C:\WINDOWS\System32\shlwapi.dll
0x00007ff9ae0a0000 - 0x00007ff9ae0c6000 	C:\WINDOWS\SYSTEM32\profapi.dll
0x00007ff99ac80000 - 0x00007ff99ac99000 	C:\Users\asmab\.jdks\jbr-17.0.8\bin\net.dll
0x00007ff9a72e0000 - 0x00007ff9a7417000 	C:\WINDOWS\SYSTEM32\WINHTTP.dll
0x00007ff9ad5f0000 - 0x00007ff9ad659000 	C:\WINDOWS\system32\mswsock.dll
0x00007ff997690000 - 0x00007ff9976a6000 	C:\Users\asmab\.jdks\jbr-17.0.8\bin\nio.dll
0x00007ff9a7ac0000 - 0x00007ff9a7ada000 	C:\Program Files\JetBrains\IntelliJ IDEA 2023.2.1\bin\breakgen64.dll
0x0000000069ac0000 - 0x0000000069ae4000 	C:\Users\asmab\AppData\Local\Temp\jansi-2.4.0-b90e8ff606668f54-jansi.dll
0x00007ff99c630000 - 0x00007ff99c640000 	C:\Users\asmab\.jdks\jbr-17.0.8\bin\verify.dll

dbghelp: loaded successfully - version: 4.0.5 - missing functions: none
symbol engine: initialized successfully - sym options: 0x614 - pdb path: .;C:\Users\asmab\.jdks\jbr-17.0.8\bin;C:\WINDOWS\SYSTEM32;C:\WINDOWS\WinSxS\amd64_microsoft.windows.common-controls_6595b64144ccf1df_6.0.22621.3235_none_270f74e173860f98;C:\Users\asmab\.jdks\jbr-17.0.8\bin\server;C:\Program Files\JetBrains\IntelliJ IDEA 2023.2.1\bin;C:\Users\asmab\AppData\Local\Temp

VM Arguments:
jvm_args: -Dmaven.multiModuleProjectDirectory=C:\Users\asmab\IdeaProjects\skillhub -Djansi.passthrough=true -Dmaven.home=C:\Program Files\JetBrains\IntelliJ IDEA 2023.2.1\plugins\maven\lib\maven3 -Dclassworlds.conf=C:\Program Files\JetBrains\IntelliJ IDEA 2023.2.1\plugins\maven\lib\maven3\bin\m2.conf -Dmaven.ext.class.path=C:\Program Files\JetBrains\IntelliJ IDEA 2023.2.1\plugins\maven\lib\maven-event-listener.jar -javaagent:C:\Program Files\JetBrains\IntelliJ IDEA 2023.2.1\lib\idea_rt.jar=56869:C:\Program Files\JetBrains\IntelliJ IDEA 2023.2.1\bin -Dfile.encoding=UTF-8 
java_command: org.codehaus.classworlds.Launcher -Didea.version=2023.2.1 javafx:run
java_class_path (initial): C:\Program Files\JetBrains\IntelliJ IDEA 2023.2.1\plugins\maven\lib\maven3\boot\plexus-classworlds-2.7.0.jar;C:\Program Files\JetBrains\IntelliJ IDEA 2023.2.1\plugins\maven\lib\maven3\boot\plexus-classworlds.license
Launcher Type: SUN_STANDARD

[Global flags]
     intx CICompilerCount                          = 4                                         {product} {ergonomic}
     uint ConcGCThreads                            = 2                                         {product} {ergonomic}
     uint G1ConcRefinementThreads                  = 8                                         {product} {ergonomic}
   size_t G1HeapRegionSize                         = 1048576                                   {product} {ergonomic}
    uintx GCDrainStackTargetSize                   = 64                                        {product} {ergonomic}
   size_t InitialHeapSize                          = 130023424                                 {product} {ergonomic}
   size_t MarkStackSize                            = 4194304                                   {product} {ergonomic}
   size_t MaxHeapSize                              = 2080374784                                {product} {ergonomic}
   size_t MaxNewSize                               = 1247805440                                {product} {ergonomic}
   size_t MinHeapDeltaBytes                        = 1048576                                   {product} {ergonomic}
   size_t MinHeapSize                              = 8388608                                   {product} {ergonomic}
    uintx NonNMethodCodeHeapSize                   = 5839372                                {pd product} {ergonomic}
    uintx NonProfiledCodeHeapSize                  = 122909434                              {pd product} {ergonomic}
    uintx ProfiledCodeHeapSize                     = 122909434                              {pd product} {ergonomic}
    uintx ReservedCodeCacheSize                    = 251658240                              {pd product} {ergonomic}
     bool SegmentedCodeCache                       = true                                      {product} {ergonomic}
   size_t SoftMaxHeapSize                          = 2080374784                             {manageable} {ergonomic}
     bool UseCompressedClassPointers               = true                           {product lp64_product} {ergonomic}
     bool UseCompressedOops                        = true                           {product lp64_product} {ergonomic}
     bool UseG1GC                                  = true                                      {product} {ergonomic}
     bool UseLargePagesIndividualAllocation        = false                                  {pd product} {ergonomic}

Logging:
Log output configuration:
 #0: stdout all=warning uptime,level,tags
 #1: stderr all=off uptime,level,tags

Environment Variables:
PATH=C:\Program Files (x86)\VMware\VMware Workstation\bin\;C:\oraclexe\app\oracle\product\11.2.0\server\bin;;C:\oraclexe\app\oracle\product\10.2.0\server\bin;C:\WINDOWS\system32;C:\WINDOWS;C:\WINDOWS\System32\Wbem;C:\WINDOWS\System32\WindowsPowerShell\v1.0\;C:\WINDOWS\System32\OpenSSH\;C:\xampp\php;C:\ProgramData\ComposerSetup\bin;C:\Program Files\Git\cmd;C:\Program Files (x86)\GnuWin32\bin;C:\Program Files\CodeBlocks\MinGW\bin;C:\Users\asmab\scoop\shims;C:\Users\asmab\AppData\Local\Microsoft\WindowsApps;C:\Users\asmab\AppData\Local\Programs\Microsoft VS Code\bin;C:\Users\asmab\AppData\Local\ComposerSetup\bin;C:\Users\asmab\AppData\Roaming\Composer\vendor\bin;C:\xamp\php;C:\Program Files\CodeBlocks\MinGW\bin;C:\xamppp\php;
USERNAME=asmab
OS=Windows_NT
PROCESSOR_IDENTIFIER=Intel64 Family 6 Model 126 Stepping 5, GenuineIntel
TMP=C:\Users\asmab\AppData\Local\Temp
TEMP=C:\Users\asmab\AppData\Local\Temp


JNI global refs:
JNI global refs: 14, weak refs: 0

JNI global refs memory usage: 843, weak refs: 841

OOME stack traces (most recent first):
Classloader memory used:
Loader bootstrap                                                                       : 1176K
Loader org.codehaus.plexus.classworlds.realm.ClassRealm                                : 135K
Loader jdk.internal.loader.ClassLoaders$AppClassLoader                                 : 12596B
Loader jdk.internal.loader.ClassLoaders$PlatformClassLoader                            : 335B


---------------  S Y S T E M  ---------------

OS:
 Windows 11 , 64 bit Build 22621 (10.0.22621.3235)
OS uptime: 21 days 10:16 hours
Hyper-V role detected

CPU: total 8 (initial active 8) (4 cores per cpu, 2 threads per core) family 6 model 126 stepping 5 microcode 0xa8, cx8, cmov, fxsr, ht, mmx, 3dnowpref, sse, sse2, sse3, ssse3, sse4.1, sse4.2, popcnt, lzcnt, tsc, tscinvbit, avx, avx2, aes, erms, clmul, bmi1, bmi2, adx, avx512f, avx512dq, avx512cd, avx512bw, avx512vl, sha, fma, vzeroupper, avx512_vpopcntdq, avx512_vpclmulqdq, avx512_vaes, avx512_vnni, clflush, clflushopt, avx512_vbmi2, avx512_vbmi, hv
Processor Information for all 8 processors :
  Max Mhz: 1190, Current Mhz: 991, Mhz Limit: 987

Memory: 4k page, system-wide physical 7932M (869M free)
TotalPageFile size 32508M (AvailPageFile size 5M)
current process WorkingSet (physical memory assigned to process): 58M, peak: 58M
current process commit charge ("private bytes"): 215M, peak: 216M

vm_info: OpenJDK 64-Bit Server VM (17.0.8+7-b1000.22) for windows-amd64 JRE (17.0.8+7-b1000.22), built on 2023-09-02 by "builduser" with MS VC++ 16.10 / 16.11 (VS2019)

END.
