#
# There is insufficient memory for the Java Runtime Environment to continue.
# Native memory allocation (malloc) failed to allocate 1114016 bytes for Chunk::new
# Possible reasons:
#   The system is out of physical RAM or swap space
#   The process is running with CompressedOops enabled, and the Java Heap may be blocking the growth of the native heap
# Possible solutions:
#   Reduce memory load on the system
#   Increase physical memory or swap space
#   Check if swap backing store is full
#   Decrease Java heap size (-Xmx/-Xms)
#   Decrease number of Java threads
#   Decrease Java thread stack sizes (-Xss)
#   Set larger code cache with -XX:ReservedCodeCacheSize=
#   JVM is running with Unscaled Compressed Oops mode in which the Java heap is
#     placed in the first 4GB address space. The Java Heap base address is the
#     maximum limit for the native heap growth. Please use -XX:HeapBaseMinAddress
#     to set the Java Heap base and to place the Java Heap above 4GB virtual address.
# This output file may be truncated or incomplete.
#
#  Out of Memory Error (arena.cpp:189), pid=7020, tid=11324
#
# JRE version: OpenJDK Runtime Environment JBR-17.0.8+7-1000.22-nomod (17.0.8+7) (build 17.0.8+7-b1000.22)
# Java VM: OpenJDK 64-Bit Server VM JBR-17.0.8+7-1000.22-nomod (17.0.8+7-b1000.22, mixed mode, tiered, compressed oops, compressed class ptrs, g1 gc, windows-amd64)
# No core dump will be written. Minidumps are not enabled by default on client versions of Windows
#

---------------  S U M M A R Y ------------

Command Line: -Dmaven.multiModuleProjectDirectory=C:\Users\asmab\IdeaProjects\skillhub -Djansi.passthrough=true -Dmaven.home=C:\Program Files\JetBrains\IntelliJ IDEA 2023.2.1\plugins\maven\lib\maven3 -Dclassworlds.conf=C:\Program Files\JetBrains\IntelliJ IDEA 2023.2.1\plugins\maven\lib\maven3\bin\m2.conf -Dmaven.ext.class.path=C:\Program Files\JetBrains\IntelliJ IDEA 2023.2.1\plugins\maven\lib\maven-event-listener.jar -javaagent:C:\Program Files\JetBrains\IntelliJ IDEA 2023.2.1\lib\idea_rt.jar=56978:C:\Program Files\JetBrains\IntelliJ IDEA 2023.2.1\bin -Dfile.encoding=UTF-8 org.codehaus.classworlds.Launcher -Didea.version=2023.2.1 javafx:run

Host: Intel(R) Core(TM) i5-1035G1 CPU @ 1.00GHz, 8 cores, 7G,  Windows 11 , 64 bit Build 22621 (10.0.22621.3235)
Time: Tue Apr 23 00:45:58 2024 Afr. centrale Ouest elapsed time: 6.459206 seconds (0d 0h 0m 6s)

---------------  T H R E A D  ---------------

Current thread (0x000001a5fe61fba0):  JavaThread "C2 CompilerThread2" daemon [_thread_in_native, id=11324, stack(0x00000001d3300000,0x00000001d3400000)]


Current CompileTask:
C2:   6459 6416   !   4       com.google.inject.spi.InjectionPoint::getInjectionPoints (491 bytes)

Stack: [0x00000001d3300000,0x00000001d3400000]
Native frames: (J=compiled Java code, j=interpreted, Vv=VM code, C=native code)
V  [jvm.dll+0x6852da]
V  [jvm.dll+0x844c84]
V  [jvm.dll+0x84659e]
V  [jvm.dll+0x846c03]
V  [jvm.dll+0x24b7cf]
V  [jvm.dll+0xac3bc]
V  [jvm.dll+0xac98c]
V  [jvm.dll+0x2b2cef]
V  [jvm.dll+0x58d677]
V  [jvm.dll+0x226182]
V  [jvm.dll+0x22655f]
V  [jvm.dll+0x21f655]
V  [jvm.dll+0x21cb0b]
V  [jvm.dll+0x1a660d]
V  [jvm.dll+0x22c9c8]
V  [jvm.dll+0x22a990]
V  [jvm.dll+0x7f9d3c]
V  [jvm.dll+0x7f415a]
V  [jvm.dll+0x684115]
C  [ucrtbase.dll+0x29363]
C  [KERNEL32.DLL+0x1257d]
C  [ntdll.dll+0x5aa58]


---------------  P R O C E S S  ---------------

Threads class SMR info:
_java_thread_list=0x000001a5909e8df0, length=18, elements={
0x000001a5eecdb050, 0x000001a5f9bd3160, 0x000001a5f9bf2020, 0x000001a5fe036690,
0x000001a5fe037050, 0x000001a5fe03c040, 0x000001a5fe03ca00, 0x000001a5fe03ead0,
0x000001a5fe04b480, 0x000001a5fe0561e0, 0x000001a5f9b774a0, 0x000001a5fe315f50,
0x000001a5fe2ea8a0, 0x000001a5fe6200f0, 0x000001a5fe61fba0, 0x000001a5ff575060,
0x000001a5ff577df0, 0x000001a5ff575570
}

Java Threads: ( => current thread )
  0x000001a5eecdb050 JavaThread "main" [_thread_in_native, id=17564, stack(0x00000001d1e00000,0x00000001d1f00000)]
  0x000001a5f9bd3160 JavaThread "Reference Handler" daemon [_thread_blocked, id=27736, stack(0x00000001d2500000,0x00000001d2600000)]
  0x000001a5f9bf2020 JavaThread "Finalizer" daemon [_thread_blocked, id=8696, stack(0x00000001d2600000,0x00000001d2700000)]
  0x000001a5fe036690 JavaThread "Signal Dispatcher" daemon [_thread_blocked, id=28864, stack(0x00000001d2700000,0x00000001d2800000)]
  0x000001a5fe037050 JavaThread "Attach Listener" daemon [_thread_blocked, id=17132, stack(0x00000001d2800000,0x00000001d2900000)]
  0x000001a5fe03c040 JavaThread "Service Thread" daemon [_thread_blocked, id=6712, stack(0x00000001d2900000,0x00000001d2a00000)]
  0x000001a5fe03ca00 JavaThread "Monitor Deflation Thread" daemon [_thread_blocked, id=19892, stack(0x00000001d2a00000,0x00000001d2b00000)]
  0x000001a5fe03ead0 JavaThread "C2 CompilerThread0" daemon [_thread_in_native, id=28036, stack(0x00000001d2b00000,0x00000001d2c00000)]
  0x000001a5fe04b480 JavaThread "C1 CompilerThread0" daemon [_thread_blocked, id=28440, stack(0x00000001d2c00000,0x00000001d2d00000)]
  0x000001a5fe0561e0 JavaThread "Sweeper thread" daemon [_thread_blocked, id=28764, stack(0x00000001d2d00000,0x00000001d2e00000)]
  0x000001a5f9b774a0 JavaThread "Common-Cleaner" daemon [_thread_blocked, id=12824, stack(0x00000001d2e00000,0x00000001d2f00000)]
  0x000001a5fe315f50 JavaThread "Monitor Ctrl-Break" daemon [_thread_in_native, id=30324, stack(0x00000001d2f00000,0x00000001d3000000)]
  0x000001a5fe2ea8a0 JavaThread "Notification Thread" daemon [_thread_blocked, id=31656, stack(0x00000001d3000000,0x00000001d3100000)]
  0x000001a5fe6200f0 JavaThread "C2 CompilerThread1" daemon [_thread_in_native, id=27580, stack(0x00000001d3200000,0x00000001d3300000)]
=>0x000001a5fe61fba0 JavaThread "C2 CompilerThread2" daemon [_thread_in_native, id=11324, stack(0x00000001d3300000,0x00000001d3400000)]
  0x000001a5ff575060 JavaThread "Exec Stream Pumper" daemon [_thread_in_native, id=27544, stack(0x00000001d4000000,0x00000001d4100000)]
  0x000001a5ff577df0 JavaThread "Exec Stream Pumper" daemon [_thread_in_native, id=30824, stack(0x00000001d4100000,0x00000001d4200000)]
  0x000001a5ff575570 JavaThread "Exec Input Stream Pumper" daemon [_thread_blocked, id=31912, stack(0x00000001d4200000,0x00000001d4300000)]

Other Threads:
  0x000001a5f9bcf680 VMThread "VM Thread" [stack: 0x00000001d2400000,0x00000001d2500000] [id=26224]
  0x000001a5fe2ead80 WatcherThread [stack: 0x00000001d3100000,0x00000001d3200000] [id=14804]
  0x000001a5eed34610 GCTaskThread "GC Thread#0" [stack: 0x00000001d1f00000,0x00000001d2000000] [id=27520]
  0x000001a5fee78070 GCTaskThread "GC Thread#1" [stack: 0x00000001d3400000,0x00000001d3500000] [id=944]
  0x000001a5fee8a3d0 GCTaskThread "GC Thread#2" [stack: 0x00000001d3500000,0x00000001d3600000] [id=10872]
  0x000001a5feed9e90 GCTaskThread "GC Thread#3" [stack: 0x00000001d3600000,0x00000001d3700000] [id=19212]
  0x000001a5ff467be0 GCTaskThread "GC Thread#4" [stack: 0x00000001d3700000,0x00000001d3800000] [id=31520]
  0x000001a5ff10c370 GCTaskThread "GC Thread#5" [stack: 0x00000001d3800000,0x00000001d3900000] [id=30888]
  0x000001a5ff10c630 GCTaskThread "GC Thread#6" [stack: 0x00000001d3900000,0x00000001d3a00000] [id=27968]
  0x000001a5ff10c8f0 GCTaskThread "GC Thread#7" [stack: 0x00000001d3a00000,0x00000001d3b00000] [id=26824]
  0x000001a5eed44d60 ConcurrentGCThread "G1 Main Marker" [stack: 0x00000001d2000000,0x00000001d2100000] [id=21160]
  0x000001a5eed45770 ConcurrentGCThread "G1 Conc#0" [stack: 0x00000001d2100000,0x00000001d2200000] [id=30224]
  0x000001a5ff546b80 ConcurrentGCThread "G1 Conc#1" [stack: 0x00000001d3b00000,0x00000001d3c00000] [id=15636]
  0x000001a5eed8d160 ConcurrentGCThread "G1 Refine#0" [stack: 0x00000001d2200000,0x00000001d2300000] [id=27104]
  0x000001a58f62b420 ConcurrentGCThread "G1 Refine#1" [stack: 0x00000001d3c00000,0x00000001d3d00000] [id=29060]
  0x000001a58f062450 ConcurrentGCThread "G1 Refine#2" [stack: 0x00000001d3d00000,0x00000001d3e00000] [id=27016]
  0x000001a5ff53fc90 ConcurrentGCThread "G1 Refine#3" [stack: 0x00000001d3e00000,0x00000001d3f00000] [id=11164]
  0x000001a58fc5bed0 ConcurrentGCThread "G1 Refine#4" [stack: 0x00000001d3f00000,0x00000001d4000000] [id=14436]
  0x000001a5eed8db90 ConcurrentGCThread "G1 Service" [stack: 0x00000001d2300000,0x00000001d2400000] [id=29644]

Threads with active compile tasks:
C2 CompilerThread0     6525 6415       4       java.util.stream.SortedOps$SizedRefSortingSink::end (129 bytes)
C2 CompilerThread1     6525 6420       4       java.util.TimSort::sort (229 bytes)
C2 CompilerThread2     6525 6416   !   4       com.google.inject.spi.InjectionPoint::getInjectionPoints (491 bytes)

VM state: not at safepoint (normal execution)

VM Mutex/Monitor currently owned by a thread: None

Heap address: 0x0000000084000000, size: 1984 MB, Compressed Oops mode: 32-bit

CDS archive(s) not mapped
Compressed class space mapped at: 0x0000000100000000-0x0000000140000000, reserved size: 1073741824
Narrow klass base: 0x0000000000000000, Narrow klass shift: 3, Narrow klass range: 0x140000000

GC Precious Log:
 CPUs: 8 total, 8 available
 Memory: 7932M
 Large Page Support: Disabled
 NUMA Support: Disabled
 Compressed Oops: Enabled (32-bit)
 Heap Region Size: 1M
 Heap Min Capacity: 8M
 Heap Initial Capacity: 124M
 Heap Max Capacity: 1984M
 Pre-touch: Disabled
 Parallel Workers: 8
 Concurrent Workers: 2
 Concurrent Refinement Workers: 8
 Periodic GC: Disabled

Heap:
 garbage-first heap   total 78848K, used 53203K [0x0000000084000000, 0x0000000100000000)
  region size 1024K, 30 young (30720K), 1 survivors (1024K)
 Metaspace       used 38860K, committed 39168K, reserved 1114112K
  class space    used 4408K, committed 4544K, reserved 1048576K

Heap Regions: E=young(eden), S=young(survivor), O=old, HS=humongous(starts), HC=humongous(continues), CS=collection set, F=free, OA=open archive, CA=closed archive, TAMS=top-at-mark-start (previous, next)
|   0|0x0000000084000000, 0x0000000084100000, 0x0000000084100000|100%| O|  |TAMS 0x0000000084100000, 0x0000000084000000| Untracked 
|   1|0x0000000084100000, 0x0000000084200000, 0x0000000084200000|100%| O|  |TAMS 0x0000000084200000, 0x0000000084100000| Untracked 
|   2|0x0000000084200000, 0x0000000084300000, 0x0000000084300000|100%| O|  |TAMS 0x0000000084300000, 0x0000000084200000| Untracked 
|   3|0x0000000084300000, 0x0000000084400000, 0x0000000084400000|100%| O|  |TAMS 0x0000000084400000, 0x0000000084300000| Untracked 
|   4|0x0000000084400000, 0x0000000084500000, 0x0000000084500000|100%| O|  |TAMS 0x0000000084500000, 0x0000000084400000| Untracked 
|   5|0x0000000084500000, 0x0000000084600000, 0x0000000084600000|100%| O|  |TAMS 0x0000000084600000, 0x0000000084500000| Untracked 
|   6|0x0000000084600000, 0x0000000084700000, 0x0000000084700000|100%| O|  |TAMS 0x0000000084700000, 0x0000000084600000| Untracked 
|   7|0x0000000084700000, 0x0000000084800000, 0x0000000084800000|100%| O|  |TAMS 0x0000000084800000, 0x0000000084700000| Untracked 
|   8|0x0000000084800000, 0x0000000084800000, 0x0000000084900000|  0%| F|  |TAMS 0x0000000084800000, 0x0000000084800000| Untracked 
|   9|0x0000000084900000, 0x0000000084a00000, 0x0000000084a00000|100%| O|  |TAMS 0x0000000084a00000, 0x0000000084900000| Untracked 
|  10|0x0000000084a00000, 0x0000000084b00000, 0x0000000084b00000|100%| O|  |TAMS 0x0000000084b00000, 0x0000000084a00000| Untracked 
|  11|0x0000000084b00000, 0x0000000084c00000, 0x0000000084c00000|100%| O|  |TAMS 0x0000000084c00000, 0x0000000084b00000| Untracked 
|  12|0x0000000084c00000, 0x0000000084d00000, 0x0000000084d00000|100%| O|  |TAMS 0x0000000084c2e600, 0x0000000084c00000| Untracked 
|  13|0x0000000084d00000, 0x0000000084e00000, 0x0000000084e00000|100%|HS|  |TAMS 0x0000000084e00000, 0x0000000084d00000| Complete 
|  14|0x0000000084e00000, 0x0000000084f00000, 0x0000000084f00000|100%| O|  |TAMS 0x0000000084e00000, 0x0000000084e00000| Untracked 
|  15|0x0000000084f00000, 0x0000000085000000, 0x0000000085000000|100%| O|  |TAMS 0x0000000084f00000, 0x0000000084f00000| Untracked 
|  16|0x0000000085000000, 0x0000000085100000, 0x0000000085100000|100%| O|  |TAMS 0x0000000085000000, 0x0000000085000000| Untracked 
|  17|0x0000000085100000, 0x0000000085200000, 0x0000000085200000|100%| O|  |TAMS 0x0000000085100000, 0x0000000085100000| Untracked 
|  18|0x0000000085200000, 0x00000000852e4c00, 0x0000000085300000| 89%| O|  |TAMS 0x0000000085200000, 0x0000000085200000| Untracked 
|  19|0x0000000085300000, 0x0000000085400000, 0x0000000085400000|100%| O|  |TAMS 0x0000000085300000, 0x0000000085300000| Untracked 
|  20|0x0000000085400000, 0x0000000085500000, 0x0000000085500000|100%| O|  |TAMS 0x0000000085400000, 0x0000000085400000| Untracked 
|  21|0x0000000085500000, 0x0000000085600000, 0x0000000085600000|100%| O|  |TAMS 0x0000000085500000, 0x0000000085500000| Untracked 
|  22|0x0000000085600000, 0x0000000085700000, 0x0000000085700000|100%| O|  |TAMS 0x0000000085600000, 0x0000000085600000| Untracked 
|  23|0x0000000085700000, 0x0000000085800000, 0x0000000085800000|100%| O|  |TAMS 0x0000000085700000, 0x0000000085700000| Untracked 
|  24|0x0000000085800000, 0x00000000858a4000, 0x0000000085900000| 64%| O|  |TAMS 0x0000000085800000, 0x0000000085800000| Untracked 
|  25|0x0000000085900000, 0x0000000085900000, 0x0000000085a00000|  0%| F|  |TAMS 0x0000000085900000, 0x0000000085900000| Untracked 
|  26|0x0000000085a00000, 0x0000000085a00000, 0x0000000085b00000|  0%| F|  |TAMS 0x0000000085a00000, 0x0000000085a00000| Untracked 
|  27|0x0000000085b00000, 0x0000000085b00000, 0x0000000085c00000|  0%| F|  |TAMS 0x0000000085b00000, 0x0000000085b00000| Untracked 
|  28|0x0000000085c00000, 0x0000000085c00000, 0x0000000085d00000|  0%| F|  |TAMS 0x0000000085c00000, 0x0000000085c00000| Untracked 
|  29|0x0000000085d00000, 0x0000000085d00000, 0x0000000085e00000|  0%| F|  |TAMS 0x0000000085d00000, 0x0000000085d00000| Untracked 
|  30|0x0000000085e00000, 0x0000000085e00000, 0x0000000085f00000|  0%| F|  |TAMS 0x0000000085e00000, 0x0000000085e00000| Untracked 
|  31|0x0000000085f00000, 0x0000000085f00000, 0x0000000086000000|  0%| F|  |TAMS 0x0000000085f00000, 0x0000000085f00000| Untracked 
|  32|0x0000000086000000, 0x0000000086000000, 0x0000000086100000|  0%| F|  |TAMS 0x0000000086000000, 0x0000000086000000| Untracked 
|  33|0x0000000086100000, 0x0000000086100000, 0x0000000086200000|  0%| F|  |TAMS 0x0000000086100000, 0x0000000086100000| Untracked 
|  34|0x0000000086200000, 0x0000000086200000, 0x0000000086300000|  0%| F|  |TAMS 0x0000000086200000, 0x0000000086200000| Untracked 
|  35|0x0000000086300000, 0x0000000086300000, 0x0000000086400000|  0%| F|  |TAMS 0x0000000086300000, 0x0000000086300000| Untracked 
|  36|0x0000000086400000, 0x0000000086400000, 0x0000000086500000|  0%| F|  |TAMS 0x0000000086400000, 0x0000000086400000| Untracked 
|  37|0x0000000086500000, 0x0000000086500000, 0x0000000086600000|  0%| F|  |TAMS 0x0000000086500000, 0x0000000086500000| Untracked 
|  38|0x0000000086600000, 0x0000000086600000, 0x0000000086700000|  0%| F|  |TAMS 0x0000000086600000, 0x0000000086600000| Untracked 
|  39|0x0000000086700000, 0x0000000086700000, 0x0000000086800000|  0%| F|  |TAMS 0x0000000086700000, 0x0000000086700000| Untracked 
|  40|0x0000000086800000, 0x0000000086800000, 0x0000000086900000|  0%| F|  |TAMS 0x0000000086800000, 0x0000000086800000| Untracked 
|  41|0x0000000086900000, 0x0000000086900000, 0x0000000086a00000|  0%| F|  |TAMS 0x0000000086900000, 0x0000000086900000| Untracked 
|  42|0x0000000086a00000, 0x0000000086a00000, 0x0000000086b00000|  0%| F|  |TAMS 0x0000000086a00000, 0x0000000086a00000| Untracked 
|  43|0x0000000086b00000, 0x0000000086b00000, 0x0000000086c00000|  0%| F|  |TAMS 0x0000000086b00000, 0x0000000086b00000| Untracked 
|  44|0x0000000086c00000, 0x0000000086c00000, 0x0000000086d00000|  0%| F|  |TAMS 0x0000000086c00000, 0x0000000086c00000| Untracked 
|  45|0x0000000086d00000, 0x0000000086d00000, 0x0000000086e00000|  0%| F|  |TAMS 0x0000000086d00000, 0x0000000086d00000| Untracked 
|  46|0x0000000086e00000, 0x0000000086e00000, 0x0000000086f00000|  0%| F|  |TAMS 0x0000000086e00000, 0x0000000086e00000| Untracked 
|  47|0x0000000086f00000, 0x0000000086f01000, 0x0000000087000000|  0%| E|  |TAMS 0x0000000086f00000, 0x0000000086f00000| Complete 
|  48|0x0000000087000000, 0x0000000087100000, 0x0000000087100000|100%| E|CS|TAMS 0x0000000087000000, 0x0000000087000000| Complete 
|  49|0x0000000087100000, 0x0000000087200000, 0x0000000087200000|100%| E|CS|TAMS 0x0000000087100000, 0x0000000087100000| Complete 
|  50|0x0000000087200000, 0x0000000087300000, 0x0000000087300000|100%| E|CS|TAMS 0x0000000087200000, 0x0000000087200000| Complete 
|  51|0x0000000087300000, 0x0000000087400000, 0x0000000087400000|100%| E|CS|TAMS 0x0000000087300000, 0x0000000087300000| Complete 
|  52|0x0000000087400000, 0x0000000087500000, 0x0000000087500000|100%| E|CS|TAMS 0x0000000087400000, 0x0000000087400000| Complete 
|  53|0x0000000087500000, 0x0000000087600000, 0x0000000087600000|100%| E|CS|TAMS 0x0000000087500000, 0x0000000087500000| Complete 
|  54|0x0000000087600000, 0x0000000087700000, 0x0000000087700000|100%| E|CS|TAMS 0x0000000087600000, 0x0000000087600000| Complete 
|  55|0x0000000087700000, 0x0000000087800000, 0x0000000087800000|100%| E|CS|TAMS 0x0000000087700000, 0x0000000087700000| Complete 
|  56|0x0000000087800000, 0x0000000087900000, 0x0000000087900000|100%| E|CS|TAMS 0x0000000087800000, 0x0000000087800000| Complete 
|  57|0x0000000087900000, 0x0000000087a00000, 0x0000000087a00000|100%| E|CS|TAMS 0x0000000087900000, 0x0000000087900000| Complete 
|  58|0x0000000087a00000, 0x0000000087b00000, 0x0000000087b00000|100%| E|CS|TAMS 0x0000000087a00000, 0x0000000087a00000| Complete 
|  59|0x0000000087b00000, 0x0000000087c00000, 0x0000000087c00000|100%| E|CS|TAMS 0x0000000087b00000, 0x0000000087b00000| Complete 
|  60|0x0000000087c00000, 0x0000000087d00000, 0x0000000087d00000|100%| E|CS|TAMS 0x0000000087c00000, 0x0000000087c00000| Complete 
|  61|0x0000000087d00000, 0x0000000087e00000, 0x0000000087e00000|100%| E|CS|TAMS 0x0000000087d00000, 0x0000000087d00000| Complete 
|  62|0x0000000087e00000, 0x0000000087f00000, 0x0000000087f00000|100%| E|CS|TAMS 0x0000000087e00000, 0x0000000087e00000| Complete 
|  63|0x0000000087f00000, 0x0000000088000000, 0x0000000088000000|100%| E|CS|TAMS 0x0000000087f00000, 0x0000000087f00000| Complete 
|  64|0x0000000088000000, 0x0000000088100000, 0x0000000088100000|100%| E|CS|TAMS 0x0000000088000000, 0x0000000088000000| Complete 
|  65|0x0000000088100000, 0x0000000088200000, 0x0000000088200000|100%| E|CS|TAMS 0x0000000088100000, 0x0000000088100000| Complete 
|  66|0x0000000088200000, 0x0000000088300000, 0x0000000088300000|100%| E|CS|TAMS 0x0000000088200000, 0x0000000088200000| Complete 
|  67|0x0000000088300000, 0x0000000088400000, 0x0000000088400000|100%| E|CS|TAMS 0x0000000088300000, 0x0000000088300000| Complete 
|  68|0x0000000088400000, 0x0000000088500000, 0x0000000088500000|100%| E|CS|TAMS 0x0000000088400000, 0x0000000088400000| Complete 
|  69|0x0000000088500000, 0x0000000088600000, 0x0000000088600000|100%| E|CS|TAMS 0x0000000088500000, 0x0000000088500000| Complete 
|  70|0x0000000088600000, 0x0000000088700000, 0x0000000088700000|100%| E|CS|TAMS 0x0000000088600000, 0x0000000088600000| Complete 
|  71|0x0000000088700000, 0x0000000088800000, 0x0000000088800000|100%| E|CS|TAMS 0x0000000088700000, 0x0000000088700000| Complete 
| 107|0x000000008ab00000, 0x000000008ac00000, 0x000000008ac00000|100%| E|CS|TAMS 0x000000008ab00000, 0x000000008ab00000| Complete 
| 108|0x000000008ac00000, 0x000000008ad00000, 0x000000008ad00000|100%| E|CS|TAMS 0x000000008ac00000, 0x000000008ac00000| Complete 
| 109|0x000000008ad00000, 0x000000008ae00000, 0x000000008ae00000|100%| E|CS|TAMS 0x000000008ad00000, 0x000000008ad00000| Complete 
| 110|0x000000008ae00000, 0x000000008ae6c010, 0x000000008af00000| 42%| S|CS|TAMS 0x000000008ae00000, 0x000000008ae00000| Complete 
| 123|0x000000008bb00000, 0x000000008bc00000, 0x000000008bc00000|100%| E|CS|TAMS 0x000000008bb00000, 0x000000008bb00000| Complete 

Card table byte_map: [0x000001a5f2bb0000,0x000001a5f2f90000] _byte_map_base: 0x000001a5f2790000

Marking Bits (Prev, Next): (CMBitMap*) 0x000001a5eed34c30, (CMBitMap*) 0x000001a5eed34c70
 Prev Bits: [0x000001a5f3370000, 0x000001a5f5270000)
 Next Bits: [0x000001a5f5270000, 0x000001a5f7170000)

Polling page: 0x000001a5ee490000

Metaspace:

Usage:
  Non-class:     33.65 MB used.
      Class:      4.31 MB used.
       Both:     37.95 MB used.

Virtual space:
  Non-class space:       64.00 MB reserved,      33.81 MB ( 53%) committed,  1 nodes.
      Class space:        1.00 GB reserved,       4.44 MB ( <1%) committed,  1 nodes.
             Both:        1.06 GB reserved,      38.25 MB (  4%) committed. 

Chunk freelists:
   Non-Class:  14.02 MB
       Class:  11.54 MB
        Both:  25.56 MB

MaxMetaspaceSize: unlimited
CompressedClassSpaceSize: 1.00 GB
Initial GC threshold: 21.00 MB
Current GC threshold: 58.75 MB
CDS: off
MetaspaceReclaimPolicy: balanced
 - commit_granule_bytes: 65536.
 - commit_granule_words: 8192.
 - virtual_space_node_default_size: 8388608.
 - enlarge_chunks_in_place: 1.
 - new_chunks_are_fully_committed: 0.
 - uncommit_free_chunks: 1.
 - use_allocation_guard: 0.
 - handle_deallocations: 1.


Internal statistics:

num_allocs_failed_limit: 6.
num_arena_births: 182.
num_arena_deaths: 0.
num_vsnodes_births: 2.
num_vsnodes_deaths: 0.
num_space_committed: 612.
num_space_uncommitted: 0.
num_chunks_returned_to_freelist: 6.
num_chunks_taken_from_freelist: 1291.
num_chunk_merges: 6.
num_chunk_splits: 891.
num_chunks_enlarged: 681.
num_inconsistent_stats: 0.

CodeHeap 'non-profiled nmethods': size=120000Kb used=2646Kb max_used=2967Kb free=117353Kb
 bounds [0x000001a587ad0000, 0x000001a587dc0000, 0x000001a58f000000]
CodeHeap 'profiled nmethods': size=120000Kb used=11208Kb max_used=13220Kb free=108791Kb
 bounds [0x000001a580000000, 0x000001a580cf0000, 0x000001a587530000]
CodeHeap 'non-nmethods': size=5760Kb used=1219Kb max_used=1285Kb free=4540Kb
 bounds [0x000001a587530000, 0x000001a5877a0000, 0x000001a587ad0000]
 total_blobs=6103 nmethods=5594 adapters=421
 compilation: enabled
              stopped_count=0, restarted_count=0
 full_count=0

Compilation events (20 events):
Event: 6.324 Thread 0x000001a5fe04b480 6513       3       java.lang.module.ModuleDescriptor$Exports::hashCode (36 bytes)
Event: 6.324 Thread 0x000001a5fe04b480 nmethod 6513 0x000001a580618410 code [0x000001a5806185e0, 0x000001a580618848]
Event: 6.326 Thread 0x000001a5fe04b480 6514       3       java.util.Hashtable::<init> (114 bytes)
Event: 6.328 Thread 0x000001a5fe04b480 nmethod 6514 0x000001a580041390 code [0x000001a5800416e0, 0x000001a5800427d8]
Event: 6.328 Thread 0x000001a5fe04b480 6515       3       jdk.internal.module.ModuleInfo$CountingDataInput::readUnsignedShort (24 bytes)
Event: 6.328 Thread 0x000001a5fe04b480 nmethod 6515 0x000001a5802f4f10 code [0x000001a5802f50c0, 0x000001a5802f52a8]
Event: 6.330 Thread 0x000001a5fe04b480 6516   !   3       java.util.zip.ZipFile$Source::findEND (669 bytes)
Event: 6.333 Thread 0x000001a5fe04b480 nmethod 6516 0x000001a58002d190 code [0x000001a58002d620, 0x000001a58002ff28]
Event: 6.334 Thread 0x000001a5fe04b480 6518       3       jdk.internal.module.ModuleInfo$ConstantPool::checkIndex (21 bytes)
Event: 6.335 Thread 0x000001a5fe04b480 nmethod 6518 0x000001a580374c10 code [0x000001a580374dc0, 0x000001a580374f88]
Event: 6.335 Thread 0x000001a5fe04b480 6519       3       java.util.Set::copyOf (27 bytes)
Event: 6.335 Thread 0x000001a5fe04b480 nmethod 6519 0x000001a5802f9890 code [0x000001a5802f9a80, 0x000001a5802fa148]
Event: 6.339 Thread 0x000001a5fe04b480 6520       3       java.lang.invoke.LambdaForm$DMH/0x0000000100308000::invokeStatic (31 bytes)
Event: 6.339 Thread 0x000001a5fe04b480 nmethod 6520 0x000001a58054d190 code [0x000001a58054d360, 0x000001a58054d7b8]
Event: 6.350 Thread 0x000001a5fe04b480 6521       3       java.lang.ProcessEnvironment$CheckedEntry::getKey (5 bytes)
Event: 6.350 Thread 0x000001a5fe04b480 nmethod 6521 0x000001a5805a4110 code [0x000001a5805a42c0, 0x000001a5805a45e8]
Event: 6.350 Thread 0x000001a5fe04b480 6522       3       java.lang.ProcessEnvironment$CheckedEntry::getKey (13 bytes)
Event: 6.351 Thread 0x000001a5fe04b480 nmethod 6522 0x000001a5807ea010 code [0x000001a5807ea1c0, 0x000001a5807ea468]
Event: 6.357 Thread 0x000001a5fe04b480 6524       3       jdk.internal.org.objectweb.asm.Frame::execute (2305 bytes)
Event: 6.365 Thread 0x000001a5fe04b480 nmethod 6524 0x000001a58070fb90 code [0x000001a580710ac0, 0x000001a5807175f8]

GC Heap History (20 events):
Event: 1.022 GC heap before
{Heap before GC invocations=0 (full 0):
 garbage-first heap   total 126976K, used 23552K [0x0000000084000000, 0x0000000100000000)
  region size 1024K, 23 young (23552K), 0 survivors (0K)
 Metaspace       used 14560K, committed 14784K, reserved 1114112K
  class space    used 1508K, committed 1600K, reserved 1048576K
}
Event: 1.033 GC heap after
{Heap after GC invocations=1 (full 0):
 garbage-first heap   total 126976K, used 3807K [0x0000000084000000, 0x0000000100000000)
  region size 1024K, 3 young (3072K), 3 survivors (3072K)
 Metaspace       used 14560K, committed 14784K, reserved 1114112K
  class space    used 1508K, committed 1600K, reserved 1048576K
}
Event: 1.804 GC heap before
{Heap before GC invocations=1 (full 0):
 garbage-first heap   total 126976K, used 34527K [0x0000000084000000, 0x0000000100000000)
  region size 1024K, 33 young (33792K), 3 survivors (3072K)
 Metaspace       used 18979K, committed 19136K, reserved 1114112K
  class space    used 2051K, committed 2112K, reserved 1048576K
}
Event: 1.813 GC heap after
{Heap after GC invocations=2 (full 0):
 garbage-first heap   total 126976K, used 6062K [0x0000000084000000, 0x0000000100000000)
  region size 1024K, 3 young (3072K), 3 survivors (3072K)
 Metaspace       used 18979K, committed 19136K, reserved 1114112K
  class space    used 2051K, committed 2112K, reserved 1048576K
}
Event: 2.223 GC heap before
{Heap before GC invocations=2 (full 0):
 garbage-first heap   total 126976K, used 18350K [0x0000000084000000, 0x0000000100000000)
  region size 1024K, 16 young (16384K), 3 survivors (3072K)
 Metaspace       used 21363K, committed 21504K, reserved 1114112K
  class space    used 2380K, committed 2496K, reserved 1048576K
}
Event: 2.228 GC heap after
{Heap after GC invocations=3 (full 0):
 garbage-first heap   total 126976K, used 7036K [0x0000000084000000, 0x0000000100000000)
  region size 1024K, 4 young (4096K), 4 survivors (4096K)
 Metaspace       used 21363K, committed 21504K, reserved 1114112K
  class space    used 2380K, committed 2496K, reserved 1048576K
}
Event: 2.637 GC heap before
{Heap before GC invocations=4 (full 0):
 garbage-first heap   total 30720K, used 21372K [0x0000000084000000, 0x0000000100000000)
  region size 1024K, 18 young (18432K), 4 survivors (4096K)
 Metaspace       used 24386K, committed 24512K, reserved 1114112K
  class space    used 2748K, committed 2816K, reserved 1048576K
}
Event: 2.644 GC heap after
{Heap after GC invocations=5 (full 0):
 garbage-first heap   total 30720K, used 8253K [0x0000000084000000, 0x0000000100000000)
  region size 1024K, 3 young (3072K), 3 survivors (3072K)
 Metaspace       used 24386K, committed 24512K, reserved 1114112K
  class space    used 2748K, committed 2816K, reserved 1048576K
}
Event: 2.663 GC heap before
{Heap before GC invocations=5 (full 0):
 garbage-first heap   total 30720K, used 9277K [0x0000000084000000, 0x0000000100000000)
  region size 1024K, 4 young (4096K), 3 survivors (3072K)
 Metaspace       used 24511K, committed 24640K, reserved 1114112K
  class space    used 2754K, committed 2816K, reserved 1048576K
}
Event: 2.672 GC heap after
{Heap after GC invocations=6 (full 0):
 garbage-first heap   total 78848K, used 8488K [0x0000000084000000, 0x0000000100000000)
  region size 1024K, 1 young (1024K), 1 survivors (1024K)
 Metaspace       used 24511K, committed 24640K, reserved 1114112K
  class space    used 2754K, committed 2816K, reserved 1048576K
}
Event: 3.774 GC heap before
{Heap before GC invocations=6 (full 0):
 garbage-first heap   total 78848K, used 54568K [0x0000000084000000, 0x0000000100000000)
  region size 1024K, 46 young (47104K), 1 survivors (1024K)
 Metaspace       used 29479K, committed 29760K, reserved 1114112K
  class space    used 3366K, committed 3520K, reserved 1048576K
}
Event: 3.781 GC heap after
{Heap after GC invocations=7 (full 0):
 garbage-first heap   total 78848K, used 11000K [0x0000000084000000, 0x0000000100000000)
  region size 1024K, 3 young (3072K), 3 survivors (3072K)
 Metaspace       used 29479K, committed 29760K, reserved 1114112K
  class space    used 3366K, committed 3520K, reserved 1048576K
}
Event: 4.571 GC heap before
{Heap before GC invocations=7 (full 0):
 garbage-first heap   total 78848K, used 54008K [0x0000000084000000, 0x0000000100000000)
  region size 1024K, 46 young (47104K), 3 survivors (3072K)
 Metaspace       used 35095K, committed 35456K, reserved 1114112K
  class space    used 3982K, committed 4160K, reserved 1048576K
}
Event: 4.585 GC heap after
{Heap after GC invocations=8 (full 0):
 garbage-first heap   total 78848K, used 18617K [0x0000000084000000, 0x0000000100000000)
  region size 1024K, 6 young (6144K), 6 survivors (6144K)
 Metaspace       used 35095K, committed 35456K, reserved 1114112K
  class space    used 3982K, committed 4160K, reserved 1048576K
}
Event: 4.765 GC heap before
{Heap before GC invocations=8 (full 0):
 garbage-first heap   total 78848K, used 35001K [0x0000000084000000, 0x0000000100000000)
  region size 1024K, 22 young (22528K), 6 survivors (6144K)
 Metaspace       used 35689K, committed 35968K, reserved 1114112K
  class space    used 4061K, committed 4224K, reserved 1048576K
}
Event: 4.776 GC heap after
{Heap after GC invocations=9 (full 0):
 garbage-first heap   total 78848K, used 21763K [0x0000000084000000, 0x0000000100000000)
  region size 1024K, 3 young (3072K), 3 survivors (3072K)
 Metaspace       used 35689K, committed 35968K, reserved 1114112K
  class space    used 4061K, committed 4224K, reserved 1048576K
}
Event: 5.801 GC heap before
{Heap before GC invocations=10 (full 0):
 garbage-first heap   total 78848K, used 55555K [0x0000000084000000, 0x0000000100000000)
  region size 1024K, 36 young (36864K), 3 survivors (3072K)
 Metaspace       used 37239K, committed 37568K, reserved 1114112K
  class space    used 4176K, committed 4352K, reserved 1048576K
}
Event: 5.817 GC heap after
{Heap after GC invocations=11 (full 0):
 garbage-first heap   total 78848K, used 24467K [0x0000000084000000, 0x0000000100000000)
  region size 1024K, 5 young (5120K), 5 survivors (5120K)
 Metaspace       used 37239K, committed 37568K, reserved 1114112K
  class space    used 4176K, committed 4352K, reserved 1048576K
}
Event: 5.830 GC heap before
{Heap before GC invocations=11 (full 0):
 garbage-first heap   total 78848K, used 24467K [0x0000000084000000, 0x0000000100000000)
  region size 1024K, 6 young (6144K), 5 survivors (5120K)
 Metaspace       used 37244K, committed 37568K, reserved 1114112K
  class space    used 4176K, committed 4352K, reserved 1048576K
}
Event: 5.838 GC heap after
{Heap after GC invocations=12 (full 0):
 garbage-first heap   total 78848K, used 24531K [0x0000000084000000, 0x0000000100000000)
  region size 1024K, 1 young (1024K), 1 survivors (1024K)
 Metaspace       used 37244K, committed 37568K, reserved 1114112K
  class space    used 4176K, committed 4352K, reserved 1048576K
}

Dll operation events (4 events):
Event: 0.012 Loaded shared library C:\Users\asmab\.jdks\jbr-17.0.8\bin\java.dll
Event: 0.045 Loaded shared library C:\Users\asmab\.jdks\jbr-17.0.8\bin\jsvml.dll
Event: 0.191 Loaded shared library C:\Users\asmab\.jdks\jbr-17.0.8\bin\zip.dll
Event: 0.449 Loaded shared library C:\Users\asmab\.jdks\jbr-17.0.8\bin\verify.dll

Deoptimization events (20 events):
Event: 6.299 Thread 0x000001a5eecdb050 Uncommon trap: trap_request=0xffffffc6 fr.pc=0x000001a587c2a944 relative=0x00000000000002e4
Event: 6.299 Thread 0x000001a5eecdb050 Uncommon trap: reason=bimorphic_or_optimized_type_check action=maybe_recompile pc=0x000001a587c2a944 method=java.util.regex.Pattern$BmpCharPredicate.lambda$union$2(Ljava/util/regex/Pattern$CharPredicate;I)Z @ 2 c2
Event: 6.299 Thread 0x000001a5eecdb050 DEOPT PACKING pc=0x000001a587c2a944 sp=0x00000001d1efd3b0
Event: 6.299 Thread 0x000001a5eecdb050 DEOPT UNPACKING pc=0x000001a58758a1a3 sp=0x00000001d1efd1f8 mode 2
Event: 6.299 Thread 0x000001a5eecdb050 Uncommon trap: trap_request=0xffffffc6 fr.pc=0x000001a587c2a944 relative=0x00000000000002e4
Event: 6.299 Thread 0x000001a5eecdb050 Uncommon trap: reason=bimorphic_or_optimized_type_check action=maybe_recompile pc=0x000001a587c2a944 method=java.util.regex.Pattern$BmpCharPredicate.lambda$union$2(Ljava/util/regex/Pattern$CharPredicate;I)Z @ 2 c2
Event: 6.299 Thread 0x000001a5eecdb050 DEOPT PACKING pc=0x000001a587c2a944 sp=0x00000001d1efd3b0
Event: 6.299 Thread 0x000001a5eecdb050 DEOPT UNPACKING pc=0x000001a58758a1a3 sp=0x00000001d1efd1f8 mode 2
Event: 6.315 Thread 0x000001a5eecdb050 Uncommon trap: trap_request=0xffffffec fr.pc=0x000001a587b9ce9c relative=0x000000000000007c
Event: 6.315 Thread 0x000001a5eecdb050 Uncommon trap: reason=null_assert_or_unreached0 action=make_not_entrant pc=0x000001a587b9ce9c method=java.util.jar.JarFile.maybeInstantiateVerifier()V @ 4 c2
Event: 6.315 Thread 0x000001a5eecdb050 DEOPT PACKING pc=0x000001a587b9ce9c sp=0x00000001d1efd5c0
Event: 6.315 Thread 0x000001a5eecdb050 DEOPT UNPACKING pc=0x000001a58758a1a3 sp=0x00000001d1efd550 mode 2
Event: 6.320 Thread 0x000001a5eecdb050 Uncommon trap: trap_request=0xffffff45 fr.pc=0x000001a587b5f558 relative=0x0000000000000058
Event: 6.320 Thread 0x000001a5eecdb050 Uncommon trap: reason=unstable_if action=reinterpret pc=0x000001a587b5f558 method=jdk.internal.module.ModuleReferenceImpl.hashCode()I @ 6 c2
Event: 6.320 Thread 0x000001a5eecdb050 DEOPT PACKING pc=0x000001a587b5f558 sp=0x00000001d1efd600
Event: 6.320 Thread 0x000001a5eecdb050 DEOPT UNPACKING pc=0x000001a58758a1a3 sp=0x00000001d1efd590 mode 2
Event: 6.356 Thread 0x000001a5eecdb050 Uncommon trap: trap_request=0xffffff45 fr.pc=0x000001a587c98158 relative=0x0000000000001fd8
Event: 6.356 Thread 0x000001a5eecdb050 Uncommon trap: reason=unstable_if action=reinterpret pc=0x000001a587c98158 method=jdk.internal.org.objectweb.asm.Frame.execute(IILjdk/internal/org/objectweb/asm/Symbol;Ljdk/internal/org/objectweb/asm/SymbolTable;)V @ 1 c2
Event: 6.356 Thread 0x000001a5eecdb050 DEOPT PACKING pc=0x000001a587c98158 sp=0x00000001d1efbc20
Event: 6.356 Thread 0x000001a5eecdb050 DEOPT UNPACKING pc=0x000001a58758a1a3 sp=0x00000001d1efbbc8 mode 2

Classes unloaded (0 events):
No events

Classes redefined (0 events):
No events

Internal exceptions (20 events):
Event: 5.467 Thread 0x000001a5eecdb050 Exception <a 'sun/nio/fs/WindowsException'{0x00000000879c1490}> (0x00000000879c1490) 
thrown [s\src\hotspot\share\prims\jni.cpp, line 517]
Event: 5.505 Thread 0x000001a5eecdb050 Exception <a 'sun/nio/fs/WindowsException'{0x00000000878af9c8}> (0x00000000878af9c8) 
thrown [s\src\hotspot\share\prims\jni.cpp, line 517]
Event: 6.279 Thread 0x000001a5eecdb050 Exception <a 'sun/nio/fs/WindowsException'{0x00000000873c2298}> (0x00000000873c2298) 
thrown [s\src\hotspot\share\prims\jni.cpp, line 517]
Event: 6.279 Thread 0x000001a5eecdb050 Exception <a 'sun/nio/fs/WindowsException'{0x00000000873c2508}> (0x00000000873c2508) 
thrown [s\src\hotspot\share\prims\jni.cpp, line 517]
Event: 6.280 Thread 0x000001a5eecdb050 Exception <a 'sun/nio/fs/WindowsException'{0x00000000873c3278}> (0x00000000873c3278) 
thrown [s\src\hotspot\share\prims\jni.cpp, line 517]
Event: 6.280 Thread 0x000001a5eecdb050 Exception <a 'sun/nio/fs/WindowsException'{0x00000000873c34a8}> (0x00000000873c34a8) 
thrown [s\src\hotspot\share\prims\jni.cpp, line 517]
Event: 6.286 Thread 0x000001a5eecdb050 Exception <a 'sun/nio/fs/WindowsException'{0x00000000873e3a10}> (0x00000000873e3a10) 
thrown [s\src\hotspot\share\prims\jni.cpp, line 517]
Event: 6.286 Thread 0x000001a5eecdb050 Exception <a 'sun/nio/fs/WindowsException'{0x00000000873e3ce0}> (0x00000000873e3ce0) 
thrown [s\src\hotspot\share\prims\jni.cpp, line 517]
Event: 6.288 Thread 0x000001a5eecdb050 Exception <a 'sun/nio/fs/WindowsException'{0x00000000873e9660}> (0x00000000873e9660) 
thrown [s\src\hotspot\share\prims\jni.cpp, line 517]
Event: 6.288 Thread 0x000001a5eecdb050 Exception <a 'sun/nio/fs/WindowsException'{0x00000000873e9930}> (0x00000000873e9930) 
thrown [s\src\hotspot\share\prims\jni.cpp, line 517]
Event: 6.289 Thread 0x000001a5eecdb050 Exception <a 'sun/nio/fs/WindowsException'{0x00000000873ec018}> (0x00000000873ec018) 
thrown [s\src\hotspot\share\prims\jni.cpp, line 517]
Event: 6.289 Thread 0x000001a5eecdb050 Exception <a 'sun/nio/fs/WindowsException'{0x00000000873ecca0}> (0x00000000873ecca0) 
thrown [s\src\hotspot\share\prims\jni.cpp, line 517]
Event: 6.289 Thread 0x000001a5eecdb050 Exception <a 'sun/nio/fs/WindowsException'{0x00000000873ed928}> (0x00000000873ed928) 
thrown [s\src\hotspot\share\prims\jni.cpp, line 517]
Event: 6.290 Thread 0x000001a5eecdb050 Exception <a 'sun/nio/fs/WindowsException'{0x00000000873ee970}> (0x00000000873ee970) 
thrown [s\src\hotspot\share\prims\jni.cpp, line 517]
Event: 6.290 Thread 0x000001a5eecdb050 Exception <a 'sun/nio/fs/WindowsException'{0x00000000873ef5e8}> (0x00000000873ef5e8) 
thrown [s\src\hotspot\share\prims\jni.cpp, line 517]
Event: 6.356 Thread 0x000001a5eecdb050 Exception <a 'java/lang/NoSuchMethodError'{0x00000000870c3f70}: 'void java.lang.invoke.DirectMethodHandle$Holder.invokeStatic(java.lang.Object, long)'> (0x00000000870c3f70) 
thrown [s\src\hotspot\share\interpreter\linkResolver.cpp, line 771]
Event: 6.358 Thread 0x000001a5eecdb050 Exception <a 'java/lang/NoSuchMethodError'{0x00000000870c95c0}: 'java.lang.Object java.lang.invoke.DirectMethodHandle$Holder.newInvokeSpecial(java.lang.Object, long)'> (0x00000000870c95c0) 
thrown [s\src\hotspot\share\interpreter\linkResolver.cpp, line 771]
Event: 6.364 Thread 0x000001a5eecdb050 Exception <a 'java/lang/NoSuchMethodError'{0x00000000870d3ef8}: 'java.lang.Object java.lang.invoke.DirectMethodHandle$Holder.invokeStaticInit(java.lang.Object, java.lang.Object, long, java.lang.Object)'> (0x00000000870d3ef8) 
thrown [s\src\hotspot\share\interpreter\linkResolver.cpp, line 771]
Event: 6.366 Thread 0x000001a5eecdb050 Exception <a 'java/lang/NoSuchMethodError'{0x00000000870da540}: 'java.lang.Object java.lang.invoke.DirectMethodHandle$Holder.newInvokeSpecial(java.lang.Object, java.lang.Object, long)'> (0x00000000870da540) 
thrown [s\src\hotspot\share\interpreter\linkResolver.cpp, line 771]
Event: 6.367 Thread 0x000001a5eecdb050 Exception <a 'java/lang/NoSuchMethodError'{0x00000000870de358}: 'java.lang.Object java.lang.invoke.Invokers$Holder.linkToTargetMethod(java.lang.Object, long, java.lang.Object)'> (0x00000000870de358) 
thrown [s\src\hotspot\share\interpreter\linkResolver.cpp, line 771]

VM Operations (20 events):
Event: 5.403 Executing VM operation: ICBufferFull
Event: 5.403 Executing VM operation: ICBufferFull done
Event: 5.502 Executing VM operation: ICBufferFull
Event: 5.502 Executing VM operation: ICBufferFull done
Event: 5.801 Executing VM operation: G1CollectForAllocation
Event: 5.817 Executing VM operation: G1CollectForAllocation done
Event: 5.830 Executing VM operation: G1CollectForAllocation
Event: 5.838 Executing VM operation: G1CollectForAllocation done
Event: 5.982 Executing VM operation: HandshakeAllThreads
Event: 5.982 Executing VM operation: HandshakeAllThreads done
Event: 6.014 Executing VM operation: HandshakeAllThreads
Event: 6.014 Executing VM operation: HandshakeAllThreads done
Event: 6.033 Executing VM operation: HandshakeAllThreads
Event: 6.033 Executing VM operation: HandshakeAllThreads done
Event: 6.039 Executing VM operation: ICBufferFull
Event: 6.040 Executing VM operation: ICBufferFull done
Event: 6.179 Executing VM operation: HandshakeAllThreads
Event: 6.179 Executing VM operation: HandshakeAllThreads done
Event: 6.375 Executing VM operation: HandshakeAllThreads
Event: 6.375 Executing VM operation: HandshakeAllThreads done

Events (20 events):
Event: 6.369 loading class java/util/concurrent/SynchronousQueue done
Event: 6.370 loading class java/util/concurrent/SynchronousQueue$TransferStack
Event: 6.370 loading class java/util/concurrent/SynchronousQueue$Transferer
Event: 6.370 loading class java/util/concurrent/SynchronousQueue$Transferer done
Event: 6.370 loading class java/util/concurrent/SynchronousQueue$TransferStack done
Event: 6.371 loading class java/util/concurrent/SynchronousQueue$TransferStack$SNode
Event: 6.371 loading class java/util/concurrent/ForkJoinPool$ManagedBlocker
Event: 6.371 loading class java/util/concurrent/ForkJoinPool$ManagedBlocker done
Event: 6.371 loading class java/util/concurrent/SynchronousQueue$TransferStack$SNode done
Event: 6.372 loading class java/lang/ProcessImpl$2
Event: 6.372 loading class java/lang/ProcessImpl$2 done
Event: 6.372 loading class java/lang/Process$PipeInputStream
Event: 6.372 loading class java/lang/Process$PipeInputStream done
Event: 6.375 loading class jdk/internal/event/ProcessStartEvent
Event: 6.376 loading class jdk/internal/event/ProcessStartEvent done
Event: 6.378 loading class java/io/PipedOutputStream
Event: 6.379 loading class java/io/PipedOutputStream done
Event: 6.381 Thread 0x000001a5ff575060 Thread added: 0x000001a5ff575060
Event: 6.381 Thread 0x000001a5ff577df0 Thread added: 0x000001a5ff577df0
Event: 6.381 Thread 0x000001a5ff575570 Thread added: 0x000001a5ff575570


Dynamic libraries:
0x00007ff7130f0000 - 0x00007ff7130fa000 	C:\Users\asmab\.jdks\jbr-17.0.8\bin\java.exe
0x00007ff9b0e30000 - 0x00007ff9b1046000 	C:\WINDOWS\SYSTEM32\ntdll.dll
0x00007ff9b00d0000 - 0x00007ff9b0194000 	C:\WINDOWS\System32\KERNEL32.DLL
0x00007ff9ae550000 - 0x00007ff9ae8f6000 	C:\WINDOWS\System32\KERNELBASE.dll
0x00007ff9ae310000 - 0x00007ff9ae421000 	C:\WINDOWS\System32\ucrtbase.dll
0x00007ff9a7930000 - 0x00007ff9a7947000 	C:\Users\asmab\.jdks\jbr-17.0.8\bin\jli.dll
0x00007ff9a7910000 - 0x00007ff9a792b000 	C:\Users\asmab\.jdks\jbr-17.0.8\bin\VCRUNTIME140.dll
0x00007ff9b0680000 - 0x00007ff9b082d000 	C:\WINDOWS\System32\USER32.dll
0x00007ff998dd0000 - 0x00007ff999063000 	C:\WINDOWS\WinSxS\amd64_microsoft.windows.common-controls_6595b64144ccf1df_6.0.22621.3235_none_270f74e173860f98\COMCTL32.dll
0x00007ff9aeae0000 - 0x00007ff9aeb06000 	C:\WINDOWS\System32\win32u.dll
0x00007ff9aff70000 - 0x00007ff9b0017000 	C:\WINDOWS\System32\msvcrt.dll
0x00007ff9af790000 - 0x00007ff9af7b9000 	C:\WINDOWS\System32\GDI32.dll
0x00007ff9ae900000 - 0x00007ff9aea18000 	C:\WINDOWS\System32\gdi32full.dll
0x00007ff9ae430000 - 0x00007ff9ae4ca000 	C:\WINDOWS\System32\msvcp_win.dll
0x00007ff9aed40000 - 0x00007ff9aed71000 	C:\WINDOWS\System32\IMM32.DLL
0x00007ff99ac60000 - 0x00007ff99ac6c000 	C:\Users\asmab\.jdks\jbr-17.0.8\bin\vcruntime140_1.dll
0x00007ff9a71a0000 - 0x00007ff9a722d000 	C:\Users\asmab\.jdks\jbr-17.0.8\bin\msvcp140.dll
0x00007ff92b4a0000 - 0x00007ff92c123000 	C:\Users\asmab\.jdks\jbr-17.0.8\bin\server\jvm.dll
0x00007ff9b01b0000 - 0x00007ff9b0262000 	C:\WINDOWS\System32\ADVAPI32.dll
0x00007ff9b0940000 - 0x00007ff9b09e8000 	C:\WINDOWS\System32\sechost.dll
0x00007ff9ae2e0000 - 0x00007ff9ae308000 	C:\WINDOWS\System32\bcrypt.dll
0x00007ff9aed80000 - 0x00007ff9aee95000 	C:\WINDOWS\System32\RPCRT4.dll
0x00007ff9ae040000 - 0x00007ff9ae08d000 	C:\WINDOWS\SYSTEM32\POWRPROF.dll
0x00007ff991950000 - 0x00007ff991959000 	C:\WINDOWS\SYSTEM32\WSOCK32.dll
0x00007ff9b0600000 - 0x00007ff9b0671000 	C:\WINDOWS\System32\WS2_32.dll
0x00007ff9a68a0000 - 0x00007ff9a68d4000 	C:\WINDOWS\SYSTEM32\WINMM.dll
0x00007ff9a5030000 - 0x00007ff9a503a000 	C:\WINDOWS\SYSTEM32\VERSION.dll
0x00007ff9ae020000 - 0x00007ff9ae033000 	C:\WINDOWS\SYSTEM32\UMPDC.dll
0x00007ff9ad170000 - 0x00007ff9ad188000 	C:\WINDOWS\SYSTEM32\kernel.appcore.dll
0x00007ff9a7130000 - 0x00007ff9a713a000 	C:\Users\asmab\.jdks\jbr-17.0.8\bin\jimage.dll
0x00007ff9ab9b0000 - 0x00007ff9abbe3000 	C:\WINDOWS\SYSTEM32\DBGHELP.DLL
0x00007ff9b0270000 - 0x00007ff9b05f8000 	C:\WINDOWS\System32\combase.dll
0x00007ff9b0840000 - 0x00007ff9b0917000 	C:\WINDOWS\System32\OLEAUT32.dll
0x00007ff987550000 - 0x00007ff987582000 	C:\WINDOWS\SYSTEM32\dbgcore.DLL
0x00007ff9ae4d0000 - 0x00007ff9ae54a000 	C:\WINDOWS\System32\bcryptPrimitives.dll
0x00007ff9a9660000 - 0x00007ff9a966e000 	C:\Users\asmab\.jdks\jbr-17.0.8\bin\instrument.dll
0x00007ff978ba0000 - 0x00007ff978bc5000 	C:\Users\asmab\.jdks\jbr-17.0.8\bin\java.dll
0x00007ff9a7140000 - 0x00007ff9a7158000 	C:\Users\asmab\.jdks\jbr-17.0.8\bin\zip.dll
0x00007ff9789a0000 - 0x00007ff978a77000 	C:\Users\asmab\.jdks\jbr-17.0.8\bin\jsvml.dll
0x00007ff9aef30000 - 0x00007ff9af78d000 	C:\WINDOWS\System32\SHELL32.dll
0x00007ff9ac080000 - 0x00007ff9ac978000 	C:\WINDOWS\SYSTEM32\windows.storage.dll
0x00007ff9abf40000 - 0x00007ff9ac07e000 	C:\WINDOWS\SYSTEM32\wintypes.dll
0x00007ff9b0b90000 - 0x00007ff9b0c83000 	C:\WINDOWS\System32\SHCORE.dll
0x00007ff9b0c90000 - 0x00007ff9b0cee000 	C:\WINDOWS\System32\shlwapi.dll
0x00007ff9ae0a0000 - 0x00007ff9ae0c6000 	C:\WINDOWS\SYSTEM32\profapi.dll
0x00007ff99ac80000 - 0x00007ff99ac99000 	C:\Users\asmab\.jdks\jbr-17.0.8\bin\net.dll
0x00007ff9a72e0000 - 0x00007ff9a7417000 	C:\WINDOWS\SYSTEM32\WINHTTP.dll
0x00007ff9ad5f0000 - 0x00007ff9ad659000 	C:\WINDOWS\system32\mswsock.dll
0x00007ff997690000 - 0x00007ff9976a6000 	C:\Users\asmab\.jdks\jbr-17.0.8\bin\nio.dll
0x00007ff9a4e10000 - 0x00007ff9a4e2a000 	C:\Program Files\JetBrains\IntelliJ IDEA 2023.2.1\bin\breakgen64.dll
0x0000000069ac0000 - 0x0000000069ae4000 	C:\Users\asmab\AppData\Local\Temp\jansi-2.4.0-ab68ea923db9f7da-jansi.dll
0x00007ff99c630000 - 0x00007ff99c640000 	C:\Users\asmab\.jdks\jbr-17.0.8\bin\verify.dll

dbghelp: loaded successfully - version: 4.0.5 - missing functions: none
symbol engine: initialized successfully - sym options: 0x614 - pdb path: .;C:\Users\asmab\.jdks\jbr-17.0.8\bin;C:\WINDOWS\SYSTEM32;C:\WINDOWS\WinSxS\amd64_microsoft.windows.common-controls_6595b64144ccf1df_6.0.22621.3235_none_270f74e173860f98;C:\Users\asmab\.jdks\jbr-17.0.8\bin\server;C:\Program Files\JetBrains\IntelliJ IDEA 2023.2.1\bin;C:\Users\asmab\AppData\Local\Temp

VM Arguments:
jvm_args: -Dmaven.multiModuleProjectDirectory=C:\Users\asmab\IdeaProjects\skillhub -Djansi.passthrough=true -Dmaven.home=C:\Program Files\JetBrains\IntelliJ IDEA 2023.2.1\plugins\maven\lib\maven3 -Dclassworlds.conf=C:\Program Files\JetBrains\IntelliJ IDEA 2023.2.1\plugins\maven\lib\maven3\bin\m2.conf -Dmaven.ext.class.path=C:\Program Files\JetBrains\IntelliJ IDEA 2023.2.1\plugins\maven\lib\maven-event-listener.jar -javaagent:C:\Program Files\JetBrains\IntelliJ IDEA 2023.2.1\lib\idea_rt.jar=56978:C:\Program Files\JetBrains\IntelliJ IDEA 2023.2.1\bin -Dfile.encoding=UTF-8 
java_command: org.codehaus.classworlds.Launcher -Didea.version=2023.2.1 javafx:run
java_class_path (initial): C:\Program Files\JetBrains\IntelliJ IDEA 2023.2.1\plugins\maven\lib\maven3\boot\plexus-classworlds-2.7.0.jar;C:\Program Files\JetBrains\IntelliJ IDEA 2023.2.1\plugins\maven\lib\maven3\boot\plexus-classworlds.license
Launcher Type: SUN_STANDARD

[Global flags]
     intx CICompilerCount                          = 4                                         {product} {ergonomic}
     uint ConcGCThreads                            = 2                                         {product} {ergonomic}
     uint G1ConcRefinementThreads                  = 8                                         {product} {ergonomic}
   size_t G1HeapRegionSize                         = 1048576                                   {product} {ergonomic}
    uintx GCDrainStackTargetSize                   = 64                                        {product} {ergonomic}
   size_t InitialHeapSize                          = 130023424                                 {product} {ergonomic}
   size_t MarkStackSize                            = 4194304                                   {product} {ergonomic}
   size_t MaxHeapSize                              = 2080374784                                {product} {ergonomic}
   size_t MaxNewSize                               = 1247805440                                {product} {ergonomic}
   size_t MinHeapDeltaBytes                        = 1048576                                   {product} {ergonomic}
   size_t MinHeapSize                              = 8388608                                   {product} {ergonomic}
    uintx NonNMethodCodeHeapSize                   = 5839372                                {pd product} {ergonomic}
    uintx NonProfiledCodeHeapSize                  = 122909434                              {pd product} {ergonomic}
    uintx ProfiledCodeHeapSize                     = 122909434                              {pd product} {ergonomic}
    uintx ReservedCodeCacheSize                    = 251658240                              {pd product} {ergonomic}
     bool SegmentedCodeCache                       = true                                      {product} {ergonomic}
   size_t SoftMaxHeapSize                          = 2080374784                             {manageable} {ergonomic}
     bool UseCompressedClassPointers               = true                           {product lp64_product} {ergonomic}
     bool UseCompressedOops                        = true                           {product lp64_product} {ergonomic}
     bool UseG1GC                                  = true                                      {product} {ergonomic}
     bool UseLargePagesIndividualAllocation        = false                                  {pd product} {ergonomic}

Logging:
Log output configuration:
 #0: stdout all=warning uptime,level,tags
 #1: stderr all=off uptime,level,tags

Environment Variables:
PATH=C:\Program Files (x86)\VMware\VMware Workstation\bin\;C:\oraclexe\app\oracle\product\11.2.0\server\bin;;C:\oraclexe\app\oracle\product\10.2.0\server\bin;C:\WINDOWS\system32;C:\WINDOWS;C:\WINDOWS\System32\Wbem;C:\WINDOWS\System32\WindowsPowerShell\v1.0\;C:\WINDOWS\System32\OpenSSH\;C:\xampp\php;C:\ProgramData\ComposerSetup\bin;C:\Program Files\Git\cmd;C:\Program Files (x86)\GnuWin32\bin;C:\Program Files\CodeBlocks\MinGW\bin;C:\Users\asmab\scoop\shims;C:\Users\asmab\AppData\Local\Microsoft\WindowsApps;C:\Users\asmab\AppData\Local\Programs\Microsoft VS Code\bin;C:\Users\asmab\AppData\Local\ComposerSetup\bin;C:\Users\asmab\AppData\Roaming\Composer\vendor\bin;C:\xamp\php;C:\Program Files\CodeBlocks\MinGW\bin;C:\xamppp\php;
USERNAME=asmab
OS=Windows_NT
PROCESSOR_IDENTIFIER=Intel64 Family 6 Model 126 Stepping 5, GenuineIntel
TMP=C:\Users\asmab\AppData\Local\Temp
TEMP=C:\Users\asmab\AppData\Local\Temp


JNI global refs:
JNI global refs: 15, weak refs: 0

JNI global refs memory usage: 843, weak refs: 209

OOME stack traces (most recent first):
Classloader memory used:
Loader bootstrap                                                                       : 1891K
Loader org.codehaus.plexus.classworlds.realm.ClassRealm                                : 1787K
Loader jdk.internal.loader.ClassLoaders$AppClassLoader                                 : 1099K
Loader jdk.internal.loader.ClassLoaders$PlatformClassLoader                            : 64443B
Loader org.eclipse.sisu.space.CloningClassSpace$CloningClassLoader                     : 10540B
Loader jdk.internal.reflect.DelegatingClassLoader                                      : 6214B

Classes loaded by more than one classloader:
Class org.codehaus.plexus.util.StringUtils                                            : loaded 3 times (x 69B)
Class org.codehaus.plexus.util.MatchPatterns                                          : loaded 3 times (x 73B)
Class org.codehaus.plexus.interpolation.InterpolationPostProcessor                    : loaded 2 times (x 68B)
Class org.codehaus.plexus.util.DirectoryScanner                                       : loaded 2 times (x 113B)
Class org.codehaus.plexus.interpolation.BasicInterpolator                             : loaded 2 times (x 68B)
Class org.codehaus.plexus.languages.java.jpms.ResolvePathResult                       : loaded 2 times (x 74B)
Class org.codehaus.plexus.languages.java.jpms.LocationManager                         : loaded 2 times (x 72B)
Class org.codehaus.plexus.util.Scanner                                                : loaded 2 times (x 68B)
Class org.sonatype.plexus.components.cipher.PlexusCipherException                     : loaded 2 times (x 80B)
Class [Lorg.codehaus.plexus.util.MatchPattern;                                        : loaded 2 times (x 67B)
Class org.codehaus.plexus.interpolation.ValueSource                                   : loaded 2 times (x 68B)
Class org.codehaus.plexus.util.AbstractScanner                                        : loaded 2 times (x 98B)
Class org.sonatype.plexus.components.sec.dispatcher.DefaultSecDispatcher              : loaded 2 times (x 81B)
Class org.codehaus.plexus.languages.java.jpms.ResolvePathsRequest                     : loaded 2 times (x 80B)
Class org.codehaus.plexus.languages.java.jpms.JavaModuleDescriptor                    : loaded 2 times (x 76B)
Class org.codehaus.plexus.interpolation.RecursionInterceptor                          : loaded 2 times (x 68B)
Class org.apache.maven.shared.utils.logging.MessageBuilder                            : loaded 2 times (x 68B)
Class org.codehaus.plexus.languages.java.jpms.SourceModuleInfoParser                  : loaded 2 times (x 70B)
Class org.sonatype.plexus.components.sec.dispatcher.model.SettingsSecurity            : loaded 2 times (x 80B)
Class org.sonatype.plexus.components.cipher.PlexusCipher                              : loaded 2 times (x 68B)
Class org.sonatype.plexus.components.sec.dispatcher.SecDispatcher                     : loaded 2 times (x 68B)
Class org.codehaus.plexus.interpolation.PropertiesBasedValueSource                    : loaded 2 times (x 80B)
Class org.codehaus.plexus.interpolation.AbstractValueSource                           : loaded 2 times (x 80B)
Class org.sonatype.plexus.components.sec.dispatcher.SecDispatcherException            : loaded 2 times (x 80B)
Class org.codehaus.plexus.util.MatchPattern                                           : loaded 2 times (x 76B)
Class org.codehaus.plexus.util.Os                                                     : loaded 2 times (x 75B)
Class org.codehaus.plexus.languages.java.jpms.ModuleInfoParser                        : loaded 2 times (x 68B)
Class org.codehaus.plexus.util.SelectorUtils                                          : loaded 2 times (x 69B)
Class org.sonatype.plexus.components.cipher.DefaultPlexusCipher                       : loaded 2 times (x 91B)
Class org.codehaus.plexus.languages.java.jpms.ManifestModuleNameExtractor             : loaded 2 times (x 73B)
Class org.apache.commons.lang3.StringUtils                                            : loaded 2 times (x 69B)
Class org.codehaus.plexus.languages.java.jpms.ResolvePathRequest                      : loaded 2 times (x 74B)
Class org.codehaus.plexus.languages.java.jpms.ResolvePathsResult                      : loaded 2 times (x 80B)
Class org.codehaus.plexus.util.cli.CommandLineException                               : loaded 2 times (x 80B)
Class org.sonatype.plexus.components.cipher.PBECipher                                 : loaded 2 times (x 72B)
Class org.codehaus.plexus.interpolation.Interpolator                                  : loaded 2 times (x 68B)
Class org.codehaus.plexus.languages.java.jpms.ModuleNameExtractor                     : loaded 2 times (x 68B)


---------------  S Y S T E M  ---------------

OS:
 Windows 11 , 64 bit Build 22621 (10.0.22621.3235)
OS uptime: 21 days 10:28 hours
Hyper-V role detected

CPU: total 8 (initial active 8) (4 cores per cpu, 2 threads per core) family 6 model 126 stepping 5 microcode 0xa8, cx8, cmov, fxsr, ht, mmx, 3dnowpref, sse, sse2, sse3, ssse3, sse4.1, sse4.2, popcnt, lzcnt, tsc, tscinvbit, avx, avx2, aes, erms, clmul, bmi1, bmi2, adx, avx512f, avx512dq, avx512cd, avx512bw, avx512vl, sha, fma, vzeroupper, avx512_vpopcntdq, avx512_vpclmulqdq, avx512_vaes, avx512_vnni, clflush, clflushopt, avx512_vbmi2, avx512_vbmi, hv
Processor Information for all 8 processors :
  Max Mhz: 1190, Current Mhz: 991, Mhz Limit: 987

Memory: 4k page, system-wide physical 7932M (505M free)
TotalPageFile size 32508M (AvailPageFile size 205M)
current process WorkingSet (physical memory assigned to process): 225M, peak: 233M
current process commit charge ("private bytes"): 258M, peak: 266M

vm_info: OpenJDK 64-Bit Server VM (17.0.8+7-b1000.22) for windows-amd64 JRE (17.0.8+7-b1000.22), built on 2023-09-02 by "builduser" with MS VC++ 16.10 / 16.11 (VS2019)

END.
