#
# There is insufficient memory for the Java Runtime Environment to continue.
# Native memory allocation (mmap) failed to map 65536 bytes for Failed to commit metaspace.
# Possible reasons:
#   The system is out of physical RAM or swap space
#   The process is running with CompressedOops enabled, and the Java Heap may be blocking the growth of the native heap
# Possible solutions:
#   Reduce memory load on the system
#   Increase physical memory or swap space
#   Check if swap backing store is full
#   Decrease Java heap size (-Xmx/-Xms)
#   Decrease number of Java threads
#   Decrease Java thread stack sizes (-Xss)
#   Set larger code cache with -XX:ReservedCodeCacheSize=
#   JVM is running with Unscaled Compressed Oops mode in which the Java heap is
#     placed in the first 4GB address space. The Java Heap base address is the
#     maximum limit for the native heap growth. Please use -XX:HeapBaseMinAddress
#     to set the Java Heap base and to place the Java Heap above 4GB virtual address.
# This output file may be truncated or incomplete.
#
#  Out of Memory Error (virtualSpaceNode.cpp:110), pid=31408, tid=9980
#
# JRE version: OpenJDK Runtime Environment JBR-17.0.8+7-1000.22-nomod (17.0.8+7) (build 17.0.8+7-b1000.22)
# Java VM: OpenJDK 64-Bit Server VM JBR-17.0.8+7-1000.22-nomod (17.0.8+7-b1000.22, mixed mode, tiered, compressed oops, compressed class ptrs, g1 gc, windows-amd64)
# No core dump will be written. Minidumps are not enabled by default on client versions of Windows
#

---------------  S U M M A R Y ------------

Command Line: --module-path=C:\Users\asmab\.m2\repository\org\openjfx\javafx-base\21.0.2\javafx-base-21.0.2-win.jar;C:\Users\asmab\.m2\repository\org\openjfx\javafx-base\21.0.2\javafx-base-21.0.2.jar;C:\Users\asmab\.m2\repository\org\openjfx\javafx-controls\21.0.2\javafx-controls-21.0.2-win.jar;C:\Users\asmab\.m2\repository\org\openjfx\javafx-controls\21.0.2\javafx-controls-21.0.2.jar;C:\Users\asmab\.m2\repository\org\openjfx\javafx-fxml\21.0.2\javafx-fxml-21.0.2-win.jar;C:\Users\asmab\.m2\repository\org\openjfx\javafx-fxml\21.0.2\javafx-fxml-21.0.2.jar;C:\Users\asmab\.m2\repository\org\openjfx\javafx-graphics\21.0.2\javafx-graphics-21.0.2-win.jar;C:\Users\asmab\.m2\repository\org\openjfx\javafx-graphics\21.0.2\javafx-graphics-21.0.2.jar --add-modules=javafx.base,javafx.controls,javafx.fxml,javafx.graphics tests.MainFx

Host: Intel(R) Core(TM) i5-1035G1 CPU @ 1.00GHz, 8 cores, 7G,  Windows 11 , 64 bit Build 22621 (10.0.22621.3235)
Time: Tue Apr 23 00:31:20 2024 Afr. centrale Ouest elapsed time: 1.068715 seconds (0d 0h 0m 1s)

---------------  T H R E A D  ---------------

Current thread (0x000001518aa82c30):  JavaThread "JavaFX Application Thread" [_thread_in_vm, id=9980, stack(0x000000386ef00000,0x000000386f000000)]

Stack: [0x000000386ef00000,0x000000386f000000]
Native frames: (J=compiled Java code, j=interpreted, Vv=VM code, C=native code)
V  [jvm.dll+0x6852da]
V  [jvm.dll+0x844c84]
V  [jvm.dll+0x84659e]
V  [jvm.dll+0x846c03]
V  [jvm.dll+0x24b7cf]
V  [jvm.dll+0x84003b]
V  [jvm.dll+0x6296c6]
V  [jvm.dll+0x62972a]
V  [jvm.dll+0x62bf4a]
V  [jvm.dll+0x62a066]
V  [jvm.dll+0x23f6bf]
V  [jvm.dll+0x633ef5]
V  [jvm.dll+0x1eeefb]
V  [jvm.dll+0x1ef435]
V  [jvm.dll+0x1efd54]
V  [jvm.dll+0x1e529c]
V  [jvm.dll+0x54b27d]
V  [jvm.dll+0x1f5ccb]
V  [jvm.dll+0x7be1db]
V  [jvm.dll+0x7bf622]
V  [jvm.dll+0x7bf958]
V  [jvm.dll+0x413d09]
V  [jvm.dll+0x3e11d6]
C  [net.dll+0x24df]

Java frames: (J=compiled Java code, j=interpreted, Vv=VM code)
j  java.net.Inet6AddressImpl.lookupAllHostAddr(Ljava/lang/String;)[Ljava/net/InetAddress;+0 java.base@17.0.8
j  java.net.InetAddress$PlatformNameService.lookupAllHostAddr(Ljava/lang/String;)[Ljava/net/InetAddress;+8 java.base@17.0.8
j  java.net.InetAddress.getAddressesFromNameService(Ljava/lang/String;Ljava/net/InetAddress;)[Ljava/net/InetAddress;+8 java.base@17.0.8
j  java.net.InetAddress$NameServiceAddresses.get()[Ljava/net/InetAddress;+40 java.base@17.0.8
j  java.net.InetAddress.getAllByName0(Ljava/lang/String;Ljava/net/InetAddress;ZZ)[Ljava/net/InetAddress;+207 java.base@17.0.8
j  java.net.InetAddress.getAllByName(Ljava/lang/String;Ljava/net/InetAddress;)[Ljava/net/InetAddress;+353 java.base@17.0.8
j  java.net.InetAddress.getAllByName(Ljava/lang/String;)[Ljava/net/InetAddress;+2 java.base@17.0.8
j  com.mysql.cj.protocol.StandardSocketFactory.connect(Ljava/lang/String;ILcom/mysql/cj/conf/PropertySet;I)Ljava/io/Closeable;+104
j  com.mysql.cj.protocol.a.NativeSocketConnection.connect(Ljava/lang/String;ILcom/mysql/cj/conf/PropertySet;Lcom/mysql/cj/exceptions/ExceptionInterceptor;Lcom/mysql/cj/log/Log;I)V+59
j  com.mysql.cj.NativeSession.connect(Lcom/mysql/cj/conf/HostInfo;Ljava/lang/String;Ljava/lang/String;Ljava/lang/String;ILcom/mysql/cj/TransactionEventHandler;)V+49
j  com.mysql.cj.jdbc.ConnectionImpl.connectOneTryOnly(Z)V+32
j  com.mysql.cj.jdbc.ConnectionImpl.createNewIO(Z)V+27
j  com.mysql.cj.jdbc.ConnectionImpl.<init>(Lcom/mysql/cj/conf/HostInfo;)V+753
j  com.mysql.cj.jdbc.ConnectionImpl.getInstance(Lcom/mysql/cj/conf/HostInfo;)Lcom/mysql/cj/jdbc/JdbcConnection;+5
j  com.mysql.cj.jdbc.NonRegisteringDriver.connect(Ljava/lang/String;Ljava/util/Properties;)Ljava/sql/Connection;+72
j  java.sql.DriverManager.getConnection(Ljava/lang/String;Ljava/util/Properties;Ljava/lang/Class;)Ljava/sql/Connection;+131 java.sql@17.0.8
j  java.sql.DriverManager.getConnection(Ljava/lang/String;Ljava/lang/String;Ljava/lang/String;)Ljava/sql/Connection;+37 java.sql@17.0.8
j  utils.MyDatabase.<init>()V+29
j  utils.MyDatabase.getInstance()Lutils/MyDatabase;+10
j  services.ServiceOrganisation.<init>()V+4
j  controllers.afficherOrganisationController.<init>()V+9
v  ~StubRoutines::call_stub
j  jdk.internal.reflect.NativeConstructorAccessorImpl.newInstance0(Ljava/lang/reflect/Constructor;[Ljava/lang/Object;)Ljava/lang/Object;+0 java.base@17.0.8
j  jdk.internal.reflect.NativeConstructorAccessorImpl.newInstance([Ljava/lang/Object;)Ljava/lang/Object;+118 java.base@17.0.8
j  jdk.internal.reflect.DelegatingConstructorAccessorImpl.newInstance([Ljava/lang/Object;)Ljava/lang/Object;+5 java.base@17.0.8
j  java.lang.reflect.Constructor.newInstanceWithCaller([Ljava/lang/Object;ZLjava/lang/Class;)Ljava/lang/Object;+65 java.base@17.0.8
j  java.lang.reflect.Constructor.newInstance([Ljava/lang/Object;)Ljava/lang/Object;+30 java.base@17.0.8
j  javafx.fxml.FXMLLoader$ValueElement.processAttribute(Ljava/lang/String;Ljava/lang/String;Ljava/lang/String;)V+222 javafx.fxml@21.0.2
j  javafx.fxml.FXMLLoader$InstanceDeclarationElement.processAttribute(Ljava/lang/String;Ljava/lang/String;Ljava/lang/String;)V+68 javafx.fxml@21.0.2
j  javafx.fxml.FXMLLoader$Element.processStartElement()V+115 javafx.fxml@21.0.2
j  javafx.fxml.FXMLLoader$ValueElement.processStartElement()V+1 javafx.fxml@21.0.2
j  javafx.fxml.FXMLLoader.processStartElement()V+8 javafx.fxml@21.0.2
j  javafx.fxml.FXMLLoader.loadImpl(Ljava/io/InputStream;Ljava/lang/Class;)Ljava/lang/Object;+207 javafx.fxml@21.0.2
j  javafx.fxml.FXMLLoader.loadImpl(Ljava/lang/Class;)Ljava/lang/Object;+31 javafx.fxml@21.0.2
j  javafx.fxml.FXMLLoader.load()Ljava/lang/Object;+17 javafx.fxml@21.0.2
j  tests.MainFx.start(Ljavafx/stage/Stage;)V+18
j  com.sun.javafx.application.LauncherImpl.lambda$launchApplication1$9(Ljava/util/concurrent/atomic/AtomicBoolean;Ljavafx/application/Application;)V+20 javafx.graphics@21.0.2
j  com.sun.javafx.application.LauncherImpl$$Lambda$104+0x000000010010d800.run()V+8 javafx.graphics@21.0.2
j  com.sun.javafx.application.PlatformImpl.lambda$runAndWait$12(Ljava/lang/Runnable;Ljava/util/concurrent/CountDownLatch;)V+1 javafx.graphics@21.0.2
j  com.sun.javafx.application.PlatformImpl$$Lambda$97+0x000000010010b4a8.run()V+8 javafx.graphics@21.0.2
j  com.sun.javafx.application.PlatformImpl.lambda$runLater$10(Ljava/lang/Runnable;)Ljava/lang/Void;+1 javafx.graphics@21.0.2
j  com.sun.javafx.application.PlatformImpl$$Lambda$99+0x000000010010e8f0.run()Ljava/lang/Object;+4 javafx.graphics@21.0.2
j  java.security.AccessController.executePrivileged(Ljava/security/PrivilegedAction;Ljava/security/AccessControlContext;Ljava/lang/Class;)Ljava/lang/Object;+29 java.base@17.0.8
j  java.security.AccessController.doPrivileged(Ljava/security/PrivilegedAction;Ljava/security/AccessControlContext;)Ljava/lang/Object;+13 java.base@17.0.8
j  com.sun.javafx.application.PlatformImpl.lambda$runLater$11(Ljava/lang/Runnable;Ljava/security/AccessControlContext;)V+7 javafx.graphics@21.0.2
j  com.sun.javafx.application.PlatformImpl$$Lambda$98+0x000000010010bb28.run()V+8 javafx.graphics@21.0.2
j  com.sun.glass.ui.InvokeLaterDispatcher$Future.run()V+4 javafx.graphics@21.0.2
v  ~StubRoutines::call_stub
j  com.sun.glass.ui.win.WinApplication._runLoop(Ljava/lang/Runnable;)V+0 javafx.graphics@21.0.2
j  com.sun.glass.ui.win.WinApplication.lambda$runLoop$3(ILjava/lang/Runnable;)V+8 javafx.graphics@21.0.2
j  com.sun.glass.ui.win.WinApplication$$Lambda$87+0x00000001000ef000.run()V+12 javafx.graphics@21.0.2
j  java.lang.Thread.run()V+11 java.base@17.0.8
v  ~StubRoutines::call_stub

---------------  P R O C E S S  ---------------

Threads class SMR info:
_java_thread_list=0x000001518aba5e90, length=19, elements={
0x00000151eae3a250, 0x00000151fef44cf0, 0x00000151fef476c0, 0x000001518a041d50,
0x000001518a042620, 0x000001518a047000, 0x000001518a0479c0, 0x000001518a0486b0,
0x000001518a049160, 0x000001518a067920, 0x000001518a1e0fc0, 0x000001518a26c700,
0x000001518a4c8070, 0x000001518a5ea0e0, 0x000001518aa7cb80, 0x000001518aa82c30,
0x000001518aad63b0, 0x000001518aab31a0, 0x000001518ab0f290
}

Java Threads: ( => current thread )
  0x00000151eae3a250 JavaThread "main" [_thread_blocked, id=23764, stack(0x000000386d900000,0x000000386da00000)]
  0x00000151fef44cf0 JavaThread "Reference Handler" daemon [_thread_blocked, id=27632, stack(0x000000386e000000,0x000000386e100000)]
  0x00000151fef476c0 JavaThread "Finalizer" daemon [_thread_blocked, id=24728, stack(0x000000386e100000,0x000000386e200000)]
  0x000001518a041d50 JavaThread "Signal Dispatcher" daemon [_thread_blocked, id=30604, stack(0x000000386e200000,0x000000386e300000)]
  0x000001518a042620 JavaThread "Attach Listener" daemon [_thread_blocked, id=31708, stack(0x000000386e300000,0x000000386e400000)]
  0x000001518a047000 JavaThread "Service Thread" daemon [_thread_blocked, id=29520, stack(0x000000386e400000,0x000000386e500000)]
  0x000001518a0479c0 JavaThread "Monitor Deflation Thread" daemon [_thread_blocked, id=26780, stack(0x000000386e500000,0x000000386e600000)]
  0x000001518a0486b0 JavaThread "C2 CompilerThread0" daemon [_thread_blocked, id=12104, stack(0x000000386e600000,0x000000386e700000)]
  0x000001518a049160 JavaThread "C1 CompilerThread0" daemon [_thread_blocked, id=18524, stack(0x000000386e700000,0x000000386e800000)]
  0x000001518a067920 JavaThread "Sweeper thread" daemon [_thread_blocked, id=29956, stack(0x000000386e800000,0x000000386e900000)]
  0x000001518a1e0fc0 JavaThread "Common-Cleaner" daemon [_thread_blocked, id=30448, stack(0x000000386e900000,0x000000386ea00000)]
  0x000001518a26c700 JavaThread "C2 CompilerThread1" daemon [_thread_blocked, id=29164, stack(0x000000386ea00000,0x000000386eb00000)]
  0x000001518a4c8070 JavaThread "Notification Thread" daemon [_thread_blocked, id=480, stack(0x000000386eb00000,0x000000386ec00000)]
  0x000001518a5ea0e0 JavaThread "QuantumRenderer-0" daemon [_thread_blocked, id=11396, stack(0x000000386ed00000,0x000000386ee00000)]
  0x000001518aa7cb80 JavaThread "InvokeLaterDispatcher" daemon [_thread_blocked, id=14220, stack(0x000000386ee00000,0x000000386ef00000)]
=>0x000001518aa82c30 JavaThread "JavaFX Application Thread" [_thread_in_vm, id=9980, stack(0x000000386ef00000,0x000000386f000000)]
  0x000001518aad63b0 JavaThread "JavaFX-Launcher" [_thread_blocked, id=31252, stack(0x000000386f100000,0x000000386f200000)]
  0x000001518aab31a0 JavaThread "Thread-2" daemon [_thread_in_native, id=29312, stack(0x000000386f000000,0x000000386f100000)]
  0x000001518ab0f290 JavaThread "mysql-cj-abandoned-connection-cleanup" daemon [_thread_blocked, id=29964, stack(0x000000386f200000,0x000000386f300000)]

Other Threads:
  0x00000151fef3de10 VMThread "VM Thread" [stack: 0x000000386df00000,0x000000386e000000] [id=16452]
  0x00000151eaeb0e70 WatcherThread [stack: 0x000000386ec00000,0x000000386ed00000] [id=27204]
  0x00000151eae94ca0 GCTaskThread "GC Thread#0" [stack: 0x000000386da00000,0x000000386db00000] [id=25200]
  0x000001518aa90290 GCTaskThread "GC Thread#1" [stack: 0x000000386f300000,0x000000386f400000] [id=15116]
  0x000001518f539130 GCTaskThread "GC Thread#2" [stack: 0x000000386f400000,0x000000386f500000] [id=31472]
  0x000001518f5393f0 GCTaskThread "GC Thread#3" [stack: 0x000000386f500000,0x000000386f600000] [id=13372]
  0x000001518f5396b0 GCTaskThread "GC Thread#4" [stack: 0x000000386f600000,0x000000386f700000] [id=32536]
  0x000001518f539970 GCTaskThread "GC Thread#5" [stack: 0x000000386f700000,0x000000386f800000] [id=13140]
  0x00000151eaea5c00 ConcurrentGCThread "G1 Main Marker" [stack: 0x000000386db00000,0x000000386dc00000] [id=23564]
  0x00000151eaea6610 ConcurrentGCThread "G1 Conc#0" [stack: 0x000000386dc00000,0x000000386dd00000] [id=16368]
  0x00000151fed87150 ConcurrentGCThread "G1 Refine#0" [stack: 0x000000386dd00000,0x000000386de00000] [id=27736]
  0x00000151fed87a90 ConcurrentGCThread "G1 Service" [stack: 0x000000386de00000,0x000000386df00000] [id=24736]

Threads with active compile tasks:

VM state: not at safepoint (normal execution)

VM Mutex/Monitor currently owned by a thread:  ([mutex/lock_event])
[0x00000151eae33460] Metaspace_lock - owner thread: 0x000001518aa82c30

Heap address: 0x0000000084000000, size: 1984 MB, Compressed Oops mode: 32-bit

CDS archive(s) not mapped
Compressed class space mapped at: 0x0000000100000000-0x0000000140000000, reserved size: 1073741824
Narrow klass base: 0x0000000000000000, Narrow klass shift: 3, Narrow klass range: 0x140000000

GC Precious Log:
 CPUs: 8 total, 8 available
 Memory: 7932M
 Large Page Support: Disabled
 NUMA Support: Disabled
 Compressed Oops: Enabled (32-bit)
 Heap Region Size: 1M
 Heap Min Capacity: 8M
 Heap Initial Capacity: 124M
 Heap Max Capacity: 1984M
 Pre-touch: Disabled
 Parallel Workers: 8
 Concurrent Workers: 2
 Concurrent Refinement Workers: 8
 Periodic GC: Disabled

Heap:
 garbage-first heap   total 126976K, used 6165K [0x0000000084000000, 0x0000000100000000)
  region size 1024K, 7 young (7168K), 3 survivors (3072K)
 Metaspace       used 15092K, committed 15296K, reserved 1114112K
  class space    used 1554K, committed 1664K, reserved 1048576K

Heap Regions: E=young(eden), S=young(survivor), O=old, HS=humongous(starts), HC=humongous(continues), CS=collection set, F=free, OA=open archive, CA=closed archive, TAMS=top-at-mark-start (previous, next)
|   0|0x0000000084000000, 0x0000000084005600, 0x0000000084100000|  2%| O|  |TAMS 0x0000000084000000, 0x0000000084000000| Untracked 
|   1|0x0000000084100000, 0x0000000084100000, 0x0000000084200000|  0%| F|  |TAMS 0x0000000084100000, 0x0000000084100000| Untracked 
|   2|0x0000000084200000, 0x0000000084200000, 0x0000000084300000|  0%| F|  |TAMS 0x0000000084200000, 0x0000000084200000| Untracked 
|   3|0x0000000084300000, 0x0000000084300000, 0x0000000084400000|  0%| F|  |TAMS 0x0000000084300000, 0x0000000084300000| Untracked 
|   4|0x0000000084400000, 0x0000000084400000, 0x0000000084500000|  0%| F|  |TAMS 0x0000000084400000, 0x0000000084400000| Untracked 
|   5|0x0000000084500000, 0x0000000084500000, 0x0000000084600000|  0%| F|  |TAMS 0x0000000084500000, 0x0000000084500000| Untracked 
|   6|0x0000000084600000, 0x0000000084600000, 0x0000000084700000|  0%| F|  |TAMS 0x0000000084600000, 0x0000000084600000| Untracked 
|   7|0x0000000084700000, 0x0000000084700000, 0x0000000084800000|  0%| F|  |TAMS 0x0000000084700000, 0x0000000084700000| Untracked 
|   8|0x0000000084800000, 0x0000000084800000, 0x0000000084900000|  0%| F|  |TAMS 0x0000000084800000, 0x0000000084800000| Untracked 
|   9|0x0000000084900000, 0x0000000084900000, 0x0000000084a00000|  0%| F|  |TAMS 0x0000000084900000, 0x0000000084900000| Untracked 
|  10|0x0000000084a00000, 0x0000000084a00000, 0x0000000084b00000|  0%| F|  |TAMS 0x0000000084a00000, 0x0000000084a00000| Untracked 
|  11|0x0000000084b00000, 0x0000000084b00000, 0x0000000084c00000|  0%| F|  |TAMS 0x0000000084b00000, 0x0000000084b00000| Untracked 
|  12|0x0000000084c00000, 0x0000000084c00000, 0x0000000084d00000|  0%| F|  |TAMS 0x0000000084c00000, 0x0000000084c00000| Untracked 
|  13|0x0000000084d00000, 0x0000000084d00000, 0x0000000084e00000|  0%| F|  |TAMS 0x0000000084d00000, 0x0000000084d00000| Untracked 
|  14|0x0000000084e00000, 0x0000000084e00000, 0x0000000084f00000|  0%| F|  |TAMS 0x0000000084e00000, 0x0000000084e00000| Untracked 
|  15|0x0000000084f00000, 0x0000000084f00000, 0x0000000085000000|  0%| F|  |TAMS 0x0000000084f00000, 0x0000000084f00000| Untracked 
|  16|0x0000000085000000, 0x0000000085000000, 0x0000000085100000|  0%| F|  |TAMS 0x0000000085000000, 0x0000000085000000| Untracked 
|  17|0x0000000085100000, 0x0000000085100000, 0x0000000085200000|  0%| F|  |TAMS 0x0000000085100000, 0x0000000085100000| Untracked 
|  18|0x0000000085200000, 0x0000000085200000, 0x0000000085300000|  0%| F|  |TAMS 0x0000000085200000, 0x0000000085200000| Untracked 
|  19|0x0000000085300000, 0x0000000085300000, 0x0000000085400000|  0%| F|  |TAMS 0x0000000085300000, 0x0000000085300000| Untracked 
|  20|0x0000000085400000, 0x0000000085400000, 0x0000000085500000|  0%| F|  |TAMS 0x0000000085400000, 0x0000000085400000| Untracked 
|  21|0x0000000085500000, 0x0000000085500000, 0x0000000085600000|  0%| F|  |TAMS 0x0000000085500000, 0x0000000085500000| Untracked 
|  22|0x0000000085600000, 0x0000000085600000, 0x0000000085700000|  0%| F|  |TAMS 0x0000000085600000, 0x0000000085600000| Untracked 
|  23|0x0000000085700000, 0x0000000085700000, 0x0000000085800000|  0%| F|  |TAMS 0x0000000085700000, 0x0000000085700000| Untracked 
|  24|0x0000000085800000, 0x0000000085800000, 0x0000000085900000|  0%| F|  |TAMS 0x0000000085800000, 0x0000000085800000| Untracked 
|  25|0x0000000085900000, 0x0000000085900000, 0x0000000085a00000|  0%| F|  |TAMS 0x0000000085900000, 0x0000000085900000| Untracked 
|  26|0x0000000085a00000, 0x0000000085a00000, 0x0000000085b00000|  0%| F|  |TAMS 0x0000000085a00000, 0x0000000085a00000| Untracked 
|  27|0x0000000085b00000, 0x0000000085b00000, 0x0000000085c00000|  0%| F|  |TAMS 0x0000000085b00000, 0x0000000085b00000| Untracked 
|  28|0x0000000085c00000, 0x0000000085c00000, 0x0000000085d00000|  0%| F|  |TAMS 0x0000000085c00000, 0x0000000085c00000| Untracked 
|  29|0x0000000085d00000, 0x0000000085d00000, 0x0000000085e00000|  0%| F|  |TAMS 0x0000000085d00000, 0x0000000085d00000| Untracked 
|  30|0x0000000085e00000, 0x0000000085e00000, 0x0000000085f00000|  0%| F|  |TAMS 0x0000000085e00000, 0x0000000085e00000| Untracked 
|  31|0x0000000085f00000, 0x0000000085f00000, 0x0000000086000000|  0%| F|  |TAMS 0x0000000085f00000, 0x0000000085f00000| Untracked 
|  32|0x0000000086000000, 0x0000000086000000, 0x0000000086100000|  0%| F|  |TAMS 0x0000000086000000, 0x0000000086000000| Untracked 
|  33|0x0000000086100000, 0x0000000086100000, 0x0000000086200000|  0%| F|  |TAMS 0x0000000086100000, 0x0000000086100000| Untracked 
|  34|0x0000000086200000, 0x0000000086200000, 0x0000000086300000|  0%| F|  |TAMS 0x0000000086200000, 0x0000000086200000| Untracked 
|  35|0x0000000086300000, 0x0000000086300000, 0x0000000086400000|  0%| F|  |TAMS 0x0000000086300000, 0x0000000086300000| Untracked 
|  36|0x0000000086400000, 0x0000000086400000, 0x0000000086500000|  0%| F|  |TAMS 0x0000000086400000, 0x0000000086400000| Untracked 
|  37|0x0000000086500000, 0x0000000086500000, 0x0000000086600000|  0%| F|  |TAMS 0x0000000086500000, 0x0000000086500000| Untracked 
|  38|0x0000000086600000, 0x0000000086600000, 0x0000000086700000|  0%| F|  |TAMS 0x0000000086600000, 0x0000000086600000| Untracked 
|  39|0x0000000086700000, 0x0000000086700000, 0x0000000086800000|  0%| F|  |TAMS 0x0000000086700000, 0x0000000086700000| Untracked 
|  40|0x0000000086800000, 0x0000000086800000, 0x0000000086900000|  0%| F|  |TAMS 0x0000000086800000, 0x0000000086800000| Untracked 
|  41|0x0000000086900000, 0x0000000086900000, 0x0000000086a00000|  0%| F|  |TAMS 0x0000000086900000, 0x0000000086900000| Untracked 
|  42|0x0000000086a00000, 0x0000000086a00000, 0x0000000086b00000|  0%| F|  |TAMS 0x0000000086a00000, 0x0000000086a00000| Untracked 
|  43|0x0000000086b00000, 0x0000000086b00000, 0x0000000086c00000|  0%| F|  |TAMS 0x0000000086b00000, 0x0000000086b00000| Untracked 
|  44|0x0000000086c00000, 0x0000000086c00000, 0x0000000086d00000|  0%| F|  |TAMS 0x0000000086c00000, 0x0000000086c00000| Untracked 
|  45|0x0000000086d00000, 0x0000000086d00000, 0x0000000086e00000|  0%| F|  |TAMS 0x0000000086d00000, 0x0000000086d00000| Untracked 
|  46|0x0000000086e00000, 0x0000000086e00000, 0x0000000086f00000|  0%| F|  |TAMS 0x0000000086e00000, 0x0000000086e00000| Untracked 
|  47|0x0000000086f00000, 0x0000000086f00000, 0x0000000087000000|  0%| F|  |TAMS 0x0000000086f00000, 0x0000000086f00000| Untracked 
|  48|0x0000000087000000, 0x0000000087000000, 0x0000000087100000|  0%| F|  |TAMS 0x0000000087000000, 0x0000000087000000| Untracked 
|  49|0x0000000087100000, 0x0000000087100000, 0x0000000087200000|  0%| F|  |TAMS 0x0000000087100000, 0x0000000087100000| Untracked 
|  50|0x0000000087200000, 0x0000000087200000, 0x0000000087300000|  0%| F|  |TAMS 0x0000000087200000, 0x0000000087200000| Untracked 
|  51|0x0000000087300000, 0x0000000087300000, 0x0000000087400000|  0%| F|  |TAMS 0x0000000087300000, 0x0000000087300000| Untracked 
|  52|0x0000000087400000, 0x0000000087400000, 0x0000000087500000|  0%| F|  |TAMS 0x0000000087400000, 0x0000000087400000| Untracked 
|  53|0x0000000087500000, 0x0000000087500000, 0x0000000087600000|  0%| F|  |TAMS 0x0000000087500000, 0x0000000087500000| Untracked 
|  54|0x0000000087600000, 0x0000000087600000, 0x0000000087700000|  0%| F|  |TAMS 0x0000000087600000, 0x0000000087600000| Untracked 
|  55|0x0000000087700000, 0x0000000087700000, 0x0000000087800000|  0%| F|  |TAMS 0x0000000087700000, 0x0000000087700000| Untracked 
|  56|0x0000000087800000, 0x0000000087800000, 0x0000000087900000|  0%| F|  |TAMS 0x0000000087800000, 0x0000000087800000| Untracked 
|  57|0x0000000087900000, 0x0000000087900000, 0x0000000087a00000|  0%| F|  |TAMS 0x0000000087900000, 0x0000000087900000| Untracked 
|  58|0x0000000087a00000, 0x0000000087a00000, 0x0000000087b00000|  0%| F|  |TAMS 0x0000000087a00000, 0x0000000087a00000| Untracked 
|  59|0x0000000087b00000, 0x0000000087b00000, 0x0000000087c00000|  0%| F|  |TAMS 0x0000000087b00000, 0x0000000087b00000| Untracked 
|  60|0x0000000087c00000, 0x0000000087c00000, 0x0000000087d00000|  0%| F|  |TAMS 0x0000000087c00000, 0x0000000087c00000| Untracked 
|  61|0x0000000087d00000, 0x0000000087d00000, 0x0000000087e00000|  0%| F|  |TAMS 0x0000000087d00000, 0x0000000087d00000| Untracked 
|  62|0x0000000087e00000, 0x0000000087e00000, 0x0000000087f00000|  0%| F|  |TAMS 0x0000000087e00000, 0x0000000087e00000| Untracked 
|  63|0x0000000087f00000, 0x0000000087f00000, 0x0000000088000000|  0%| F|  |TAMS 0x0000000087f00000, 0x0000000087f00000| Untracked 
|  64|0x0000000088000000, 0x0000000088000000, 0x0000000088100000|  0%| F|  |TAMS 0x0000000088000000, 0x0000000088000000| Untracked 
|  65|0x0000000088100000, 0x0000000088100000, 0x0000000088200000|  0%| F|  |TAMS 0x0000000088100000, 0x0000000088100000| Untracked 
|  66|0x0000000088200000, 0x0000000088200000, 0x0000000088300000|  0%| F|  |TAMS 0x0000000088200000, 0x0000000088200000| Untracked 
|  67|0x0000000088300000, 0x0000000088300000, 0x0000000088400000|  0%| F|  |TAMS 0x0000000088300000, 0x0000000088300000| Untracked 
|  68|0x0000000088400000, 0x0000000088400000, 0x0000000088500000|  0%| F|  |TAMS 0x0000000088400000, 0x0000000088400000| Untracked 
|  69|0x0000000088500000, 0x0000000088500000, 0x0000000088600000|  0%| F|  |TAMS 0x0000000088500000, 0x0000000088500000| Untracked 
|  70|0x0000000088600000, 0x0000000088600000, 0x0000000088700000|  0%| F|  |TAMS 0x0000000088600000, 0x0000000088600000| Untracked 
|  71|0x0000000088700000, 0x0000000088700000, 0x0000000088800000|  0%| F|  |TAMS 0x0000000088700000, 0x0000000088700000| Untracked 
|  72|0x0000000088800000, 0x0000000088800000, 0x0000000088900000|  0%| F|  |TAMS 0x0000000088800000, 0x0000000088800000| Untracked 
|  73|0x0000000088900000, 0x0000000088900000, 0x0000000088a00000|  0%| F|  |TAMS 0x0000000088900000, 0x0000000088900000| Untracked 
|  74|0x0000000088a00000, 0x0000000088a00000, 0x0000000088b00000|  0%| F|  |TAMS 0x0000000088a00000, 0x0000000088a00000| Untracked 
|  75|0x0000000088b00000, 0x0000000088b00000, 0x0000000088c00000|  0%| F|  |TAMS 0x0000000088b00000, 0x0000000088b00000| Untracked 
|  76|0x0000000088c00000, 0x0000000088c00000, 0x0000000088d00000|  0%| F|  |TAMS 0x0000000088c00000, 0x0000000088c00000| Untracked 
|  77|0x0000000088d00000, 0x0000000088d00000, 0x0000000088e00000|  0%| F|  |TAMS 0x0000000088d00000, 0x0000000088d00000| Untracked 
|  78|0x0000000088e00000, 0x0000000088e00000, 0x0000000088f00000|  0%| F|  |TAMS 0x0000000088e00000, 0x0000000088e00000| Untracked 
|  79|0x0000000088f00000, 0x0000000088f00000, 0x0000000089000000|  0%| F|  |TAMS 0x0000000088f00000, 0x0000000088f00000| Untracked 
|  80|0x0000000089000000, 0x0000000089000000, 0x0000000089100000|  0%| F|  |TAMS 0x0000000089000000, 0x0000000089000000| Untracked 
|  81|0x0000000089100000, 0x0000000089100000, 0x0000000089200000|  0%| F|  |TAMS 0x0000000089100000, 0x0000000089100000| Untracked 
|  82|0x0000000089200000, 0x0000000089200000, 0x0000000089300000|  0%| F|  |TAMS 0x0000000089200000, 0x0000000089200000| Untracked 
|  83|0x0000000089300000, 0x0000000089300000, 0x0000000089400000|  0%| F|  |TAMS 0x0000000089300000, 0x0000000089300000| Untracked 
|  84|0x0000000089400000, 0x0000000089400000, 0x0000000089500000|  0%| F|  |TAMS 0x0000000089400000, 0x0000000089400000| Untracked 
|  85|0x0000000089500000, 0x0000000089500000, 0x0000000089600000|  0%| F|  |TAMS 0x0000000089500000, 0x0000000089500000| Untracked 
|  86|0x0000000089600000, 0x0000000089600000, 0x0000000089700000|  0%| F|  |TAMS 0x0000000089600000, 0x0000000089600000| Untracked 
|  87|0x0000000089700000, 0x0000000089700000, 0x0000000089800000|  0%| F|  |TAMS 0x0000000089700000, 0x0000000089700000| Untracked 
|  88|0x0000000089800000, 0x0000000089800000, 0x0000000089900000|  0%| F|  |TAMS 0x0000000089800000, 0x0000000089800000| Untracked 
|  89|0x0000000089900000, 0x0000000089900000, 0x0000000089a00000|  0%| F|  |TAMS 0x0000000089900000, 0x0000000089900000| Untracked 
|  90|0x0000000089a00000, 0x0000000089a00000, 0x0000000089b00000|  0%| F|  |TAMS 0x0000000089a00000, 0x0000000089a00000| Untracked 
|  91|0x0000000089b00000, 0x0000000089b00000, 0x0000000089c00000|  0%| F|  |TAMS 0x0000000089b00000, 0x0000000089b00000| Untracked 
|  92|0x0000000089c00000, 0x0000000089c00000, 0x0000000089d00000|  0%| F|  |TAMS 0x0000000089c00000, 0x0000000089c00000| Untracked 
|  93|0x0000000089d00000, 0x0000000089d00000, 0x0000000089e00000|  0%| F|  |TAMS 0x0000000089d00000, 0x0000000089d00000| Untracked 
|  94|0x0000000089e00000, 0x0000000089e00000, 0x0000000089f00000|  0%| F|  |TAMS 0x0000000089e00000, 0x0000000089e00000| Untracked 
|  95|0x0000000089f00000, 0x0000000089f00000, 0x000000008a000000|  0%| F|  |TAMS 0x0000000089f00000, 0x0000000089f00000| Untracked 
|  96|0x000000008a000000, 0x000000008a000000, 0x000000008a100000|  0%| F|  |TAMS 0x000000008a000000, 0x000000008a000000| Untracked 
|  97|0x000000008a100000, 0x000000008a100000, 0x000000008a200000|  0%| F|  |TAMS 0x000000008a100000, 0x000000008a100000| Untracked 
|  98|0x000000008a200000, 0x000000008a300000, 0x000000008a300000|100%| S|CS|TAMS 0x000000008a200000, 0x000000008a200000| Complete 
|  99|0x000000008a300000, 0x000000008a400000, 0x000000008a400000|100%| S|CS|TAMS 0x000000008a300000, 0x000000008a300000| Complete 
| 100|0x000000008a400000, 0x000000008a500000, 0x000000008a500000|100%| S|CS|TAMS 0x000000008a400000, 0x000000008a400000| Complete 
| 101|0x000000008a500000, 0x000000008a500000, 0x000000008a600000|  0%| F|  |TAMS 0x000000008a500000, 0x000000008a500000| Untracked 
| 102|0x000000008a600000, 0x000000008a600000, 0x000000008a700000|  0%| F|  |TAMS 0x000000008a600000, 0x000000008a600000| Untracked 
| 103|0x000000008a700000, 0x000000008a700000, 0x000000008a800000|  0%| F|  |TAMS 0x000000008a700000, 0x000000008a700000| Untracked 
| 104|0x000000008a800000, 0x000000008a800000, 0x000000008a900000|  0%| F|  |TAMS 0x000000008a800000, 0x000000008a800000| Untracked 
| 105|0x000000008a900000, 0x000000008a900000, 0x000000008aa00000|  0%| F|  |TAMS 0x000000008a900000, 0x000000008a900000| Untracked 
| 106|0x000000008aa00000, 0x000000008aa00000, 0x000000008ab00000|  0%| F|  |TAMS 0x000000008aa00000, 0x000000008aa00000| Untracked 
| 107|0x000000008ab00000, 0x000000008ab00000, 0x000000008ac00000|  0%| F|  |TAMS 0x000000008ab00000, 0x000000008ab00000| Untracked 
| 108|0x000000008ac00000, 0x000000008ac00000, 0x000000008ad00000|  0%| F|  |TAMS 0x000000008ac00000, 0x000000008ac00000| Untracked 
| 109|0x000000008ad00000, 0x000000008ad00000, 0x000000008ae00000|  0%| F|  |TAMS 0x000000008ad00000, 0x000000008ad00000| Untracked 
| 110|0x000000008ae00000, 0x000000008ae00000, 0x000000008af00000|  0%| F|  |TAMS 0x000000008ae00000, 0x000000008ae00000| Untracked 
| 111|0x000000008af00000, 0x000000008af00000, 0x000000008b000000|  0%| F|  |TAMS 0x000000008af00000, 0x000000008af00000| Untracked 
| 112|0x000000008b000000, 0x000000008b000000, 0x000000008b100000|  0%| F|  |TAMS 0x000000008b000000, 0x000000008b000000| Untracked 
| 113|0x000000008b100000, 0x000000008b100000, 0x000000008b200000|  0%| F|  |TAMS 0x000000008b100000, 0x000000008b100000| Untracked 
| 114|0x000000008b200000, 0x000000008b200000, 0x000000008b300000|  0%| F|  |TAMS 0x000000008b200000, 0x000000008b200000| Untracked 
| 115|0x000000008b300000, 0x000000008b300000, 0x000000008b400000|  0%| F|  |TAMS 0x000000008b300000, 0x000000008b300000| Untracked 
| 116|0x000000008b400000, 0x000000008b400000, 0x000000008b500000|  0%| F|  |TAMS 0x000000008b400000, 0x000000008b400000| Untracked 
| 117|0x000000008b500000, 0x000000008b500000, 0x000000008b600000|  0%| F|  |TAMS 0x000000008b500000, 0x000000008b500000| Untracked 
| 118|0x000000008b600000, 0x000000008b600000, 0x000000008b700000|  0%| F|  |TAMS 0x000000008b600000, 0x000000008b600000| Untracked 
| 119|0x000000008b700000, 0x000000008b700000, 0x000000008b800000|  0%| F|  |TAMS 0x000000008b700000, 0x000000008b700000| Untracked 
| 120|0x000000008b800000, 0x000000008b8e17a0, 0x000000008b900000| 88%| E|  |TAMS 0x000000008b800000, 0x000000008b800000| Complete 
| 121|0x000000008b900000, 0x000000008ba00000, 0x000000008ba00000|100%| E|CS|TAMS 0x000000008b900000, 0x000000008b900000| Complete 
| 122|0x000000008ba00000, 0x000000008bb00000, 0x000000008bb00000|100%| E|CS|TAMS 0x000000008ba00000, 0x000000008ba00000| Complete 
| 123|0x000000008bb00000, 0x000000008bc00000, 0x000000008bc00000|100%| E|CS|TAMS 0x000000008bb00000, 0x000000008bb00000| Complete 

Card table byte_map: [0x00000151fdd10000,0x00000151fe0f0000] _byte_map_base: 0x00000151fd8f0000

Marking Bits (Prev, Next): (CMBitMap*) 0x00000151eae952c0, (CMBitMap*) 0x00000151eae95300
 Prev Bits: [0x0000015180000000, 0x0000015181f00000)
 Next Bits: [0x0000015181f00000, 0x0000015183e00000)

Polling page: 0x00000151e8de0000

Metaspace:

Usage:
  Non-class:     13.22 MB used.
      Class:      1.52 MB used.
       Both:     14.74 MB used.

Virtual space:
  Non-class space:       64.00 MB reserved,      13.31 MB ( 21%) committed,  1 nodes.
      Class space:        1.00 GB reserved,       1.62 MB ( <1%) committed,  1 nodes.
             Both:        1.06 GB reserved,      14.94 MB (  1%) committed. 

Chunk freelists:
   Non-Class:  1.92 MB
       Class:  14.36 MB
        Both:  16.28 MB

MaxMetaspaceSize: unlimited
CompressedClassSpaceSize: 1.00 GB
Initial GC threshold: 21.00 MB
Current GC threshold: 21.00 MB
CDS: off
MetaspaceReclaimPolicy: balanced
 - commit_granule_bytes: 65536.
 - commit_granule_words: 8192.
 - virtual_space_node_default_size: 8388608.
 - enlarge_chunks_in_place: 1.
 - new_chunks_are_fully_committed: 0.
 - uncommit_free_chunks: 1.
 - use_allocation_guard: 0.
 - handle_deallocations: 1.


Internal statistics:

num_allocs_failed_limit: 0.
num_arena_births: 104.
num_arena_deaths: 0.
num_vsnodes_births: 2.
num_vsnodes_deaths: 0.
num_space_committed: 239.
num_space_uncommitted: 0.
num_chunks_returned_to_freelist: 0.
num_chunks_taken_from_freelist: 327.
num_chunk_merges: 0.
num_chunk_splits: 213.
num_chunks_enlarged: 150.
num_inconsistent_stats: 0.

CodeHeap 'non-profiled nmethods': size=120000Kb used=401Kb max_used=401Kb free=119598Kb
 bounds [0x00000151f60d0000, 0x00000151f6340000, 0x00000151fd600000]
CodeHeap 'profiled nmethods': size=120000Kb used=1847Kb max_used=1847Kb free=118152Kb
 bounds [0x00000151ee600000, 0x00000151ee870000, 0x00000151f5b30000]
CodeHeap 'non-nmethods': size=5760Kb used=1210Kb max_used=1223Kb free=4549Kb
 bounds [0x00000151f5b30000, 0x00000151f5da0000, 0x00000151f60d0000]
 total_blobs=1629 nmethods=1126 adapters=416
 compilation: enabled
              stopped_count=0, restarted_count=0
 full_count=0

Compilation events (20 events):
Event: 1.055 Thread 0x000001518a049160 1121   !   3       java.net.URL::<init> (543 bytes)
Event: 1.059 Thread 0x000001518a049160 nmethod 1121 0x00000151ee7c1090 code [0x00000151ee7c1720, 0x00000151ee7c50a8]
Event: 1.059 Thread 0x000001518a049160 1119  s!   3       jdk.internal.loader.URLClassPath::getLoader (194 bytes)
Event: 1.060 Thread 0x000001518a0486b0 1125 %     4       java.lang.StringLatin1::indexOf @ 30 (121 bytes)
Event: 1.060 Thread 0x000001518a049160 nmethod 1119 0x00000151ee7c7190 code [0x00000151ee7c7480, 0x00000151ee7c8768]
Event: 1.060 Thread 0x000001518a049160 1120       3       sun.net.util.IPAddressUtil::scan (92 bytes)
Event: 1.060 Thread 0x000001518a049160 nmethod 1120 0x00000151ee7c8f10 code [0x00000151ee7c9180, 0x00000151ee7c9cb8]
Event: 1.060 Thread 0x000001518a049160 1118   !   3       java.net.URL::set (114 bytes)
Event: 1.061 Thread 0x000001518a049160 nmethod 1118 0x00000151ee7ca210 code [0x00000151ee7ca460, 0x00000151ee7caf18]
Event: 1.061 Thread 0x000001518a049160 1123       3       java.lang.ClassLoader::checkCerts (121 bytes)
Event: 1.061 Thread 0x000001518a049160 nmethod 1123 0x00000151ee7cb290 code [0x00000151ee7cb580, 0x00000151ee7cc3c8]
Event: 1.061 Thread 0x000001518a049160 1122   !   3       java.lang.ClassLoader::addClass (27 bytes)
Event: 1.062 Thread 0x000001518a049160 nmethod 1122 0x00000151ee7cc910 code [0x00000151ee7ccae0, 0x00000151ee7cd088]
Event: 1.062 Thread 0x000001518a049160 1124       3       java.lang.ClassLoader::getNamedPackage (73 bytes)
Event: 1.062 Thread 0x000001518a049160 nmethod 1124 0x00000151ee7cd390 code [0x00000151ee7cd580, 0x00000151ee7cdaa8]
Event: 1.062 Thread 0x000001518a049160 1117       1       java.util.zip.ZipEntry::getSize (5 bytes)
Event: 1.062 Thread 0x000001518a049160 nmethod 1117 0x00000151f6133910 code [0x00000151f6133aa0, 0x00000151f6133b78]
Event: 1.062 Thread 0x000001518a049160 1126       1       java.util.jar.Manifest::getMainAttributes (5 bytes)
Event: 1.062 Thread 0x000001518a049160 nmethod 1126 0x00000151f6133c10 code [0x00000151f6133da0, 0x00000151f6133e78]
Event: 1.064 Thread 0x000001518a0486b0 nmethod 1125% 0x00000151f6133f10 code [0x00000151f61340a0, 0x00000151f6134438]

GC Heap History (2 events):
Event: 0.994 GC heap before
{Heap before GC invocations=0 (full 0):
 garbage-first heap   total 126976K, used 22528K [0x0000000084000000, 0x0000000100000000)
  region size 1024K, 23 young (23552K), 0 survivors (0K)
 Metaspace       used 13611K, committed 13824K, reserved 1114112K
  class space    used 1417K, committed 1536K, reserved 1048576K
}
Event: 0.999 GC heap after
{Heap after GC invocations=1 (full 0):
 garbage-first heap   total 126976K, used 3093K [0x0000000084000000, 0x0000000100000000)
  region size 1024K, 3 young (3072K), 3 survivors (3072K)
 Metaspace       used 13611K, committed 13824K, reserved 1114112K
  class space    used 1417K, committed 1536K, reserved 1048576K
}

Dll operation events (2 events):
Event: 0.010 Loaded shared library C:\Users\asmab\.jdks\jbr-17.0.8\bin\java.dll
Event: 0.049 Loaded shared library C:\Users\asmab\.jdks\jbr-17.0.8\bin\jsvml.dll

Deoptimization events (20 events):
Event: 0.653 Thread 0x00000151eae3a250 DEOPT PACKING pc=0x00000151f610ee2c sp=0x000000386d9fe450
Event: 0.653 Thread 0x00000151eae3a250 DEOPT UNPACKING pc=0x00000151f5b8a1a3 sp=0x000000386d9fe3d8 mode 2
Event: 0.768 Thread 0x000001518aa82c30 Uncommon trap: trap_request=0xffffff45 fr.pc=0x00000151f6106d18 relative=0x0000000000000258
Event: 0.768 Thread 0x000001518aa82c30 Uncommon trap: reason=unstable_if action=reinterpret pc=0x00000151f6106d18 method=java.lang.invoke.VarHandle.checkExactAccessMode(Ljava/lang/invoke/VarHandle$AccessDescriptor;)V @ 4 c2
Event: 0.768 Thread 0x000001518aa82c30 DEOPT PACKING pc=0x00000151f6106d18 sp=0x000000386effe930
Event: 0.768 Thread 0x000001518aa82c30 DEOPT UNPACKING pc=0x00000151f5b8a1a3 sp=0x000000386effe8a0 mode 2
Event: 0.876 Thread 0x000001518aa82c30 Uncommon trap: trap_request=0xffffff45 fr.pc=0x00000151f60f4f84 relative=0x0000000000000644
Event: 0.876 Thread 0x000001518aa82c30 Uncommon trap: reason=unstable_if action=reinterpret pc=0x00000151f60f4f84 method=java.util.zip.ZipFile$Source.checkAndAddEntry(II)I @ 128 c2
Event: 0.876 Thread 0x000001518aa82c30 DEOPT PACKING pc=0x00000151f60f4f84 sp=0x000000386effc2a0
Event: 0.876 Thread 0x000001518aa82c30 DEOPT UNPACKING pc=0x00000151f5b8a1a3 sp=0x000000386effc210 mode 2
Event: 0.877 Thread 0x000001518aa82c30 Uncommon trap: trap_request=0xffffff45 fr.pc=0x00000151f61173d0 relative=0x0000000000000df0
Event: 0.877 Thread 0x000001518aa82c30 Uncommon trap: reason=unstable_if action=reinterpret pc=0x00000151f61173d0 method=java.util.zip.ZipFile.getZipEntry(Ljava/lang/String;I)Ljava/util/zip/ZipEntry; @ 224 c2
Event: 0.877 Thread 0x000001518aa82c30 DEOPT PACKING pc=0x00000151f61173d0 sp=0x000000386effc3c0
Event: 0.877 Thread 0x000001518aa82c30 DEOPT UNPACKING pc=0x00000151f5b8a1a3 sp=0x000000386effc398 mode 2
Event: 0.964 Thread 0x000001518aa82c30 Uncommon trap: trap_request=0xffffff45 fr.pc=0x00000151f60e0118 relative=0x00000000000000f8
Event: 0.964 Thread 0x000001518aa82c30 Uncommon trap: reason=unstable_if action=reinterpret pc=0x00000151f60e0118 method=java.lang.StringLatin1.lastIndexOf([BI[BII)I @ 86 c2
Event: 0.964 Thread 0x000001518aa82c30 DEOPT PACKING pc=0x00000151f60e0118 sp=0x000000386effa7a0
Event: 0.964 Thread 0x000001518aa82c30 DEOPT UNPACKING pc=0x00000151f5b8a1a3 sp=0x000000386effa6f8 mode 2
Event: 1.019 Thread 0x000001518aa82c30 DEOPT PACKING pc=0x00000151ee6e2a3e sp=0x000000386eff9ea0
Event: 1.019 Thread 0x000001518aa82c30 DEOPT UNPACKING pc=0x00000151f5b8ace3 sp=0x000000386eff9318 mode 0

Classes unloaded (0 events):
No events

Classes redefined (0 events):
No events

Internal exceptions (13 events):
Event: 0.405 Thread 0x00000151eae3a250 Exception <a 'java/lang/NoSuchMethodError'{0x000000008b5de758}: 'java.lang.Object java.lang.invoke.DirectMethodHandle$Holder.invokeStaticInit(java.lang.Object)'> (0x000000008b5de758) 
thrown [s\src\hotspot\share\interpreter\linkResolver.cpp, line 771]
Event: 0.412 Thread 0x00000151eae3a250 Exception <a 'java/lang/NoSuchMethodError'{0x000000008b5e6368}: 'void java.lang.invoke.DirectMethodHandle$Holder.invokeStatic(java.lang.Object, java.lang.Object)'> (0x000000008b5e6368) 
thrown [s\src\hotspot\share\interpreter\linkResolver.cpp, line 771]
Event: 0.688 Thread 0x00000151eae3a250 Exception <a 'java/lang/NoSuchMethodError'{0x000000008afda7e8}: 'void java.lang.invoke.DirectMethodHandle$Holder.invokeSpecial(java.lang.Object, java.lang.Object, java.lang.Object)'> (0x000000008afda7e8) 
thrown [s\src\hotspot\share\interpreter\linkResolver.cpp, line 771]
Event: 0.696 Thread 0x00000151eae3a250 Exception <a 'java/lang/NoSuchMethodError'{0x000000008ae14b58}: 'void java.lang.invoke.DirectMethodHandle$Holder.invokeStatic(java.lang.Object, java.lang.Object, java.lang.Object)'> (0x000000008ae14b58) 
thrown [s\src\hotspot\share\interpreter\linkResolver.cpp, line 771]
Event: 0.731 Thread 0x00000151eae3a250 Exception <a 'java/lang/NoSuchMethodError'{0x000000008ae31748}: 'int java.lang.invoke.DirectMethodHandle$Holder.invokeStaticInit(java.lang.Object, java.lang.Object, java.lang.Object)'> (0x000000008ae31748) 
thrown [s\src\hotspot\share\interpreter\linkResolver.cpp, line 771]
Event: 0.755 Thread 0x00000151eae3a250 Exception <a 'java/lang/NoSuchMethodError'{0x000000008ad64668}: 'java.lang.Object java.lang.invoke.DirectMethodHandle$Holder.newInvokeSpecial(java.lang.Object, java.lang.Object, int, java.lang.Object)'> (0x000000008ad64668) 
thrown [s\src\hotspot\share\interpreter\linkResolver.cpp, line 771]
Event: 0.755 Thread 0x00000151eae3a250 Exception <a 'java/lang/NoSuchMethodError'{0x000000008ad68a48}: 'java.lang.Object java.lang.invoke.DirectMethodHandle$Holder.invokeSpecial(java.lang.Object, java.lang.Object, java.lang.Object, int, java.lang.Object)'> (0x000000008ad68a48) 
thrown [s\src\hotspot\share\interpreter\linkResolver.cpp, line 771]
Event: 0.812 Thread 0x000001518aa82c30 Exception <a 'java/lang/NoSuchMethodError'{0x000000008acf8f50}: 'void java.lang.invoke.DirectMethodHandle$Holder.invokeStaticInit(java.lang.Object)'> (0x000000008acf8f50) 
thrown [s\src\hotspot\share\interpreter\linkResolver.cpp, line 771]
Event: 0.819 Thread 0x00000151eae3a250 Exception <a 'java/lang/NoSuchMethodError'{0x000000008ab7dd68}: 'java.lang.Object java.lang.invoke.DirectMethodHandle$Holder.newInvokeSpecial(java.lang.Object, java.lang.Object, java.lang.Object, java.lang.Object, java.lang.Object, java.lang.Object)'> (0x000000008ab7dd68) 
thrown [s\src\hotspot\share\interpreter\linkResolver.cpp, line 771]
Event: 0.827 Thread 0x00000151eae3a250 Exception <a 'java/lang/NoSuchMethodError'{0x000000008abae758}: 'java.lang.Object java.lang.invoke.DirectMethodHandle$Holder.newInvokeSpecial(java.lang.Object, java.lang.Object, java.lang.Object, java.lang.Object, java.lang.Object)'> (0x000000008abae758) 
thrown [s\src\hotspot\share\interpreter\linkResolver.cpp, line 771]
Event: 0.829 Thread 0x000001518aad63b0 Exception <a 'java/lang/NoSuchMethodError'{0x000000008abf1738}: 'void java.lang.invoke.DirectMethodHandle$Holder.invokeStatic(java.lang.Object, java.lang.Object, java.lang.Object, java.lang.Object)'> (0x000000008abf1738) 
thrown [s\src\hotspot\share\interpreter\linkResolver.cpp, line 771]
Event: 0.957 Thread 0x000001518aa82c30 Exception <a 'java/lang/NoSuchMethodError'{0x000000008a52d1e0}: 'java.lang.Object java.lang.invoke.DirectMethodHandle$Holder.invokeInterface(java.lang.Object, java.lang.Object)'> (0x000000008a52d1e0) 
thrown [s\src\hotspot\share\interpreter\linkResolver.cpp, line 771]
Event: 0.987 Thread 0x000001518aa82c30 Exception <a 'java/lang/NoSuchMethodError'{0x000000008a5b7748}: 'java.lang.Object java.lang.invoke.DirectMethodHandle$Holder.invokeVirtual(java.lang.Object, java.lang.Object, java.lang.Object)'> (0x000000008a5b7748) 
thrown [s\src\hotspot\share\interpreter\linkResolver.cpp, line 771]

VM Operations (20 events):
Event: 0.268 Executing VM operation: HandshakeAllThreads
Event: 0.268 Executing VM operation: HandshakeAllThreads done
Event: 0.356 Executing VM operation: HandshakeAllThreads
Event: 0.356 Executing VM operation: HandshakeAllThreads done
Event: 0.742 Executing VM operation: HandshakeAllThreads
Event: 0.742 Executing VM operation: HandshakeAllThreads done
Event: 0.889 Executing VM operation: ICBufferFull
Event: 0.890 Executing VM operation: ICBufferFull done
Event: 0.928 Executing VM operation: HandshakeAllThreads
Event: 0.928 Executing VM operation: HandshakeAllThreads done
Event: 0.929 Executing VM operation: HandshakeAllThreads
Event: 0.929 Executing VM operation: HandshakeAllThreads done
Event: 0.938 Executing VM operation: HandshakeAllThreads
Event: 0.938 Executing VM operation: HandshakeAllThreads done
Event: 0.958 Executing VM operation: HandshakeAllThreads
Event: 0.958 Executing VM operation: HandshakeAllThreads done
Event: 0.994 Executing VM operation: G1CollectForAllocation
Event: 0.999 Executing VM operation: G1CollectForAllocation done
Event: 1.064 Executing VM operation: HandshakeAllThreads
Event: 1.064 Executing VM operation: HandshakeAllThreads done

Events (20 events):
Event: 1.064 loading class java/net/InetAddressImplFactory done
Event: 1.064 loading class java/net/Inet6AddressImpl
Event: 1.064 loading class java/net/InetAddressImpl
Event: 1.064 loading class java/net/InetAddressImpl done
Event: 1.064 loading class java/net/Inet6AddressImpl done
Event: 1.065 loading class java/net/InetAddress$PlatformNameService
Event: 1.065 loading class java/net/InetAddress$NameService
Event: 1.065 loading class java/net/InetAddress$NameService done
Event: 1.065 loading class java/net/InetAddress$PlatformNameService done
Event: 1.065 loading class java/util/concurrent/ConcurrentSkipListMap$KeySet
Event: 1.065 loading class java/util/concurrent/ConcurrentSkipListMap$KeySet done
Event: 1.065 loading class java/util/concurrent/ConcurrentSkipListMap$KeyIterator
Event: 1.065 loading class java/util/concurrent/ConcurrentSkipListMap$Iter
Event: 1.065 loading class java/util/concurrent/ConcurrentSkipListMap$Iter done
Event: 1.065 loading class java/util/concurrent/ConcurrentSkipListMap$KeyIterator done
Event: 1.065 loading class java/net/InetAddress$NameServiceAddresses
Event: 1.065 loading class java/net/InetAddress$Addresses
Event: 1.065 loading class java/net/InetAddress$Addresses done
Event: 1.065 loading class java/net/InetAddress$NameServiceAddresses done
Event: 1.065 loading class java/net/Inet4Address


Dynamic libraries:
0x00007ff7130f0000 - 0x00007ff7130fa000 	C:\Users\asmab\.jdks\jbr-17.0.8\bin\java.exe
0x00007ff9b0e30000 - 0x00007ff9b1046000 	C:\WINDOWS\SYSTEM32\ntdll.dll
0x00007ff9b00d0000 - 0x00007ff9b0194000 	C:\WINDOWS\System32\KERNEL32.DLL
0x00007ff9ae550000 - 0x00007ff9ae8f6000 	C:\WINDOWS\System32\KERNELBASE.dll
0x00007ff9ae310000 - 0x00007ff9ae421000 	C:\WINDOWS\System32\ucrtbase.dll
0x00007ff9a7930000 - 0x00007ff9a7947000 	C:\Users\asmab\.jdks\jbr-17.0.8\bin\jli.dll
0x00007ff9a7910000 - 0x00007ff9a792b000 	C:\Users\asmab\.jdks\jbr-17.0.8\bin\VCRUNTIME140.dll
0x00007ff9b0680000 - 0x00007ff9b082d000 	C:\WINDOWS\System32\USER32.dll
0x00007ff998dd0000 - 0x00007ff999063000 	C:\WINDOWS\WinSxS\amd64_microsoft.windows.common-controls_6595b64144ccf1df_6.0.22621.3235_none_270f74e173860f98\COMCTL32.dll
0x00007ff9aeae0000 - 0x00007ff9aeb06000 	C:\WINDOWS\System32\win32u.dll
0x00007ff9aff70000 - 0x00007ff9b0017000 	C:\WINDOWS\System32\msvcrt.dll
0x00007ff9af790000 - 0x00007ff9af7b9000 	C:\WINDOWS\System32\GDI32.dll
0x00007ff9ae900000 - 0x00007ff9aea18000 	C:\WINDOWS\System32\gdi32full.dll
0x00007ff9ae430000 - 0x00007ff9ae4ca000 	C:\WINDOWS\System32\msvcp_win.dll
0x00007ff9aed40000 - 0x00007ff9aed71000 	C:\WINDOWS\System32\IMM32.DLL
0x00007ff99ac60000 - 0x00007ff99ac6c000 	C:\Users\asmab\.jdks\jbr-17.0.8\bin\vcruntime140_1.dll
0x00007ff9a71a0000 - 0x00007ff9a722d000 	C:\Users\asmab\.jdks\jbr-17.0.8\bin\msvcp140.dll
0x00007ff92b4a0000 - 0x00007ff92c123000 	C:\Users\asmab\.jdks\jbr-17.0.8\bin\server\jvm.dll
0x00007ff9b01b0000 - 0x00007ff9b0262000 	C:\WINDOWS\System32\ADVAPI32.dll
0x00007ff9b0940000 - 0x00007ff9b09e8000 	C:\WINDOWS\System32\sechost.dll
0x00007ff9ae2e0000 - 0x00007ff9ae308000 	C:\WINDOWS\System32\bcrypt.dll
0x00007ff9aed80000 - 0x00007ff9aee95000 	C:\WINDOWS\System32\RPCRT4.dll
0x00007ff991950000 - 0x00007ff991959000 	C:\WINDOWS\SYSTEM32\WSOCK32.dll
0x00007ff9a68a0000 - 0x00007ff9a68d4000 	C:\WINDOWS\SYSTEM32\WINMM.dll
0x00007ff9ae040000 - 0x00007ff9ae08d000 	C:\WINDOWS\SYSTEM32\POWRPROF.dll
0x00007ff9b0600000 - 0x00007ff9b0671000 	C:\WINDOWS\System32\WS2_32.dll
0x00007ff9a5030000 - 0x00007ff9a503a000 	C:\WINDOWS\SYSTEM32\VERSION.dll
0x00007ff9ae020000 - 0x00007ff9ae033000 	C:\WINDOWS\SYSTEM32\UMPDC.dll
0x00007ff9ad170000 - 0x00007ff9ad188000 	C:\WINDOWS\SYSTEM32\kernel.appcore.dll
0x00007ff9a7130000 - 0x00007ff9a713a000 	C:\Users\asmab\.jdks\jbr-17.0.8\bin\jimage.dll
0x00007ff9ab9b0000 - 0x00007ff9abbe3000 	C:\WINDOWS\SYSTEM32\DBGHELP.DLL
0x00007ff9b0270000 - 0x00007ff9b05f8000 	C:\WINDOWS\System32\combase.dll
0x00007ff9b0840000 - 0x00007ff9b0917000 	C:\WINDOWS\System32\OLEAUT32.dll
0x00007ff987550000 - 0x00007ff987582000 	C:\WINDOWS\SYSTEM32\dbgcore.DLL
0x00007ff9ae4d0000 - 0x00007ff9ae54a000 	C:\WINDOWS\System32\bcryptPrimitives.dll
0x00007ff978ba0000 - 0x00007ff978bc5000 	C:\Users\asmab\.jdks\jbr-17.0.8\bin\java.dll
0x00007ff9a7140000 - 0x00007ff9a7158000 	C:\Users\asmab\.jdks\jbr-17.0.8\bin\zip.dll
0x00007ff9789a0000 - 0x00007ff978a77000 	C:\Users\asmab\.jdks\jbr-17.0.8\bin\jsvml.dll
0x00007ff9aef30000 - 0x00007ff9af78d000 	C:\WINDOWS\System32\SHELL32.dll
0x00007ff9ac080000 - 0x00007ff9ac978000 	C:\WINDOWS\SYSTEM32\windows.storage.dll
0x00007ff9abf40000 - 0x00007ff9ac07e000 	C:\WINDOWS\SYSTEM32\wintypes.dll
0x00007ff9b0b90000 - 0x00007ff9b0c83000 	C:\WINDOWS\System32\SHCORE.dll
0x00007ff9b0c90000 - 0x00007ff9b0cee000 	C:\WINDOWS\System32\shlwapi.dll
0x00007ff9ae0a0000 - 0x00007ff9ae0c6000 	C:\WINDOWS\SYSTEM32\profapi.dll
0x00007ff99ac80000 - 0x00007ff99ac99000 	C:\Users\asmab\.jdks\jbr-17.0.8\bin\net.dll
0x00007ff9a72e0000 - 0x00007ff9a7417000 	C:\WINDOWS\SYSTEM32\WINHTTP.dll
0x00007ff9ad5f0000 - 0x00007ff9ad659000 	C:\WINDOWS\system32\mswsock.dll
0x00007ff997690000 - 0x00007ff9976a6000 	C:\Users\asmab\.jdks\jbr-17.0.8\bin\nio.dll
0x0000015185f70000 - 0x0000015185f73000 	C:\Users\asmab\.openjfx\cache\21.0.2+5\amd64\api-ms-win-core-console-l1-1-0.dll
0x0000015185f80000 - 0x0000015185f83000 	C:\Users\asmab\.openjfx\cache\21.0.2+5\amd64\api-ms-win-core-console-l1-2-0.dll
0x0000015185f90000 - 0x0000015185f93000 	C:\Users\asmab\.openjfx\cache\21.0.2+5\amd64\api-ms-win-core-datetime-l1-1-0.dll
0x0000015185fa0000 - 0x0000015185fa3000 	C:\Users\asmab\.openjfx\cache\21.0.2+5\amd64\api-ms-win-core-debug-l1-1-0.dll
0x0000015185fb0000 - 0x0000015185fb3000 	C:\Users\asmab\.openjfx\cache\21.0.2+5\amd64\api-ms-win-core-errorhandling-l1-1-0.dll
0x0000015185fc0000 - 0x0000015185fc4000 	C:\Users\asmab\.openjfx\cache\21.0.2+5\amd64\api-ms-win-core-file-l1-1-0.dll
0x0000015185fd0000 - 0x0000015185fd3000 	C:\Users\asmab\.openjfx\cache\21.0.2+5\amd64\api-ms-win-core-file-l1-2-0.dll
0x0000015185fe0000 - 0x0000015185fe3000 	C:\Users\asmab\.openjfx\cache\21.0.2+5\amd64\api-ms-win-core-file-l2-1-0.dll
0x0000015185ff0000 - 0x0000015185ff3000 	C:\Users\asmab\.openjfx\cache\21.0.2+5\amd64\api-ms-win-core-handle-l1-1-0.dll
0x000001518ac00000 - 0x000001518ac03000 	C:\Users\asmab\.openjfx\cache\21.0.2+5\amd64\api-ms-win-core-heap-l1-1-0.dll
0x000001518ac10000 - 0x000001518ac13000 	C:\Users\asmab\.openjfx\cache\21.0.2+5\amd64\api-ms-win-core-interlocked-l1-1-0.dll
0x000001518ac20000 - 0x000001518ac23000 	C:\Users\asmab\.openjfx\cache\21.0.2+5\amd64\api-ms-win-core-libraryloader-l1-1-0.dll
0x000001518ac30000 - 0x000001518ac33000 	C:\Users\asmab\.openjfx\cache\21.0.2+5\amd64\api-ms-win-core-localization-l1-2-0.dll
0x000001518ac40000 - 0x000001518ac43000 	C:\Users\asmab\.openjfx\cache\21.0.2+5\amd64\api-ms-win-core-memory-l1-1-0.dll
0x000001518ac50000 - 0x000001518ac53000 	C:\Users\asmab\.openjfx\cache\21.0.2+5\amd64\api-ms-win-core-namedpipe-l1-1-0.dll
0x000001518ac60000 - 0x000001518ac63000 	C:\Users\asmab\.openjfx\cache\21.0.2+5\amd64\api-ms-win-core-processenvironment-l1-1-0.dll
0x000001518ac70000 - 0x000001518ac73000 	C:\Users\asmab\.openjfx\cache\21.0.2+5\amd64\api-ms-win-core-processthreads-l1-1-0.dll
0x000001518ac80000 - 0x000001518ac83000 	C:\Users\asmab\.openjfx\cache\21.0.2+5\amd64\api-ms-win-core-processthreads-l1-1-1.dll
0x000001518ac90000 - 0x000001518ac93000 	C:\Users\asmab\.openjfx\cache\21.0.2+5\amd64\api-ms-win-core-profile-l1-1-0.dll
0x000001518aca0000 - 0x000001518aca3000 	C:\Users\asmab\.openjfx\cache\21.0.2+5\amd64\api-ms-win-core-rtlsupport-l1-1-0.dll
0x000001518acb0000 - 0x000001518acb3000 	C:\Users\asmab\.openjfx\cache\21.0.2+5\amd64\api-ms-win-core-string-l1-1-0.dll
0x000001518acc0000 - 0x000001518acc3000 	C:\Users\asmab\.openjfx\cache\21.0.2+5\amd64\api-ms-win-core-synch-l1-1-0.dll
0x000001518acd0000 - 0x000001518acd3000 	C:\Users\asmab\.openjfx\cache\21.0.2+5\amd64\api-ms-win-core-synch-l1-2-0.dll
0x000001518ace0000 - 0x000001518ace3000 	C:\Users\asmab\.openjfx\cache\21.0.2+5\amd64\api-ms-win-core-sysinfo-l1-1-0.dll
0x000001518acf0000 - 0x000001518acf3000 	C:\Users\asmab\.openjfx\cache\21.0.2+5\amd64\api-ms-win-core-timezone-l1-1-0.dll
0x000001518ad00000 - 0x000001518ad03000 	C:\Users\asmab\.openjfx\cache\21.0.2+5\amd64\api-ms-win-core-util-l1-1-0.dll
0x000001518ad10000 - 0x000001518ad13000 	C:\Users\asmab\.openjfx\cache\21.0.2+5\amd64\api-ms-win-crt-conio-l1-1-0.dll
0x000001518ad20000 - 0x000001518ad24000 	C:\Users\asmab\.openjfx\cache\21.0.2+5\amd64\api-ms-win-crt-convert-l1-1-0.dll
0x000001518ad30000 - 0x000001518ad33000 	C:\Users\asmab\.openjfx\cache\21.0.2+5\amd64\api-ms-win-crt-environment-l1-1-0.dll
0x000001518ad40000 - 0x000001518ad43000 	C:\Users\asmab\.openjfx\cache\21.0.2+5\amd64\api-ms-win-crt-filesystem-l1-1-0.dll
0x000001518ad50000 - 0x000001518ad53000 	C:\Users\asmab\.openjfx\cache\21.0.2+5\amd64\api-ms-win-crt-heap-l1-1-0.dll
0x000001518ad60000 - 0x000001518ad63000 	C:\Users\asmab\.openjfx\cache\21.0.2+5\amd64\api-ms-win-crt-locale-l1-1-0.dll
0x000001518ad70000 - 0x000001518ad75000 	C:\Users\asmab\.openjfx\cache\21.0.2+5\amd64\api-ms-win-crt-math-l1-1-0.dll
0x000001518ad80000 - 0x000001518ad85000 	C:\Users\asmab\.openjfx\cache\21.0.2+5\amd64\api-ms-win-crt-multibyte-l1-1-0.dll
0x000001518ad90000 - 0x000001518ada0000 	C:\Users\asmab\.openjfx\cache\21.0.2+5\amd64\api-ms-win-crt-private-l1-1-0.dll
0x000001518ada0000 - 0x000001518ada3000 	C:\Users\asmab\.openjfx\cache\21.0.2+5\amd64\api-ms-win-crt-process-l1-1-0.dll
0x000001518adb0000 - 0x000001518adb4000 	C:\Users\asmab\.openjfx\cache\21.0.2+5\amd64\api-ms-win-crt-runtime-l1-1-0.dll
0x000001518adc0000 - 0x000001518adc4000 	C:\Users\asmab\.openjfx\cache\21.0.2+5\amd64\api-ms-win-crt-stdio-l1-1-0.dll
0x000001518add0000 - 0x000001518add4000 	C:\Users\asmab\.openjfx\cache\21.0.2+5\amd64\api-ms-win-crt-string-l1-1-0.dll
0x000001518ade0000 - 0x000001518ade3000 	C:\Users\asmab\.openjfx\cache\21.0.2+5\amd64\api-ms-win-crt-time-l1-1-0.dll
0x000001518adf0000 - 0x000001518adf3000 	C:\Users\asmab\.openjfx\cache\21.0.2+5\amd64\api-ms-win-crt-utility-l1-1-0.dll
0x00007ff978aa0000 - 0x00007ff978b9c000 	C:\Users\asmab\.openjfx\cache\21.0.2+5\amd64\ucrtbase.dll
0x00007ff9a7960000 - 0x00007ff9a797b000 	C:\Users\asmab\.openjfx\cache\21.0.2+5\amd64\vcruntime140.dll
0x00007ff9a7160000 - 0x00007ff9a716c000 	C:\Users\asmab\.openjfx\cache\21.0.2+5\amd64\vcruntime140_1.dll
0x00007ff99d200000 - 0x00007ff99d28e000 	C:\Users\asmab\.openjfx\cache\21.0.2+5\amd64\msvcp140.dll
0x00007ff9a2410000 - 0x00007ff9a2419000 	C:\Users\asmab\.openjfx\cache\21.0.2+5\amd64\msvcp140_1.dll
0x00007ff99c9e0000 - 0x00007ff99ca21000 	C:\Users\asmab\.openjfx\cache\21.0.2+5\amd64\msvcp140_2.dll
0x00007ff99d3f0000 - 0x00007ff99d420000 	C:\Users\asmab\.openjfx\cache\21.0.2+5\amd64\prism_d3d.dll
0x00007ff96ca50000 - 0x00007ff96cbf9000 	C:\WINDOWS\system32\d3d9.dll
0x00007ff9ab460000 - 0x00007ff9ab48b000 	C:\WINDOWS\SYSTEM32\dwmapi.dll
0x00007ff9ab310000 - 0x00007ff9ab349000 	C:\WINDOWS\SYSTEM32\dxcore.dll
0x00007ff9ab210000 - 0x00007ff9ab2bb000 	C:\WINDOWS\system32\uxtheme.dll
0x00007ff96ef30000 - 0x00007ff96f095000 	C:\WINDOWS\System32\DriverStore\FileRepository\iigd_dch.inf_amd64_0a2eb8dac923ec42\igdumdim64.dll
0x00007ff9b09f0000 - 0x00007ff9b0b8f000 	C:\WINDOWS\System32\ole32.dll
0x00007ff94a610000 - 0x00007ff94e266000 	C:\WINDOWS\System32\DriverStore\FileRepository\iigd_dch.inf_amd64_0a2eb8dac923ec42\igd9dxva64.dll
0x00007ff9af940000 - 0x00007ff9afdb4000 	C:\WINDOWS\System32\SETUPAPI.dll
0x00007ff9add70000 - 0x00007ff9addbe000 	C:\WINDOWS\SYSTEM32\cfgmgr32.dll
0x00007ff9a1d60000 - 0x00007ff9a2121000 	C:\WINDOWS\System32\DriverStore\FileRepository\iigd_dch.inf_amd64_0a2eb8dac923ec42\igdgmm64.dll
0x00007ff9a7880000 - 0x00007ff9a78ca000 	C:\WINDOWS\SYSTEM32\directxdatabasehelper.dll
0x00007ff99ac10000 - 0x00007ff99ac52000 	C:\Users\asmab\.openjfx\cache\21.0.2+5\amd64\glass.dll
0x00007ff9b0cf0000 - 0x00007ff9b0de9000 	C:\WINDOWS\System32\COMDLG32.dll
0x00007ff9afdc0000 - 0x00007ff9aff14000 	C:\WINDOWS\System32\MSCTF.dll

dbghelp: loaded successfully - version: 4.0.5 - missing functions: none
symbol engine: initialized successfully - sym options: 0x614 - pdb path: .;C:\Users\asmab\.jdks\jbr-17.0.8\bin;C:\WINDOWS\SYSTEM32;C:\WINDOWS\WinSxS\amd64_microsoft.windows.common-controls_6595b64144ccf1df_6.0.22621.3235_none_270f74e173860f98;C:\Users\asmab\.jdks\jbr-17.0.8\bin\server;C:\Users\asmab\.openjfx\cache\21.0.2+5\amd64;C:\WINDOWS\System32\DriverStore\FileRepository\iigd_dch.inf_amd64_0a2eb8dac923ec42

VM Arguments:
jvm_args: --module-path=C:\Users\asmab\.m2\repository\org\openjfx\javafx-base\21.0.2\javafx-base-21.0.2-win.jar;C:\Users\asmab\.m2\repository\org\openjfx\javafx-base\21.0.2\javafx-base-21.0.2.jar;C:\Users\asmab\.m2\repository\org\openjfx\javafx-controls\21.0.2\javafx-controls-21.0.2-win.jar;C:\Users\asmab\.m2\repository\org\openjfx\javafx-controls\21.0.2\javafx-controls-21.0.2.jar;C:\Users\asmab\.m2\repository\org\openjfx\javafx-fxml\21.0.2\javafx-fxml-21.0.2-win.jar;C:\Users\asmab\.m2\repository\org\openjfx\javafx-fxml\21.0.2\javafx-fxml-21.0.2.jar;C:\Users\asmab\.m2\repository\org\openjfx\javafx-graphics\21.0.2\javafx-graphics-21.0.2-win.jar;C:\Users\asmab\.m2\repository\org\openjfx\javafx-graphics\21.0.2\javafx-graphics-21.0.2.jar --add-modules=javafx.base,javafx.controls,javafx.fxml,javafx.graphics 
java_command: tests.MainFx
java_class_path (initial): C:\Users\asmab\IdeaProjects\skillhub\target\classes;C:\Users\asmab\.m2\repository\com\google\protobuf\protobuf-java\3.21.9\protobuf-java-3.21.9.jar;C:\Users\asmab\.m2\repository\com\mysql\mysql-connector-j\8.0.33\mysql-connector-j-8.0.33.jar
Launcher Type: SUN_STANDARD

[Global flags]
     intx CICompilerCount                          = 4                                         {product} {ergonomic}
     uint ConcGCThreads                            = 2                                         {product} {ergonomic}
     uint G1ConcRefinementThreads                  = 8                                         {product} {ergonomic}
   size_t G1HeapRegionSize                         = 1048576                                   {product} {ergonomic}
    uintx GCDrainStackTargetSize                   = 64                                        {product} {ergonomic}
   size_t InitialHeapSize                          = 130023424                                 {product} {ergonomic}
   size_t MarkStackSize                            = 4194304                                   {product} {ergonomic}
   size_t MaxHeapSize                              = 2080374784                                {product} {ergonomic}
   size_t MaxNewSize                               = 1247805440                                {product} {ergonomic}
   size_t MinHeapDeltaBytes                        = 1048576                                   {product} {ergonomic}
   size_t MinHeapSize                              = 8388608                                   {product} {ergonomic}
    uintx NonNMethodCodeHeapSize                   = 5839372                                {pd product} {ergonomic}
    uintx NonProfiledCodeHeapSize                  = 122909434                              {pd product} {ergonomic}
    uintx ProfiledCodeHeapSize                     = 122909434                              {pd product} {ergonomic}
    uintx ReservedCodeCacheSize                    = 251658240                              {pd product} {ergonomic}
     bool SegmentedCodeCache                       = true                                      {product} {ergonomic}
   size_t SoftMaxHeapSize                          = 2080374784                             {manageable} {ergonomic}
     bool UseCompressedClassPointers               = true                           {product lp64_product} {ergonomic}
     bool UseCompressedOops                        = true                           {product lp64_product} {ergonomic}
     bool UseG1GC                                  = true                                      {product} {ergonomic}
     bool UseLargePagesIndividualAllocation        = false                                  {pd product} {ergonomic}

Logging:
Log output configuration:
 #0: stdout all=warning uptime,level,tags
 #1: stderr all=off uptime,level,tags

Environment Variables:
PATH=C:\Program Files (x86)\VMware\VMware Workstation\bin\;C:\oraclexe\app\oracle\product\11.2.0\server\bin;;C:\oraclexe\app\oracle\product\10.2.0\server\bin;C:\WINDOWS\system32;C:\WINDOWS;C:\WINDOWS\System32\Wbem;C:\WINDOWS\System32\WindowsPowerShell\v1.0\;C:\WINDOWS\System32\OpenSSH\;C:\xampp\php;C:\ProgramData\ComposerSetup\bin;C:\Program Files\Git\cmd;C:\Program Files (x86)\GnuWin32\bin;C:\Program Files\CodeBlocks\MinGW\bin;C:\Users\asmab\scoop\shims;C:\Users\asmab\AppData\Local\Microsoft\WindowsApps;C:\Users\asmab\AppData\Local\Programs\Microsoft VS Code\bin;C:\Users\asmab\AppData\Local\ComposerSetup\bin;C:\Users\asmab\AppData\Roaming\Composer\vendor\bin;C:\xamp\php;C:\Program Files\CodeBlocks\MinGW\bin;C:\xamppp\php;
USERNAME=asmab
OS=Windows_NT
PROCESSOR_IDENTIFIER=Intel64 Family 6 Model 126 Stepping 5, GenuineIntel
TMP=C:\Users\asmab\AppData\Local\Temp
TEMP=C:\Users\asmab\AppData\Local\Temp


JNI global refs:
JNI global refs: 16, weak refs: 0

JNI global refs memory usage: 843, weak refs: 841

OOME stack traces (most recent first):
Classloader memory used:
Loader bootstrap                                                                       : 1377K
Loader jdk.internal.loader.ClassLoaders$AppClassLoader                                 : 479K
Loader jdk.internal.loader.ClassLoaders$PlatformClassLoader                            : 29280B
Loader jdk.internal.reflect.DelegatingClassLoader                                      : 432B


---------------  S Y S T E M  ---------------

OS:
 Windows 11 , 64 bit Build 22621 (10.0.22621.3235)
OS uptime: 21 days 10:13 hours
Hyper-V role detected

CPU: total 8 (initial active 8) (4 cores per cpu, 2 threads per core) family 6 model 126 stepping 5 microcode 0xa8, cx8, cmov, fxsr, ht, mmx, 3dnowpref, sse, sse2, sse3, ssse3, sse4.1, sse4.2, popcnt, lzcnt, tsc, tscinvbit, avx, avx2, aes, erms, clmul, bmi1, bmi2, adx, avx512f, avx512dq, avx512cd, avx512bw, avx512vl, sha, fma, vzeroupper, avx512_vpopcntdq, avx512_vpclmulqdq, avx512_vaes, avx512_vnni, clflush, clflushopt, avx512_vbmi2, avx512_vbmi, hv
Processor Information for all 8 processors :
  Max Mhz: 1190, Current Mhz: 991, Mhz Limit: 987

Memory: 4k page, system-wide physical 7932M (497M free)
TotalPageFile size 32508M (AvailPageFile size 5M)
current process WorkingSet (physical memory assigned to process): 89M, peak: 90M
current process commit charge ("private bytes"): 233M, peak: 236M

vm_info: OpenJDK 64-Bit Server VM (17.0.8+7-b1000.22) for windows-amd64 JRE (17.0.8+7-b1000.22), built on 2023-09-02 by "builduser" with MS VC++ 16.10 / 16.11 (VS2019)

END.
