#
# There is insufficient memory for the Java Runtime Environment to continue.
# Native memory allocation (mmap) failed to map 65536 bytes for Failed to commit metaspace.
# Possible reasons:
#   The system is out of physical RAM or swap space
#   The process is running with CompressedOops enabled, and the Java Heap may be blocking the growth of the native heap
# Possible solutions:
#   Reduce memory load on the system
#   Increase physical memory or swap space
#   Check if swap backing store is full
#   Decrease Java heap size (-Xmx/-Xms)
#   Decrease number of Java threads
#   Decrease Java thread stack sizes (-Xss)
#   Set larger code cache with -XX:ReservedCodeCacheSize=
#   JVM is running with Unscaled Compressed Oops mode in which the Java heap is
#     placed in the first 4GB address space. The Java Heap base address is the
#     maximum limit for the native heap growth. Please use -XX:HeapBaseMinAddress
#     to set the Java Heap base and to place the Java Heap above 4GB virtual address.
# This output file may be truncated or incomplete.
#
#  Out of Memory Error (virtualSpaceNode.cpp:110), pid=29220, tid=11924
#
# JRE version: OpenJDK Runtime Environment JBR-17.0.8+7-1000.22-nomod (17.0.8+7) (build 17.0.8+7-b1000.22)
# Java VM: OpenJDK 64-Bit Server VM JBR-17.0.8+7-1000.22-nomod (17.0.8+7-b1000.22, mixed mode, tiered, compressed oops, compressed class ptrs, g1 gc, windows-amd64)
# No core dump will be written. Minidumps are not enabled by default on client versions of Windows
#

---------------  S U M M A R Y ------------

Command Line: --module-path=C:\Users\asmab\.m2\repository\org\openjfx\javafx-base\21.0.2\javafx-base-21.0.2-win.jar;C:\Users\asmab\.m2\repository\org\openjfx\javafx-base\21.0.2\javafx-base-21.0.2.jar;C:\Users\asmab\.m2\repository\org\openjfx\javafx-controls\21.0.2\javafx-controls-21.0.2-win.jar;C:\Users\asmab\.m2\repository\org\openjfx\javafx-controls\21.0.2\javafx-controls-21.0.2.jar;C:\Users\asmab\.m2\repository\org\openjfx\javafx-fxml\21.0.2\javafx-fxml-21.0.2-win.jar;C:\Users\asmab\.m2\repository\org\openjfx\javafx-fxml\21.0.2\javafx-fxml-21.0.2.jar;C:\Users\asmab\.m2\repository\org\openjfx\javafx-graphics\21.0.2\javafx-graphics-21.0.2-win.jar;C:\Users\asmab\.m2\repository\org\openjfx\javafx-graphics\21.0.2\javafx-graphics-21.0.2.jar --add-modules=javafx.base,javafx.controls,javafx.fxml,javafx.graphics tests.MainFx

Host: Intel(R) Core(TM) i5-1035G1 CPU @ 1.00GHz, 8 cores, 7G,  Windows 11 , 64 bit Build 22621 (10.0.22621.3235)
Time: Tue Apr 23 00:35:27 2024 Afr. centrale Ouest elapsed time: 1.386669 seconds (0d 0h 0m 1s)

---------------  T H R E A D  ---------------

Current thread (0x0000024d48ab6060):  JavaThread "JavaFX Application Thread" [_thread_in_vm, id=11924, stack(0x0000009f43200000,0x0000009f43300000)]

Stack: [0x0000009f43200000,0x0000009f43300000]
Native frames: (J=compiled Java code, j=interpreted, Vv=VM code, C=native code)
V  [jvm.dll+0x6852da]
V  [jvm.dll+0x844c84]
V  [jvm.dll+0x84659e]
V  [jvm.dll+0x846c03]
V  [jvm.dll+0x24b7cf]
V  [jvm.dll+0x84003b]
V  [jvm.dll+0x6296c6]
V  [jvm.dll+0x1c2dee]
V  [jvm.dll+0x62c011]
V  [jvm.dll+0x62a066]
V  [jvm.dll+0x240ad0]
V  [jvm.dll+0x1ef8dd]
V  [jvm.dll+0x1e529c]
V  [jvm.dll+0x54b27d]
V  [jvm.dll+0x7bede5]
V  [jvm.dll+0x7beefe]
V  [jvm.dll+0x4148ba]
V  [jvm.dll+0x41aa39]
C  [java.dll+0x17ec]

Java frames: (J=compiled Java code, j=interpreted, Vv=VM code)
J 949  java.lang.ClassLoader.defineClass1(Ljava/lang/ClassLoader;Ljava/lang/String;[BIILjava/security/ProtectionDomain;Ljava/lang/String;)Ljava/lang/Class; java.base@17.0.8 (0 bytes) @ 0x0000024d38aecbdb [0x0000024d38aecb20+0x00000000000000bb]
J 988 c1 java.lang.ClassLoader.defineClass(Ljava/lang/String;[BIILjava/security/ProtectionDomain;)Ljava/lang/Class; java.base@17.0.8 (43 bytes) @ 0x0000024d31154dc4 [0x0000024d31154a80+0x0000000000000344]
J 955 c1 java.lang.ClassLoader.defineClass(Ljava/lang/String;Ljava/nio/ByteBuffer;Ljava/security/ProtectionDomain;)Ljava/lang/Class; java.base@17.0.8 (108 bytes) @ 0x0000024d31142fc4 [0x0000024d31142780+0x0000000000000844]
J 977 c1 java.security.SecureClassLoader.defineClass(Ljava/lang/String;Ljava/nio/ByteBuffer;Ljava/security/CodeSource;)Ljava/lang/Class; java.base@17.0.8 (12 bytes) @ 0x0000024d3114ce7c [0x0000024d3114cdc0+0x00000000000000bc]
J 885 c1 jdk.internal.loader.BuiltinClassLoader.defineClass(Ljava/lang/String;Ljdk/internal/loader/BuiltinClassLoader$LoadedModule;)Ljava/lang/Class; java.base@17.0.8 (162 bytes) @ 0x0000024d3111af04 [0x0000024d31119440+0x0000000000001ac4]
J 779 c1 jdk.internal.loader.BuiltinClassLoader.loadClassOrNull(Ljava/lang/String;Z)Ljava/lang/Class; java.base@17.0.8 (143 bytes) @ 0x0000024d310e95ac [0x0000024d310e8fc0+0x00000000000005ec]
J 876 c1 jdk.internal.loader.ClassLoaders$AppClassLoader.loadClass(Ljava/lang/String;Z)Ljava/lang/Class; java.base@17.0.8 (40 bytes) @ 0x0000024d311143f4 [0x0000024d31113de0+0x0000000000000614]
J 875 c1 java.lang.ClassLoader.loadClass(Ljava/lang/String;)Ljava/lang/Class; java.base@17.0.8 (7 bytes) @ 0x0000024d31112fbc [0x0000024d31112ec0+0x00000000000000fc]
v  ~StubRoutines::call_stub
j  javafx.scene.shape.MoveTo.<clinit>()V+7 javafx.graphics@21.0.2
v  ~StubRoutines::call_stub
j  com.sun.javafx.text.PrismTextLayout.getCaretShape(IZFF)[Ljavafx/scene/shape/PathElement;+685 javafx.graphics@21.0.2
j  javafx.scene.text.Text$TextAttribute$11.computeValue()[Ljavafx/scene/shape/PathElement;+97 javafx.graphics@21.0.2
j  javafx.scene.text.Text$TextAttribute$11.computeValue()Ljava/lang/Object;+1 javafx.graphics@21.0.2
j  javafx.beans.binding.ObjectBinding.get()Ljava/lang/Object;+8 javafx.base@21.0.2
j  javafx.beans.binding.ObjectExpression.getValue()Ljava/lang/Object;+1 javafx.base@21.0.2
j  com.sun.javafx.binding.ExpressionHelper.addListener(Lcom/sun/javafx/binding/ExpressionHelper;Ljavafx/beans/value/ObservableValue;Ljavafx/beans/InvalidationListener;)Lcom/sun/javafx/binding/ExpressionHelper;+17 javafx.base@21.0.2
j  javafx.beans.binding.ObjectBinding.addListener(Ljavafx/beans/InvalidationListener;)V+27 javafx.base@21.0.2
j  javafx.beans.property.ObjectPropertyBase.bind(Ljavafx/beans/value/ObservableValue;)V+63 javafx.base@21.0.2
j  javafx.scene.text.Text$TextAttribute.caretShapeProperty()Ljavafx/beans/property/ReadOnlyObjectProperty;+44 javafx.graphics@21.0.2
j  javafx.scene.text.Text.caretShapeProperty()Ljavafx/beans/property/ReadOnlyObjectProperty;+4 javafx.graphics@21.0.2
j  javafx.scene.control.skin.TextFieldSkin.<init>(Ljavafx/scene/control/TextField;)V+654 javafx.controls@21.0.2
j  javafx.scene.control.TextField.createDefaultSkin()Ljavafx/scene/control/Skin;+5 javafx.controls@21.0.2
j  javafx.scene.control.Control.doProcessCSS()V+25 javafx.controls@21.0.2
j  javafx.scene.control.Control$1.doProcessCSS(Ljavafx/scene/Node;)V+4 javafx.controls@21.0.2
j  com.sun.javafx.scene.control.ControlHelper.processCSSImpl(Ljavafx/scene/Node;)V+4 javafx.controls@21.0.2
j  com.sun.javafx.scene.NodeHelper.processCSS(Ljavafx/scene/Node;)V+5 javafx.graphics@21.0.2
j  javafx.scene.Parent.doProcessCSS()V+121 javafx.graphics@21.0.2
j  javafx.scene.Parent$1.doProcessCSS(Ljavafx/scene/Node;)V+4 javafx.graphics@21.0.2
j  com.sun.javafx.scene.ParentHelper.processCSSImpl(Ljavafx/scene/Node;)V+4 javafx.graphics@21.0.2
j  com.sun.javafx.scene.NodeHelper.processCSS(Ljavafx/scene/Node;)V+5 javafx.graphics@21.0.2
j  javafx.scene.Node.processCSS()V+99 javafx.graphics@21.0.2
j  javafx.scene.Scene.doCSSPass()V+23 javafx.graphics@21.0.2
j  javafx.scene.Scene.preferredSize()V+6 javafx.graphics@21.0.2
j  javafx.scene.Scene$2.preferredSize(Ljavafx/scene/Scene;)V+1 javafx.graphics@21.0.2
j  com.sun.javafx.scene.SceneHelper.preferredSize(Ljavafx/scene/Scene;)V+4 javafx.graphics@21.0.2
j  javafx.stage.Window$12.invalidated()V+384 javafx.graphics@21.0.2
j  javafx.beans.property.BooleanPropertyBase.markInvalid()V+13 javafx.base@21.0.2
j  javafx.beans.property.BooleanPropertyBase.set(Z)V+72 javafx.base@21.0.2
j  javafx.stage.Window.setShowing(Z)V+11 javafx.graphics@21.0.2
j  javafx.stage.Window.show()V+2 javafx.graphics@21.0.2
j  javafx.stage.Stage.show()V+1 javafx.graphics@21.0.2
j  tests.MainFx.start(Ljavafx/stage/Stage;)V+48
j  com.sun.javafx.application.LauncherImpl.lambda$launchApplication1$9(Ljava/util/concurrent/atomic/AtomicBoolean;Ljavafx/application/Application;)V+20 javafx.graphics@21.0.2
j  com.sun.javafx.application.LauncherImpl$$Lambda$104+0x0000000100116b78.run()V+8 javafx.graphics@21.0.2
j  com.sun.javafx.application.PlatformImpl.lambda$runAndWait$12(Ljava/lang/Runnable;Ljava/util/concurrent/CountDownLatch;)V+1 javafx.graphics@21.0.2
j  com.sun.javafx.application.PlatformImpl$$Lambda$97+0x00000001001120a8.run()V+8 javafx.graphics@21.0.2
j  com.sun.javafx.application.PlatformImpl.lambda$runLater$10(Ljava/lang/Runnable;)Ljava/lang/Void;+1 javafx.graphics@21.0.2
j  com.sun.javafx.application.PlatformImpl$$Lambda$99+0x0000000100113480.run()Ljava/lang/Object;+4 javafx.graphics@21.0.2
j  java.security.AccessController.executePrivileged(Ljava/security/PrivilegedAction;Ljava/security/AccessControlContext;Ljava/lang/Class;)Ljava/lang/Object;+29 java.base@17.0.8
j  java.security.AccessController.doPrivileged(Ljava/security/PrivilegedAction;Ljava/security/AccessControlContext;)Ljava/lang/Object;+13 java.base@17.0.8
j  com.sun.javafx.application.PlatformImpl.lambda$runLater$11(Ljava/lang/Runnable;Ljava/security/AccessControlContext;)V+7 javafx.graphics@21.0.2
j  com.sun.javafx.application.PlatformImpl$$Lambda$98+0x00000001001122f0.run()V+8 javafx.graphics@21.0.2
j  com.sun.glass.ui.InvokeLaterDispatcher$Future.run()V+4 javafx.graphics@21.0.2
v  ~StubRoutines::call_stub
j  com.sun.glass.ui.win.WinApplication._runLoop(Ljava/lang/Runnable;)V+0 javafx.graphics@21.0.2
j  com.sun.glass.ui.win.WinApplication.lambda$runLoop$3(ILjava/lang/Runnable;)V+8 javafx.graphics@21.0.2
j  com.sun.glass.ui.win.WinApplication$$Lambda$87+0x00000001000eedc0.run()V+12 javafx.graphics@21.0.2
j  java.lang.Thread.run()V+11 java.base@17.0.8
v  ~StubRoutines::call_stub

---------------  P R O C E S S  ---------------

Threads class SMR info:
_java_thread_list=0x0000024d526111c0, length=19, elements={
0x0000024d2bfe9c00, 0x0000024d47ed14e0, 0x0000024d47ed3eb0, 0x0000024d48042530,
0x0000024d48066b60, 0x0000024d4805c7b0, 0x0000024d4805d170, 0x0000024d48061810,
0x0000024d48075170, 0x0000024d48075780, 0x0000024d4817ae60, 0x0000024d4840df60,
0x0000024d48752e50, 0x0000024d48aaa230, 0x0000024d48ab6060, 0x0000024d48c0b5d0,
0x0000024d48cae6d0, 0x0000024d51ac6ac0, 0x0000024d51baf3f0
}

Java Threads: ( => current thread )
  0x0000024d2bfe9c00 JavaThread "main" [_thread_blocked, id=32008, stack(0x0000009f41c00000,0x0000009f41d00000)]
  0x0000024d47ed14e0 JavaThread "Reference Handler" daemon [_thread_blocked, id=31400, stack(0x0000009f42300000,0x0000009f42400000)]
  0x0000024d47ed3eb0 JavaThread "Finalizer" daemon [_thread_blocked, id=11100, stack(0x0000009f42400000,0x0000009f42500000)]
  0x0000024d48042530 JavaThread "Signal Dispatcher" daemon [_thread_blocked, id=29180, stack(0x0000009f42500000,0x0000009f42600000)]
  0x0000024d48066b60 JavaThread "Attach Listener" daemon [_thread_blocked, id=23828, stack(0x0000009f42600000,0x0000009f42700000)]
  0x0000024d4805c7b0 JavaThread "Service Thread" daemon [_thread_blocked, id=31560, stack(0x0000009f42700000,0x0000009f42800000)]
  0x0000024d4805d170 JavaThread "Monitor Deflation Thread" daemon [_thread_blocked, id=28444, stack(0x0000009f42800000,0x0000009f42900000)]
  0x0000024d48061810 JavaThread "C2 CompilerThread0" daemon [_thread_blocked, id=7840, stack(0x0000009f42900000,0x0000009f42a00000)]
  0x0000024d48075170 JavaThread "C1 CompilerThread0" daemon [_thread_blocked, id=32760, stack(0x0000009f42a00000,0x0000009f42b00000)]
  0x0000024d48075780 JavaThread "Sweeper thread" daemon [_thread_blocked, id=19568, stack(0x0000009f42b00000,0x0000009f42c00000)]
  0x0000024d4817ae60 JavaThread "Common-Cleaner" daemon [_thread_blocked, id=624, stack(0x0000009f42c00000,0x0000009f42d00000)]
  0x0000024d4840df60 JavaThread "Notification Thread" daemon [_thread_blocked, id=22800, stack(0x0000009f42e00000,0x0000009f42f00000)]
  0x0000024d48752e50 JavaThread "QuantumRenderer-0" daemon [_thread_blocked, id=2216, stack(0x0000009f43000000,0x0000009f43100000)]
  0x0000024d48aaa230 JavaThread "InvokeLaterDispatcher" daemon [_thread_blocked, id=31780, stack(0x0000009f43100000,0x0000009f43200000)]
=>0x0000024d48ab6060 JavaThread "JavaFX Application Thread" [_thread_in_vm, id=11924, stack(0x0000009f43200000,0x0000009f43300000)]
  0x0000024d48c0b5d0 JavaThread "JavaFX-Launcher" [_thread_blocked, id=2972, stack(0x0000009f43600000,0x0000009f43700000)]
  0x0000024d48cae6d0 JavaThread "Thread-2" daemon [_thread_in_native, id=7744, stack(0x0000009f42d00000,0x0000009f42e00000)]
  0x0000024d51ac6ac0 JavaThread "C2 CompilerThread1" daemon [_thread_blocked, id=16308, stack(0x0000009f43c00000,0x0000009f43d00000)]
  0x0000024d51baf3f0 JavaThread "Prism Font Disposer" daemon [_thread_blocked, id=27392, stack(0x0000009f44000000,0x0000009f44100000)]

Other Threads:
  0x0000024d47ecda10 VMThread "VM Thread" [stack: 0x0000009f42200000,0x0000009f42300000] [id=22656]
  0x0000024d2c076990 WatcherThread [stack: 0x0000009f42f00000,0x0000009f43000000] [id=21516]
  0x0000024d2c044470 GCTaskThread "GC Thread#0" [stack: 0x0000009f41d00000,0x0000009f41e00000] [id=32152]
  0x0000024d48c00d60 GCTaskThread "GC Thread#1" [stack: 0x0000009f43700000,0x0000009f43800000] [id=20268]
  0x0000024d48c01020 GCTaskThread "GC Thread#2" [stack: 0x0000009f43800000,0x0000009f43900000] [id=13360]
  0x0000024d48c016f0 GCTaskThread "GC Thread#3" [stack: 0x0000009f43900000,0x0000009f43a00000] [id=28908]
  0x0000024d48c01fe0 GCTaskThread "GC Thread#4" [stack: 0x0000009f43a00000,0x0000009f43b00000] [id=32732]
  0x0000024d48c02ac0 GCTaskThread "GC Thread#5" [stack: 0x0000009f43b00000,0x0000009f43c00000] [id=2420]
  0x0000024d2c054bc0 ConcurrentGCThread "G1 Main Marker" [stack: 0x0000009f41e00000,0x0000009f41f00000] [id=30936]
  0x0000024d2c0555d0 ConcurrentGCThread "G1 Conc#0" [stack: 0x0000009f41f00000,0x0000009f42000000] [id=31036]
  0x0000024d47d164e0 ConcurrentGCThread "G1 Refine#0" [stack: 0x0000009f42000000,0x0000009f42100000] [id=24356]
  0x0000024d2c09d6b0 ConcurrentGCThread "G1 Service" [stack: 0x0000009f42100000,0x0000009f42200000] [id=29568]

Threads with active compile tasks:

VM state: not at safepoint (normal execution)

VM Mutex/Monitor currently owned by a thread:  ([mutex/lock_event])
[0x0000024d2bfe2990] Metaspace_lock - owner thread: 0x0000024d48ab6060

Heap address: 0x0000000084000000, size: 1984 MB, Compressed Oops mode: 32-bit

CDS archive(s) not mapped
Compressed class space mapped at: 0x0000000100000000-0x0000000140000000, reserved size: 1073741824
Narrow klass base: 0x0000000000000000, Narrow klass shift: 3, Narrow klass range: 0x140000000

GC Precious Log:
 CPUs: 8 total, 8 available
 Memory: 7932M
 Large Page Support: Disabled
 NUMA Support: Disabled
 Compressed Oops: Enabled (32-bit)
 Heap Region Size: 1M
 Heap Min Capacity: 8M
 Heap Initial Capacity: 124M
 Heap Max Capacity: 1984M
 Pre-touch: Disabled
 Parallel Workers: 8
 Concurrent Workers: 2
 Concurrent Refinement Workers: 8
 Periodic GC: Disabled

Heap:
 garbage-first heap   total 126976K, used 29707K [0x0000000084000000, 0x0000000100000000)
  region size 1024K, 30 young (30720K), 3 survivors (3072K)
 Metaspace       used 20562K, committed 20736K, reserved 1114112K
  class space    used 2782K, committed 2880K, reserved 1048576K

Heap Regions: E=young(eden), S=young(survivor), O=old, HS=humongous(starts), HC=humongous(continues), CS=collection set, F=free, OA=open archive, CA=closed archive, TAMS=top-at-mark-start (previous, next)
|   0|0x0000000084000000, 0x0000000084002c00, 0x0000000084100000|  1%| O|  |TAMS 0x0000000084000000, 0x0000000084000000| Untracked 
|   1|0x0000000084100000, 0x0000000084100000, 0x0000000084200000|  0%| F|  |TAMS 0x0000000084100000, 0x0000000084100000| Untracked 
|   2|0x0000000084200000, 0x0000000084200000, 0x0000000084300000|  0%| F|  |TAMS 0x0000000084200000, 0x0000000084200000| Untracked 
|   3|0x0000000084300000, 0x0000000084300000, 0x0000000084400000|  0%| F|  |TAMS 0x0000000084300000, 0x0000000084300000| Untracked 
|   4|0x0000000084400000, 0x0000000084400000, 0x0000000084500000|  0%| F|  |TAMS 0x0000000084400000, 0x0000000084400000| Untracked 
|   5|0x0000000084500000, 0x0000000084500000, 0x0000000084600000|  0%| F|  |TAMS 0x0000000084500000, 0x0000000084500000| Untracked 
|   6|0x0000000084600000, 0x0000000084600000, 0x0000000084700000|  0%| F|  |TAMS 0x0000000084600000, 0x0000000084600000| Untracked 
|   7|0x0000000084700000, 0x0000000084700000, 0x0000000084800000|  0%| F|  |TAMS 0x0000000084700000, 0x0000000084700000| Untracked 
|   8|0x0000000084800000, 0x0000000084800000, 0x0000000084900000|  0%| F|  |TAMS 0x0000000084800000, 0x0000000084800000| Untracked 
|   9|0x0000000084900000, 0x0000000084900000, 0x0000000084a00000|  0%| F|  |TAMS 0x0000000084900000, 0x0000000084900000| Untracked 
|  10|0x0000000084a00000, 0x0000000084a00000, 0x0000000084b00000|  0%| F|  |TAMS 0x0000000084a00000, 0x0000000084a00000| Untracked 
|  11|0x0000000084b00000, 0x0000000084b00000, 0x0000000084c00000|  0%| F|  |TAMS 0x0000000084b00000, 0x0000000084b00000| Untracked 
|  12|0x0000000084c00000, 0x0000000084c00000, 0x0000000084d00000|  0%| F|  |TAMS 0x0000000084c00000, 0x0000000084c00000| Untracked 
|  13|0x0000000084d00000, 0x0000000084d00000, 0x0000000084e00000|  0%| F|  |TAMS 0x0000000084d00000, 0x0000000084d00000| Untracked 
|  14|0x0000000084e00000, 0x0000000084e00000, 0x0000000084f00000|  0%| F|  |TAMS 0x0000000084e00000, 0x0000000084e00000| Untracked 
|  15|0x0000000084f00000, 0x0000000084f00000, 0x0000000085000000|  0%| F|  |TAMS 0x0000000084f00000, 0x0000000084f00000| Untracked 
|  16|0x0000000085000000, 0x0000000085000000, 0x0000000085100000|  0%| F|  |TAMS 0x0000000085000000, 0x0000000085000000| Untracked 
|  17|0x0000000085100000, 0x0000000085100000, 0x0000000085200000|  0%| F|  |TAMS 0x0000000085100000, 0x0000000085100000| Untracked 
|  18|0x0000000085200000, 0x0000000085200000, 0x0000000085300000|  0%| F|  |TAMS 0x0000000085200000, 0x0000000085200000| Untracked 
|  19|0x0000000085300000, 0x0000000085300000, 0x0000000085400000|  0%| F|  |TAMS 0x0000000085300000, 0x0000000085300000| Untracked 
|  20|0x0000000085400000, 0x0000000085400000, 0x0000000085500000|  0%| F|  |TAMS 0x0000000085400000, 0x0000000085400000| Untracked 
|  21|0x0000000085500000, 0x0000000085500000, 0x0000000085600000|  0%| F|  |TAMS 0x0000000085500000, 0x0000000085500000| Untracked 
|  22|0x0000000085600000, 0x0000000085600000, 0x0000000085700000|  0%| F|  |TAMS 0x0000000085600000, 0x0000000085600000| Untracked 
|  23|0x0000000085700000, 0x0000000085700000, 0x0000000085800000|  0%| F|  |TAMS 0x0000000085700000, 0x0000000085700000| Untracked 
|  24|0x0000000085800000, 0x0000000085800000, 0x0000000085900000|  0%| F|  |TAMS 0x0000000085800000, 0x0000000085800000| Untracked 
|  25|0x0000000085900000, 0x0000000085900000, 0x0000000085a00000|  0%| F|  |TAMS 0x0000000085900000, 0x0000000085900000| Untracked 
|  26|0x0000000085a00000, 0x0000000085a00000, 0x0000000085b00000|  0%| F|  |TAMS 0x0000000085a00000, 0x0000000085a00000| Untracked 
|  27|0x0000000085b00000, 0x0000000085b00000, 0x0000000085c00000|  0%| F|  |TAMS 0x0000000085b00000, 0x0000000085b00000| Untracked 
|  28|0x0000000085c00000, 0x0000000085c00000, 0x0000000085d00000|  0%| F|  |TAMS 0x0000000085c00000, 0x0000000085c00000| Untracked 
|  29|0x0000000085d00000, 0x0000000085d00000, 0x0000000085e00000|  0%| F|  |TAMS 0x0000000085d00000, 0x0000000085d00000| Untracked 
|  30|0x0000000085e00000, 0x0000000085e00000, 0x0000000085f00000|  0%| F|  |TAMS 0x0000000085e00000, 0x0000000085e00000| Untracked 
|  31|0x0000000085f00000, 0x0000000085f00000, 0x0000000086000000|  0%| F|  |TAMS 0x0000000085f00000, 0x0000000085f00000| Untracked 
|  32|0x0000000086000000, 0x0000000086000000, 0x0000000086100000|  0%| F|  |TAMS 0x0000000086000000, 0x0000000086000000| Untracked 
|  33|0x0000000086100000, 0x0000000086100000, 0x0000000086200000|  0%| F|  |TAMS 0x0000000086100000, 0x0000000086100000| Untracked 
|  34|0x0000000086200000, 0x0000000086200000, 0x0000000086300000|  0%| F|  |TAMS 0x0000000086200000, 0x0000000086200000| Untracked 
|  35|0x0000000086300000, 0x0000000086300000, 0x0000000086400000|  0%| F|  |TAMS 0x0000000086300000, 0x0000000086300000| Untracked 
|  36|0x0000000086400000, 0x0000000086400000, 0x0000000086500000|  0%| F|  |TAMS 0x0000000086400000, 0x0000000086400000| Untracked 
|  37|0x0000000086500000, 0x0000000086500000, 0x0000000086600000|  0%| F|  |TAMS 0x0000000086500000, 0x0000000086500000| Untracked 
|  38|0x0000000086600000, 0x0000000086600000, 0x0000000086700000|  0%| F|  |TAMS 0x0000000086600000, 0x0000000086600000| Untracked 
|  39|0x0000000086700000, 0x0000000086700000, 0x0000000086800000|  0%| F|  |TAMS 0x0000000086700000, 0x0000000086700000| Untracked 
|  40|0x0000000086800000, 0x0000000086800000, 0x0000000086900000|  0%| F|  |TAMS 0x0000000086800000, 0x0000000086800000| Untracked 
|  41|0x0000000086900000, 0x0000000086900000, 0x0000000086a00000|  0%| F|  |TAMS 0x0000000086900000, 0x0000000086900000| Untracked 
|  42|0x0000000086a00000, 0x0000000086a00000, 0x0000000086b00000|  0%| F|  |TAMS 0x0000000086a00000, 0x0000000086a00000| Untracked 
|  43|0x0000000086b00000, 0x0000000086b00000, 0x0000000086c00000|  0%| F|  |TAMS 0x0000000086b00000, 0x0000000086b00000| Untracked 
|  44|0x0000000086c00000, 0x0000000086c00000, 0x0000000086d00000|  0%| F|  |TAMS 0x0000000086c00000, 0x0000000086c00000| Untracked 
|  45|0x0000000086d00000, 0x0000000086d00000, 0x0000000086e00000|  0%| F|  |TAMS 0x0000000086d00000, 0x0000000086d00000| Untracked 
|  46|0x0000000086e00000, 0x0000000086e00000, 0x0000000086f00000|  0%| F|  |TAMS 0x0000000086e00000, 0x0000000086e00000| Untracked 
|  47|0x0000000086f00000, 0x0000000086f00000, 0x0000000087000000|  0%| F|  |TAMS 0x0000000086f00000, 0x0000000086f00000| Untracked 
|  48|0x0000000087000000, 0x0000000087000000, 0x0000000087100000|  0%| F|  |TAMS 0x0000000087000000, 0x0000000087000000| Untracked 
|  49|0x0000000087100000, 0x0000000087100000, 0x0000000087200000|  0%| F|  |TAMS 0x0000000087100000, 0x0000000087100000| Untracked 
|  50|0x0000000087200000, 0x0000000087200000, 0x0000000087300000|  0%| F|  |TAMS 0x0000000087200000, 0x0000000087200000| Untracked 
|  51|0x0000000087300000, 0x0000000087300000, 0x0000000087400000|  0%| F|  |TAMS 0x0000000087300000, 0x0000000087300000| Untracked 
|  52|0x0000000087400000, 0x0000000087400000, 0x0000000087500000|  0%| F|  |TAMS 0x0000000087400000, 0x0000000087400000| Untracked 
|  53|0x0000000087500000, 0x0000000087500000, 0x0000000087600000|  0%| F|  |TAMS 0x0000000087500000, 0x0000000087500000| Untracked 
|  54|0x0000000087600000, 0x0000000087600000, 0x0000000087700000|  0%| F|  |TAMS 0x0000000087600000, 0x0000000087600000| Untracked 
|  55|0x0000000087700000, 0x0000000087700000, 0x0000000087800000|  0%| F|  |TAMS 0x0000000087700000, 0x0000000087700000| Untracked 
|  56|0x0000000087800000, 0x0000000087800000, 0x0000000087900000|  0%| F|  |TAMS 0x0000000087800000, 0x0000000087800000| Untracked 
|  57|0x0000000087900000, 0x0000000087900000, 0x0000000087a00000|  0%| F|  |TAMS 0x0000000087900000, 0x0000000087900000| Untracked 
|  58|0x0000000087a00000, 0x0000000087a00000, 0x0000000087b00000|  0%| F|  |TAMS 0x0000000087a00000, 0x0000000087a00000| Untracked 
|  59|0x0000000087b00000, 0x0000000087b00000, 0x0000000087c00000|  0%| F|  |TAMS 0x0000000087b00000, 0x0000000087b00000| Untracked 
|  60|0x0000000087c00000, 0x0000000087c00000, 0x0000000087d00000|  0%| F|  |TAMS 0x0000000087c00000, 0x0000000087c00000| Untracked 
|  61|0x0000000087d00000, 0x0000000087d00000, 0x0000000087e00000|  0%| F|  |TAMS 0x0000000087d00000, 0x0000000087d00000| Untracked 
|  62|0x0000000087e00000, 0x0000000087e00000, 0x0000000087f00000|  0%| F|  |TAMS 0x0000000087e00000, 0x0000000087e00000| Untracked 
|  63|0x0000000087f00000, 0x0000000087f00000, 0x0000000088000000|  0%| F|  |TAMS 0x0000000087f00000, 0x0000000087f00000| Untracked 
|  64|0x0000000088000000, 0x0000000088000000, 0x0000000088100000|  0%| F|  |TAMS 0x0000000088000000, 0x0000000088000000| Untracked 
|  65|0x0000000088100000, 0x0000000088100000, 0x0000000088200000|  0%| F|  |TAMS 0x0000000088100000, 0x0000000088100000| Untracked 
|  66|0x0000000088200000, 0x0000000088200000, 0x0000000088300000|  0%| F|  |TAMS 0x0000000088200000, 0x0000000088200000| Untracked 
|  67|0x0000000088300000, 0x0000000088300000, 0x0000000088400000|  0%| F|  |TAMS 0x0000000088300000, 0x0000000088300000| Untracked 
|  68|0x0000000088400000, 0x0000000088400000, 0x0000000088500000|  0%| F|  |TAMS 0x0000000088400000, 0x0000000088400000| Untracked 
|  69|0x0000000088500000, 0x0000000088500000, 0x0000000088600000|  0%| F|  |TAMS 0x0000000088500000, 0x0000000088500000| Untracked 
|  70|0x0000000088600000, 0x0000000088600000, 0x0000000088700000|  0%| F|  |TAMS 0x0000000088600000, 0x0000000088600000| Untracked 
|  71|0x0000000088700000, 0x0000000088700000, 0x0000000088800000|  0%| F|  |TAMS 0x0000000088700000, 0x0000000088700000| Untracked 
|  72|0x0000000088800000, 0x0000000088800000, 0x0000000088900000|  0%| F|  |TAMS 0x0000000088800000, 0x0000000088800000| Untracked 
|  73|0x0000000088900000, 0x0000000088900000, 0x0000000088a00000|  0%| F|  |TAMS 0x0000000088900000, 0x0000000088900000| Untracked 
|  74|0x0000000088a00000, 0x0000000088a00000, 0x0000000088b00000|  0%| F|  |TAMS 0x0000000088a00000, 0x0000000088a00000| Untracked 
|  75|0x0000000088b00000, 0x0000000088b00000, 0x0000000088c00000|  0%| F|  |TAMS 0x0000000088b00000, 0x0000000088b00000| Untracked 
|  76|0x0000000088c00000, 0x0000000088c00000, 0x0000000088d00000|  0%| F|  |TAMS 0x0000000088c00000, 0x0000000088c00000| Untracked 
|  77|0x0000000088d00000, 0x0000000088d00000, 0x0000000088e00000|  0%| F|  |TAMS 0x0000000088d00000, 0x0000000088d00000| Untracked 
|  78|0x0000000088e00000, 0x0000000088e00000, 0x0000000088f00000|  0%| F|  |TAMS 0x0000000088e00000, 0x0000000088e00000| Untracked 
|  79|0x0000000088f00000, 0x0000000088f00000, 0x0000000089000000|  0%| F|  |TAMS 0x0000000088f00000, 0x0000000088f00000| Untracked 
|  80|0x0000000089000000, 0x0000000089000000, 0x0000000089100000|  0%| F|  |TAMS 0x0000000089000000, 0x0000000089000000| Untracked 
|  81|0x0000000089100000, 0x0000000089100000, 0x0000000089200000|  0%| F|  |TAMS 0x0000000089100000, 0x0000000089100000| Untracked 
|  82|0x0000000089200000, 0x0000000089200000, 0x0000000089300000|  0%| F|  |TAMS 0x0000000089200000, 0x0000000089200000| Untracked 
|  83|0x0000000089300000, 0x0000000089300000, 0x0000000089400000|  0%| F|  |TAMS 0x0000000089300000, 0x0000000089300000| Untracked 
|  84|0x0000000089400000, 0x0000000089400000, 0x0000000089500000|  0%| F|  |TAMS 0x0000000089400000, 0x0000000089400000| Untracked 
|  85|0x0000000089500000, 0x0000000089500000, 0x0000000089600000|  0%| F|  |TAMS 0x0000000089500000, 0x0000000089500000| Untracked 
|  86|0x0000000089600000, 0x0000000089600000, 0x0000000089700000|  0%| F|  |TAMS 0x0000000089600000, 0x0000000089600000| Untracked 
|  87|0x0000000089700000, 0x0000000089700000, 0x0000000089800000|  0%| F|  |TAMS 0x0000000089700000, 0x0000000089700000| Untracked 
|  88|0x0000000089800000, 0x0000000089800000, 0x0000000089900000|  0%| F|  |TAMS 0x0000000089800000, 0x0000000089800000| Untracked 
|  89|0x0000000089900000, 0x0000000089900000, 0x0000000089a00000|  0%| F|  |TAMS 0x0000000089900000, 0x0000000089900000| Untracked 
|  90|0x0000000089a00000, 0x0000000089a00000, 0x0000000089b00000|  0%| F|  |TAMS 0x0000000089a00000, 0x0000000089a00000| Untracked 
|  91|0x0000000089b00000, 0x0000000089b00000, 0x0000000089c00000|  0%| F|  |TAMS 0x0000000089b00000, 0x0000000089b00000| Untracked 
|  92|0x0000000089c00000, 0x0000000089c00000, 0x0000000089d00000|  0%| F|  |TAMS 0x0000000089c00000, 0x0000000089c00000| Untracked 
|  93|0x0000000089d00000, 0x0000000089d00000, 0x0000000089e00000|  0%| F|  |TAMS 0x0000000089d00000, 0x0000000089d00000| Untracked 
|  94|0x0000000089e00000, 0x0000000089ec22a0, 0x0000000089f00000| 75%| E|  |TAMS 0x0000000089e00000, 0x0000000089e00000| Complete 
|  95|0x0000000089f00000, 0x000000008a000000, 0x000000008a000000|100%| E|CS|TAMS 0x0000000089f00000, 0x0000000089f00000| Complete 
|  96|0x000000008a000000, 0x000000008a100000, 0x000000008a100000|100%| E|CS|TAMS 0x000000008a000000, 0x000000008a000000| Complete 
|  97|0x000000008a100000, 0x000000008a200000, 0x000000008a200000|100%| E|CS|TAMS 0x000000008a100000, 0x000000008a100000| Complete 
|  98|0x000000008a200000, 0x000000008a300000, 0x000000008a300000|100%| S|CS|TAMS 0x000000008a200000, 0x000000008a200000| Complete 
|  99|0x000000008a300000, 0x000000008a400000, 0x000000008a400000|100%| S|CS|TAMS 0x000000008a300000, 0x000000008a300000| Complete 
| 100|0x000000008a400000, 0x000000008a500000, 0x000000008a500000|100%| S|CS|TAMS 0x000000008a400000, 0x000000008a400000| Complete 
| 101|0x000000008a500000, 0x000000008a600000, 0x000000008a600000|100%| E|CS|TAMS 0x000000008a500000, 0x000000008a500000| Complete 
| 102|0x000000008a600000, 0x000000008a700000, 0x000000008a700000|100%| E|CS|TAMS 0x000000008a600000, 0x000000008a600000| Complete 
| 103|0x000000008a700000, 0x000000008a800000, 0x000000008a800000|100%| E|CS|TAMS 0x000000008a700000, 0x000000008a700000| Complete 
| 104|0x000000008a800000, 0x000000008a900000, 0x000000008a900000|100%| E|CS|TAMS 0x000000008a800000, 0x000000008a800000| Complete 
| 105|0x000000008a900000, 0x000000008aa00000, 0x000000008aa00000|100%| E|CS|TAMS 0x000000008a900000, 0x000000008a900000| Complete 
| 106|0x000000008aa00000, 0x000000008ab00000, 0x000000008ab00000|100%| E|CS|TAMS 0x000000008aa00000, 0x000000008aa00000| Complete 
| 107|0x000000008ab00000, 0x000000008ac00000, 0x000000008ac00000|100%| E|CS|TAMS 0x000000008ab00000, 0x000000008ab00000| Complete 
| 108|0x000000008ac00000, 0x000000008ad00000, 0x000000008ad00000|100%| E|CS|TAMS 0x000000008ac00000, 0x000000008ac00000| Complete 
| 109|0x000000008ad00000, 0x000000008ae00000, 0x000000008ae00000|100%| E|CS|TAMS 0x000000008ad00000, 0x000000008ad00000| Complete 
| 110|0x000000008ae00000, 0x000000008af00000, 0x000000008af00000|100%| E|CS|TAMS 0x000000008ae00000, 0x000000008ae00000| Complete 
| 111|0x000000008af00000, 0x000000008b000000, 0x000000008b000000|100%| E|CS|TAMS 0x000000008af00000, 0x000000008af00000| Complete 
| 112|0x000000008b000000, 0x000000008b100000, 0x000000008b100000|100%| E|CS|TAMS 0x000000008b000000, 0x000000008b000000| Complete 
| 113|0x000000008b100000, 0x000000008b200000, 0x000000008b200000|100%| E|CS|TAMS 0x000000008b100000, 0x000000008b100000| Complete 
| 114|0x000000008b200000, 0x000000008b300000, 0x000000008b300000|100%| E|CS|TAMS 0x000000008b200000, 0x000000008b200000| Complete 
| 115|0x000000008b300000, 0x000000008b400000, 0x000000008b400000|100%| E|CS|TAMS 0x000000008b300000, 0x000000008b300000| Complete 
| 116|0x000000008b400000, 0x000000008b500000, 0x000000008b500000|100%| E|CS|TAMS 0x000000008b400000, 0x000000008b400000| Complete 
| 117|0x000000008b500000, 0x000000008b600000, 0x000000008b600000|100%| E|CS|TAMS 0x000000008b500000, 0x000000008b500000| Complete 
| 118|0x000000008b600000, 0x000000008b700000, 0x000000008b700000|100%| E|CS|TAMS 0x000000008b600000, 0x000000008b600000| Complete 
| 119|0x000000008b700000, 0x000000008b800000, 0x000000008b800000|100%| E|CS|TAMS 0x000000008b700000, 0x000000008b700000| Complete 
| 120|0x000000008b800000, 0x000000008b900000, 0x000000008b900000|100%| E|CS|TAMS 0x000000008b800000, 0x000000008b800000| Complete 
| 121|0x000000008b900000, 0x000000008ba00000, 0x000000008ba00000|100%| E|CS|TAMS 0x000000008b900000, 0x000000008b900000| Complete 
| 122|0x000000008ba00000, 0x000000008bb00000, 0x000000008bb00000|100%| E|CS|TAMS 0x000000008ba00000, 0x000000008ba00000| Complete 
| 123|0x000000008bb00000, 0x000000008bc00000, 0x000000008bc00000|100%| E|CS|TAMS 0x000000008bb00000, 0x000000008bb00000| Complete 

Card table byte_map: [0x0000024d40e20000,0x0000024d41200000] _byte_map_base: 0x0000024d40a00000

Marking Bits (Prev, Next): (CMBitMap*) 0x0000024d2c044a90, (CMBitMap*) 0x0000024d2c044ad0
 Prev Bits: [0x0000024d415e0000, 0x0000024d434e0000)
 Next Bits: [0x0000024d434e0000, 0x0000024d453e0000)

Polling page: 0x0000024d2c0a0000

Metaspace:

Usage:
  Non-class:     17.36 MB used.
      Class:      2.72 MB used.
       Both:     20.08 MB used.

Virtual space:
  Non-class space:       64.00 MB reserved,      17.44 MB ( 27%) committed,  1 nodes.
      Class space:        1.00 GB reserved,       2.81 MB ( <1%) committed,  1 nodes.
             Both:        1.06 GB reserved,      20.25 MB (  2%) committed. 

Chunk freelists:
   Non-Class:  14.05 MB
       Class:  13.20 MB
        Both:  27.25 MB

MaxMetaspaceSize: unlimited
CompressedClassSpaceSize: 1.00 GB
Initial GC threshold: 21.00 MB
Current GC threshold: 21.00 MB
CDS: off
MetaspaceReclaimPolicy: balanced
 - commit_granule_bytes: 65536.
 - commit_granule_words: 8192.
 - virtual_space_node_default_size: 8388608.
 - enlarge_chunks_in_place: 1.
 - new_chunks_are_fully_committed: 0.
 - uncommit_free_chunks: 1.
 - use_allocation_guard: 0.
 - handle_deallocations: 1.


Internal statistics:

num_allocs_failed_limit: 0.
num_arena_births: 146.
num_arena_deaths: 0.
num_vsnodes_births: 2.
num_vsnodes_deaths: 0.
num_space_committed: 324.
num_space_uncommitted: 0.
num_chunks_returned_to_freelist: 0.
num_chunks_taken_from_freelist: 581.
num_chunk_merges: 0.
num_chunk_splits: 404.
num_chunks_enlarged: 309.
num_inconsistent_stats: 0.

CodeHeap 'non-profiled nmethods': size=120000Kb used=546Kb max_used=546Kb free=119453Kb
 bounds [0x0000024d38aa0000, 0x0000024d38d10000, 0x0000024d3ffd0000]
CodeHeap 'profiled nmethods': size=120000Kb used=2559Kb max_used=2559Kb free=117440Kb
 bounds [0x0000024d30fd0000, 0x0000024d31250000, 0x0000024d38500000]
CodeHeap 'non-nmethods': size=5760Kb used=1347Kb max_used=1368Kb free=4413Kb
 bounds [0x0000024d38500000, 0x0000024d38770000, 0x0000024d38aa0000]
 total_blobs=2140 nmethods=1463 adapters=590
 compilation: enabled
              stopped_count=0, restarted_count=0
 full_count=0

Compilation events (20 events):
Event: 1.363 Thread 0x0000024d48075170 nmethod 1453 0x0000024d3124c510 code [0x0000024d3124c6c0, 0x0000024d3124ca38]
Event: 1.363 Thread 0x0000024d48075170 1455       3       javafx.beans.property.BooleanProperty::<init> (5 bytes)
Event: 1.363 Thread 0x0000024d48075170 nmethod 1455 0x0000024d3124cb90 code [0x0000024d3124cd40, 0x0000024d3124cf78]
Event: 1.363 Thread 0x0000024d48075170 1456       1       javafx.scene.Node::getSubScene (5 bytes)
Event: 1.363 Thread 0x0000024d48075170 nmethod 1456 0x0000024d38b28210 code [0x0000024d38b283a0, 0x0000024d38b28478]
Event: 1.364 Thread 0x0000024d48075170 1457       3       javafx.css.CompoundSelector::applies (143 bytes)
Event: 1.364 Thread 0x0000024d48075170 nmethod 1457 0x0000024d3124d090 code [0x0000024d3124d2a0, 0x0000024d3124dac8]
Event: 1.364 Thread 0x0000024d48075170 1458       3       java.util.HashMap::hash (20 bytes)
Event: 1.364 Thread 0x0000024d48061810 nmethod 1452 0x0000024d38b28510 code [0x0000024d38b286a0, 0x0000024d38b28858]
Event: 1.364 Thread 0x0000024d48075170 nmethod 1458 0x0000024d3124dd90 code [0x0000024d3124df40, 0x0000024d3124e148]
Event: 1.364 Thread 0x0000024d48075170 1459       3       java.nio.HeapByteBuffer::ix (7 bytes)
Event: 1.364 Thread 0x0000024d48075170 nmethod 1459 0x0000024d3124e210 code [0x0000024d3124e3a0, 0x0000024d3124e4b8]
Event: 1.364 Thread 0x0000024d48075170 1461       3       java.nio.HeapByteBuffer::get (14 bytes)
Event: 1.365 Thread 0x0000024d48075170 nmethod 1461 0x0000024d3124e590 code [0x0000024d3124e760, 0x0000024d3124ea48]
Event: 1.365 Thread 0x0000024d48075170 1460       3       java.lang.Character::isSurrogate (18 bytes)
Event: 1.365 Thread 0x0000024d48075170 nmethod 1460 0x0000024d3124ec10 code [0x0000024d3124eda0, 0x0000024d3124ef38]
Event: 1.365 Thread 0x0000024d48075170 1462       3       com.sun.javafx.scene.NodeHelper::getHelper (59 bytes)
Event: 1.365 Thread 0x0000024d48075170 nmethod 1462 0x0000024d3124f010 code [0x0000024d3124f200, 0x0000024d3124f7f8]
Event: 1.366 Thread 0x0000024d48075170 1463       3       java.util.HashMap::get (19 bytes)
Event: 1.367 Thread 0x0000024d48075170 nmethod 1463 0x0000024d3124fa10 code [0x0000024d3124fbc0, 0x0000024d3124fd88]

GC Heap History (2 events):
Event: 0.828 GC heap before
{Heap before GC invocations=0 (full 0):
 garbage-first heap   total 126976K, used 23552K [0x0000000084000000, 0x0000000100000000)
  region size 1024K, 23 young (23552K), 0 survivors (0K)
 Metaspace       used 13086K, committed 13312K, reserved 1114112K
  class space    used 1356K, committed 1472K, reserved 1048576K
}
Event: 0.831 GC heap after
{Heap after GC invocations=1 (full 0):
 garbage-first heap   total 126976K, used 3083K [0x0000000084000000, 0x0000000100000000)
  region size 1024K, 3 young (3072K), 3 survivors (3072K)
 Metaspace       used 13086K, committed 13312K, reserved 1114112K
  class space    used 1356K, committed 1472K, reserved 1048576K
}

Dll operation events (2 events):
Event: 0.011 Loaded shared library C:\Users\asmab\.jdks\jbr-17.0.8\bin\java.dll
Event: 0.043 Loaded shared library C:\Users\asmab\.jdks\jbr-17.0.8\bin\jsvml.dll

Deoptimization events (20 events):
Event: 1.346 Thread 0x0000024d48ab6060 Uncommon trap: trap_request=0xffffffde fr.pc=0x0000024d38b1d12c relative=0x000000000000010c
Event: 1.346 Thread 0x0000024d48ab6060 Uncommon trap: reason=class_check action=maybe_recompile pc=0x0000024d38b1d12c method=java.util.Collections$UnmodifiableCollection$1.hasNext()Z @ 4 c2
Event: 1.346 Thread 0x0000024d48ab6060 DEOPT PACKING pc=0x0000024d38b1d12c sp=0x0000009f432fd5e0
Event: 1.346 Thread 0x0000024d48ab6060 DEOPT UNPACKING pc=0x0000024d3855a1a3 sp=0x0000009f432fd580 mode 2
Event: 1.353 Thread 0x0000024d48ab6060 Uncommon trap: trap_request=0xffffff45 fr.pc=0x0000024d38abe058 relative=0x0000000000000dd8
Event: 1.353 Thread 0x0000024d48ab6060 Uncommon trap: reason=unstable_if action=reinterpret pc=0x0000024d38abe058 method=java.util.HashMap.hash(Ljava/lang/Object;)I @ 1 c2
Event: 1.353 Thread 0x0000024d48ab6060 DEOPT PACKING pc=0x0000024d38abe058 sp=0x0000009f432fd000
Event: 1.353 Thread 0x0000024d48ab6060 DEOPT UNPACKING pc=0x0000024d3855a1a3 sp=0x0000009f432fcfa0 mode 2
Event: 1.356 Thread 0x0000024d48ab6060 Uncommon trap: trap_request=0xffffff45 fr.pc=0x0000024d38af73cc relative=0x000000000000048c
Event: 1.356 Thread 0x0000024d48ab6060 Uncommon trap: reason=unstable_if action=reinterpret pc=0x0000024d38af73cc method=java.util.HashMap.hash(Ljava/lang/Object;)I @ 1 c2
Event: 1.356 Thread 0x0000024d48ab6060 DEOPT PACKING pc=0x0000024d38af73cc sp=0x0000009f432fcf90
Event: 1.356 Thread 0x0000024d48ab6060 DEOPT UNPACKING pc=0x0000024d3855a1a3 sp=0x0000009f432fce38 mode 2
Event: 1.363 Thread 0x0000024d48ab6060 Uncommon trap: trap_request=0xffffff45 fr.pc=0x0000024d38af3e18 relative=0x0000000000000458
Event: 1.363 Thread 0x0000024d48ab6060 Uncommon trap: reason=unstable_if action=reinterpret pc=0x0000024d38af3e18 method=java.util.HashMap.hash(Ljava/lang/Object;)I @ 1 c2
Event: 1.363 Thread 0x0000024d48ab6060 DEOPT PACKING pc=0x0000024d38af3e18 sp=0x0000009f432fd000
Event: 1.363 Thread 0x0000024d48ab6060 DEOPT UNPACKING pc=0x0000024d3855a1a3 sp=0x0000009f432fcf18 mode 2
Event: 1.363 Thread 0x0000024d48ab6060 Uncommon trap: trap_request=0xffffff45 fr.pc=0x0000024d38abf414 relative=0x0000000000000094
Event: 1.363 Thread 0x0000024d48ab6060 Uncommon trap: reason=unstable_if action=reinterpret pc=0x0000024d38abf414 method=java.util.HashMap.hash(Ljava/lang/Object;)I @ 1 c2
Event: 1.363 Thread 0x0000024d48ab6060 DEOPT PACKING pc=0x0000024d38abf414 sp=0x0000009f432fd020
Event: 1.363 Thread 0x0000024d48ab6060 DEOPT UNPACKING pc=0x0000024d3855a1a3 sp=0x0000009f432fcfb8 mode 2

Classes unloaded (0 events):
No events

Classes redefined (0 events):
No events

Internal exceptions (20 events):
Event: 0.727 Thread 0x0000024d2bfe9c00 Exception <a 'java/lang/NoSuchMethodError'{0x000000008aaf3400}: 'java.lang.Object java.lang.invoke.DirectMethodHandle$Holder.newInvokeSpecial(java.lang.Object, java.lang.Object, java.lang.Object, java.lang.Object, java.lang.Object, java.lang.Object)'> (0x000000008aaf3400) 
thrown [s\src\hotspot\share\interpreter\linkResolver.cpp, line 771]
Event: 0.734 Thread 0x0000024d2bfe9c00 Exception <a 'java/lang/NoSuchMethodError'{0x000000008a924478}: 'java.lang.Object java.lang.invoke.DirectMethodHandle$Holder.newInvokeSpecial(java.lang.Object, java.lang.Object, java.lang.Object, java.lang.Object, java.lang.Object)'> (0x000000008a924478) 
thrown [s\src\hotspot\share\interpreter\linkResolver.cpp, line 771]
Event: 0.735 Thread 0x0000024d48c0b5d0 Exception <a 'java/lang/NoSuchMethodError'{0x000000008a97f010}: 'void java.lang.invoke.DirectMethodHandle$Holder.invokeStatic(java.lang.Object, java.lang.Object, java.lang.Object, java.lang.Object)'> (0x000000008a97f010) 
thrown [s\src\hotspot\share\interpreter\linkResolver.cpp, line 771]
Event: 0.857 Thread 0x0000024d48ab6060 Exception <a 'java/lang/NoSuchMethodError'{0x000000008bafed48}: 'java.lang.Object java.lang.invoke.DirectMethodHandle$Holder.invokeStaticInit(java.lang.Object, java.lang.Object, java.lang.Object, java.lang.Object)'> (0x000000008bafed48) 
thrown [s\src\hotspot\share\interpreter\linkResolver.cpp, line 771]
Event: 0.858 Thread 0x0000024d48ab6060 Exception <a 'java/lang/NullPointerException'{0x000000008b90cca0}> (0x000000008b90cca0) 
thrown [s\src\hotspot\share\interpreter\linkResolver.cpp, line 1362]
Event: 0.876 Thread 0x0000024d48ab6060 Exception <a 'java/lang/ClassNotFoundException'{0x000000008b8260f8}: com/sun/glass/ui/win/themes> (0x000000008b8260f8) 
thrown [s\src\hotspot\share\prims\jni.cpp, line 536]
Event: 0.877 Thread 0x0000024d48ab6060 Exception <a 'java/lang/ClassNotFoundException'{0x000000008b8323a8}: com/sun/glass/ui/win/themes_fr> (0x000000008b8323a8) 
thrown [s\src\hotspot\share\prims\jni.cpp, line 536]
Event: 0.878 Thread 0x0000024d48ab6060 Exception <a 'java/lang/ClassNotFoundException'{0x000000008b83a470}: com/sun/glass/ui/win/themes_fr_FR> (0x000000008b83a470) 
thrown [s\src\hotspot\share\prims\jni.cpp, line 536]
Event: 0.956 Thread 0x0000024d48ab6060 Exception <a 'java/lang/NoSuchMethodError'{0x000000008b388648}: 'void java.lang.invoke.DirectMethodHandle$Holder.invokeStaticInit(java.lang.Object, java.lang.Object)'> (0x000000008b388648) 
thrown [s\src\hotspot\share\interpreter\linkResolver.cpp, line 771]
Event: 0.962 Thread 0x0000024d48ab6060 Exception <a 'java/lang/NoSuchMethodError'{0x000000008b211f78}: 'void java.lang.invoke.DirectMethodHandle$Holder.invokeSpecial(java.lang.Object, java.lang.Object, java.lang.Object, java.lang.Object, java.lang.Object)'> (0x000000008b211f78) 
thrown [s\src\hotspot\share\interpreter\linkResolver.cpp, line 771]
Event: 1.272 Thread 0x0000024d48ab6060 Exception <a 'java/lang/NoSuchMethodError'{0x000000008a77b608}: 'java.lang.Object java.lang.invoke.DirectMethodHandle$Holder.invokeInterface(java.lang.Object, java.lang.Object, java.lang.Object)'> (0x000000008a77b608) 
thrown [s\src\hotspot\share\interpreter\linkResolver.cpp, line 771]
Event: 1.273 Thread 0x0000024d48ab6060 Exception <a 'java/lang/IncompatibleClassChangeError'{0x000000008a77ef90}: Found class java.lang.Object, but interface was expected> (0x000000008a77ef90) 
thrown [s\src\hotspot\share\interpreter\linkResolver.cpp, line 838]
Event: 1.317 Thread 0x0000024d48ab6060 Exception <a 'java/lang/ClassNotFoundException'{0x000000008a573620}: com/sun/javafx/scene/control/skin/resources/controls> (0x000000008a573620) 
thrown [s\src\hotspot\share\prims\jni.cpp, line 536]
Event: 1.318 Thread 0x0000024d48ab6060 Exception <a 'java/lang/ClassNotFoundException'{0x000000008a581a50}: com/sun/javafx/scene/control/skin/resources/controls_fr> (0x000000008a581a50) 
thrown [s\src\hotspot\share\prims\jni.cpp, line 536]
Event: 1.319 Thread 0x0000024d48ab6060 Exception <a 'java/lang/ClassNotFoundException'{0x000000008a58f788}: com/sun/javafx/scene/control/skin/resources/controls_fr_FR> (0x000000008a58f788) 
thrown [s\src\hotspot\share\prims\jni.cpp, line 536]
Event: 1.353 Thread 0x0000024d48ab6060 Implicit null exception at 0x0000024d38abd2be to 0x0000024d38abe03c
Event: 1.356 Thread 0x0000024d48ab6060 Implicit null exception at 0x0000024d38af6f8c to 0x0000024d38af73b0
Event: 1.358 Thread 0x0000024d48ab6060 Exception <a 'java/lang/NoSuchMethodError'{0x000000008a058b88}: 'void java.lang.invoke.DirectMethodHandle$Holder.invokeSpecial(java.lang.Object, java.lang.Object, java.lang.Object, java.lang.Object, java.lang.Object, java.lang.Object)'> (0x000000008a058b88) 
thrown [s\src\hotspot\share\interpreter\linkResolver.cpp, line 771]
Event: 1.363 Thread 0x0000024d48ab6060 Implicit null exception at 0x0000024d38af3a0e to 0x0000024d38af3dfc
Event: 1.363 Thread 0x0000024d48ab6060 Implicit null exception at 0x0000024d38abf38f to 0x0000024d38abf405

VM Operations (12 events):
Event: 0.233 Executing VM operation: HandshakeAllThreads
Event: 0.233 Executing VM operation: HandshakeAllThreads done
Event: 0.288 Executing VM operation: HandshakeAllThreads
Event: 0.288 Executing VM operation: HandshakeAllThreads done
Event: 0.648 Executing VM operation: HandshakeAllThreads
Event: 0.648 Executing VM operation: HandshakeAllThreads done
Event: 0.828 Executing VM operation: G1CollectForAllocation
Event: 0.831 Executing VM operation: G1CollectForAllocation done
Event: 0.906 Executing VM operation: HandshakeAllThreads
Event: 0.906 Executing VM operation: HandshakeAllThreads done
Event: 1.244 Executing VM operation: ICBufferFull
Event: 1.244 Executing VM operation: ICBufferFull done

Events (20 events):
Event: 1.094 loading class sun/util/logging/PlatformLogger$ConfigurableBridge$LoggerConfiguration
Event: 1.094 loading class sun/util/logging/PlatformLogger$ConfigurableBridge$LoggerConfiguration done
Event: 1.094 loading class sun/util/logging/internal/LoggingProviderImpl$JULWrapper done
Event: 1.099 loading class java/io/CharArrayReader
Event: 1.099 loading class java/io/CharArrayReader done
Event: 1.110 loading class java/lang/invoke/MethodHandle$1
Event: 1.110 loading class java/lang/invoke/MethodHandle$1 done
Event: 1.121 loading class java/lang/System$Logger$Level
Event: 1.121 loading class java/lang/System$Logger$Level done
Event: 1.162 loading class java/util/ResourceBundle$3
Event: 1.162 loading class java/util/ResourceBundle$3 done
Event: 1.200 loading class java/lang/StrictMath
Event: 1.201 loading class java/lang/StrictMath done
Event: 1.236 loading class jdk/jfr/FlightRecorder
Event: 1.236 loading class jdk/jfr/FlightRecorder done
Event: 1.259 loading class sun/nio/cs/UTF_16BE$Decoder
Event: 1.259 loading class sun/nio/cs/UnicodeDecoder
Event: 1.259 loading class sun/nio/cs/UnicodeDecoder done
Event: 1.259 loading class sun/nio/cs/UTF_16BE$Decoder done
Event: 1.265 Thread 0x0000024d51baf3f0 Thread added: 0x0000024d51baf3f0


Dynamic libraries:
0x00007ff7130f0000 - 0x00007ff7130fa000 	C:\Users\asmab\.jdks\jbr-17.0.8\bin\java.exe
0x00007ff9b0e30000 - 0x00007ff9b1046000 	C:\WINDOWS\SYSTEM32\ntdll.dll
0x00007ff9b00d0000 - 0x00007ff9b0194000 	C:\WINDOWS\System32\KERNEL32.DLL
0x00007ff9ae550000 - 0x00007ff9ae8f6000 	C:\WINDOWS\System32\KERNELBASE.dll
0x00007ff9ae310000 - 0x00007ff9ae421000 	C:\WINDOWS\System32\ucrtbase.dll
0x00007ff9a7930000 - 0x00007ff9a7947000 	C:\Users\asmab\.jdks\jbr-17.0.8\bin\jli.dll
0x00007ff9a7910000 - 0x00007ff9a792b000 	C:\Users\asmab\.jdks\jbr-17.0.8\bin\VCRUNTIME140.dll
0x00007ff9b0680000 - 0x00007ff9b082d000 	C:\WINDOWS\System32\USER32.dll
0x00007ff9aeae0000 - 0x00007ff9aeb06000 	C:\WINDOWS\System32\win32u.dll
0x00007ff998dd0000 - 0x00007ff999063000 	C:\WINDOWS\WinSxS\amd64_microsoft.windows.common-controls_6595b64144ccf1df_6.0.22621.3235_none_270f74e173860f98\COMCTL32.dll
0x00007ff9af790000 - 0x00007ff9af7b9000 	C:\WINDOWS\System32\GDI32.dll
0x00007ff9aff70000 - 0x00007ff9b0017000 	C:\WINDOWS\System32\msvcrt.dll
0x00007ff9ae900000 - 0x00007ff9aea18000 	C:\WINDOWS\System32\gdi32full.dll
0x00007ff9ae430000 - 0x00007ff9ae4ca000 	C:\WINDOWS\System32\msvcp_win.dll
0x00007ff9aed40000 - 0x00007ff9aed71000 	C:\WINDOWS\System32\IMM32.DLL
0x00007ff99ac60000 - 0x00007ff99ac6c000 	C:\Users\asmab\.jdks\jbr-17.0.8\bin\vcruntime140_1.dll
0x00007ff9a71a0000 - 0x00007ff9a722d000 	C:\Users\asmab\.jdks\jbr-17.0.8\bin\msvcp140.dll
0x00007ff92b4a0000 - 0x00007ff92c123000 	C:\Users\asmab\.jdks\jbr-17.0.8\bin\server\jvm.dll
0x00007ff9b01b0000 - 0x00007ff9b0262000 	C:\WINDOWS\System32\ADVAPI32.dll
0x00007ff9b0940000 - 0x00007ff9b09e8000 	C:\WINDOWS\System32\sechost.dll
0x00007ff9ae2e0000 - 0x00007ff9ae308000 	C:\WINDOWS\System32\bcrypt.dll
0x00007ff9aed80000 - 0x00007ff9aee95000 	C:\WINDOWS\System32\RPCRT4.dll
0x00007ff9ae040000 - 0x00007ff9ae08d000 	C:\WINDOWS\SYSTEM32\POWRPROF.dll
0x00007ff9a68a0000 - 0x00007ff9a68d4000 	C:\WINDOWS\SYSTEM32\WINMM.dll
0x00007ff991950000 - 0x00007ff991959000 	C:\WINDOWS\SYSTEM32\WSOCK32.dll
0x00007ff9a5030000 - 0x00007ff9a503a000 	C:\WINDOWS\SYSTEM32\VERSION.dll
0x00007ff9b0600000 - 0x00007ff9b0671000 	C:\WINDOWS\System32\WS2_32.dll
0x00007ff9ae020000 - 0x00007ff9ae033000 	C:\WINDOWS\SYSTEM32\UMPDC.dll
0x00007ff9ad170000 - 0x00007ff9ad188000 	C:\WINDOWS\SYSTEM32\kernel.appcore.dll
0x00007ff9a7130000 - 0x00007ff9a713a000 	C:\Users\asmab\.jdks\jbr-17.0.8\bin\jimage.dll
0x00007ff9ab9b0000 - 0x00007ff9abbe3000 	C:\WINDOWS\SYSTEM32\DBGHELP.DLL
0x00007ff9b0270000 - 0x00007ff9b05f8000 	C:\WINDOWS\System32\combase.dll
0x00007ff9b0840000 - 0x00007ff9b0917000 	C:\WINDOWS\System32\OLEAUT32.dll
0x00007ff987550000 - 0x00007ff987582000 	C:\WINDOWS\SYSTEM32\dbgcore.DLL
0x00007ff9ae4d0000 - 0x00007ff9ae54a000 	C:\WINDOWS\System32\bcryptPrimitives.dll
0x00007ff978ba0000 - 0x00007ff978bc5000 	C:\Users\asmab\.jdks\jbr-17.0.8\bin\java.dll
0x00007ff9a7140000 - 0x00007ff9a7158000 	C:\Users\asmab\.jdks\jbr-17.0.8\bin\zip.dll
0x00007ff9789a0000 - 0x00007ff978a77000 	C:\Users\asmab\.jdks\jbr-17.0.8\bin\jsvml.dll
0x00007ff9aef30000 - 0x00007ff9af78d000 	C:\WINDOWS\System32\SHELL32.dll
0x00007ff9ac080000 - 0x00007ff9ac978000 	C:\WINDOWS\SYSTEM32\windows.storage.dll
0x00007ff9abf40000 - 0x00007ff9ac07e000 	C:\WINDOWS\SYSTEM32\wintypes.dll
0x00007ff9b0b90000 - 0x00007ff9b0c83000 	C:\WINDOWS\System32\SHCORE.dll
0x00007ff9b0c90000 - 0x00007ff9b0cee000 	C:\WINDOWS\System32\shlwapi.dll
0x00007ff9ae0a0000 - 0x00007ff9ae0c6000 	C:\WINDOWS\SYSTEM32\profapi.dll
0x00007ff99ac80000 - 0x00007ff99ac99000 	C:\Users\asmab\.jdks\jbr-17.0.8\bin\net.dll
0x00007ff9a72e0000 - 0x00007ff9a7417000 	C:\WINDOWS\SYSTEM32\WINHTTP.dll
0x00007ff9ad5f0000 - 0x00007ff9ad659000 	C:\WINDOWS\system32\mswsock.dll
0x00007ff997690000 - 0x00007ff9976a6000 	C:\Users\asmab\.jdks\jbr-17.0.8\bin\nio.dll
0x0000024d48d40000 - 0x0000024d48d43000 	C:\Users\asmab\.openjfx\cache\21.0.2+5\amd64\api-ms-win-core-console-l1-1-0.dll
0x0000024d48d50000 - 0x0000024d48d53000 	C:\Users\asmab\.openjfx\cache\21.0.2+5\amd64\api-ms-win-core-console-l1-2-0.dll
0x0000024d48d60000 - 0x0000024d48d63000 	C:\Users\asmab\.openjfx\cache\21.0.2+5\amd64\api-ms-win-core-datetime-l1-1-0.dll
0x0000024d48d70000 - 0x0000024d48d73000 	C:\Users\asmab\.openjfx\cache\21.0.2+5\amd64\api-ms-win-core-debug-l1-1-0.dll
0x0000024d48d80000 - 0x0000024d48d83000 	C:\Users\asmab\.openjfx\cache\21.0.2+5\amd64\api-ms-win-core-errorhandling-l1-1-0.dll
0x0000024d48d90000 - 0x0000024d48d94000 	C:\Users\asmab\.openjfx\cache\21.0.2+5\amd64\api-ms-win-core-file-l1-1-0.dll
0x0000024d48da0000 - 0x0000024d48da3000 	C:\Users\asmab\.openjfx\cache\21.0.2+5\amd64\api-ms-win-core-file-l1-2-0.dll
0x0000024d48db0000 - 0x0000024d48db3000 	C:\Users\asmab\.openjfx\cache\21.0.2+5\amd64\api-ms-win-core-file-l2-1-0.dll
0x0000024d48dc0000 - 0x0000024d48dc3000 	C:\Users\asmab\.openjfx\cache\21.0.2+5\amd64\api-ms-win-core-handle-l1-1-0.dll
0x0000024d48dd0000 - 0x0000024d48dd3000 	C:\Users\asmab\.openjfx\cache\21.0.2+5\amd64\api-ms-win-core-heap-l1-1-0.dll
0x0000024d48de0000 - 0x0000024d48de3000 	C:\Users\asmab\.openjfx\cache\21.0.2+5\amd64\api-ms-win-core-interlocked-l1-1-0.dll
0x0000024d48df0000 - 0x0000024d48df3000 	C:\Users\asmab\.openjfx\cache\21.0.2+5\amd64\api-ms-win-core-libraryloader-l1-1-0.dll
0x0000024d48e00000 - 0x0000024d48e03000 	C:\Users\asmab\.openjfx\cache\21.0.2+5\amd64\api-ms-win-core-localization-l1-2-0.dll
0x0000024d48e10000 - 0x0000024d48e13000 	C:\Users\asmab\.openjfx\cache\21.0.2+5\amd64\api-ms-win-core-memory-l1-1-0.dll
0x0000024d48e20000 - 0x0000024d48e23000 	C:\Users\asmab\.openjfx\cache\21.0.2+5\amd64\api-ms-win-core-namedpipe-l1-1-0.dll
0x0000024d48e30000 - 0x0000024d48e33000 	C:\Users\asmab\.openjfx\cache\21.0.2+5\amd64\api-ms-win-core-processenvironment-l1-1-0.dll
0x0000024d48e40000 - 0x0000024d48e43000 	C:\Users\asmab\.openjfx\cache\21.0.2+5\amd64\api-ms-win-core-processthreads-l1-1-0.dll
0x0000024d48e50000 - 0x0000024d48e53000 	C:\Users\asmab\.openjfx\cache\21.0.2+5\amd64\api-ms-win-core-processthreads-l1-1-1.dll
0x0000024d48e60000 - 0x0000024d48e63000 	C:\Users\asmab\.openjfx\cache\21.0.2+5\amd64\api-ms-win-core-profile-l1-1-0.dll
0x0000024d48e70000 - 0x0000024d48e73000 	C:\Users\asmab\.openjfx\cache\21.0.2+5\amd64\api-ms-win-core-rtlsupport-l1-1-0.dll
0x0000024d48e80000 - 0x0000024d48e83000 	C:\Users\asmab\.openjfx\cache\21.0.2+5\amd64\api-ms-win-core-string-l1-1-0.dll
0x0000024d48e90000 - 0x0000024d48e93000 	C:\Users\asmab\.openjfx\cache\21.0.2+5\amd64\api-ms-win-core-synch-l1-1-0.dll
0x0000024d48ea0000 - 0x0000024d48ea3000 	C:\Users\asmab\.openjfx\cache\21.0.2+5\amd64\api-ms-win-core-synch-l1-2-0.dll
0x0000024d48eb0000 - 0x0000024d48eb3000 	C:\Users\asmab\.openjfx\cache\21.0.2+5\amd64\api-ms-win-core-sysinfo-l1-1-0.dll
0x0000024d48ec0000 - 0x0000024d48ec3000 	C:\Users\asmab\.openjfx\cache\21.0.2+5\amd64\api-ms-win-core-timezone-l1-1-0.dll
0x0000024d48ed0000 - 0x0000024d48ed3000 	C:\Users\asmab\.openjfx\cache\21.0.2+5\amd64\api-ms-win-core-util-l1-1-0.dll
0x0000024d48ee0000 - 0x0000024d48ee3000 	C:\Users\asmab\.openjfx\cache\21.0.2+5\amd64\api-ms-win-crt-conio-l1-1-0.dll
0x0000024d48ef0000 - 0x0000024d48ef4000 	C:\Users\asmab\.openjfx\cache\21.0.2+5\amd64\api-ms-win-crt-convert-l1-1-0.dll
0x0000024d48f00000 - 0x0000024d48f03000 	C:\Users\asmab\.openjfx\cache\21.0.2+5\amd64\api-ms-win-crt-environment-l1-1-0.dll
0x0000024d48f10000 - 0x0000024d48f13000 	C:\Users\asmab\.openjfx\cache\21.0.2+5\amd64\api-ms-win-crt-filesystem-l1-1-0.dll
0x0000024d48f20000 - 0x0000024d48f23000 	C:\Users\asmab\.openjfx\cache\21.0.2+5\amd64\api-ms-win-crt-heap-l1-1-0.dll
0x0000024d48f30000 - 0x0000024d48f33000 	C:\Users\asmab\.openjfx\cache\21.0.2+5\amd64\api-ms-win-crt-locale-l1-1-0.dll
0x0000024d48f40000 - 0x0000024d48f45000 	C:\Users\asmab\.openjfx\cache\21.0.2+5\amd64\api-ms-win-crt-math-l1-1-0.dll
0x0000024d48f50000 - 0x0000024d48f55000 	C:\Users\asmab\.openjfx\cache\21.0.2+5\amd64\api-ms-win-crt-multibyte-l1-1-0.dll
0x0000024d48f60000 - 0x0000024d48f70000 	C:\Users\asmab\.openjfx\cache\21.0.2+5\amd64\api-ms-win-crt-private-l1-1-0.dll
0x0000024d48f70000 - 0x0000024d48f73000 	C:\Users\asmab\.openjfx\cache\21.0.2+5\amd64\api-ms-win-crt-process-l1-1-0.dll
0x0000024d48f80000 - 0x0000024d48f84000 	C:\Users\asmab\.openjfx\cache\21.0.2+5\amd64\api-ms-win-crt-runtime-l1-1-0.dll
0x0000024d48f90000 - 0x0000024d48f94000 	C:\Users\asmab\.openjfx\cache\21.0.2+5\amd64\api-ms-win-crt-stdio-l1-1-0.dll
0x0000024d48fa0000 - 0x0000024d48fa4000 	C:\Users\asmab\.openjfx\cache\21.0.2+5\amd64\api-ms-win-crt-string-l1-1-0.dll
0x0000024d48fb0000 - 0x0000024d48fb3000 	C:\Users\asmab\.openjfx\cache\21.0.2+5\amd64\api-ms-win-crt-time-l1-1-0.dll
0x0000024d48fc0000 - 0x0000024d48fc3000 	C:\Users\asmab\.openjfx\cache\21.0.2+5\amd64\api-ms-win-crt-utility-l1-1-0.dll
0x00007ff978aa0000 - 0x00007ff978b9c000 	C:\Users\asmab\.openjfx\cache\21.0.2+5\amd64\ucrtbase.dll
0x00007ff9a7960000 - 0x00007ff9a797b000 	C:\Users\asmab\.openjfx\cache\21.0.2+5\amd64\vcruntime140.dll
0x00007ff9a7160000 - 0x00007ff9a716c000 	C:\Users\asmab\.openjfx\cache\21.0.2+5\amd64\vcruntime140_1.dll
0x00007ff99d200000 - 0x00007ff99d28e000 	C:\Users\asmab\.openjfx\cache\21.0.2+5\amd64\msvcp140.dll
0x00007ff9a2410000 - 0x00007ff9a2419000 	C:\Users\asmab\.openjfx\cache\21.0.2+5\amd64\msvcp140_1.dll
0x00007ff99c9e0000 - 0x00007ff99ca21000 	C:\Users\asmab\.openjfx\cache\21.0.2+5\amd64\msvcp140_2.dll
0x00007ff99d3f0000 - 0x00007ff99d420000 	C:\Users\asmab\.openjfx\cache\21.0.2+5\amd64\prism_d3d.dll
0x00007ff96ca50000 - 0x00007ff96cbf9000 	C:\WINDOWS\system32\d3d9.dll
0x00007ff9ab460000 - 0x00007ff9ab48b000 	C:\WINDOWS\SYSTEM32\dwmapi.dll
0x00007ff9ab310000 - 0x00007ff9ab349000 	C:\WINDOWS\SYSTEM32\dxcore.dll
0x00007ff9ab210000 - 0x00007ff9ab2bb000 	C:\WINDOWS\system32\uxtheme.dll
0x00007ff96ef30000 - 0x00007ff96f095000 	C:\WINDOWS\System32\DriverStore\FileRepository\iigd_dch.inf_amd64_0a2eb8dac923ec42\igdumdim64.dll
0x00007ff9b09f0000 - 0x00007ff9b0b8f000 	C:\WINDOWS\System32\ole32.dll
0x00007ff94a610000 - 0x00007ff94e266000 	C:\WINDOWS\System32\DriverStore\FileRepository\iigd_dch.inf_amd64_0a2eb8dac923ec42\igd9dxva64.dll
0x00007ff9af940000 - 0x00007ff9afdb4000 	C:\WINDOWS\System32\SETUPAPI.dll
0x00007ff9add70000 - 0x00007ff9addbe000 	C:\WINDOWS\SYSTEM32\cfgmgr32.dll
0x00007ff9a1d60000 - 0x00007ff9a2121000 	C:\WINDOWS\System32\DriverStore\FileRepository\iigd_dch.inf_amd64_0a2eb8dac923ec42\igdgmm64.dll
0x00007ff9a7880000 - 0x00007ff9a78ca000 	C:\WINDOWS\SYSTEM32\directxdatabasehelper.dll
0x00007ff99ac10000 - 0x00007ff99ac52000 	C:\Users\asmab\.openjfx\cache\21.0.2+5\amd64\glass.dll
0x00007ff9b0cf0000 - 0x00007ff9b0de9000 	C:\WINDOWS\System32\COMDLG32.dll
0x00007ff9afdc0000 - 0x00007ff9aff14000 	C:\WINDOWS\System32\MSCTF.dll
0x00007ff9836b0000 - 0x00007ff9836d7000 	C:\WINDOWS\System32\DriverStore\FileRepository\iigd_dch.inf_amd64_0a2eb8dac923ec42\igdinfo64.dll
0x00007ff99eb50000 - 0x00007ff9a1d56000 	C:\WINDOWS\System32\DriverStore\FileRepository\iigd_dch.inf_amd64_0a2eb8dac923ec42\igc64.dll
0x00007ff99d1e0000 - 0x00007ff99d1f4000 	C:\Users\asmab\.openjfx\cache\21.0.2+5\amd64\javafx_font.dll
0x00007ff9a9c10000 - 0x00007ff9a9e84000 	C:\WINDOWS\SYSTEM32\dwrite.dll
0x00007ff9b0020000 - 0x00007ff9b00d0000 	C:\WINDOWS\System32\clbcatq.dll
0x00007ff9a9a60000 - 0x00007ff9a9c10000 	C:\WINDOWS\SYSTEM32\WindowsCodecs.dll
0x00007ff99aab0000 - 0x00007ff99ab0e000 	C:\WINDOWS\system32\dataexchange.dll
0x00007ff9a4a80000 - 0x00007ff9a4d0f000 	C:\WINDOWS\system32\twinapi.appcore.dll
0x00007ff999d80000 - 0x00007ff999db2000 	C:\Program Files\Common Files\Microsoft Shared\Ink\rtscom.dll

dbghelp: loaded successfully - version: 4.0.5 - missing functions: none
symbol engine: initialized successfully - sym options: 0x614 - pdb path: .;C:\Users\asmab\.jdks\jbr-17.0.8\bin;C:\WINDOWS\SYSTEM32;C:\WINDOWS\WinSxS\amd64_microsoft.windows.common-controls_6595b64144ccf1df_6.0.22621.3235_none_270f74e173860f98;C:\Users\asmab\.jdks\jbr-17.0.8\bin\server;C:\Users\asmab\.openjfx\cache\21.0.2+5\amd64;C:\WINDOWS\System32\DriverStore\FileRepository\iigd_dch.inf_amd64_0a2eb8dac923ec42;C:\Program Files\Common Files\Microsoft Shared\Ink

VM Arguments:
jvm_args: --module-path=C:\Users\asmab\.m2\repository\org\openjfx\javafx-base\21.0.2\javafx-base-21.0.2-win.jar;C:\Users\asmab\.m2\repository\org\openjfx\javafx-base\21.0.2\javafx-base-21.0.2.jar;C:\Users\asmab\.m2\repository\org\openjfx\javafx-controls\21.0.2\javafx-controls-21.0.2-win.jar;C:\Users\asmab\.m2\repository\org\openjfx\javafx-controls\21.0.2\javafx-controls-21.0.2.jar;C:\Users\asmab\.m2\repository\org\openjfx\javafx-fxml\21.0.2\javafx-fxml-21.0.2-win.jar;C:\Users\asmab\.m2\repository\org\openjfx\javafx-fxml\21.0.2\javafx-fxml-21.0.2.jar;C:\Users\asmab\.m2\repository\org\openjfx\javafx-graphics\21.0.2\javafx-graphics-21.0.2-win.jar;C:\Users\asmab\.m2\repository\org\openjfx\javafx-graphics\21.0.2\javafx-graphics-21.0.2.jar --add-modules=javafx.base,javafx.controls,javafx.fxml,javafx.graphics 
java_command: tests.MainFx
java_class_path (initial): C:\Users\asmab\IdeaProjects\skillhub\target\classes;C:\Users\asmab\.m2\repository\com\google\protobuf\protobuf-java\3.21.9\protobuf-java-3.21.9.jar;C:\Users\asmab\.m2\repository\com\mysql\mysql-connector-j\8.0.33\mysql-connector-j-8.0.33.jar
Launcher Type: SUN_STANDARD

[Global flags]
     intx CICompilerCount                          = 4                                         {product} {ergonomic}
     uint ConcGCThreads                            = 2                                         {product} {ergonomic}
     uint G1ConcRefinementThreads                  = 8                                         {product} {ergonomic}
   size_t G1HeapRegionSize                         = 1048576                                   {product} {ergonomic}
    uintx GCDrainStackTargetSize                   = 64                                        {product} {ergonomic}
   size_t InitialHeapSize                          = 130023424                                 {product} {ergonomic}
   size_t MarkStackSize                            = 4194304                                   {product} {ergonomic}
   size_t MaxHeapSize                              = 2080374784                                {product} {ergonomic}
   size_t MaxNewSize                               = 1247805440                                {product} {ergonomic}
   size_t MinHeapDeltaBytes                        = 1048576                                   {product} {ergonomic}
   size_t MinHeapSize                              = 8388608                                   {product} {ergonomic}
    uintx NonNMethodCodeHeapSize                   = 5839372                                {pd product} {ergonomic}
    uintx NonProfiledCodeHeapSize                  = 122909434                              {pd product} {ergonomic}
    uintx ProfiledCodeHeapSize                     = 122909434                              {pd product} {ergonomic}
    uintx ReservedCodeCacheSize                    = 251658240                              {pd product} {ergonomic}
     bool SegmentedCodeCache                       = true                                      {product} {ergonomic}
   size_t SoftMaxHeapSize                          = 2080374784                             {manageable} {ergonomic}
     bool UseCompressedClassPointers               = true                           {product lp64_product} {ergonomic}
     bool UseCompressedOops                        = true                           {product lp64_product} {ergonomic}
     bool UseG1GC                                  = true                                      {product} {ergonomic}
     bool UseLargePagesIndividualAllocation        = false                                  {pd product} {ergonomic}

Logging:
Log output configuration:
 #0: stdout all=warning uptime,level,tags
 #1: stderr all=off uptime,level,tags

Environment Variables:
PATH=C:\Program Files (x86)\VMware\VMware Workstation\bin\;C:\oraclexe\app\oracle\product\11.2.0\server\bin;;C:\oraclexe\app\oracle\product\10.2.0\server\bin;C:\WINDOWS\system32;C:\WINDOWS;C:\WINDOWS\System32\Wbem;C:\WINDOWS\System32\WindowsPowerShell\v1.0\;C:\WINDOWS\System32\OpenSSH\;C:\xampp\php;C:\ProgramData\ComposerSetup\bin;C:\Program Files\Git\cmd;C:\Program Files (x86)\GnuWin32\bin;C:\Program Files\CodeBlocks\MinGW\bin;C:\Users\asmab\scoop\shims;C:\Users\asmab\AppData\Local\Microsoft\WindowsApps;C:\Users\asmab\AppData\Local\Programs\Microsoft VS Code\bin;C:\Users\asmab\AppData\Local\ComposerSetup\bin;C:\Users\asmab\AppData\Roaming\Composer\vendor\bin;C:\xamp\php;C:\Program Files\CodeBlocks\MinGW\bin;C:\xamppp\php;
USERNAME=asmab
OS=Windows_NT
PROCESSOR_IDENTIFIER=Intel64 Family 6 Model 126 Stepping 5, GenuineIntel
TMP=C:\Users\asmab\AppData\Local\Temp
TEMP=C:\Users\asmab\AppData\Local\Temp


JNI global refs:
JNI global refs: 17, weak refs: 0

JNI global refs memory usage: 843, weak refs: 841

OOME stack traces (most recent first):
Classloader memory used:
Loader bootstrap                                                                       : 1423K
Loader jdk.internal.loader.ClassLoaders$AppClassLoader                                 : 1143K
Loader jdk.internal.loader.ClassLoaders$PlatformClassLoader                            : 1294B
Loader jdk.internal.reflect.DelegatingClassLoader                                      : 1173B
Loader com.sun.javafx.reflect.MethodUtil                                               : 364B


---------------  S Y S T E M  ---------------

OS:
 Windows 11 , 64 bit Build 22621 (10.0.22621.3235)
OS uptime: 21 days 10:17 hours
Hyper-V role detected

CPU: total 8 (initial active 8) (4 cores per cpu, 2 threads per core) family 6 model 126 stepping 5 microcode 0xa8, cx8, cmov, fxsr, ht, mmx, 3dnowpref, sse, sse2, sse3, ssse3, sse4.1, sse4.2, popcnt, lzcnt, tsc, tscinvbit, avx, avx2, aes, erms, clmul, bmi1, bmi2, adx, avx512f, avx512dq, avx512cd, avx512bw, avx512vl, sha, fma, vzeroupper, avx512_vpopcntdq, avx512_vpclmulqdq, avx512_vaes, avx512_vnni, clflush, clflushopt, avx512_vbmi2, avx512_vbmi, hv
Processor Information for all 8 processors :
  Max Mhz: 1190, Current Mhz: 991, Mhz Limit: 987

Memory: 4k page, system-wide physical 7932M (371M free)
TotalPageFile size 32508M (AvailPageFile size 1M)
current process WorkingSet (physical memory assigned to process): 143M, peak: 143M
current process commit charge ("private bytes"): 273M, peak: 276M

vm_info: OpenJDK 64-Bit Server VM (17.0.8+7-b1000.22) for windows-amd64 JRE (17.0.8+7-b1000.22), built on 2023-09-02 by "builduser" with MS VC++ 16.10 / 16.11 (VS2019)

END.
