#
# There is insufficient memory for the Java Runtime Environment to continue.
# Native memory allocation (malloc) failed to allocate 1807712 bytes for Chunk::new
# Possible reasons:
#   The system is out of physical RAM or swap space
#   The process is running with CompressedOops enabled, and the Java Heap may be blocking the growth of the native heap
# Possible solutions:
#   Reduce memory load on the system
#   Increase physical memory or swap space
#   Check if swap backing store is full
#   Decrease Java heap size (-Xmx/-Xms)
#   Decrease number of Java threads
#   Decrease Java thread stack sizes (-Xss)
#   Set larger code cache with -XX:ReservedCodeCacheSize=
#   JVM is running with Unscaled Compressed Oops mode in which the Java heap is
#     placed in the first 4GB address space. The Java Heap base address is the
#     maximum limit for the native heap growth. Please use -XX:HeapBaseMinAddress
#     to set the Java Heap base and to place the Java Heap above 4GB virtual address.
# This output file may be truncated or incomplete.
#
#  Out of Memory Error (arena.cpp:189), pid=29312, tid=20104
#
# JRE version: OpenJDK Runtime Environment JBR-17.0.8+7-1000.22-nomod (17.0.8+7) (build 17.0.8+7-b1000.22)
# Java VM: OpenJDK 64-Bit Server VM JBR-17.0.8+7-1000.22-nomod (17.0.8+7-b1000.22, mixed mode, tiered, compressed oops, compressed class ptrs, g1 gc, windows-amd64)
# No core dump will be written. Minidumps are not enabled by default on client versions of Windows
#

---------------  S U M M A R Y ------------

Command Line: -Dmaven.multiModuleProjectDirectory=C:\Users\asmab\IdeaProjects\skillhub -Djansi.passthrough=true -Dmaven.home=C:\Program Files\JetBrains\IntelliJ IDEA 2023.2.1\plugins\maven\lib\maven3 -Dclassworlds.conf=C:\Program Files\JetBrains\IntelliJ IDEA 2023.2.1\plugins\maven\lib\maven3\bin\m2.conf -Dmaven.ext.class.path=C:\Program Files\JetBrains\IntelliJ IDEA 2023.2.1\plugins\maven\lib\maven-event-listener.jar -javaagent:C:\Program Files\JetBrains\IntelliJ IDEA 2023.2.1\lib\idea_rt.jar=56973:C:\Program Files\JetBrains\IntelliJ IDEA 2023.2.1\bin -Dfile.encoding=UTF-8 org.codehaus.classworlds.Launcher -Didea.version=2023.2.1 javafx:run

Host: Intel(R) Core(TM) i5-1035G1 CPU @ 1.00GHz, 8 cores, 7G,  Windows 11 , 64 bit Build 22621 (10.0.22621.3235)
Time: Tue Apr 23 00:45:06 2024 Afr. centrale Ouest elapsed time: 6.500920 seconds (0d 0h 0m 6s)

---------------  T H R E A D  ---------------

Current thread (0x0000022dbf2553f0):  JavaThread "C2 CompilerThread1" daemon [_thread_in_native, id=20104, stack(0x000000c682f00000,0x000000c683000000)]


Current CompileTask:
C2:   6500 6401       4       java.util.TimSort::sort (229 bytes)

Stack: [0x000000c682f00000,0x000000c683000000]
Native frames: (J=compiled Java code, j=interpreted, Vv=VM code, C=native code)
V  [jvm.dll+0x6852da]  os::platform_print_native_stack+0xca  (os_windows_x86.cpp:235)
V  [jvm.dll+0x844c84]  VMError::report+0xc34  (vmError.cpp:745)
V  [jvm.dll+0x84659e]  VMError::report_and_die+0x78e  (vmError.cpp:1586)
V  [jvm.dll+0x846c03]  VMError::report_and_die+0x43  (vmError.cpp:1372)
V  [jvm.dll+0x24b7cf]  report_vm_out_of_memory+0x8f  (debug.cpp:321)
V  [jvm.dll+0xac3bc]  Chunk::operator new+0xcc  (arena.cpp:189)
V  [jvm.dll+0xac98c]  Arena::grow+0x3c  (arena.cpp:350)
V  [jvm.dll+0x36af97]  PhaseIFG::init+0xf7  (ifg.cpp:52)
V  [jvm.dll+0x3352b1]  PhaseCFG::global_code_motion+0x441  (gcm.cpp:1555)
V  [jvm.dll+0x33475a]  PhaseCFG::do_global_code_motion+0x3a  (gcm.cpp:1622)
V  [jvm.dll+0x21d7f1]  Compile::Code_Gen+0x261  (compile.cpp:2727)
V  [jvm.dll+0x21cc11]  Compile::Compile+0xe51  (compile.cpp:836)
V  [jvm.dll+0x1a660d]  C2Compiler::compile_method+0xad  (c2compiler.cpp:110)
V  [jvm.dll+0x22c9c8]  CompileBroker::invoke_compiler_on_method+0x878  (compileBroker.cpp:2372)
V  [jvm.dll+0x22a990]  CompileBroker::compiler_thread_loop+0x2d0  (compileBroker.cpp:2030)
V  [jvm.dll+0x7f9d3c]  JavaThread::run+0x13c  (thread.cpp:1296)
V  [jvm.dll+0x7f415a]  Thread::call_run+0x8a  (thread.cpp:404)
V  [jvm.dll+0x684115]  thread_native_entry+0x75  (os_windows.cpp:549)
C  [ucrtbase.dll+0x29363]
C  [KERNEL32.DLL+0x1257d]
C  [ntdll.dll+0x5aa58]


---------------  P R O C E S S  ---------------

Threads class SMR info:
_java_thread_list=0x0000022dc132b8e0, length=15, elements={
0x0000022d9e97a4d0, 0x0000022dba9be040, 0x0000022dba9c0920, 0x0000022dbaa064c0,
0x0000022dbaa06d90, 0x0000022dbaa0b680, 0x0000022dbaa0bf50, 0x0000022dbaa0cc00,
0x0000022dbaa0e5d0, 0x0000022dbaa1c400, 0x0000022dbab24230, 0x0000022dbacc82e0,
0x0000022dbac6daa0, 0x0000022dbf2553f0, 0x0000022dbf9b5030
}

Java Threads: ( => current thread )
  0x0000022d9e97a4d0 JavaThread "main" [_thread_blocked, id=27696, stack(0x000000c681b00000,0x000000c681c00000)]
  0x0000022dba9be040 JavaThread "Reference Handler" daemon [_thread_blocked, id=29856, stack(0x000000c682200000,0x000000c682300000)]
  0x0000022dba9c0920 JavaThread "Finalizer" daemon [_thread_blocked, id=18304, stack(0x000000c682300000,0x000000c682400000)]
  0x0000022dbaa064c0 JavaThread "Signal Dispatcher" daemon [_thread_blocked, id=10156, stack(0x000000c682400000,0x000000c682500000)]
  0x0000022dbaa06d90 JavaThread "Attach Listener" daemon [_thread_blocked, id=32280, stack(0x000000c682500000,0x000000c682600000)]
  0x0000022dbaa0b680 JavaThread "Service Thread" daemon [_thread_blocked, id=29964, stack(0x000000c682600000,0x000000c682700000)]
  0x0000022dbaa0bf50 JavaThread "Monitor Deflation Thread" daemon [_thread_blocked, id=32196, stack(0x000000c682700000,0x000000c682800000)]
  0x0000022dbaa0cc00 JavaThread "C2 CompilerThread0" daemon [_thread_in_native, id=20980, stack(0x000000c682800000,0x000000c682900000)]
  0x0000022dbaa0e5d0 JavaThread "C1 CompilerThread0" daemon [_thread_blocked, id=29484, stack(0x000000c682900000,0x000000c682a00000)]
  0x0000022dbaa1c400 JavaThread "Sweeper thread" daemon [_thread_blocked, id=6988, stack(0x000000c682a00000,0x000000c682b00000)]
  0x0000022dbab24230 JavaThread "Common-Cleaner" daemon [_thread_blocked, id=18448, stack(0x000000c682b00000,0x000000c682c00000)]
  0x0000022dbacc82e0 JavaThread "Monitor Ctrl-Break" daemon [_thread_in_native, id=29816, stack(0x000000c682c00000,0x000000c682d00000)]
  0x0000022dbac6daa0 JavaThread "Notification Thread" daemon [_thread_blocked, id=27528, stack(0x000000c682d00000,0x000000c682e00000)]
=>0x0000022dbf2553f0 JavaThread "C2 CompilerThread1" daemon [_thread_in_native, id=20104, stack(0x000000c682f00000,0x000000c683000000)]
  0x0000022dbf9b5030 JavaThread "C2 CompilerThread2" daemon [_thread_in_native, id=32676, stack(0x000000c683000000,0x000000c683100000)]

Other Threads:
  0x0000022dba86d6b0 VMThread "VM Thread" [stack: 0x000000c682100000,0x000000c682200000] [id=28288]
  0x0000022dba9e4800 WatcherThread [stack: 0x000000c682e00000,0x000000c682f00000] [id=25200]
  0x0000022d9e9d3fc0 GCTaskThread "GC Thread#0" [stack: 0x000000c681c00000,0x000000c681d00000] [id=6912]
  0x0000022dbfa89180 GCTaskThread "GC Thread#1" [stack: 0x000000c683100000,0x000000c683200000] [id=22532]
  0x0000022dbfd54cf0 GCTaskThread "GC Thread#2" [stack: 0x000000c683200000,0x000000c683300000] [id=28264]
  0x0000022dbf9ff000 GCTaskThread "GC Thread#3" [stack: 0x000000c683300000,0x000000c683400000] [id=20176]
  0x0000022dbfb4cb20 GCTaskThread "GC Thread#4" [stack: 0x000000c683400000,0x000000c683500000] [id=31668]
  0x0000022dbfa0ec60 GCTaskThread "GC Thread#5" [stack: 0x000000c683500000,0x000000c683600000] [id=5748]
  0x0000022dbfa0f530 GCTaskThread "GC Thread#6" [stack: 0x000000c683600000,0x000000c683700000] [id=9192]
  0x0000022dbfa10210 GCTaskThread "GC Thread#7" [stack: 0x000000c683700000,0x000000c683800000] [id=25232]
  0x0000022d9e9e4620 ConcurrentGCThread "G1 Main Marker" [stack: 0x000000c681d00000,0x000000c681e00000] [id=19832]
  0x0000022d9e9e4f40 ConcurrentGCThread "G1 Conc#0" [stack: 0x000000c681e00000,0x000000c681f00000] [id=31876]
  0x0000022dc0632720 ConcurrentGCThread "G1 Conc#1" [stack: 0x000000c683800000,0x000000c683900000] [id=29660]
  0x0000022dba6e5c80 ConcurrentGCThread "G1 Refine#0" [stack: 0x000000c681f00000,0x000000c682000000] [id=31924]
  0x0000022dbfb77780 ConcurrentGCThread "G1 Refine#1" [stack: 0x000000c683900000,0x000000c683a00000] [id=18228]
  0x0000022dc0ed7f70 ConcurrentGCThread "G1 Refine#2" [stack: 0x000000c683a00000,0x000000c683b00000] [id=2040]
  0x0000022dc082ca70 ConcurrentGCThread "G1 Refine#3" [stack: 0x000000c683b00000,0x000000c683c00000] [id=26948]
  0x0000022dba6e65c0 ConcurrentGCThread "G1 Service" [stack: 0x000000c682000000,0x000000c682100000] [id=27896]

Threads with active compile tasks:
C2 CompilerThread0     6702 6397   !   4       com.google.inject.spi.InjectionPoint::getInjectionPoints (491 bytes)
C2 CompilerThread1     6702 6401       4       java.util.TimSort::sort (229 bytes)
C2 CompilerThread2     6702 6391       4       java.util.stream.SortedOps$SizedRefSortingSink::end (129 bytes)

VM state: not at safepoint (normal execution)

VM Mutex/Monitor currently owned by a thread: None

Heap address: 0x0000000084000000, size: 1984 MB, Compressed Oops mode: 32-bit

CDS archive(s) not mapped
Compressed class space mapped at: 0x0000000100000000-0x0000000140000000, reserved size: 1073741824
Narrow klass base: 0x0000000000000000, Narrow klass shift: 3, Narrow klass range: 0x140000000

GC Precious Log:
 CPUs: 8 total, 8 available
 Memory: 7932M
 Large Page Support: Disabled
 NUMA Support: Disabled
 Compressed Oops: Enabled (32-bit)
 Heap Region Size: 1M
 Heap Min Capacity: 8M
 Heap Initial Capacity: 124M
 Heap Max Capacity: 1984M
 Pre-touch: Disabled
 Parallel Workers: 8
 Concurrent Workers: 2
 Concurrent Refinement Workers: 8
 Periodic GC: Disabled

Heap:
 garbage-first heap   total 78848K, used 52422K [0x0000000084000000, 0x0000000100000000)
  region size 1024K, 31 young (31744K), 3 survivors (3072K)
 Metaspace       used 39009K, committed 39296K, reserved 1114112K
  class space    used 4416K, committed 4544K, reserved 1048576K

Heap Regions: E=young(eden), S=young(survivor), O=old, HS=humongous(starts), HC=humongous(continues), CS=collection set, F=free, OA=open archive, CA=closed archive, TAMS=top-at-mark-start (previous, next)
|   0|0x0000000084000000, 0x0000000084100000, 0x0000000084100000|100%| O|  |TAMS 0x0000000084100000, 0x0000000084000000| Untracked 
|   1|0x0000000084100000, 0x0000000084200000, 0x0000000084200000|100%| O|  |TAMS 0x0000000084200000, 0x0000000084100000| Untracked 
|   2|0x0000000084200000, 0x0000000084300000, 0x0000000084300000|100%| O|  |TAMS 0x0000000084300000, 0x0000000084200000| Untracked 
|   3|0x0000000084300000, 0x0000000084400000, 0x0000000084400000|100%| O|  |TAMS 0x0000000084400000, 0x0000000084300000| Untracked 
|   4|0x0000000084400000, 0x0000000084500000, 0x0000000084500000|100%| O|  |TAMS 0x0000000084500000, 0x0000000084400000| Untracked 
|   5|0x0000000084500000, 0x0000000084600000, 0x0000000084600000|100%| O|  |TAMS 0x0000000084600000, 0x0000000084500000| Untracked 
|   6|0x0000000084600000, 0x0000000084700000, 0x0000000084700000|100%| O|  |TAMS 0x0000000084700000, 0x0000000084600000| Untracked 
|   7|0x0000000084700000, 0x0000000084800000, 0x0000000084800000|100%| O|  |TAMS 0x0000000084800000, 0x0000000084700000| Untracked 
|   8|0x0000000084800000, 0x0000000084900000, 0x0000000084900000|100%| O|  |TAMS 0x0000000084900000, 0x0000000084800000| Untracked 
|   9|0x0000000084900000, 0x0000000084a00000, 0x0000000084a00000|100%| O|  |TAMS 0x0000000084a00000, 0x0000000084900000| Untracked 
|  10|0x0000000084a00000, 0x0000000084b00000, 0x0000000084b00000|100%| O|  |TAMS 0x0000000084af8600, 0x0000000084a00000| Untracked 
|  11|0x0000000084b00000, 0x0000000084c00000, 0x0000000084c00000|100%|HS|  |TAMS 0x0000000084c00000, 0x0000000084b00000| Complete 
|  12|0x0000000084c00000, 0x0000000084d00000, 0x0000000084d00000|100%| O|  |TAMS 0x0000000084c00000, 0x0000000084c00000| Untracked 
|  13|0x0000000084d00000, 0x0000000084e00000, 0x0000000084e00000|100%| O|  |TAMS 0x0000000084d00000, 0x0000000084d00000| Untracked 
|  14|0x0000000084e00000, 0x0000000084f00000, 0x0000000084f00000|100%| O|  |TAMS 0x0000000084e00000, 0x0000000084e00000| Untracked 
|  15|0x0000000084f00000, 0x0000000085000000, 0x0000000085000000|100%| O|  |TAMS 0x0000000084f00000, 0x0000000084f00000| Untracked 
|  16|0x0000000085000000, 0x0000000085100000, 0x0000000085100000|100%| O|  |TAMS 0x0000000085000000, 0x0000000085000000| Untracked 
|  17|0x0000000085100000, 0x00000000851d4000, 0x0000000085200000| 82%| O|  |TAMS 0x0000000085100000, 0x0000000085100000| Untracked 
|  18|0x0000000085200000, 0x0000000085300000, 0x0000000085300000|100%| O|  |TAMS 0x0000000085200000, 0x0000000085200000| Untracked 
|  19|0x0000000085300000, 0x0000000085400000, 0x0000000085400000|100%| O|  |TAMS 0x0000000085300000, 0x0000000085300000| Untracked 
|  20|0x0000000085400000, 0x0000000085500000, 0x0000000085500000|100%| O|  |TAMS 0x0000000085400000, 0x0000000085400000| Untracked 
|  21|0x0000000085500000, 0x000000008555da00, 0x0000000085600000| 36%| O|  |TAMS 0x0000000085500000, 0x0000000085500000| Untracked 
|  22|0x0000000085600000, 0x0000000085600000, 0x0000000085700000|  0%| F|  |TAMS 0x0000000085600000, 0x0000000085600000| Untracked 
|  23|0x0000000085700000, 0x0000000085700000, 0x0000000085800000|  0%| F|  |TAMS 0x0000000085700000, 0x0000000085700000| Untracked 
|  24|0x0000000085800000, 0x0000000085800000, 0x0000000085900000|  0%| F|  |TAMS 0x0000000085800000, 0x0000000085800000| Untracked 
|  25|0x0000000085900000, 0x0000000085900000, 0x0000000085a00000|  0%| F|  |TAMS 0x0000000085900000, 0x0000000085900000| Untracked 
|  26|0x0000000085a00000, 0x0000000085a00000, 0x0000000085b00000|  0%| F|  |TAMS 0x0000000085a00000, 0x0000000085a00000| Untracked 
|  27|0x0000000085b00000, 0x0000000085b00000, 0x0000000085c00000|  0%| F|  |TAMS 0x0000000085b00000, 0x0000000085b00000| Untracked 
|  28|0x0000000085c00000, 0x0000000085c00000, 0x0000000085d00000|  0%| F|  |TAMS 0x0000000085c00000, 0x0000000085c00000| Untracked 
|  29|0x0000000085d00000, 0x0000000085d00000, 0x0000000085e00000|  0%| F|  |TAMS 0x0000000085d00000, 0x0000000085d00000| Untracked 
|  30|0x0000000085e00000, 0x0000000085e00000, 0x0000000085f00000|  0%| F|  |TAMS 0x0000000085e00000, 0x0000000085e00000| Untracked 
|  31|0x0000000085f00000, 0x0000000085f00000, 0x0000000086000000|  0%| F|  |TAMS 0x0000000085f00000, 0x0000000085f00000| Untracked 
|  32|0x0000000086000000, 0x0000000086000000, 0x0000000086100000|  0%| F|  |TAMS 0x0000000086000000, 0x0000000086000000| Untracked 
|  33|0x0000000086100000, 0x0000000086100000, 0x0000000086200000|  0%| F|  |TAMS 0x0000000086100000, 0x0000000086100000| Untracked 
|  34|0x0000000086200000, 0x0000000086200000, 0x0000000086300000|  0%| F|  |TAMS 0x0000000086200000, 0x0000000086200000| Untracked 
|  35|0x0000000086300000, 0x0000000086300000, 0x0000000086400000|  0%| F|  |TAMS 0x0000000086300000, 0x0000000086300000| Untracked 
|  36|0x0000000086400000, 0x0000000086500000, 0x0000000086500000|100%| S|CS|TAMS 0x0000000086400000, 0x0000000086400000| Complete 
|  37|0x0000000086500000, 0x0000000086600000, 0x0000000086600000|100%| S|CS|TAMS 0x0000000086500000, 0x0000000086500000| Complete 
|  38|0x0000000086600000, 0x0000000086700000, 0x0000000086700000|100%| S|CS|TAMS 0x0000000086600000, 0x0000000086600000| Complete 
|  39|0x0000000086700000, 0x0000000086700000, 0x0000000086800000|  0%| F|  |TAMS 0x0000000086700000, 0x0000000086700000| Untracked 
|  40|0x0000000086800000, 0x0000000086800000, 0x0000000086900000|  0%| F|  |TAMS 0x0000000086800000, 0x0000000086800000| Untracked 
|  41|0x0000000086900000, 0x0000000086900000, 0x0000000086a00000|  0%| F|  |TAMS 0x0000000086900000, 0x0000000086900000| Untracked 
|  42|0x0000000086a00000, 0x0000000086a00000, 0x0000000086b00000|  0%| F|  |TAMS 0x0000000086a00000, 0x0000000086a00000| Untracked 
|  43|0x0000000086b00000, 0x0000000086b00000, 0x0000000086c00000|  0%| F|  |TAMS 0x0000000086b00000, 0x0000000086b00000| Untracked 
|  44|0x0000000086c00000, 0x0000000086c00000, 0x0000000086d00000|  0%| F|  |TAMS 0x0000000086c00000, 0x0000000086c00000| Untracked 
|  45|0x0000000086d00000, 0x0000000086d00000, 0x0000000086e00000|  0%| F|  |TAMS 0x0000000086d00000, 0x0000000086d00000| Untracked 
|  46|0x0000000086e00000, 0x0000000086e00000, 0x0000000086f00000|  0%| F|  |TAMS 0x0000000086e00000, 0x0000000086e00000| Untracked 
|  47|0x0000000086f00000, 0x0000000086f00000, 0x0000000087000000|  0%| F|  |TAMS 0x0000000086f00000, 0x0000000086f00000| Untracked 
|  48|0x0000000087000000, 0x0000000087000000, 0x0000000087100000|  0%| F|  |TAMS 0x0000000087000000, 0x0000000087000000| Untracked 
|  49|0x0000000087100000, 0x00000000871d4fe0, 0x0000000087200000| 83%| E|  |TAMS 0x0000000087100000, 0x0000000087100000| Complete 
|  50|0x0000000087200000, 0x0000000087300000, 0x0000000087300000|100%| E|CS|TAMS 0x0000000087200000, 0x0000000087200000| Complete 
|  51|0x0000000087300000, 0x0000000087400000, 0x0000000087400000|100%| E|CS|TAMS 0x0000000087300000, 0x0000000087300000| Complete 
|  52|0x0000000087400000, 0x0000000087500000, 0x0000000087500000|100%| E|CS|TAMS 0x0000000087400000, 0x0000000087400000| Complete 
|  53|0x0000000087500000, 0x0000000087600000, 0x0000000087600000|100%| E|CS|TAMS 0x0000000087500000, 0x0000000087500000| Complete 
|  54|0x0000000087600000, 0x0000000087700000, 0x0000000087700000|100%| E|CS|TAMS 0x0000000087600000, 0x0000000087600000| Complete 
|  55|0x0000000087700000, 0x0000000087800000, 0x0000000087800000|100%| E|CS|TAMS 0x0000000087700000, 0x0000000087700000| Complete 
|  56|0x0000000087800000, 0x0000000087900000, 0x0000000087900000|100%| E|CS|TAMS 0x0000000087800000, 0x0000000087800000| Complete 
|  57|0x0000000087900000, 0x0000000087a00000, 0x0000000087a00000|100%| E|CS|TAMS 0x0000000087900000, 0x0000000087900000| Complete 
|  58|0x0000000087a00000, 0x0000000087b00000, 0x0000000087b00000|100%| E|CS|TAMS 0x0000000087a00000, 0x0000000087a00000| Complete 
|  59|0x0000000087b00000, 0x0000000087c00000, 0x0000000087c00000|100%| E|CS|TAMS 0x0000000087b00000, 0x0000000087b00000| Complete 
|  60|0x0000000087c00000, 0x0000000087d00000, 0x0000000087d00000|100%| E|CS|TAMS 0x0000000087c00000, 0x0000000087c00000| Complete 
|  61|0x0000000087d00000, 0x0000000087e00000, 0x0000000087e00000|100%| E|CS|TAMS 0x0000000087d00000, 0x0000000087d00000| Complete 
|  62|0x0000000087e00000, 0x0000000087f00000, 0x0000000087f00000|100%| E|CS|TAMS 0x0000000087e00000, 0x0000000087e00000| Complete 
|  63|0x0000000087f00000, 0x0000000088000000, 0x0000000088000000|100%| E|CS|TAMS 0x0000000087f00000, 0x0000000087f00000| Complete 
|  64|0x0000000088000000, 0x0000000088100000, 0x0000000088100000|100%| E|CS|TAMS 0x0000000088000000, 0x0000000088000000| Complete 
|  65|0x0000000088100000, 0x0000000088200000, 0x0000000088200000|100%| E|CS|TAMS 0x0000000088100000, 0x0000000088100000| Complete 
|  66|0x0000000088200000, 0x0000000088300000, 0x0000000088300000|100%| E|CS|TAMS 0x0000000088200000, 0x0000000088200000| Complete 
|  67|0x0000000088300000, 0x0000000088400000, 0x0000000088400000|100%| E|CS|TAMS 0x0000000088300000, 0x0000000088300000| Complete 
|  68|0x0000000088400000, 0x0000000088500000, 0x0000000088500000|100%| E|CS|TAMS 0x0000000088400000, 0x0000000088400000| Complete 
|  69|0x0000000088500000, 0x0000000088600000, 0x0000000088600000|100%| E|CS|TAMS 0x0000000088500000, 0x0000000088500000| Complete 
|  70|0x0000000088600000, 0x0000000088700000, 0x0000000088700000|100%| E|CS|TAMS 0x0000000088600000, 0x0000000088600000| Complete 
|  71|0x0000000088700000, 0x0000000088800000, 0x0000000088800000|100%| E|CS|TAMS 0x0000000088700000, 0x0000000088700000| Complete 
| 108|0x000000008ac00000, 0x000000008ad00000, 0x000000008ad00000|100%| E|CS|TAMS 0x000000008ac00000, 0x000000008ac00000| Complete 
| 109|0x000000008ad00000, 0x000000008ae00000, 0x000000008ae00000|100%| E|CS|TAMS 0x000000008ad00000, 0x000000008ad00000| Complete 
| 110|0x000000008ae00000, 0x000000008af00000, 0x000000008af00000|100%| E|CS|TAMS 0x000000008ae00000, 0x000000008ae00000| Complete 
| 111|0x000000008af00000, 0x000000008b000000, 0x000000008b000000|100%| E|CS|TAMS 0x000000008af00000, 0x000000008af00000| Complete 
| 123|0x000000008bb00000, 0x000000008bc00000, 0x000000008bc00000|100%| E|CS|TAMS 0x000000008bb00000, 0x000000008bb00000| Complete 

Card table byte_map: [0x0000022db3790000,0x0000022db3b70000] _byte_map_base: 0x0000022db3370000

Marking Bits (Prev, Next): (CMBitMap*) 0x0000022d9e9d44f0, (CMBitMap*) 0x0000022d9e9d4530
 Prev Bits: [0x0000022db3f50000, 0x0000022db5e50000)
 Next Bits: [0x0000022db5e50000, 0x0000022db7d50000)

Polling page: 0x0000022d9ea30000

Metaspace:

Usage:
  Non-class:     33.78 MB used.
      Class:      4.31 MB used.
       Both:     38.10 MB used.

Virtual space:
  Non-class space:       64.00 MB reserved,      33.94 MB ( 53%) committed,  1 nodes.
      Class space:        1.00 GB reserved,       4.44 MB ( <1%) committed,  1 nodes.
             Both:        1.06 GB reserved,      38.38 MB (  4%) committed. 

Chunk freelists:
   Non-Class:  13.89 MB
       Class:  11.53 MB
        Both:  25.42 MB

MaxMetaspaceSize: unlimited
CompressedClassSpaceSize: 1.00 GB
Initial GC threshold: 21.00 MB
Current GC threshold: 58.88 MB
CDS: off
MetaspaceReclaimPolicy: balanced
 - commit_granule_bytes: 65536.
 - commit_granule_words: 8192.
 - virtual_space_node_default_size: 8388608.
 - enlarge_chunks_in_place: 1.
 - new_chunks_are_fully_committed: 0.
 - uncommit_free_chunks: 1.
 - use_allocation_guard: 0.
 - handle_deallocations: 1.


Internal statistics:

num_allocs_failed_limit: 6.
num_arena_births: 182.
num_arena_deaths: 0.
num_vsnodes_births: 2.
num_vsnodes_deaths: 0.
num_space_committed: 614.
num_space_uncommitted: 0.
num_chunks_returned_to_freelist: 6.
num_chunks_taken_from_freelist: 1284.
num_chunk_merges: 3.
num_chunk_splits: 890.
num_chunks_enlarged: 694.
num_inconsistent_stats: 0.

CodeHeap 'non-profiled nmethods': size=120000Kb used=2678Kb max_used=3001Kb free=117321Kb
 bounds [0x0000022dab410000, 0x0000022dab700000, 0x0000022db2940000]
CodeHeap 'profiled nmethods': size=120000Kb used=11834Kb max_used=13600Kb free=108165Kb
 bounds [0x0000022da3940000, 0x0000022da4690000, 0x0000022daae70000]
CodeHeap 'non-nmethods': size=5760Kb used=1219Kb max_used=1270Kb free=4540Kb
 bounds [0x0000022daae70000, 0x0000022dab0e0000, 0x0000022dab410000]
 total_blobs=6106 nmethods=5597 adapters=421
 compilation: enabled
              stopped_count=0, restarted_count=0
 full_count=0

Compilation events (20 events):
Event: 6.365 Thread 0x0000022dbaa0e5d0 6490       3       java.lang.module.ModuleDescriptor$Exports::hashCode (36 bytes)
Event: 6.365 Thread 0x0000022dbaa0e5d0 nmethod 6490 0x0000022da4132e10 code [0x0000022da4132fe0, 0x0000022da4133248]
Event: 6.368 Thread 0x0000022dbaa0e5d0 6491       3       jdk.internal.module.ModuleInfo$CountingDataInput::readUnsignedShort (24 bytes)
Event: 6.369 Thread 0x0000022dbaa0e5d0 nmethod 6491 0x0000022da3e91690 code [0x0000022da3e91840, 0x0000022da3e91a28]
Event: 6.369 Thread 0x0000022dbaa0e5d0 6492   !   3       java.util.zip.ZipFile$Source::findEND (669 bytes)
Event: 6.373 Thread 0x0000022dbaa0e5d0 nmethod 6492 0x0000022da39aac10 code [0x0000022da39ab0a0, 0x0000022da39ad9a8]
Event: 6.373 Thread 0x0000022dbaa0e5d0 6493       3       jdk.internal.module.ModuleInfo$ConstantPool::checkIndex (21 bytes)
Event: 6.374 Thread 0x0000022dbaa0e5d0 nmethod 6493 0x0000022da40f0710 code [0x0000022da40f08c0, 0x0000022da40f0a88]
Event: 6.374 Thread 0x0000022dbaa0e5d0 6494       3       java.util.Set::copyOf (27 bytes)
Event: 6.374 Thread 0x0000022dbaa0e5d0 nmethod 6494 0x0000022da419a410 code [0x0000022da419a600, 0x0000022da419acc8]
Event: 6.377 Thread 0x0000022dbaa0e5d0 6495       3       java.lang.invoke.MethodHandles$Lookup::getDirectMethodNoSecurityManager (18 bytes)
Event: 6.377 Thread 0x0000022dbaa0e5d0 nmethod 6495 0x0000022da3cb8a90 code [0x0000022da3cb8c20, 0x0000022da3cb8d68]
Event: 6.377 Thread 0x0000022dbaa0e5d0 6496       3       java.lang.invoke.LambdaForm$DMH/0x0000000100308000::invokeStatic (31 bytes)
Event: 6.377 Thread 0x0000022dbaa0e5d0 nmethod 6496 0x0000022da3f09c10 code [0x0000022da3f09de0, 0x0000022da3f0a238]
Event: 6.388 Thread 0x0000022dbaa0e5d0 6497       3       java.lang.ProcessEnvironment$CheckedEntry::getKey (5 bytes)
Event: 6.388 Thread 0x0000022dbaa0e5d0 nmethod 6497 0x0000022da3ea5910 code [0x0000022da3ea5ac0, 0x0000022da3ea5dc8]
Event: 6.388 Thread 0x0000022dbaa0e5d0 6498       3       java.lang.ProcessEnvironment$CheckedEntry::getKey (13 bytes)
Event: 6.389 Thread 0x0000022dbaa0e5d0 nmethod 6498 0x0000022da4184090 code [0x0000022da4184240, 0x0000022da41844e8]
Event: 6.399 Thread 0x0000022dbaa0e5d0 6500       3       jdk.internal.org.objectweb.asm.Frame::execute (2305 bytes)
Event: 6.408 Thread 0x0000022dbaa0e5d0 nmethod 6500 0x0000022da3ea6290 code [0x0000022da3ea71c0, 0x0000022da3eadcf8]

GC Heap History (20 events):
Event: 1.847 GC heap before
{Heap before GC invocations=1 (full 0):
 garbage-first heap   total 126976K, used 34544K [0x0000000084000000, 0x0000000100000000)
  region size 1024K, 33 young (33792K), 3 survivors (3072K)
 Metaspace       used 19251K, committed 19392K, reserved 1114112K
  class space    used 2086K, committed 2112K, reserved 1048576K
}
Event: 1.855 GC heap after
{Heap after GC invocations=2 (full 0):
 garbage-first heap   total 126976K, used 6164K [0x0000000084000000, 0x0000000100000000)
  region size 1024K, 3 young (3072K), 3 survivors (3072K)
 Metaspace       used 19251K, committed 19392K, reserved 1114112K
  class space    used 2086K, committed 2112K, reserved 1048576K
}
Event: 2.184 GC heap before
{Heap before GC invocations=2 (full 0):
 garbage-first heap   total 126976K, used 17428K [0x0000000084000000, 0x0000000100000000)
  region size 1024K, 15 young (15360K), 3 survivors (3072K)
 Metaspace       used 21332K, committed 21504K, reserved 1114112K
  class space    used 2375K, committed 2496K, reserved 1048576K
}
Event: 2.191 GC heap after
{Heap after GC invocations=3 (full 0):
 garbage-first heap   total 126976K, used 7144K [0x0000000084000000, 0x0000000100000000)
  region size 1024K, 4 young (4096K), 4 survivors (4096K)
 Metaspace       used 21332K, committed 21504K, reserved 1114112K
  class space    used 2375K, committed 2496K, reserved 1048576K
}
Event: 2.576 GC heap before
{Heap before GC invocations=4 (full 0):
 garbage-first heap   total 30720K, used 21480K [0x0000000084000000, 0x0000000100000000)
  region size 1024K, 18 young (18432K), 4 survivors (4096K)
 Metaspace       used 24283K, committed 24512K, reserved 1114112K
  class space    used 2735K, committed 2816K, reserved 1048576K
}
Event: 2.584 GC heap after
{Heap after GC invocations=5 (full 0):
 garbage-first heap   total 30720K, used 8171K [0x0000000084000000, 0x0000000100000000)
  region size 1024K, 3 young (3072K), 3 survivors (3072K)
 Metaspace       used 24283K, committed 24512K, reserved 1114112K
  class space    used 2735K, committed 2816K, reserved 1048576K
}
Event: 2.616 GC heap before
{Heap before GC invocations=5 (full 0):
 garbage-first heap   total 30720K, used 9195K [0x0000000084000000, 0x0000000100000000)
  region size 1024K, 4 young (4096K), 3 survivors (3072K)
 Metaspace       used 24508K, committed 24640K, reserved 1114112K
  class space    used 2754K, committed 2816K, reserved 1048576K
}
Event: 2.621 GC heap after
{Heap after GC invocations=6 (full 0):
 garbage-first heap   total 30720K, used 8236K [0x0000000084000000, 0x0000000100000000)
  region size 1024K, 1 young (1024K), 1 survivors (1024K)
 Metaspace       used 24508K, committed 24640K, reserved 1114112K
  class space    used 2754K, committed 2816K, reserved 1048576K
}
Event: 2.946 GC heap before
{Heap before GC invocations=6 (full 0):
 garbage-first heap   total 30720K, used 21548K [0x0000000084000000, 0x0000000100000000)
  region size 1024K, 14 young (14336K), 1 survivors (1024K)
 Metaspace       used 25160K, committed 25344K, reserved 1114112K
  class space    used 2817K, committed 2880K, reserved 1048576K
}
Event: 2.949 GC heap after
{Heap after GC invocations=7 (full 0):
 garbage-first heap   total 30720K, used 8802K [0x0000000084000000, 0x0000000100000000)
  region size 1024K, 1 young (1024K), 1 survivors (1024K)
 Metaspace       used 25160K, committed 25344K, reserved 1114112K
  class space    used 2817K, committed 2880K, reserved 1048576K
}
Event: 3.300 GC heap before
{Heap before GC invocations=7 (full 0):
 garbage-first heap   total 30720K, used 23138K [0x0000000084000000, 0x0000000100000000)
  region size 1024K, 15 young (15360K), 1 survivors (1024K)
 Metaspace       used 26142K, committed 26304K, reserved 1114112K
  class space    used 2929K, committed 3008K, reserved 1048576K
}
Event: 3.304 GC heap after
{Heap after GC invocations=8 (full 0):
 garbage-first heap   total 30720K, used 9782K [0x0000000084000000, 0x0000000100000000)
  region size 1024K, 2 young (2048K), 2 survivors (2048K)
 Metaspace       used 26142K, committed 26304K, reserved 1114112K
  class space    used 2929K, committed 3008K, reserved 1048576K
}
Event: 3.570 GC heap before
{Heap before GC invocations=8 (full 0):
 garbage-first heap   total 30720K, used 23094K [0x0000000084000000, 0x0000000100000000)
  region size 1024K, 15 young (15360K), 2 survivors (2048K)
 Metaspace       used 28375K, committed 28672K, reserved 1114112K
  class space    used 3184K, committed 3328K, reserved 1048576K
}
Event: 3.576 GC heap after
{Heap after GC invocations=9 (full 0):
 garbage-first heap   total 78848K, used 10307K [0x0000000084000000, 0x0000000100000000)
  region size 1024K, 2 young (2048K), 2 survivors (2048K)
 Metaspace       used 28375K, committed 28672K, reserved 1114112K
  class space    used 3184K, committed 3328K, reserved 1048576K
}
Event: 4.414 GC heap before
{Heap before GC invocations=9 (full 0):
 garbage-first heap   total 78848K, used 54339K [0x0000000084000000, 0x0000000100000000)
  region size 1024K, 46 young (47104K), 2 survivors (2048K)
 Metaspace       used 34970K, committed 35264K, reserved 1114112K
  class space    used 3969K, committed 4096K, reserved 1048576K
}
Event: 4.428 GC heap after
{Heap after GC invocations=10 (full 0):
 garbage-first heap   total 78848K, used 17377K [0x0000000084000000, 0x0000000100000000)
  region size 1024K, 6 young (6144K), 6 survivors (6144K)
 Metaspace       used 34970K, committed 35264K, reserved 1114112K
  class space    used 3969K, committed 4096K, reserved 1048576K
}
Event: 4.673 GC heap before
{Heap before GC invocations=10 (full 0):
 garbage-first heap   total 78848K, used 38881K [0x0000000084000000, 0x0000000100000000)
  region size 1024K, 27 young (27648K), 6 survivors (6144K)
 Metaspace       used 35847K, committed 36096K, reserved 1114112K
  class space    used 4081K, committed 4224K, reserved 1048576K
}
Event: 4.692 GC heap after
{Heap after GC invocations=11 (full 0):
 garbage-first heap   total 78848K, used 22060K [0x0000000084000000, 0x0000000100000000)
  region size 1024K, 4 young (4096K), 4 survivors (4096K)
 Metaspace       used 35847K, committed 36096K, reserved 1114112K
  class space    used 4081K, committed 4224K, reserved 1048576K
}
Event: 5.801 GC heap before
{Heap before GC invocations=12 (full 0):
 garbage-first heap   total 78848K, used 56876K [0x0000000084000000, 0x0000000100000000)
  region size 1024K, 38 young (38912K), 4 survivors (4096K)
 Metaspace       used 37310K, committed 37632K, reserved 1114112K
  class space    used 4177K, committed 4352K, reserved 1048576K
}
Event: 5.811 GC heap after
{Heap after GC invocations=13 (full 0):
 garbage-first heap   total 78848K, used 24774K [0x0000000084000000, 0x0000000100000000)
  region size 1024K, 3 young (3072K), 3 survivors (3072K)
 Metaspace       used 37310K, committed 37632K, reserved 1114112K
  class space    used 4177K, committed 4352K, reserved 1048576K
}

Dll operation events (4 events):
Event: 0.012 Loaded shared library C:\Users\asmab\.jdks\jbr-17.0.8\bin\java.dll
Event: 0.058 Loaded shared library C:\Users\asmab\.jdks\jbr-17.0.8\bin\jsvml.dll
Event: 0.210 Loaded shared library C:\Users\asmab\.jdks\jbr-17.0.8\bin\zip.dll
Event: 0.651 Loaded shared library C:\Users\asmab\.jdks\jbr-17.0.8\bin\verify.dll

Deoptimization events (20 events):
Event: 6.355 Thread 0x0000022d9e97a4d0 Uncommon trap: trap_request=0xffffffec fr.pc=0x0000022dab4e2e9c relative=0x000000000000007c
Event: 6.355 Thread 0x0000022d9e97a4d0 Uncommon trap: reason=null_assert_or_unreached0 action=make_not_entrant pc=0x0000022dab4e2e9c method=java.util.jar.JarFile.maybeInstantiateVerifier()V @ 4 c2
Event: 6.355 Thread 0x0000022d9e97a4d0 DEOPT PACKING pc=0x0000022dab4e2e9c sp=0x000000c681bfd720
Event: 6.355 Thread 0x0000022d9e97a4d0 DEOPT UNPACKING pc=0x0000022daaeca1a3 sp=0x000000c681bfd6b0 mode 2
Event: 6.360 Thread 0x0000022d9e97a4d0 Uncommon trap: trap_request=0xffffff45 fr.pc=0x0000022dab49db58 relative=0x0000000000000058
Event: 6.360 Thread 0x0000022d9e97a4d0 Uncommon trap: reason=unstable_if action=reinterpret pc=0x0000022dab49db58 method=jdk.internal.module.ModuleReferenceImpl.hashCode()I @ 6 c2
Event: 6.360 Thread 0x0000022d9e97a4d0 DEOPT PACKING pc=0x0000022dab49db58 sp=0x000000c681bfd760
Event: 6.360 Thread 0x0000022d9e97a4d0 DEOPT UNPACKING pc=0x0000022daaeca1a3 sp=0x000000c681bfd6f0 mode 2
Event: 6.388 Thread 0x0000022d9e97a4d0 Uncommon trap: trap_request=0xffffffbe fr.pc=0x0000022dab520218 relative=0x0000000000001e38
Event: 6.388 Thread 0x0000022d9e97a4d0 Uncommon trap: reason=profile_predicate action=maybe_recompile pc=0x0000022dab520218 method=java.util.TimSort.binarySort([Ljava/lang/Object;IIILjava/util/Comparator;)V @ 34 c2
Event: 6.388 Thread 0x0000022d9e97a4d0 DEOPT PACKING pc=0x0000022dab520218 sp=0x000000c681bfd560
Event: 6.388 Thread 0x0000022d9e97a4d0 DEOPT UNPACKING pc=0x0000022daaeca1a3 sp=0x000000c681bfd540 mode 2
Event: 6.388 Thread 0x0000022d9e97a4d0 Uncommon trap: trap_request=0xffffffbe fr.pc=0x0000022dab520218 relative=0x0000000000001e38
Event: 6.388 Thread 0x0000022d9e97a4d0 Uncommon trap: reason=profile_predicate action=maybe_recompile pc=0x0000022dab520218 method=java.util.TimSort.binarySort([Ljava/lang/Object;IIILjava/util/Comparator;)V @ 34 c2
Event: 6.388 Thread 0x0000022d9e97a4d0 DEOPT PACKING pc=0x0000022dab520218 sp=0x000000c681bfd560
Event: 6.388 Thread 0x0000022d9e97a4d0 DEOPT UNPACKING pc=0x0000022daaeca1a3 sp=0x000000c681bfd540 mode 2
Event: 6.399 Thread 0x0000022d9e97a4d0 Uncommon trap: trap_request=0xffffff45 fr.pc=0x0000022dab5d32ac relative=0x000000000000202c
Event: 6.399 Thread 0x0000022d9e97a4d0 Uncommon trap: reason=unstable_if action=reinterpret pc=0x0000022dab5d32ac method=jdk.internal.org.objectweb.asm.Frame.execute(IILjdk/internal/org/objectweb/asm/Symbol;Ljdk/internal/org/objectweb/asm/SymbolTable;)V @ 1 c2
Event: 6.399 Thread 0x0000022d9e97a4d0 DEOPT PACKING pc=0x0000022dab5d32ac sp=0x000000c681bfbdb0
Event: 6.399 Thread 0x0000022d9e97a4d0 DEOPT UNPACKING pc=0x0000022daaeca1a3 sp=0x000000c681bfbd58 mode 2

Classes unloaded (0 events):
No events

Classes redefined (0 events):
No events

Internal exceptions (20 events):
Event: 5.343 Thread 0x0000022d9e97a4d0 Exception <a 'sun/nio/fs/WindowsException'{0x0000000087db6f10}> (0x0000000087db6f10) 
thrown [s\src\hotspot\share\prims\jni.cpp, line 517]
Event: 5.382 Thread 0x0000022d9e97a4d0 Exception <a 'sun/nio/fs/WindowsException'{0x0000000087ca3ad0}> (0x0000000087ca3ad0) 
thrown [s\src\hotspot\share\prims\jni.cpp, line 517]
Event: 6.319 Thread 0x0000022d9e97a4d0 Exception <a 'sun/nio/fs/WindowsException'{0x000000008759cf10}> (0x000000008759cf10) 
thrown [s\src\hotspot\share\prims\jni.cpp, line 517]
Event: 6.319 Thread 0x0000022d9e97a4d0 Exception <a 'sun/nio/fs/WindowsException'{0x000000008759d180}> (0x000000008759d180) 
thrown [s\src\hotspot\share\prims\jni.cpp, line 517]
Event: 6.320 Thread 0x0000022d9e97a4d0 Exception <a 'sun/nio/fs/WindowsException'{0x000000008759def0}> (0x000000008759def0) 
thrown [s\src\hotspot\share\prims\jni.cpp, line 517]
Event: 6.320 Thread 0x0000022d9e97a4d0 Exception <a 'sun/nio/fs/WindowsException'{0x000000008759e120}> (0x000000008759e120) 
thrown [s\src\hotspot\share\prims\jni.cpp, line 517]
Event: 6.329 Thread 0x0000022d9e97a4d0 Exception <a 'sun/nio/fs/WindowsException'{0x00000000875be688}> (0x00000000875be688) 
thrown [s\src\hotspot\share\prims\jni.cpp, line 517]
Event: 6.329 Thread 0x0000022d9e97a4d0 Exception <a 'sun/nio/fs/WindowsException'{0x00000000875be958}> (0x00000000875be958) 
thrown [s\src\hotspot\share\prims\jni.cpp, line 517]
Event: 6.331 Thread 0x0000022d9e97a4d0 Exception <a 'sun/nio/fs/WindowsException'{0x00000000875c42d8}> (0x00000000875c42d8) 
thrown [s\src\hotspot\share\prims\jni.cpp, line 517]
Event: 6.331 Thread 0x0000022d9e97a4d0 Exception <a 'sun/nio/fs/WindowsException'{0x00000000875c45a8}> (0x00000000875c45a8) 
thrown [s\src\hotspot\share\prims\jni.cpp, line 517]
Event: 6.332 Thread 0x0000022d9e97a4d0 Exception <a 'sun/nio/fs/WindowsException'{0x00000000875c6c90}> (0x00000000875c6c90) 
thrown [s\src\hotspot\share\prims\jni.cpp, line 517]
Event: 6.333 Thread 0x0000022d9e97a4d0 Exception <a 'sun/nio/fs/WindowsException'{0x00000000875c7918}> (0x00000000875c7918) 
thrown [s\src\hotspot\share\prims\jni.cpp, line 517]
Event: 6.333 Thread 0x0000022d9e97a4d0 Exception <a 'sun/nio/fs/WindowsException'{0x00000000875c85a0}> (0x00000000875c85a0) 
thrown [s\src\hotspot\share\prims\jni.cpp, line 517]
Event: 6.333 Thread 0x0000022d9e97a4d0 Exception <a 'sun/nio/fs/WindowsException'{0x00000000875c95e8}> (0x00000000875c95e8) 
thrown [s\src\hotspot\share\prims\jni.cpp, line 517]
Event: 6.333 Thread 0x0000022d9e97a4d0 Exception <a 'sun/nio/fs/WindowsException'{0x00000000875ca260}> (0x00000000875ca260) 
thrown [s\src\hotspot\share\prims\jni.cpp, line 517]
Event: 6.399 Thread 0x0000022d9e97a4d0 Exception <a 'java/lang/NoSuchMethodError'{0x000000008729ea70}: 'void java.lang.invoke.DirectMethodHandle$Holder.invokeStatic(java.lang.Object, long)'> (0x000000008729ea70) 
thrown [s\src\hotspot\share\interpreter\linkResolver.cpp, line 771]
Event: 6.400 Thread 0x0000022d9e97a4d0 Exception <a 'java/lang/NoSuchMethodError'{0x00000000872a40c0}: 'java.lang.Object java.lang.invoke.DirectMethodHandle$Holder.newInvokeSpecial(java.lang.Object, long)'> (0x00000000872a40c0) 
thrown [s\src\hotspot\share\interpreter\linkResolver.cpp, line 771]
Event: 6.410 Thread 0x0000022d9e97a4d0 Exception <a 'java/lang/NoSuchMethodError'{0x00000000872ae9f8}: 'java.lang.Object java.lang.invoke.DirectMethodHandle$Holder.invokeStaticInit(java.lang.Object, java.lang.Object, long, java.lang.Object)'> (0x00000000872ae9f8) 
thrown [s\src\hotspot\share\interpreter\linkResolver.cpp, line 771]
Event: 6.412 Thread 0x0000022d9e97a4d0 Exception <a 'java/lang/NoSuchMethodError'{0x00000000872b5040}: 'java.lang.Object java.lang.invoke.DirectMethodHandle$Holder.newInvokeSpecial(java.lang.Object, java.lang.Object, long)'> (0x00000000872b5040) 
thrown [s\src\hotspot\share\interpreter\linkResolver.cpp, line 771]
Event: 6.413 Thread 0x0000022d9e97a4d0 Exception <a 'java/lang/NoSuchMethodError'{0x00000000872b8e58}: 'java.lang.Object java.lang.invoke.Invokers$Holder.linkToTargetMethod(java.lang.Object, long, java.lang.Object)'> (0x00000000872b8e58) 
thrown [s\src\hotspot\share\interpreter\linkResolver.cpp, line 771]

VM Operations (20 events):
Event: 5.163 Executing VM operation: ICBufferFull
Event: 5.163 Executing VM operation: ICBufferFull done
Event: 5.289 Executing VM operation: ICBufferFull
Event: 5.289 Executing VM operation: ICBufferFull done
Event: 5.381 Executing VM operation: ICBufferFull
Event: 5.381 Executing VM operation: ICBufferFull done
Event: 5.801 Executing VM operation: G1CollectForAllocation
Event: 5.811 Executing VM operation: G1CollectForAllocation done
Event: 5.936 Executing VM operation: HandshakeAllThreads
Event: 5.936 Executing VM operation: HandshakeAllThreads done
Event: 5.957 Executing VM operation: HandshakeAllThreads
Event: 5.957 Executing VM operation: HandshakeAllThreads done
Event: 5.971 Executing VM operation: HandshakeAllThreads
Event: 5.971 Executing VM operation: HandshakeAllThreads done
Event: 6.111 Executing VM operation: ICBufferFull
Event: 6.111 Executing VM operation: ICBufferFull done
Event: 6.161 Executing VM operation: HandshakeAllThreads
Event: 6.161 Executing VM operation: HandshakeAllThreads done
Event: 6.418 Executing VM operation: HandshakeAllThreads
Event: 6.418 Executing VM operation: HandshakeAllThreads done

Events (20 events):
Event: 6.415 loading class java/util/concurrent/SynchronousQueue done
Event: 6.415 loading class java/util/concurrent/SynchronousQueue$TransferStack
Event: 6.415 loading class java/util/concurrent/SynchronousQueue$Transferer
Event: 6.415 loading class java/util/concurrent/SynchronousQueue$Transferer done
Event: 6.415 loading class java/util/concurrent/SynchronousQueue$TransferStack done
Event: 6.416 loading class java/util/concurrent/SynchronousQueue$TransferStack$SNode
Event: 6.416 loading class java/util/concurrent/ForkJoinPool$ManagedBlocker
Event: 6.416 loading class java/util/concurrent/ForkJoinPool$ManagedBlocker done
Event: 6.416 loading class java/util/concurrent/SynchronousQueue$TransferStack$SNode done
Event: 6.416 loading class java/lang/ProcessImpl$2
Event: 6.416 loading class java/lang/ProcessImpl$2 done
Event: 6.416 loading class java/lang/Process$PipeInputStream
Event: 6.417 loading class java/lang/Process$PipeInputStream done
Event: 6.418 loading class jdk/internal/event/ProcessStartEvent
Event: 6.418 loading class jdk/internal/event/ProcessStartEvent done
Event: 6.420 loading class java/io/PipedOutputStream
Event: 6.421 loading class java/io/PipedOutputStream done
Event: 6.423 Thread 0x0000022dc14fe980 Thread added: 0x0000022dc14fe980
Event: 6.423 Thread 0x0000022dc14fdf60 Thread added: 0x0000022dc14fdf60
Event: 6.423 Thread 0x0000022dc1500cf0 Thread added: 0x0000022dc1500cf0


Dynamic libraries:
0x00007ff7130f0000 - 0x00007ff7130fa000 	C:\Users\asmab\.jdks\jbr-17.0.8\bin\java.exe
0x00007ff9b0e30000 - 0x00007ff9b1046000 	C:\WINDOWS\SYSTEM32\ntdll.dll
0x00007ff9b00d0000 - 0x00007ff9b0194000 	C:\WINDOWS\System32\KERNEL32.DLL
0x00007ff9ae550000 - 0x00007ff9ae8f6000 	C:\WINDOWS\System32\KERNELBASE.dll
0x00007ff9ae310000 - 0x00007ff9ae421000 	C:\WINDOWS\System32\ucrtbase.dll
0x00007ff9a7910000 - 0x00007ff9a792b000 	C:\Users\asmab\.jdks\jbr-17.0.8\bin\VCRUNTIME140.dll
0x00007ff9a7930000 - 0x00007ff9a7947000 	C:\Users\asmab\.jdks\jbr-17.0.8\bin\jli.dll
0x00007ff9b0680000 - 0x00007ff9b082d000 	C:\WINDOWS\System32\USER32.dll
0x00007ff9aeae0000 - 0x00007ff9aeb06000 	C:\WINDOWS\System32\win32u.dll
0x00007ff998dd0000 - 0x00007ff999063000 	C:\WINDOWS\WinSxS\amd64_microsoft.windows.common-controls_6595b64144ccf1df_6.0.22621.3235_none_270f74e173860f98\COMCTL32.dll
0x00007ff9af790000 - 0x00007ff9af7b9000 	C:\WINDOWS\System32\GDI32.dll
0x00007ff9aff70000 - 0x00007ff9b0017000 	C:\WINDOWS\System32\msvcrt.dll
0x00007ff9ae900000 - 0x00007ff9aea18000 	C:\WINDOWS\System32\gdi32full.dll
0x00007ff9ae430000 - 0x00007ff9ae4ca000 	C:\WINDOWS\System32\msvcp_win.dll
0x00007ff9aed40000 - 0x00007ff9aed71000 	C:\WINDOWS\System32\IMM32.DLL
0x00007ff99ac60000 - 0x00007ff99ac6c000 	C:\Users\asmab\.jdks\jbr-17.0.8\bin\vcruntime140_1.dll
0x00007ff9a71a0000 - 0x00007ff9a722d000 	C:\Users\asmab\.jdks\jbr-17.0.8\bin\msvcp140.dll
0x00007ff92b4a0000 - 0x00007ff92c123000 	C:\Users\asmab\.jdks\jbr-17.0.8\bin\server\jvm.dll
0x00007ff9b01b0000 - 0x00007ff9b0262000 	C:\WINDOWS\System32\ADVAPI32.dll
0x00007ff9b0940000 - 0x00007ff9b09e8000 	C:\WINDOWS\System32\sechost.dll
0x00007ff9ae2e0000 - 0x00007ff9ae308000 	C:\WINDOWS\System32\bcrypt.dll
0x00007ff9aed80000 - 0x00007ff9aee95000 	C:\WINDOWS\System32\RPCRT4.dll
0x00007ff991950000 - 0x00007ff991959000 	C:\WINDOWS\SYSTEM32\WSOCK32.dll
0x00007ff9ae040000 - 0x00007ff9ae08d000 	C:\WINDOWS\SYSTEM32\POWRPROF.dll
0x00007ff9a68a0000 - 0x00007ff9a68d4000 	C:\WINDOWS\SYSTEM32\WINMM.dll
0x00007ff9b0600000 - 0x00007ff9b0671000 	C:\WINDOWS\System32\WS2_32.dll
0x00007ff9a5030000 - 0x00007ff9a503a000 	C:\WINDOWS\SYSTEM32\VERSION.dll
0x00007ff9ae020000 - 0x00007ff9ae033000 	C:\WINDOWS\SYSTEM32\UMPDC.dll
0x00007ff9ad170000 - 0x00007ff9ad188000 	C:\WINDOWS\SYSTEM32\kernel.appcore.dll
0x00007ff9a7130000 - 0x00007ff9a713a000 	C:\Users\asmab\.jdks\jbr-17.0.8\bin\jimage.dll
0x00007ff9ab9b0000 - 0x00007ff9abbe3000 	C:\WINDOWS\SYSTEM32\DBGHELP.DLL
0x00007ff9b0270000 - 0x00007ff9b05f8000 	C:\WINDOWS\System32\combase.dll
0x00007ff9b0840000 - 0x00007ff9b0917000 	C:\WINDOWS\System32\OLEAUT32.dll
0x00007ff987550000 - 0x00007ff987582000 	C:\WINDOWS\SYSTEM32\dbgcore.DLL
0x00007ff9ae4d0000 - 0x00007ff9ae54a000 	C:\WINDOWS\System32\bcryptPrimitives.dll
0x00007ff9a9660000 - 0x00007ff9a966e000 	C:\Users\asmab\.jdks\jbr-17.0.8\bin\instrument.dll
0x00007ff978ba0000 - 0x00007ff978bc5000 	C:\Users\asmab\.jdks\jbr-17.0.8\bin\java.dll
0x00007ff9a7140000 - 0x00007ff9a7158000 	C:\Users\asmab\.jdks\jbr-17.0.8\bin\zip.dll
0x00007ff9789a0000 - 0x00007ff978a77000 	C:\Users\asmab\.jdks\jbr-17.0.8\bin\jsvml.dll
0x00007ff9aef30000 - 0x00007ff9af78d000 	C:\WINDOWS\System32\SHELL32.dll
0x00007ff9ac080000 - 0x00007ff9ac978000 	C:\WINDOWS\SYSTEM32\windows.storage.dll
0x00007ff9abf40000 - 0x00007ff9ac07e000 	C:\WINDOWS\SYSTEM32\wintypes.dll
0x00007ff9b0b90000 - 0x00007ff9b0c83000 	C:\WINDOWS\System32\SHCORE.dll
0x00007ff9b0c90000 - 0x00007ff9b0cee000 	C:\WINDOWS\System32\shlwapi.dll
0x00007ff9ae0a0000 - 0x00007ff9ae0c6000 	C:\WINDOWS\SYSTEM32\profapi.dll
0x00007ff99ac80000 - 0x00007ff99ac99000 	C:\Users\asmab\.jdks\jbr-17.0.8\bin\net.dll
0x00007ff9a72e0000 - 0x00007ff9a7417000 	C:\WINDOWS\SYSTEM32\WINHTTP.dll
0x00007ff9ad5f0000 - 0x00007ff9ad659000 	C:\WINDOWS\system32\mswsock.dll
0x00007ff997690000 - 0x00007ff9976a6000 	C:\Users\asmab\.jdks\jbr-17.0.8\bin\nio.dll
0x00007ff9a4e10000 - 0x00007ff9a4e2a000 	C:\Program Files\JetBrains\IntelliJ IDEA 2023.2.1\bin\breakgen64.dll
0x0000000069ac0000 - 0x0000000069ae4000 	C:\Users\asmab\AppData\Local\Temp\jansi-2.4.0-666292deff932659-jansi.dll
0x00007ff99c630000 - 0x00007ff99c640000 	C:\Users\asmab\.jdks\jbr-17.0.8\bin\verify.dll

dbghelp: loaded successfully - version: 4.0.5 - missing functions: none
symbol engine: initialized successfully - sym options: 0x614 - pdb path: .;C:\Users\asmab\.jdks\jbr-17.0.8\bin;C:\WINDOWS\SYSTEM32;C:\WINDOWS\WinSxS\amd64_microsoft.windows.common-controls_6595b64144ccf1df_6.0.22621.3235_none_270f74e173860f98;C:\Users\asmab\.jdks\jbr-17.0.8\bin\server;C:\Program Files\JetBrains\IntelliJ IDEA 2023.2.1\bin;C:\Users\asmab\AppData\Local\Temp

VM Arguments:
jvm_args: -Dmaven.multiModuleProjectDirectory=C:\Users\asmab\IdeaProjects\skillhub -Djansi.passthrough=true -Dmaven.home=C:\Program Files\JetBrains\IntelliJ IDEA 2023.2.1\plugins\maven\lib\maven3 -Dclassworlds.conf=C:\Program Files\JetBrains\IntelliJ IDEA 2023.2.1\plugins\maven\lib\maven3\bin\m2.conf -Dmaven.ext.class.path=C:\Program Files\JetBrains\IntelliJ IDEA 2023.2.1\plugins\maven\lib\maven-event-listener.jar -javaagent:C:\Program Files\JetBrains\IntelliJ IDEA 2023.2.1\lib\idea_rt.jar=56973:C:\Program Files\JetBrains\IntelliJ IDEA 2023.2.1\bin -Dfile.encoding=UTF-8 
java_command: org.codehaus.classworlds.Launcher -Didea.version=2023.2.1 javafx:run
java_class_path (initial): C:\Program Files\JetBrains\IntelliJ IDEA 2023.2.1\plugins\maven\lib\maven3\boot\plexus-classworlds-2.7.0.jar;C:\Program Files\JetBrains\IntelliJ IDEA 2023.2.1\plugins\maven\lib\maven3\boot\plexus-classworlds.license
Launcher Type: SUN_STANDARD

[Global flags]
     intx CICompilerCount                          = 4                                         {product} {ergonomic}
     uint ConcGCThreads                            = 2                                         {product} {ergonomic}
     uint G1ConcRefinementThreads                  = 8                                         {product} {ergonomic}
   size_t G1HeapRegionSize                         = 1048576                                   {product} {ergonomic}
    uintx GCDrainStackTargetSize                   = 64                                        {product} {ergonomic}
   size_t InitialHeapSize                          = 130023424                                 {product} {ergonomic}
   size_t MarkStackSize                            = 4194304                                   {product} {ergonomic}
   size_t MaxHeapSize                              = 2080374784                                {product} {ergonomic}
   size_t MaxNewSize                               = 1247805440                                {product} {ergonomic}
   size_t MinHeapDeltaBytes                        = 1048576                                   {product} {ergonomic}
   size_t MinHeapSize                              = 8388608                                   {product} {ergonomic}
    uintx NonNMethodCodeHeapSize                   = 5839372                                {pd product} {ergonomic}
    uintx NonProfiledCodeHeapSize                  = 122909434                              {pd product} {ergonomic}
    uintx ProfiledCodeHeapSize                     = 122909434                              {pd product} {ergonomic}
    uintx ReservedCodeCacheSize                    = 251658240                              {pd product} {ergonomic}
     bool SegmentedCodeCache                       = true                                      {product} {ergonomic}
   size_t SoftMaxHeapSize                          = 2080374784                             {manageable} {ergonomic}
     bool UseCompressedClassPointers               = true                           {product lp64_product} {ergonomic}
     bool UseCompressedOops                        = true                           {product lp64_product} {ergonomic}
     bool UseG1GC                                  = true                                      {product} {ergonomic}
     bool UseLargePagesIndividualAllocation        = false                                  {pd product} {ergonomic}

Logging:
Log output configuration:
 #0: stdout all=warning uptime,level,tags
 #1: stderr all=off uptime,level,tags

Environment Variables:
PATH=C:\Program Files (x86)\VMware\VMware Workstation\bin\;C:\oraclexe\app\oracle\product\11.2.0\server\bin;;C:\oraclexe\app\oracle\product\10.2.0\server\bin;C:\WINDOWS\system32;C:\WINDOWS;C:\WINDOWS\System32\Wbem;C:\WINDOWS\System32\WindowsPowerShell\v1.0\;C:\WINDOWS\System32\OpenSSH\;C:\xampp\php;C:\ProgramData\ComposerSetup\bin;C:\Program Files\Git\cmd;C:\Program Files (x86)\GnuWin32\bin;C:\Program Files\CodeBlocks\MinGW\bin;C:\Users\asmab\scoop\shims;C:\Users\asmab\AppData\Local\Microsoft\WindowsApps;C:\Users\asmab\AppData\Local\Programs\Microsoft VS Code\bin;C:\Users\asmab\AppData\Local\ComposerSetup\bin;C:\Users\asmab\AppData\Roaming\Composer\vendor\bin;C:\xamp\php;C:\Program Files\CodeBlocks\MinGW\bin;C:\xamppp\php;
USERNAME=asmab
OS=Windows_NT
PROCESSOR_IDENTIFIER=Intel64 Family 6 Model 126 Stepping 5, GenuineIntel
TMP=C:\Users\asmab\AppData\Local\Temp
TEMP=C:\Users\asmab\AppData\Local\Temp


JNI global refs:
JNI global refs: 15, weak refs: 1

JNI global refs memory usage: 843, weak refs: 841

OOME stack traces (most recent first):
Classloader memory used:
Loader bootstrap                                                                       : 1892K
Loader org.codehaus.plexus.classworlds.realm.ClassRealm                                : 1799K
Loader jdk.internal.loader.ClassLoaders$AppClassLoader                                 : 1104K
Loader jdk.internal.loader.ClassLoaders$PlatformClassLoader                            : 64492B
Loader org.eclipse.sisu.space.CloningClassSpace$CloningClassLoader                     : 10560B
Loader jdk.internal.reflect.DelegatingClassLoader                                      : 6214B

Classes loaded by more than one classloader:
Class org.codehaus.plexus.util.StringUtils                                            : loaded 3 times (x 69B)
Class org.codehaus.plexus.util.MatchPatterns                                          : loaded 3 times (x 73B)
Class org.codehaus.plexus.interpolation.InterpolationPostProcessor                    : loaded 2 times (x 68B)
Class org.codehaus.plexus.util.DirectoryScanner                                       : loaded 2 times (x 113B)
Class org.codehaus.plexus.interpolation.BasicInterpolator                             : loaded 2 times (x 68B)
Class org.codehaus.plexus.languages.java.jpms.ResolvePathResult                       : loaded 2 times (x 74B)
Class org.codehaus.plexus.languages.java.jpms.LocationManager                         : loaded 2 times (x 72B)
Class org.codehaus.plexus.util.Scanner                                                : loaded 2 times (x 68B)
Class org.sonatype.plexus.components.cipher.PlexusCipherException                     : loaded 2 times (x 80B)
Class [Lorg.codehaus.plexus.util.MatchPattern;                                        : loaded 2 times (x 67B)
Class org.codehaus.plexus.interpolation.ValueSource                                   : loaded 2 times (x 68B)
Class org.codehaus.plexus.util.AbstractScanner                                        : loaded 2 times (x 98B)
Class org.sonatype.plexus.components.sec.dispatcher.DefaultSecDispatcher              : loaded 2 times (x 81B)
Class org.codehaus.plexus.languages.java.jpms.ResolvePathsRequest                     : loaded 2 times (x 80B)
Class org.codehaus.plexus.languages.java.jpms.JavaModuleDescriptor                    : loaded 2 times (x 76B)
Class org.codehaus.plexus.interpolation.RecursionInterceptor                          : loaded 2 times (x 68B)
Class org.apache.maven.shared.utils.logging.MessageBuilder                            : loaded 2 times (x 68B)
Class org.codehaus.plexus.languages.java.jpms.SourceModuleInfoParser                  : loaded 2 times (x 70B)
Class org.sonatype.plexus.components.sec.dispatcher.model.SettingsSecurity            : loaded 2 times (x 80B)
Class org.sonatype.plexus.components.cipher.PlexusCipher                              : loaded 2 times (x 68B)
Class org.sonatype.plexus.components.sec.dispatcher.SecDispatcher                     : loaded 2 times (x 68B)
Class org.codehaus.plexus.interpolation.PropertiesBasedValueSource                    : loaded 2 times (x 80B)
Class org.codehaus.plexus.interpolation.AbstractValueSource                           : loaded 2 times (x 80B)
Class org.sonatype.plexus.components.sec.dispatcher.SecDispatcherException            : loaded 2 times (x 80B)
Class org.codehaus.plexus.util.MatchPattern                                           : loaded 2 times (x 76B)
Class org.codehaus.plexus.util.Os                                                     : loaded 2 times (x 75B)
Class org.codehaus.plexus.languages.java.jpms.ModuleInfoParser                        : loaded 2 times (x 68B)
Class org.codehaus.plexus.util.SelectorUtils                                          : loaded 2 times (x 69B)
Class org.sonatype.plexus.components.cipher.DefaultPlexusCipher                       : loaded 2 times (x 91B)
Class org.codehaus.plexus.languages.java.jpms.ManifestModuleNameExtractor             : loaded 2 times (x 73B)
Class org.apache.commons.lang3.StringUtils                                            : loaded 2 times (x 69B)
Class org.codehaus.plexus.languages.java.jpms.ResolvePathRequest                      : loaded 2 times (x 74B)
Class org.codehaus.plexus.languages.java.jpms.ResolvePathsResult                      : loaded 2 times (x 80B)
Class org.codehaus.plexus.util.cli.CommandLineException                               : loaded 2 times (x 80B)
Class org.sonatype.plexus.components.cipher.PBECipher                                 : loaded 2 times (x 72B)
Class org.codehaus.plexus.interpolation.Interpolator                                  : loaded 2 times (x 68B)
Class org.codehaus.plexus.languages.java.jpms.ModuleNameExtractor                     : loaded 2 times (x 68B)


---------------  S Y S T E M  ---------------

OS:
 Windows 11 , 64 bit Build 22621 (10.0.22621.3235)
OS uptime: 21 days 10:27 hours
Hyper-V role detected

CPU: total 8 (initial active 8) (4 cores per cpu, 2 threads per core) family 6 model 126 stepping 5 microcode 0xa8, cx8, cmov, fxsr, ht, mmx, 3dnowpref, sse, sse2, sse3, ssse3, sse4.1, sse4.2, popcnt, lzcnt, tsc, tscinvbit, avx, avx2, aes, erms, clmul, bmi1, bmi2, adx, avx512f, avx512dq, avx512cd, avx512bw, avx512vl, sha, fma, vzeroupper, avx512_vpopcntdq, avx512_vpclmulqdq, avx512_vaes, avx512_vnni, clflush, clflushopt, avx512_vbmi2, avx512_vbmi, hv
Processor Information for all 8 processors :
  Max Mhz: 1190, Current Mhz: 991, Mhz Limit: 987

Memory: 4k page, system-wide physical 7932M (539M free)
TotalPageFile size 32508M (AvailPageFile size 179M)
current process WorkingSet (physical memory assigned to process): 246M, peak: 246M
current process commit charge ("private bytes"): 283M, peak: 284M

vm_info: OpenJDK 64-Bit Server VM (17.0.8+7-b1000.22) for windows-amd64 JRE (17.0.8+7-b1000.22), built on 2023-09-02 by "builduser" with MS VC++ 16.10 / 16.11 (VS2019)

END.
