#
# There is insufficient memory for the Java Runtime Environment to continue.
# Native memory allocation (mmap) failed to map 65536 bytes for Failed to commit metaspace.
# Possible reasons:
#   The system is out of physical RAM or swap space
#   The process is running with CompressedOops enabled, and the Java Heap may be blocking the growth of the native heap
# Possible solutions:
#   Reduce memory load on the system
#   Increase physical memory or swap space
#   Check if swap backing store is full
#   Decrease Java heap size (-Xmx/-Xms)
#   Decrease number of Java threads
#   Decrease Java thread stack sizes (-Xss)
#   Set larger code cache with -XX:ReservedCodeCacheSize=
#   JVM is running with Unscaled Compressed Oops mode in which the Java heap is
#     placed in the first 4GB address space. The Java Heap base address is the
#     maximum limit for the native heap growth. Please use -XX:HeapBaseMinAddress
#     to set the Java Heap base and to place the Java Heap above 4GB virtual address.
# This output file may be truncated or incomplete.
#
#  Out of Memory Error (virtualSpaceNode.cpp:110), pid=15276, tid=14876
#
# JRE version: OpenJDK Runtime Environment JBR-17.0.8+7-1000.22-nomod (17.0.8+7) (build 17.0.8+7-b1000.22)
# Java VM: OpenJDK 64-Bit Server VM JBR-17.0.8+7-1000.22-nomod (17.0.8+7-b1000.22, mixed mode, tiered, compressed oops, compressed class ptrs, g1 gc, windows-amd64)
# No core dump will be written. Minidumps are not enabled by default on client versions of Windows
#

---------------  S U M M A R Y ------------

Command Line: --module-path=C:\Users\asmab\.m2\repository\org\openjfx\javafx-base\21.0.2\javafx-base-21.0.2-win.jar;C:\Users\asmab\.m2\repository\org\openjfx\javafx-base\21.0.2\javafx-base-21.0.2.jar;C:\Users\asmab\.m2\repository\org\openjfx\javafx-controls\21.0.2\javafx-controls-21.0.2-win.jar;C:\Users\asmab\.m2\repository\org\openjfx\javafx-controls\21.0.2\javafx-controls-21.0.2.jar;C:\Users\asmab\.m2\repository\org\openjfx\javafx-fxml\21.0.2\javafx-fxml-21.0.2-win.jar;C:\Users\asmab\.m2\repository\org\openjfx\javafx-fxml\21.0.2\javafx-fxml-21.0.2.jar;C:\Users\asmab\.m2\repository\org\openjfx\javafx-graphics\21.0.2\javafx-graphics-21.0.2-win.jar;C:\Users\asmab\.m2\repository\org\openjfx\javafx-graphics\21.0.2\javafx-graphics-21.0.2.jar --add-modules=javafx.base,javafx.controls,javafx.fxml,javafx.graphics tests.MainFx

Host: Intel(R) Core(TM) i5-1035G1 CPU @ 1.00GHz, 8 cores, 7G,  Windows 11 , 64 bit Build 22621 (10.0.22621.3235)
Time: Tue Apr 23 00:32:39 2024 Afr. centrale Ouest elapsed time: 0.908431 seconds (0d 0h 0m 0s)

---------------  T H R E A D  ---------------

Current thread (0x00000208ab96b6b0):  JavaThread "JavaFX Application Thread" [_thread_in_vm, id=14876, stack(0x00000013c5a00000,0x00000013c5b00000)]

Stack: [0x00000013c5a00000,0x00000013c5b00000]
Native frames: (J=compiled Java code, j=interpreted, Vv=VM code, C=native code)
V  [jvm.dll+0x6852da]
V  [jvm.dll+0x844c84]
V  [jvm.dll+0x84659e]
V  [jvm.dll+0x846c03]
V  [jvm.dll+0x24b7cf]
V  [jvm.dll+0x84003b]
V  [jvm.dll+0x6296c6]
V  [jvm.dll+0x1c2dee]
V  [jvm.dll+0x62c011]
V  [jvm.dll+0x62a066]
V  [jvm.dll+0x23f6bf]
V  [jvm.dll+0x633ef5]
V  [jvm.dll+0x1eeefb]
V  [jvm.dll+0x1ef435]
V  [jvm.dll+0x1efd54]
V  [jvm.dll+0x1e529c]
V  [jvm.dll+0x54b27d]
V  [jvm.dll+0x7bede5]
V  [jvm.dll+0x7beefe]
V  [jvm.dll+0x4148ba]
V  [jvm.dll+0x41aa39]
C  [java.dll+0x17ec]

Java frames: (J=compiled Java code, j=interpreted, Vv=VM code)
J 959  java.lang.ClassLoader.defineClass1(Ljava/lang/ClassLoader;Ljava/lang/String;[BIILjava/security/ProtectionDomain;Ljava/lang/String;)Ljava/lang/Class; java.base@17.0.8 (0 bytes) @ 0x000002089802e6db [0x000002089802e620+0x00000000000000bb]
j  java.lang.ClassLoader.defineClass(Ljava/lang/String;[BIILjava/security/ProtectionDomain;)Ljava/lang/Class;+27 java.base@17.0.8
j  java.security.SecureClassLoader.defineClass(Ljava/lang/String;[BIILjava/security/CodeSource;)Ljava/lang/Class;+12 java.base@17.0.8
j  jdk.internal.loader.BuiltinClassLoader.defineClass(Ljava/lang/String;Ljdk/internal/loader/Resource;)Ljava/lang/Class;+117 java.base@17.0.8
j  jdk.internal.loader.BuiltinClassLoader.findClassOnClassPathOrNull(Ljava/lang/String;)Ljava/lang/Class;+37 java.base@17.0.8
J 784 c1 jdk.internal.loader.BuiltinClassLoader.loadClassOrNull(Ljava/lang/String;Z)Ljava/lang/Class; java.base@17.0.8 (143 bytes) @ 0x000002089062a084 [0x00000208906291c0+0x0000000000000ec4]
J 786 c1 jdk.internal.loader.ClassLoaders$AppClassLoader.loadClass(Ljava/lang/String;Z)Ljava/lang/Class; java.base@17.0.8 (40 bytes) @ 0x000002089062bb74 [0x000002089062b560+0x0000000000000614]
J 785 c1 java.lang.ClassLoader.loadClass(Ljava/lang/String;)Ljava/lang/Class; java.base@17.0.8 (7 bytes) @ 0x000002089062b1bc [0x000002089062b0c0+0x00000000000000fc]
v  ~StubRoutines::call_stub
j  com.mysql.cj.jdbc.ConnectionImpl.<init>(Lcom/mysql/cj/conf/HostInfo;)V+163
j  com.mysql.cj.jdbc.ConnectionImpl.getInstance(Lcom/mysql/cj/conf/HostInfo;)Lcom/mysql/cj/jdbc/JdbcConnection;+5
j  com.mysql.cj.jdbc.NonRegisteringDriver.connect(Ljava/lang/String;Ljava/util/Properties;)Ljava/sql/Connection;+72
j  java.sql.DriverManager.getConnection(Ljava/lang/String;Ljava/util/Properties;Ljava/lang/Class;)Ljava/sql/Connection;+131 java.sql@17.0.8
j  java.sql.DriverManager.getConnection(Ljava/lang/String;Ljava/lang/String;Ljava/lang/String;)Ljava/sql/Connection;+37 java.sql@17.0.8
j  utils.MyDatabase.<init>()V+29
j  utils.MyDatabase.getInstance()Lutils/MyDatabase;+10
j  services.ServiceOrganisation.<init>()V+4
j  controllers.afficherOrganisationController.<init>()V+9
v  ~StubRoutines::call_stub
j  jdk.internal.reflect.NativeConstructorAccessorImpl.newInstance0(Ljava/lang/reflect/Constructor;[Ljava/lang/Object;)Ljava/lang/Object;+0 java.base@17.0.8
j  jdk.internal.reflect.NativeConstructorAccessorImpl.newInstance([Ljava/lang/Object;)Ljava/lang/Object;+118 java.base@17.0.8
j  jdk.internal.reflect.DelegatingConstructorAccessorImpl.newInstance([Ljava/lang/Object;)Ljava/lang/Object;+5 java.base@17.0.8
j  java.lang.reflect.Constructor.newInstanceWithCaller([Ljava/lang/Object;ZLjava/lang/Class;)Ljava/lang/Object;+65 java.base@17.0.8
j  java.lang.reflect.Constructor.newInstance([Ljava/lang/Object;)Ljava/lang/Object;+30 java.base@17.0.8
j  javafx.fxml.FXMLLoader$ValueElement.processAttribute(Ljava/lang/String;Ljava/lang/String;Ljava/lang/String;)V+222 javafx.fxml@21.0.2
j  javafx.fxml.FXMLLoader$InstanceDeclarationElement.processAttribute(Ljava/lang/String;Ljava/lang/String;Ljava/lang/String;)V+68 javafx.fxml@21.0.2
j  javafx.fxml.FXMLLoader$Element.processStartElement()V+115 javafx.fxml@21.0.2
j  javafx.fxml.FXMLLoader$ValueElement.processStartElement()V+1 javafx.fxml@21.0.2
j  javafx.fxml.FXMLLoader.processStartElement()V+8 javafx.fxml@21.0.2
j  javafx.fxml.FXMLLoader.loadImpl(Ljava/io/InputStream;Ljava/lang/Class;)Ljava/lang/Object;+207 javafx.fxml@21.0.2
j  javafx.fxml.FXMLLoader.loadImpl(Ljava/lang/Class;)Ljava/lang/Object;+31 javafx.fxml@21.0.2
j  javafx.fxml.FXMLLoader.load()Ljava/lang/Object;+17 javafx.fxml@21.0.2
j  tests.MainFx.start(Ljavafx/stage/Stage;)V+18
j  com.sun.javafx.application.LauncherImpl.lambda$launchApplication1$9(Ljava/util/concurrent/atomic/AtomicBoolean;Ljavafx/application/Application;)V+20 javafx.graphics@21.0.2
j  com.sun.javafx.application.LauncherImpl$$Lambda$104+0x0000000100116b78.run()V+8 javafx.graphics@21.0.2
j  com.sun.javafx.application.PlatformImpl.lambda$runAndWait$12(Ljava/lang/Runnable;Ljava/util/concurrent/CountDownLatch;)V+1 javafx.graphics@21.0.2
j  com.sun.javafx.application.PlatformImpl$$Lambda$97+0x00000001001122c8.run()V+8 javafx.graphics@21.0.2
j  com.sun.javafx.application.PlatformImpl.lambda$runLater$10(Ljava/lang/Runnable;)Ljava/lang/Void;+1 javafx.graphics@21.0.2
j  com.sun.javafx.application.PlatformImpl$$Lambda$99+0x0000000100113480.run()Ljava/lang/Object;+4 javafx.graphics@21.0.2
j  java.security.AccessController.executePrivileged(Ljava/security/PrivilegedAction;Ljava/security/AccessControlContext;Ljava/lang/Class;)Ljava/lang/Object;+29 java.base@17.0.8
j  java.security.AccessController.doPrivileged(Ljava/security/PrivilegedAction;Ljava/security/AccessControlContext;)Ljava/lang/Object;+13 java.base@17.0.8
j  com.sun.javafx.application.PlatformImpl.lambda$runLater$11(Ljava/lang/Runnable;Ljava/security/AccessControlContext;)V+7 javafx.graphics@21.0.2
j  com.sun.javafx.application.PlatformImpl$$Lambda$98+0x0000000100112b60.run()V+8 javafx.graphics@21.0.2
j  com.sun.glass.ui.InvokeLaterDispatcher$Future.run()V+4 javafx.graphics@21.0.2
v  ~StubRoutines::call_stub
j  com.sun.glass.ui.win.WinApplication._runLoop(Ljava/lang/Runnable;)V+0 javafx.graphics@21.0.2
j  com.sun.glass.ui.win.WinApplication.lambda$runLoop$3(ILjava/lang/Runnable;)V+8 javafx.graphics@21.0.2
j  com.sun.glass.ui.win.WinApplication$$Lambda$87+0x00000001000eedc0.run()V+12 javafx.graphics@21.0.2
j  java.lang.Thread.run()V+11 java.base@17.0.8
v  ~StubRoutines::call_stub

---------------  P R O C E S S  ---------------

Threads class SMR info:
_java_thread_list=0x00000208abbd3ac0, length=19, elements={
0x000002088cd4e110, 0x00000208ab021060, 0x00000208ab021a20, 0x00000208ab0785c0,
0x00000208ab078f80, 0x00000208ab079940, 0x00000208ab07a300, 0x00000208ab07ee60,
0x00000208ab0905c0, 0x00000208ab090fc0, 0x00000208a66b5db0, 0x00000208ab279020,
0x00000208ab4c3a00, 0x00000208ab6287b0, 0x00000208ab969a40, 0x00000208ab96b6b0,
0x00000208abaedea0, 0x00000208abac6720, 0x00000208abba9d40
}

Java Threads: ( => current thread )
  0x000002088cd4e110 JavaThread "main" [_thread_blocked, id=20688, stack(0x00000013c4400000,0x00000013c4500000)]
  0x00000208ab021060 JavaThread "Reference Handler" daemon [_thread_blocked, id=18140, stack(0x00000013c4b00000,0x00000013c4c00000)]
  0x00000208ab021a20 JavaThread "Finalizer" daemon [_thread_blocked, id=6120, stack(0x00000013c4c00000,0x00000013c4d00000)]
  0x00000208ab0785c0 JavaThread "Signal Dispatcher" daemon [_thread_blocked, id=7020, stack(0x00000013c4d00000,0x00000013c4e00000)]
  0x00000208ab078f80 JavaThread "Attach Listener" daemon [_thread_blocked, id=21352, stack(0x00000013c4e00000,0x00000013c4f00000)]
  0x00000208ab079940 JavaThread "Service Thread" daemon [_thread_blocked, id=30004, stack(0x00000013c4f00000,0x00000013c5000000)]
  0x00000208ab07a300 JavaThread "Monitor Deflation Thread" daemon [_thread_blocked, id=30360, stack(0x00000013c5000000,0x00000013c5100000)]
  0x00000208ab07ee60 JavaThread "C2 CompilerThread0" daemon [_thread_blocked, id=15352, stack(0x00000013c5100000,0x00000013c5200000)]
  0x00000208ab0905c0 JavaThread "C1 CompilerThread0" daemon [_thread_blocked, id=10944, stack(0x00000013c5200000,0x00000013c5300000)]
  0x00000208ab090fc0 JavaThread "Sweeper thread" daemon [_thread_blocked, id=29028, stack(0x00000013c5300000,0x00000013c5400000)]
  0x00000208a66b5db0 JavaThread "Common-Cleaner" daemon [_thread_blocked, id=13044, stack(0x00000013c5400000,0x00000013c5500000)]
  0x00000208ab279020 JavaThread "C2 CompilerThread1" daemon [_thread_blocked, id=32400, stack(0x00000013c5500000,0x00000013c5600000)]
  0x00000208ab4c3a00 JavaThread "Notification Thread" daemon [_thread_blocked, id=19652, stack(0x00000013c5600000,0x00000013c5700000)]
  0x00000208ab6287b0 JavaThread "QuantumRenderer-0" daemon [_thread_blocked, id=15080, stack(0x00000013c5800000,0x00000013c5900000)]
  0x00000208ab969a40 JavaThread "InvokeLaterDispatcher" daemon [_thread_blocked, id=2128, stack(0x00000013c5900000,0x00000013c5a00000)]
=>0x00000208ab96b6b0 JavaThread "JavaFX Application Thread" [_thread_in_vm, id=14876, stack(0x00000013c5a00000,0x00000013c5b00000)]
  0x00000208abaedea0 JavaThread "JavaFX-Launcher" [_thread_blocked, id=29852, stack(0x00000013c5f00000,0x00000013c6000000)]
  0x00000208abac6720 JavaThread "Thread-2" daemon [_thread_in_native, id=31460, stack(0x00000013c5e00000,0x00000013c5f00000)]
  0x00000208abba9d40 JavaThread "mysql-cj-abandoned-connection-cleanup" daemon [_thread_blocked, id=31072, stack(0x00000013c6500000,0x00000013c6600000)]

Other Threads:
  0x00000208a670e520 VMThread "VM Thread" [stack: 0x00000013c4a00000,0x00000013c4b00000] [id=7164]
  0x000002088cdc7880 WatcherThread [stack: 0x00000013c5700000,0x00000013c5800000] [id=6912]
  0x000002088cda75a0 GCTaskThread "GC Thread#0" [stack: 0x00000013c4500000,0x00000013c4600000] [id=30560]
  0x00000208abadcda0 GCTaskThread "GC Thread#1" [stack: 0x00000013c6000000,0x00000013c6100000] [id=26972]
  0x00000208abb02440 GCTaskThread "GC Thread#2" [stack: 0x00000013c6100000,0x00000013c6200000] [id=15088]
  0x00000208abb02700 GCTaskThread "GC Thread#3" [stack: 0x00000013c6200000,0x00000013c6300000] [id=29644]
  0x00000208abbaadd0 GCTaskThread "GC Thread#4" [stack: 0x00000013c6300000,0x00000013c6400000] [id=11684]
  0x00000208abbab8a0 GCTaskThread "GC Thread#5" [stack: 0x00000013c6400000,0x00000013c6500000] [id=29800]
  0x000002088cdb7cf0 ConcurrentGCThread "G1 Main Marker" [stack: 0x00000013c4600000,0x00000013c4700000] [id=27544]
  0x000002088cdb9710 ConcurrentGCThread "G1 Conc#0" [stack: 0x00000013c4700000,0x00000013c4800000] [id=29104]
  0x000002088cdf81b0 ConcurrentGCThread "G1 Refine#0" [stack: 0x00000013c4800000,0x00000013c4900000] [id=28132]
  0x000002088cdf8be0 ConcurrentGCThread "G1 Service" [stack: 0x00000013c4900000,0x00000013c4a00000] [id=29536]

Threads with active compile tasks:

VM state: not at safepoint (normal execution)

VM Mutex/Monitor currently owned by a thread:  ([mutex/lock_event])
[0x000002088cd4a8c0] Metaspace_lock - owner thread: 0x00000208ab96b6b0

Heap address: 0x0000000084000000, size: 1984 MB, Compressed Oops mode: 32-bit

CDS archive(s) not mapped
Compressed class space mapped at: 0x0000000100000000-0x0000000140000000, reserved size: 1073741824
Narrow klass base: 0x0000000000000000, Narrow klass shift: 3, Narrow klass range: 0x140000000

GC Precious Log:
 CPUs: 8 total, 8 available
 Memory: 7932M
 Large Page Support: Disabled
 NUMA Support: Disabled
 Compressed Oops: Enabled (32-bit)
 Heap Region Size: 1M
 Heap Min Capacity: 8M
 Heap Initial Capacity: 124M
 Heap Max Capacity: 1984M
 Pre-touch: Disabled
 Parallel Workers: 8
 Concurrent Workers: 2
 Concurrent Refinement Workers: 8
 Periodic GC: Disabled

Heap:
 garbage-first heap   total 126976K, used 7368K [0x0000000084000000, 0x0000000100000000)
  region size 1024K, 8 young (8192K), 3 survivors (3072K)
 Metaspace       used 14859K, committed 15040K, reserved 1114112K
  class space    used 1516K, committed 1600K, reserved 1048576K

Heap Regions: E=young(eden), S=young(survivor), O=old, HS=humongous(starts), HC=humongous(continues), CS=collection set, F=free, OA=open archive, CA=closed archive, TAMS=top-at-mark-start (previous, next)
|   0|0x0000000084000000, 0x0000000084032200, 0x0000000084100000| 19%| O|  |TAMS 0x0000000084000000, 0x0000000084000000| Untracked 
|   1|0x0000000084100000, 0x0000000084100000, 0x0000000084200000|  0%| F|  |TAMS 0x0000000084100000, 0x0000000084100000| Untracked 
|   2|0x0000000084200000, 0x0000000084200000, 0x0000000084300000|  0%| F|  |TAMS 0x0000000084200000, 0x0000000084200000| Untracked 
|   3|0x0000000084300000, 0x0000000084300000, 0x0000000084400000|  0%| F|  |TAMS 0x0000000084300000, 0x0000000084300000| Untracked 
|   4|0x0000000084400000, 0x0000000084400000, 0x0000000084500000|  0%| F|  |TAMS 0x0000000084400000, 0x0000000084400000| Untracked 
|   5|0x0000000084500000, 0x0000000084500000, 0x0000000084600000|  0%| F|  |TAMS 0x0000000084500000, 0x0000000084500000| Untracked 
|   6|0x0000000084600000, 0x0000000084600000, 0x0000000084700000|  0%| F|  |TAMS 0x0000000084600000, 0x0000000084600000| Untracked 
|   7|0x0000000084700000, 0x0000000084700000, 0x0000000084800000|  0%| F|  |TAMS 0x0000000084700000, 0x0000000084700000| Untracked 
|   8|0x0000000084800000, 0x0000000084800000, 0x0000000084900000|  0%| F|  |TAMS 0x0000000084800000, 0x0000000084800000| Untracked 
|   9|0x0000000084900000, 0x0000000084900000, 0x0000000084a00000|  0%| F|  |TAMS 0x0000000084900000, 0x0000000084900000| Untracked 
|  10|0x0000000084a00000, 0x0000000084a00000, 0x0000000084b00000|  0%| F|  |TAMS 0x0000000084a00000, 0x0000000084a00000| Untracked 
|  11|0x0000000084b00000, 0x0000000084b00000, 0x0000000084c00000|  0%| F|  |TAMS 0x0000000084b00000, 0x0000000084b00000| Untracked 
|  12|0x0000000084c00000, 0x0000000084c00000, 0x0000000084d00000|  0%| F|  |TAMS 0x0000000084c00000, 0x0000000084c00000| Untracked 
|  13|0x0000000084d00000, 0x0000000084d00000, 0x0000000084e00000|  0%| F|  |TAMS 0x0000000084d00000, 0x0000000084d00000| Untracked 
|  14|0x0000000084e00000, 0x0000000084e00000, 0x0000000084f00000|  0%| F|  |TAMS 0x0000000084e00000, 0x0000000084e00000| Untracked 
|  15|0x0000000084f00000, 0x0000000084f00000, 0x0000000085000000|  0%| F|  |TAMS 0x0000000084f00000, 0x0000000084f00000| Untracked 
|  16|0x0000000085000000, 0x0000000085000000, 0x0000000085100000|  0%| F|  |TAMS 0x0000000085000000, 0x0000000085000000| Untracked 
|  17|0x0000000085100000, 0x0000000085100000, 0x0000000085200000|  0%| F|  |TAMS 0x0000000085100000, 0x0000000085100000| Untracked 
|  18|0x0000000085200000, 0x0000000085200000, 0x0000000085300000|  0%| F|  |TAMS 0x0000000085200000, 0x0000000085200000| Untracked 
|  19|0x0000000085300000, 0x0000000085300000, 0x0000000085400000|  0%| F|  |TAMS 0x0000000085300000, 0x0000000085300000| Untracked 
|  20|0x0000000085400000, 0x0000000085400000, 0x0000000085500000|  0%| F|  |TAMS 0x0000000085400000, 0x0000000085400000| Untracked 
|  21|0x0000000085500000, 0x0000000085500000, 0x0000000085600000|  0%| F|  |TAMS 0x0000000085500000, 0x0000000085500000| Untracked 
|  22|0x0000000085600000, 0x0000000085600000, 0x0000000085700000|  0%| F|  |TAMS 0x0000000085600000, 0x0000000085600000| Untracked 
|  23|0x0000000085700000, 0x0000000085700000, 0x0000000085800000|  0%| F|  |TAMS 0x0000000085700000, 0x0000000085700000| Untracked 
|  24|0x0000000085800000, 0x0000000085800000, 0x0000000085900000|  0%| F|  |TAMS 0x0000000085800000, 0x0000000085800000| Untracked 
|  25|0x0000000085900000, 0x0000000085900000, 0x0000000085a00000|  0%| F|  |TAMS 0x0000000085900000, 0x0000000085900000| Untracked 
|  26|0x0000000085a00000, 0x0000000085a00000, 0x0000000085b00000|  0%| F|  |TAMS 0x0000000085a00000, 0x0000000085a00000| Untracked 
|  27|0x0000000085b00000, 0x0000000085b00000, 0x0000000085c00000|  0%| F|  |TAMS 0x0000000085b00000, 0x0000000085b00000| Untracked 
|  28|0x0000000085c00000, 0x0000000085c00000, 0x0000000085d00000|  0%| F|  |TAMS 0x0000000085c00000, 0x0000000085c00000| Untracked 
|  29|0x0000000085d00000, 0x0000000085d00000, 0x0000000085e00000|  0%| F|  |TAMS 0x0000000085d00000, 0x0000000085d00000| Untracked 
|  30|0x0000000085e00000, 0x0000000085e00000, 0x0000000085f00000|  0%| F|  |TAMS 0x0000000085e00000, 0x0000000085e00000| Untracked 
|  31|0x0000000085f00000, 0x0000000085f00000, 0x0000000086000000|  0%| F|  |TAMS 0x0000000085f00000, 0x0000000085f00000| Untracked 
|  32|0x0000000086000000, 0x0000000086000000, 0x0000000086100000|  0%| F|  |TAMS 0x0000000086000000, 0x0000000086000000| Untracked 
|  33|0x0000000086100000, 0x0000000086100000, 0x0000000086200000|  0%| F|  |TAMS 0x0000000086100000, 0x0000000086100000| Untracked 
|  34|0x0000000086200000, 0x0000000086200000, 0x0000000086300000|  0%| F|  |TAMS 0x0000000086200000, 0x0000000086200000| Untracked 
|  35|0x0000000086300000, 0x0000000086300000, 0x0000000086400000|  0%| F|  |TAMS 0x0000000086300000, 0x0000000086300000| Untracked 
|  36|0x0000000086400000, 0x0000000086400000, 0x0000000086500000|  0%| F|  |TAMS 0x0000000086400000, 0x0000000086400000| Untracked 
|  37|0x0000000086500000, 0x0000000086500000, 0x0000000086600000|  0%| F|  |TAMS 0x0000000086500000, 0x0000000086500000| Untracked 
|  38|0x0000000086600000, 0x0000000086600000, 0x0000000086700000|  0%| F|  |TAMS 0x0000000086600000, 0x0000000086600000| Untracked 
|  39|0x0000000086700000, 0x0000000086700000, 0x0000000086800000|  0%| F|  |TAMS 0x0000000086700000, 0x0000000086700000| Untracked 
|  40|0x0000000086800000, 0x0000000086800000, 0x0000000086900000|  0%| F|  |TAMS 0x0000000086800000, 0x0000000086800000| Untracked 
|  41|0x0000000086900000, 0x0000000086900000, 0x0000000086a00000|  0%| F|  |TAMS 0x0000000086900000, 0x0000000086900000| Untracked 
|  42|0x0000000086a00000, 0x0000000086a00000, 0x0000000086b00000|  0%| F|  |TAMS 0x0000000086a00000, 0x0000000086a00000| Untracked 
|  43|0x0000000086b00000, 0x0000000086b00000, 0x0000000086c00000|  0%| F|  |TAMS 0x0000000086b00000, 0x0000000086b00000| Untracked 
|  44|0x0000000086c00000, 0x0000000086c00000, 0x0000000086d00000|  0%| F|  |TAMS 0x0000000086c00000, 0x0000000086c00000| Untracked 
|  45|0x0000000086d00000, 0x0000000086d00000, 0x0000000086e00000|  0%| F|  |TAMS 0x0000000086d00000, 0x0000000086d00000| Untracked 
|  46|0x0000000086e00000, 0x0000000086e00000, 0x0000000086f00000|  0%| F|  |TAMS 0x0000000086e00000, 0x0000000086e00000| Untracked 
|  47|0x0000000086f00000, 0x0000000086f00000, 0x0000000087000000|  0%| F|  |TAMS 0x0000000086f00000, 0x0000000086f00000| Untracked 
|  48|0x0000000087000000, 0x0000000087000000, 0x0000000087100000|  0%| F|  |TAMS 0x0000000087000000, 0x0000000087000000| Untracked 
|  49|0x0000000087100000, 0x0000000087100000, 0x0000000087200000|  0%| F|  |TAMS 0x0000000087100000, 0x0000000087100000| Untracked 
|  50|0x0000000087200000, 0x0000000087200000, 0x0000000087300000|  0%| F|  |TAMS 0x0000000087200000, 0x0000000087200000| Untracked 
|  51|0x0000000087300000, 0x0000000087300000, 0x0000000087400000|  0%| F|  |TAMS 0x0000000087300000, 0x0000000087300000| Untracked 
|  52|0x0000000087400000, 0x0000000087400000, 0x0000000087500000|  0%| F|  |TAMS 0x0000000087400000, 0x0000000087400000| Untracked 
|  53|0x0000000087500000, 0x0000000087500000, 0x0000000087600000|  0%| F|  |TAMS 0x0000000087500000, 0x0000000087500000| Untracked 
|  54|0x0000000087600000, 0x0000000087600000, 0x0000000087700000|  0%| F|  |TAMS 0x0000000087600000, 0x0000000087600000| Untracked 
|  55|0x0000000087700000, 0x0000000087700000, 0x0000000087800000|  0%| F|  |TAMS 0x0000000087700000, 0x0000000087700000| Untracked 
|  56|0x0000000087800000, 0x0000000087800000, 0x0000000087900000|  0%| F|  |TAMS 0x0000000087800000, 0x0000000087800000| Untracked 
|  57|0x0000000087900000, 0x0000000087900000, 0x0000000087a00000|  0%| F|  |TAMS 0x0000000087900000, 0x0000000087900000| Untracked 
|  58|0x0000000087a00000, 0x0000000087a00000, 0x0000000087b00000|  0%| F|  |TAMS 0x0000000087a00000, 0x0000000087a00000| Untracked 
|  59|0x0000000087b00000, 0x0000000087b00000, 0x0000000087c00000|  0%| F|  |TAMS 0x0000000087b00000, 0x0000000087b00000| Untracked 
|  60|0x0000000087c00000, 0x0000000087c00000, 0x0000000087d00000|  0%| F|  |TAMS 0x0000000087c00000, 0x0000000087c00000| Untracked 
|  61|0x0000000087d00000, 0x0000000087d00000, 0x0000000087e00000|  0%| F|  |TAMS 0x0000000087d00000, 0x0000000087d00000| Untracked 
|  62|0x0000000087e00000, 0x0000000087e00000, 0x0000000087f00000|  0%| F|  |TAMS 0x0000000087e00000, 0x0000000087e00000| Untracked 
|  63|0x0000000087f00000, 0x0000000087f00000, 0x0000000088000000|  0%| F|  |TAMS 0x0000000087f00000, 0x0000000087f00000| Untracked 
|  64|0x0000000088000000, 0x0000000088000000, 0x0000000088100000|  0%| F|  |TAMS 0x0000000088000000, 0x0000000088000000| Untracked 
|  65|0x0000000088100000, 0x0000000088100000, 0x0000000088200000|  0%| F|  |TAMS 0x0000000088100000, 0x0000000088100000| Untracked 
|  66|0x0000000088200000, 0x0000000088200000, 0x0000000088300000|  0%| F|  |TAMS 0x0000000088200000, 0x0000000088200000| Untracked 
|  67|0x0000000088300000, 0x0000000088300000, 0x0000000088400000|  0%| F|  |TAMS 0x0000000088300000, 0x0000000088300000| Untracked 
|  68|0x0000000088400000, 0x0000000088400000, 0x0000000088500000|  0%| F|  |TAMS 0x0000000088400000, 0x0000000088400000| Untracked 
|  69|0x0000000088500000, 0x0000000088500000, 0x0000000088600000|  0%| F|  |TAMS 0x0000000088500000, 0x0000000088500000| Untracked 
|  70|0x0000000088600000, 0x0000000088600000, 0x0000000088700000|  0%| F|  |TAMS 0x0000000088600000, 0x0000000088600000| Untracked 
|  71|0x0000000088700000, 0x0000000088700000, 0x0000000088800000|  0%| F|  |TAMS 0x0000000088700000, 0x0000000088700000| Untracked 
|  72|0x0000000088800000, 0x0000000088800000, 0x0000000088900000|  0%| F|  |TAMS 0x0000000088800000, 0x0000000088800000| Untracked 
|  73|0x0000000088900000, 0x0000000088900000, 0x0000000088a00000|  0%| F|  |TAMS 0x0000000088900000, 0x0000000088900000| Untracked 
|  74|0x0000000088a00000, 0x0000000088a00000, 0x0000000088b00000|  0%| F|  |TAMS 0x0000000088a00000, 0x0000000088a00000| Untracked 
|  75|0x0000000088b00000, 0x0000000088b00000, 0x0000000088c00000|  0%| F|  |TAMS 0x0000000088b00000, 0x0000000088b00000| Untracked 
|  76|0x0000000088c00000, 0x0000000088c00000, 0x0000000088d00000|  0%| F|  |TAMS 0x0000000088c00000, 0x0000000088c00000| Untracked 
|  77|0x0000000088d00000, 0x0000000088d00000, 0x0000000088e00000|  0%| F|  |TAMS 0x0000000088d00000, 0x0000000088d00000| Untracked 
|  78|0x0000000088e00000, 0x0000000088e00000, 0x0000000088f00000|  0%| F|  |TAMS 0x0000000088e00000, 0x0000000088e00000| Untracked 
|  79|0x0000000088f00000, 0x0000000088f00000, 0x0000000089000000|  0%| F|  |TAMS 0x0000000088f00000, 0x0000000088f00000| Untracked 
|  80|0x0000000089000000, 0x0000000089000000, 0x0000000089100000|  0%| F|  |TAMS 0x0000000089000000, 0x0000000089000000| Untracked 
|  81|0x0000000089100000, 0x0000000089100000, 0x0000000089200000|  0%| F|  |TAMS 0x0000000089100000, 0x0000000089100000| Untracked 
|  82|0x0000000089200000, 0x0000000089200000, 0x0000000089300000|  0%| F|  |TAMS 0x0000000089200000, 0x0000000089200000| Untracked 
|  83|0x0000000089300000, 0x0000000089300000, 0x0000000089400000|  0%| F|  |TAMS 0x0000000089300000, 0x0000000089300000| Untracked 
|  84|0x0000000089400000, 0x0000000089400000, 0x0000000089500000|  0%| F|  |TAMS 0x0000000089400000, 0x0000000089400000| Untracked 
|  85|0x0000000089500000, 0x0000000089500000, 0x0000000089600000|  0%| F|  |TAMS 0x0000000089500000, 0x0000000089500000| Untracked 
|  86|0x0000000089600000, 0x0000000089600000, 0x0000000089700000|  0%| F|  |TAMS 0x0000000089600000, 0x0000000089600000| Untracked 
|  87|0x0000000089700000, 0x0000000089700000, 0x0000000089800000|  0%| F|  |TAMS 0x0000000089700000, 0x0000000089700000| Untracked 
|  88|0x0000000089800000, 0x0000000089800000, 0x0000000089900000|  0%| F|  |TAMS 0x0000000089800000, 0x0000000089800000| Untracked 
|  89|0x0000000089900000, 0x0000000089900000, 0x0000000089a00000|  0%| F|  |TAMS 0x0000000089900000, 0x0000000089900000| Untracked 
|  90|0x0000000089a00000, 0x0000000089a00000, 0x0000000089b00000|  0%| F|  |TAMS 0x0000000089a00000, 0x0000000089a00000| Untracked 
|  91|0x0000000089b00000, 0x0000000089b00000, 0x0000000089c00000|  0%| F|  |TAMS 0x0000000089b00000, 0x0000000089b00000| Untracked 
|  92|0x0000000089c00000, 0x0000000089c00000, 0x0000000089d00000|  0%| F|  |TAMS 0x0000000089c00000, 0x0000000089c00000| Untracked 
|  93|0x0000000089d00000, 0x0000000089d00000, 0x0000000089e00000|  0%| F|  |TAMS 0x0000000089d00000, 0x0000000089d00000| Untracked 
|  94|0x0000000089e00000, 0x0000000089e00000, 0x0000000089f00000|  0%| F|  |TAMS 0x0000000089e00000, 0x0000000089e00000| Untracked 
|  95|0x0000000089f00000, 0x0000000089f00000, 0x000000008a000000|  0%| F|  |TAMS 0x0000000089f00000, 0x0000000089f00000| Untracked 
|  96|0x000000008a000000, 0x000000008a000000, 0x000000008a100000|  0%| F|  |TAMS 0x000000008a000000, 0x000000008a000000| Untracked 
|  97|0x000000008a100000, 0x000000008a100000, 0x000000008a200000|  0%| F|  |TAMS 0x000000008a100000, 0x000000008a100000| Untracked 
|  98|0x000000008a200000, 0x000000008a300000, 0x000000008a300000|100%| S|CS|TAMS 0x000000008a200000, 0x000000008a200000| Complete 
|  99|0x000000008a300000, 0x000000008a400000, 0x000000008a400000|100%| S|CS|TAMS 0x000000008a300000, 0x000000008a300000| Complete 
| 100|0x000000008a400000, 0x000000008a500000, 0x000000008a500000|100%| S|CS|TAMS 0x000000008a400000, 0x000000008a400000| Complete 
| 101|0x000000008a500000, 0x000000008a500000, 0x000000008a600000|  0%| F|  |TAMS 0x000000008a500000, 0x000000008a500000| Untracked 
| 102|0x000000008a600000, 0x000000008a600000, 0x000000008a700000|  0%| F|  |TAMS 0x000000008a600000, 0x000000008a600000| Untracked 
| 103|0x000000008a700000, 0x000000008a700000, 0x000000008a800000|  0%| F|  |TAMS 0x000000008a700000, 0x000000008a700000| Untracked 
| 104|0x000000008a800000, 0x000000008a800000, 0x000000008a900000|  0%| F|  |TAMS 0x000000008a800000, 0x000000008a800000| Untracked 
| 105|0x000000008a900000, 0x000000008a900000, 0x000000008aa00000|  0%| F|  |TAMS 0x000000008a900000, 0x000000008a900000| Untracked 
| 106|0x000000008aa00000, 0x000000008aa00000, 0x000000008ab00000|  0%| F|  |TAMS 0x000000008aa00000, 0x000000008aa00000| Untracked 
| 107|0x000000008ab00000, 0x000000008ab00000, 0x000000008ac00000|  0%| F|  |TAMS 0x000000008ab00000, 0x000000008ab00000| Untracked 
| 108|0x000000008ac00000, 0x000000008ac00000, 0x000000008ad00000|  0%| F|  |TAMS 0x000000008ac00000, 0x000000008ac00000| Untracked 
| 109|0x000000008ad00000, 0x000000008ad00000, 0x000000008ae00000|  0%| F|  |TAMS 0x000000008ad00000, 0x000000008ad00000| Untracked 
| 110|0x000000008ae00000, 0x000000008ae00000, 0x000000008af00000|  0%| F|  |TAMS 0x000000008ae00000, 0x000000008ae00000| Untracked 
| 111|0x000000008af00000, 0x000000008af00000, 0x000000008b000000|  0%| F|  |TAMS 0x000000008af00000, 0x000000008af00000| Untracked 
| 112|0x000000008b000000, 0x000000008b000000, 0x000000008b100000|  0%| F|  |TAMS 0x000000008b000000, 0x000000008b000000| Untracked 
| 113|0x000000008b100000, 0x000000008b100000, 0x000000008b200000|  0%| F|  |TAMS 0x000000008b100000, 0x000000008b100000| Untracked 
| 114|0x000000008b200000, 0x000000008b200000, 0x000000008b300000|  0%| F|  |TAMS 0x000000008b200000, 0x000000008b200000| Untracked 
| 115|0x000000008b300000, 0x000000008b300000, 0x000000008b400000|  0%| F|  |TAMS 0x000000008b300000, 0x000000008b300000| Untracked 
| 116|0x000000008b400000, 0x000000008b400000, 0x000000008b500000|  0%| F|  |TAMS 0x000000008b400000, 0x000000008b400000| Untracked 
| 117|0x000000008b500000, 0x000000008b500000, 0x000000008b600000|  0%| F|  |TAMS 0x000000008b500000, 0x000000008b500000| Untracked 
| 118|0x000000008b600000, 0x000000008b600000, 0x000000008b700000|  0%| F|  |TAMS 0x000000008b600000, 0x000000008b600000| Untracked 
| 119|0x000000008b700000, 0x000000008b770dc0, 0x000000008b800000| 44%| E|  |TAMS 0x000000008b700000, 0x000000008b700000| Complete 
| 120|0x000000008b800000, 0x000000008b900000, 0x000000008b900000|100%| E|CS|TAMS 0x000000008b800000, 0x000000008b800000| Complete 
| 121|0x000000008b900000, 0x000000008ba00000, 0x000000008ba00000|100%| E|CS|TAMS 0x000000008b900000, 0x000000008b900000| Complete 
| 122|0x000000008ba00000, 0x000000008bb00000, 0x000000008bb00000|100%| E|CS|TAMS 0x000000008ba00000, 0x000000008ba00000| Complete 
| 123|0x000000008bb00000, 0x000000008bc00000, 0x000000008bc00000|100%| E|CS|TAMS 0x000000008bb00000, 0x000000008bb00000| Complete 

Card table byte_map: [0x000002089fc20000,0x00000208a0000000] _byte_map_base: 0x000002089f800000

Marking Bits (Prev, Next): (CMBitMap*) 0x000002088cda7bc0, (CMBitMap*) 0x000002088cda7c00
 Prev Bits: [0x00000208a03e0000, 0x00000208a22e0000)
 Next Bits: [0x00000208a22e0000, 0x00000208a41e0000)

Polling page: 0x000002088c500000

Metaspace:

Usage:
  Non-class:     13.03 MB used.
      Class:      1.48 MB used.
       Both:     14.51 MB used.

Virtual space:
  Non-class space:       64.00 MB reserved,      13.12 MB ( 21%) committed,  1 nodes.
      Class space:        1.00 GB reserved,       1.56 MB ( <1%) committed,  1 nodes.
             Both:        1.06 GB reserved,      14.69 MB (  1%) committed. 

Chunk freelists:
   Non-Class:  1.92 MB
       Class:  14.38 MB
        Both:  16.30 MB

MaxMetaspaceSize: unlimited
CompressedClassSpaceSize: 1.00 GB
Initial GC threshold: 21.00 MB
Current GC threshold: 21.00 MB
CDS: off
MetaspaceReclaimPolicy: balanced
 - commit_granule_bytes: 65536.
 - commit_granule_words: 8192.
 - virtual_space_node_default_size: 8388608.
 - enlarge_chunks_in_place: 1.
 - new_chunks_are_fully_committed: 0.
 - uncommit_free_chunks: 1.
 - use_allocation_guard: 0.
 - handle_deallocations: 1.


Internal statistics:

num_allocs_failed_limit: 0.
num_arena_births: 104.
num_arena_deaths: 0.
num_vsnodes_births: 2.
num_vsnodes_deaths: 0.
num_space_committed: 235.
num_space_uncommitted: 0.
num_chunks_returned_to_freelist: 0.
num_chunks_taken_from_freelist: 326.
num_chunk_merges: 0.
num_chunk_splits: 214.
num_chunks_enlarged: 150.
num_inconsistent_stats: 0.

CodeHeap 'non-profiled nmethods': size=120000Kb used=382Kb max_used=382Kb free=119617Kb
 bounds [0x0000020897fe0000, 0x0000020898250000, 0x000002089f510000]
CodeHeap 'profiled nmethods': size=120000Kb used=1772Kb max_used=1772Kb free=118227Kb
 bounds [0x0000020890510000, 0x0000020890780000, 0x0000020897a40000]
CodeHeap 'non-nmethods': size=5760Kb used=1238Kb max_used=1253Kb free=4521Kb
 bounds [0x0000020897a40000, 0x0000020897cb0000, 0x0000020897fe0000]
 total_blobs=1657 nmethods=1118 adapters=452
 compilation: enabled
              stopped_count=0, restarted_count=0
 full_count=0

Compilation events (20 events):
Event: 0.896 Thread 0x00000208ab0905c0 1107       1       com.mysql.cj.conf.AbstractPropertyDefinition::getPropertyKey (5 bytes)
Event: 0.896 Thread 0x00000208ab279020 nmethod 1106 0x000002089803e690 code [0x000002089803e800, 0x000002089803e898]
Event: 0.896 Thread 0x00000208ab0905c0 nmethod 1107 0x000002089803e990 code [0x000002089803eb20, 0x000002089803ebf8]
Event: 0.898 Thread 0x00000208ab0905c0 1108       3       java.lang.Enum::hashCode (5 bytes)
Event: 0.898 Thread 0x00000208ab0905c0 nmethod 1108 0x00000208906c6510 code [0x00000208906c66a0, 0x00000208906c67e8]
Event: 0.898 Thread 0x00000208ab0905c0 1109       1       com.mysql.cj.conf.AbstractPropertyDefinition::getDefaultValue (5 bytes)
Event: 0.898 Thread 0x00000208ab0905c0 nmethod 1109 0x000002089803ec90 code [0x000002089803ee20, 0x000002089803eef8]
Event: 0.899 Thread 0x00000208ab0905c0 1110       1       com.mysql.cj.conf.AbstractRuntimeProperty::getPropertyDefinition (5 bytes)
Event: 0.899 Thread 0x00000208ab0905c0 nmethod 1110 0x000002089803ef90 code [0x000002089803f120, 0x000002089803f1f8]
Event: 0.899 Thread 0x00000208ab0905c0 1111       1       com.mysql.cj.conf.AbstractPropertyDefinition::getName (5 bytes)
Event: 0.899 Thread 0x00000208ab0905c0 nmethod 1111 0x000002089803f290 code [0x000002089803f420, 0x000002089803f4f8]
Event: 0.899 Thread 0x00000208ab0905c0 1112       1       com.mysql.cj.conf.AbstractPropertyDefinition::getCcAlias (5 bytes)
Event: 0.899 Thread 0x00000208ab0905c0 nmethod 1112 0x000002089803f590 code [0x000002089803f720, 0x000002089803f7f8]
Event: 0.902 Thread 0x00000208ab0905c0 1113       1       java.lang.Integer::intValue (5 bytes)
Event: 0.902 Thread 0x00000208ab0905c0 nmethod 1113 0x000002089803f890 code [0x000002089803fa20, 0x000002089803faf8]
Event: 0.903 Thread 0x00000208ab0905c0 1114       3       java.security.SecureClassLoader$CodeSourceKey::hashCode (21 bytes)
Event: 0.903 Thread 0x00000208ab0905c0 nmethod 1114 0x00000208906c6890 code [0x00000208906c6a40, 0x00000208906c6c28]
Event: 0.903 Thread 0x00000208ab0905c0 1115       3       java.lang.ClassLoader::checkCerts (121 bytes)
Event: 0.904 Thread 0x00000208ab0905c0 nmethod 1115 0x00000208906c6d10 code [0x00000208906c7000, 0x00000208906c7e48]
Event: 0.904 Thread 0x00000208ab0905c0 1116       3       java.lang.ClassLoader::defineClass (43 bytes)

GC Heap History (2 events):
Event: 0.801 GC heap before
{Heap before GC invocations=0 (full 0):
 garbage-first heap   total 126976K, used 23552K [0x0000000084000000, 0x0000000100000000)
  region size 1024K, 23 young (23552K), 0 survivors (0K)
 Metaspace       used 13109K, committed 13312K, reserved 1114112K
  class space    used 1357K, committed 1472K, reserved 1048576K
}
Event: 0.805 GC heap after
{Heap after GC invocations=1 (full 0):
 garbage-first heap   total 126976K, used 3272K [0x0000000084000000, 0x0000000100000000)
  region size 1024K, 3 young (3072K), 3 survivors (3072K)
 Metaspace       used 13109K, committed 13312K, reserved 1114112K
  class space    used 1357K, committed 1472K, reserved 1048576K
}

Dll operation events (2 events):
Event: 0.013 Loaded shared library C:\Users\asmab\.jdks\jbr-17.0.8\bin\java.dll
Event: 0.048 Loaded shared library C:\Users\asmab\.jdks\jbr-17.0.8\bin\jsvml.dll

Deoptimization events (20 events):
Event: 0.647 Thread 0x00000208ab96b6b0 DEOPT PACKING pc=0x0000020898014c98 sp=0x00000013c5afebb0
Event: 0.647 Thread 0x00000208ab96b6b0 DEOPT UNPACKING pc=0x0000020897a9a1a3 sp=0x00000013c5afeb20 mode 2
Event: 0.649 Thread 0x00000208ab6287b0 Uncommon trap: trap_request=0xffffff45 fr.pc=0x0000020898016818 relative=0x0000000000000178
Event: 0.649 Thread 0x00000208ab6287b0 Uncommon trap: reason=unstable_if action=reinterpret pc=0x0000020898016818 method=java.lang.invoke.VarHandle.checkExactAccessMode(Ljava/lang/invoke/VarHandle$AccessDescriptor;)V @ 4 c2
Event: 0.649 Thread 0x00000208ab6287b0 DEOPT PACKING pc=0x0000020898016818 sp=0x00000013c58feca0
Event: 0.649 Thread 0x00000208ab6287b0 DEOPT UNPACKING pc=0x0000020897a9a1a3 sp=0x00000013c58fec80 mode 2
Event: 0.747 Thread 0x00000208ab96b6b0 Uncommon trap: trap_request=0xffffff45 fr.pc=0x0000020898002784 relative=0x0000000000000644
Event: 0.747 Thread 0x00000208ab96b6b0 Uncommon trap: reason=unstable_if action=reinterpret pc=0x0000020898002784 method=java.util.zip.ZipFile$Source.checkAndAddEntry(II)I @ 128 c2
Event: 0.747 Thread 0x00000208ab96b6b0 DEOPT PACKING pc=0x0000020898002784 sp=0x00000013c5afc520
Event: 0.747 Thread 0x00000208ab96b6b0 DEOPT UNPACKING pc=0x0000020897a9a1a3 sp=0x00000013c5afc490 mode 2
Event: 0.748 Thread 0x00000208ab96b6b0 Uncommon trap: trap_request=0xffffff45 fr.pc=0x0000020898028ad0 relative=0x0000000000000df0
Event: 0.748 Thread 0x00000208ab96b6b0 Uncommon trap: reason=unstable_if action=reinterpret pc=0x0000020898028ad0 method=java.util.zip.ZipFile.getZipEntry(Ljava/lang/String;I)Ljava/util/zip/ZipEntry; @ 224 c2
Event: 0.748 Thread 0x00000208ab96b6b0 DEOPT PACKING pc=0x0000020898028ad0 sp=0x00000013c5afc640
Event: 0.748 Thread 0x00000208ab96b6b0 DEOPT UNPACKING pc=0x0000020897a9a1a3 sp=0x00000013c5afc618 mode 2
Event: 0.830 Thread 0x00000208ab96b6b0 Uncommon trap: trap_request=0xffffff45 fr.pc=0x0000020897ff0f18 relative=0x00000000000000f8
Event: 0.830 Thread 0x00000208ab96b6b0 Uncommon trap: reason=unstable_if action=reinterpret pc=0x0000020897ff0f18 method=java.lang.StringLatin1.lastIndexOf([BI[BII)I @ 86 c2
Event: 0.830 Thread 0x00000208ab96b6b0 DEOPT PACKING pc=0x0000020897ff0f18 sp=0x00000013c5afaa20
Event: 0.830 Thread 0x00000208ab96b6b0 DEOPT UNPACKING pc=0x0000020897a9a1a3 sp=0x00000013c5afa978 mode 2
Event: 0.877 Thread 0x00000208ab96b6b0 DEOPT PACKING pc=0x00000208905ef2be sp=0x00000013c5afa120
Event: 0.877 Thread 0x00000208ab96b6b0 DEOPT UNPACKING pc=0x0000020897a9ace3 sp=0x00000013c5af9598 mode 0

Classes unloaded (0 events):
No events

Classes redefined (0 events):
No events

Internal exceptions (13 events):
Event: 0.314 Thread 0x000002088cd4e110 Exception <a 'java/lang/NoSuchMethodError'{0x000000008b5ca0b8}: 'java.lang.Object java.lang.invoke.DirectMethodHandle$Holder.invokeStaticInit(java.lang.Object)'> (0x000000008b5ca0b8) 
thrown [s\src\hotspot\share\interpreter\linkResolver.cpp, line 771]
Event: 0.320 Thread 0x000002088cd4e110 Exception <a 'java/lang/NoSuchMethodError'{0x000000008b5d1cc8}: 'void java.lang.invoke.DirectMethodHandle$Holder.invokeStatic(java.lang.Object, java.lang.Object)'> (0x000000008b5d1cc8) 
thrown [s\src\hotspot\share\interpreter\linkResolver.cpp, line 771]
Event: 0.576 Thread 0x000002088cd4e110 Exception <a 'java/lang/NoSuchMethodError'{0x000000008afcf210}: 'void java.lang.invoke.DirectMethodHandle$Holder.invokeSpecial(java.lang.Object, java.lang.Object, java.lang.Object)'> (0x000000008afcf210) 
thrown [s\src\hotspot\share\interpreter\linkResolver.cpp, line 771]
Event: 0.585 Thread 0x000002088cd4e110 Exception <a 'java/lang/NoSuchMethodError'{0x000000008ae086e0}: 'void java.lang.invoke.DirectMethodHandle$Holder.invokeStatic(java.lang.Object, java.lang.Object, java.lang.Object)'> (0x000000008ae086e0) 
thrown [s\src\hotspot\share\interpreter\linkResolver.cpp, line 771]
Event: 0.616 Thread 0x000002088cd4e110 Exception <a 'java/lang/NoSuchMethodError'{0x000000008ae252d0}: 'int java.lang.invoke.DirectMethodHandle$Holder.invokeStaticInit(java.lang.Object, java.lang.Object, java.lang.Object)'> (0x000000008ae252d0) 
thrown [s\src\hotspot\share\interpreter\linkResolver.cpp, line 771]
Event: 0.635 Thread 0x000002088cd4e110 Exception <a 'java/lang/NoSuchMethodError'{0x000000008ad57bc0}: 'java.lang.Object java.lang.invoke.DirectMethodHandle$Holder.newInvokeSpecial(java.lang.Object, java.lang.Object, int, java.lang.Object)'> (0x000000008ad57bc0) 
thrown [s\src\hotspot\share\interpreter\linkResolver.cpp, line 771]
Event: 0.636 Thread 0x000002088cd4e110 Exception <a 'java/lang/NoSuchMethodError'{0x000000008ad5bfa0}: 'java.lang.Object java.lang.invoke.DirectMethodHandle$Holder.invokeSpecial(java.lang.Object, java.lang.Object, java.lang.Object, int, java.lang.Object)'> (0x000000008ad5bfa0) 
thrown [s\src\hotspot\share\interpreter\linkResolver.cpp, line 771]
Event: 0.700 Thread 0x00000208ab96b6b0 Exception <a 'java/lang/NoSuchMethodError'{0x000000008aa79268}: 'void java.lang.invoke.DirectMethodHandle$Holder.invokeStaticInit(java.lang.Object)'> (0x000000008aa79268) 
thrown [s\src\hotspot\share\interpreter\linkResolver.cpp, line 771]
Event: 0.703 Thread 0x000002088cd4e110 Exception <a 'java/lang/NoSuchMethodError'{0x000000008ad71030}: 'java.lang.Object java.lang.invoke.DirectMethodHandle$Holder.newInvokeSpecial(java.lang.Object, java.lang.Object, java.lang.Object, java.lang.Object, java.lang.Object, java.lang.Object)'> (0x000000008ad71030) 
thrown [s\src\hotspot\share\interpreter\linkResolver.cpp, line 771]
Event: 0.708 Thread 0x000002088cd4e110 Exception <a 'java/lang/NoSuchMethodError'{0x000000008a91a3c8}: 'java.lang.Object java.lang.invoke.DirectMethodHandle$Holder.newInvokeSpecial(java.lang.Object, java.lang.Object, java.lang.Object, java.lang.Object, java.lang.Object)'> (0x000000008a91a3c8) 
thrown [s\src\hotspot\share\interpreter\linkResolver.cpp, line 771]
Event: 0.710 Thread 0x00000208abaedea0 Exception <a 'java/lang/NoSuchMethodError'{0x000000008a97e810}: 'void java.lang.invoke.DirectMethodHandle$Holder.invokeStatic(java.lang.Object, java.lang.Object, java.lang.Object, java.lang.Object)'> (0x000000008a97e810) 
thrown [s\src\hotspot\share\interpreter\linkResolver.cpp, line 771]
Event: 0.824 Thread 0x00000208ab96b6b0 Exception <a 'java/lang/NoSuchMethodError'{0x000000008ba4e4b8}: 'java.lang.Object java.lang.invoke.DirectMethodHandle$Holder.invokeInterface(java.lang.Object, java.lang.Object)'> (0x000000008ba4e4b8) 
thrown [s\src\hotspot\share\interpreter\linkResolver.cpp, line 771]
Event: 0.851 Thread 0x00000208ab96b6b0 Exception <a 'java/lang/NoSuchMethodError'{0x000000008bad9120}: 'java.lang.Object java.lang.invoke.DirectMethodHandle$Holder.invokeVirtual(java.lang.Object, java.lang.Object, java.lang.Object)'> (0x000000008bad9120) 
thrown [s\src\hotspot\share\interpreter\linkResolver.cpp, line 771]

VM Operations (18 events):
Event: 0.231 Executing VM operation: HandshakeAllThreads
Event: 0.231 Executing VM operation: HandshakeAllThreads done
Event: 0.282 Executing VM operation: HandshakeAllThreads
Event: 0.282 Executing VM operation: HandshakeAllThreads done
Event: 0.626 Executing VM operation: HandshakeAllThreads
Event: 0.626 Executing VM operation: HandshakeAllThreads done
Event: 0.794 Executing VM operation: HandshakeAllThreads
Event: 0.794 Executing VM operation: HandshakeAllThreads done
Event: 0.795 Executing VM operation: HandshakeAllThreads
Event: 0.795 Executing VM operation: HandshakeAllThreads done
Event: 0.796 Executing VM operation: ICBufferFull
Event: 0.796 Executing VM operation: ICBufferFull done
Event: 0.801 Executing VM operation: G1CollectForAllocation
Event: 0.805 Executing VM operation: G1CollectForAllocation done
Event: 0.806 Executing VM operation: HandshakeAllThreads
Event: 0.806 Executing VM operation: HandshakeAllThreads done
Event: 0.826 Executing VM operation: HandshakeAllThreads
Event: 0.826 Executing VM operation: HandshakeAllThreads done

Events (20 events):
Event: 0.850 loading class java/lang/invoke/DirectMethodHandle$Special
Event: 0.850 loading class java/lang/invoke/DirectMethodHandle$Special done
Event: 0.851 loading class java/util/ArrayList$ArrayListSpliterator
Event: 0.851 loading class java/util/ArrayList$ArrayListSpliterator done
Event: 0.874 loading class java/lang/reflect/InvocationHandler
Event: 0.874 loading class java/lang/reflect/InvocationHandler done
Event: 0.877 loading class java/util/Random
Event: 0.878 loading class java/util/random/RandomGenerator
Event: 0.878 loading class java/util/random/RandomGenerator done
Event: 0.878 loading class java/util/Random done
Event: 0.891 loading class java/util/Date
Event: 0.892 loading class java/util/Date done
Event: 0.892 loading class java/text/MessageFormat$Field
Event: 0.892 loading class java/text/Format$Field
Event: 0.892 loading class java/text/AttributedCharacterIterator$Attribute
Event: 0.892 loading class java/text/AttributedCharacterIterator$Attribute done
Event: 0.892 loading class java/text/Format$Field done
Event: 0.892 loading class java/text/MessageFormat$Field done
Event: 0.899 loading class java/util/concurrent/ConcurrentHashMap$KeyIterator
Event: 0.899 loading class java/util/concurrent/ConcurrentHashMap$KeyIterator done


Dynamic libraries:
0x00007ff7130f0000 - 0x00007ff7130fa000 	C:\Users\asmab\.jdks\jbr-17.0.8\bin\java.exe
0x00007ff9b0e30000 - 0x00007ff9b1046000 	C:\WINDOWS\SYSTEM32\ntdll.dll
0x00007ff9b00d0000 - 0x00007ff9b0194000 	C:\WINDOWS\System32\KERNEL32.DLL
0x00007ff9ae550000 - 0x00007ff9ae8f6000 	C:\WINDOWS\System32\KERNELBASE.dll
0x00007ff9ae310000 - 0x00007ff9ae421000 	C:\WINDOWS\System32\ucrtbase.dll
0x00007ff9a7910000 - 0x00007ff9a792b000 	C:\Users\asmab\.jdks\jbr-17.0.8\bin\VCRUNTIME140.dll
0x00007ff9a7930000 - 0x00007ff9a7947000 	C:\Users\asmab\.jdks\jbr-17.0.8\bin\jli.dll
0x00007ff9b0680000 - 0x00007ff9b082d000 	C:\WINDOWS\System32\USER32.dll
0x00007ff998dd0000 - 0x00007ff999063000 	C:\WINDOWS\WinSxS\amd64_microsoft.windows.common-controls_6595b64144ccf1df_6.0.22621.3235_none_270f74e173860f98\COMCTL32.dll
0x00007ff9aeae0000 - 0x00007ff9aeb06000 	C:\WINDOWS\System32\win32u.dll
0x00007ff9aff70000 - 0x00007ff9b0017000 	C:\WINDOWS\System32\msvcrt.dll
0x00007ff9af790000 - 0x00007ff9af7b9000 	C:\WINDOWS\System32\GDI32.dll
0x00007ff9ae900000 - 0x00007ff9aea18000 	C:\WINDOWS\System32\gdi32full.dll
0x00007ff9ae430000 - 0x00007ff9ae4ca000 	C:\WINDOWS\System32\msvcp_win.dll
0x00007ff9aed40000 - 0x00007ff9aed71000 	C:\WINDOWS\System32\IMM32.DLL
0x00007ff99ac60000 - 0x00007ff99ac6c000 	C:\Users\asmab\.jdks\jbr-17.0.8\bin\vcruntime140_1.dll
0x00007ff9a71a0000 - 0x00007ff9a722d000 	C:\Users\asmab\.jdks\jbr-17.0.8\bin\msvcp140.dll
0x00007ff92b4a0000 - 0x00007ff92c123000 	C:\Users\asmab\.jdks\jbr-17.0.8\bin\server\jvm.dll
0x00007ff9b01b0000 - 0x00007ff9b0262000 	C:\WINDOWS\System32\ADVAPI32.dll
0x00007ff9b0940000 - 0x00007ff9b09e8000 	C:\WINDOWS\System32\sechost.dll
0x00007ff9ae2e0000 - 0x00007ff9ae308000 	C:\WINDOWS\System32\bcrypt.dll
0x00007ff9aed80000 - 0x00007ff9aee95000 	C:\WINDOWS\System32\RPCRT4.dll
0x00007ff9a68a0000 - 0x00007ff9a68d4000 	C:\WINDOWS\SYSTEM32\WINMM.dll
0x00007ff9ae040000 - 0x00007ff9ae08d000 	C:\WINDOWS\SYSTEM32\POWRPROF.dll
0x00007ff991950000 - 0x00007ff991959000 	C:\WINDOWS\SYSTEM32\WSOCK32.dll
0x00007ff9a5030000 - 0x00007ff9a503a000 	C:\WINDOWS\SYSTEM32\VERSION.dll
0x00007ff9b0600000 - 0x00007ff9b0671000 	C:\WINDOWS\System32\WS2_32.dll
0x00007ff9ae020000 - 0x00007ff9ae033000 	C:\WINDOWS\SYSTEM32\UMPDC.dll
0x00007ff9ad170000 - 0x00007ff9ad188000 	C:\WINDOWS\SYSTEM32\kernel.appcore.dll
0x00007ff9a7130000 - 0x00007ff9a713a000 	C:\Users\asmab\.jdks\jbr-17.0.8\bin\jimage.dll
0x00007ff9ab9b0000 - 0x00007ff9abbe3000 	C:\WINDOWS\SYSTEM32\DBGHELP.DLL
0x00007ff9b0270000 - 0x00007ff9b05f8000 	C:\WINDOWS\System32\combase.dll
0x00007ff9b0840000 - 0x00007ff9b0917000 	C:\WINDOWS\System32\OLEAUT32.dll
0x00007ff987550000 - 0x00007ff987582000 	C:\WINDOWS\SYSTEM32\dbgcore.DLL
0x00007ff9ae4d0000 - 0x00007ff9ae54a000 	C:\WINDOWS\System32\bcryptPrimitives.dll
0x00007ff978ba0000 - 0x00007ff978bc5000 	C:\Users\asmab\.jdks\jbr-17.0.8\bin\java.dll
0x00007ff9a7140000 - 0x00007ff9a7158000 	C:\Users\asmab\.jdks\jbr-17.0.8\bin\zip.dll
0x00007ff9789a0000 - 0x00007ff978a77000 	C:\Users\asmab\.jdks\jbr-17.0.8\bin\jsvml.dll
0x00007ff9aef30000 - 0x00007ff9af78d000 	C:\WINDOWS\System32\SHELL32.dll
0x00007ff9ac080000 - 0x00007ff9ac978000 	C:\WINDOWS\SYSTEM32\windows.storage.dll
0x00007ff9abf40000 - 0x00007ff9ac07e000 	C:\WINDOWS\SYSTEM32\wintypes.dll
0x00007ff9b0b90000 - 0x00007ff9b0c83000 	C:\WINDOWS\System32\SHCORE.dll
0x00007ff9b0c90000 - 0x00007ff9b0cee000 	C:\WINDOWS\System32\shlwapi.dll
0x00007ff9ae0a0000 - 0x00007ff9ae0c6000 	C:\WINDOWS\SYSTEM32\profapi.dll
0x00007ff99ac80000 - 0x00007ff99ac99000 	C:\Users\asmab\.jdks\jbr-17.0.8\bin\net.dll
0x00007ff9a72e0000 - 0x00007ff9a7417000 	C:\WINDOWS\SYSTEM32\WINHTTP.dll
0x00007ff9ad5f0000 - 0x00007ff9ad659000 	C:\WINDOWS\system32\mswsock.dll
0x00007ff997690000 - 0x00007ff9976a6000 	C:\Users\asmab\.jdks\jbr-17.0.8\bin\nio.dll
0x00000208a6ee0000 - 0x00000208a6ee3000 	C:\Users\asmab\.openjfx\cache\21.0.2+5\amd64\api-ms-win-core-console-l1-1-0.dll
0x00000208a6ef0000 - 0x00000208a6ef3000 	C:\Users\asmab\.openjfx\cache\21.0.2+5\amd64\api-ms-win-core-console-l1-2-0.dll
0x00000208a6f00000 - 0x00000208a6f03000 	C:\Users\asmab\.openjfx\cache\21.0.2+5\amd64\api-ms-win-core-datetime-l1-1-0.dll
0x00000208a6f10000 - 0x00000208a6f13000 	C:\Users\asmab\.openjfx\cache\21.0.2+5\amd64\api-ms-win-core-debug-l1-1-0.dll
0x00000208a6f20000 - 0x00000208a6f23000 	C:\Users\asmab\.openjfx\cache\21.0.2+5\amd64\api-ms-win-core-errorhandling-l1-1-0.dll
0x00000208a6f30000 - 0x00000208a6f34000 	C:\Users\asmab\.openjfx\cache\21.0.2+5\amd64\api-ms-win-core-file-l1-1-0.dll
0x00000208a6f40000 - 0x00000208a6f43000 	C:\Users\asmab\.openjfx\cache\21.0.2+5\amd64\api-ms-win-core-file-l1-2-0.dll
0x00000208a6f50000 - 0x00000208a6f53000 	C:\Users\asmab\.openjfx\cache\21.0.2+5\amd64\api-ms-win-core-file-l2-1-0.dll
0x00000208a6f60000 - 0x00000208a6f63000 	C:\Users\asmab\.openjfx\cache\21.0.2+5\amd64\api-ms-win-core-handle-l1-1-0.dll
0x00000208a6f70000 - 0x00000208a6f73000 	C:\Users\asmab\.openjfx\cache\21.0.2+5\amd64\api-ms-win-core-heap-l1-1-0.dll
0x00000208a6f80000 - 0x00000208a6f83000 	C:\Users\asmab\.openjfx\cache\21.0.2+5\amd64\api-ms-win-core-interlocked-l1-1-0.dll
0x00000208a6f90000 - 0x00000208a6f93000 	C:\Users\asmab\.openjfx\cache\21.0.2+5\amd64\api-ms-win-core-libraryloader-l1-1-0.dll
0x00000208a6fa0000 - 0x00000208a6fa3000 	C:\Users\asmab\.openjfx\cache\21.0.2+5\amd64\api-ms-win-core-localization-l1-2-0.dll
0x00000208a6fb0000 - 0x00000208a6fb3000 	C:\Users\asmab\.openjfx\cache\21.0.2+5\amd64\api-ms-win-core-memory-l1-1-0.dll
0x00000208a6fc0000 - 0x00000208a6fc3000 	C:\Users\asmab\.openjfx\cache\21.0.2+5\amd64\api-ms-win-core-namedpipe-l1-1-0.dll
0x00000208a6fd0000 - 0x00000208a6fd3000 	C:\Users\asmab\.openjfx\cache\21.0.2+5\amd64\api-ms-win-core-processenvironment-l1-1-0.dll
0x00000208a6fe0000 - 0x00000208a6fe3000 	C:\Users\asmab\.openjfx\cache\21.0.2+5\amd64\api-ms-win-core-processthreads-l1-1-0.dll
0x00000208a6ff0000 - 0x00000208a6ff3000 	C:\Users\asmab\.openjfx\cache\21.0.2+5\amd64\api-ms-win-core-processthreads-l1-1-1.dll
0x00000208abc00000 - 0x00000208abc03000 	C:\Users\asmab\.openjfx\cache\21.0.2+5\amd64\api-ms-win-core-profile-l1-1-0.dll
0x00000208abc10000 - 0x00000208abc13000 	C:\Users\asmab\.openjfx\cache\21.0.2+5\amd64\api-ms-win-core-rtlsupport-l1-1-0.dll
0x00000208abc20000 - 0x00000208abc23000 	C:\Users\asmab\.openjfx\cache\21.0.2+5\amd64\api-ms-win-core-string-l1-1-0.dll
0x00000208abc30000 - 0x00000208abc33000 	C:\Users\asmab\.openjfx\cache\21.0.2+5\amd64\api-ms-win-core-synch-l1-1-0.dll
0x00000208abc40000 - 0x00000208abc43000 	C:\Users\asmab\.openjfx\cache\21.0.2+5\amd64\api-ms-win-core-synch-l1-2-0.dll
0x00000208abc50000 - 0x00000208abc53000 	C:\Users\asmab\.openjfx\cache\21.0.2+5\amd64\api-ms-win-core-sysinfo-l1-1-0.dll
0x00000208abc60000 - 0x00000208abc63000 	C:\Users\asmab\.openjfx\cache\21.0.2+5\amd64\api-ms-win-core-timezone-l1-1-0.dll
0x00000208abc70000 - 0x00000208abc73000 	C:\Users\asmab\.openjfx\cache\21.0.2+5\amd64\api-ms-win-core-util-l1-1-0.dll
0x00000208abc80000 - 0x00000208abc83000 	C:\Users\asmab\.openjfx\cache\21.0.2+5\amd64\api-ms-win-crt-conio-l1-1-0.dll
0x00000208abc90000 - 0x00000208abc94000 	C:\Users\asmab\.openjfx\cache\21.0.2+5\amd64\api-ms-win-crt-convert-l1-1-0.dll
0x00000208abca0000 - 0x00000208abca3000 	C:\Users\asmab\.openjfx\cache\21.0.2+5\amd64\api-ms-win-crt-environment-l1-1-0.dll
0x00000208abcb0000 - 0x00000208abcb3000 	C:\Users\asmab\.openjfx\cache\21.0.2+5\amd64\api-ms-win-crt-filesystem-l1-1-0.dll
0x00000208abcc0000 - 0x00000208abcc3000 	C:\Users\asmab\.openjfx\cache\21.0.2+5\amd64\api-ms-win-crt-heap-l1-1-0.dll
0x00000208abcd0000 - 0x00000208abcd3000 	C:\Users\asmab\.openjfx\cache\21.0.2+5\amd64\api-ms-win-crt-locale-l1-1-0.dll
0x00000208abce0000 - 0x00000208abce5000 	C:\Users\asmab\.openjfx\cache\21.0.2+5\amd64\api-ms-win-crt-math-l1-1-0.dll
0x00000208abcf0000 - 0x00000208abcf5000 	C:\Users\asmab\.openjfx\cache\21.0.2+5\amd64\api-ms-win-crt-multibyte-l1-1-0.dll
0x00000208abd00000 - 0x00000208abd10000 	C:\Users\asmab\.openjfx\cache\21.0.2+5\amd64\api-ms-win-crt-private-l1-1-0.dll
0x00000208abd10000 - 0x00000208abd13000 	C:\Users\asmab\.openjfx\cache\21.0.2+5\amd64\api-ms-win-crt-process-l1-1-0.dll
0x00000208abd20000 - 0x00000208abd24000 	C:\Users\asmab\.openjfx\cache\21.0.2+5\amd64\api-ms-win-crt-runtime-l1-1-0.dll
0x00000208abd30000 - 0x00000208abd34000 	C:\Users\asmab\.openjfx\cache\21.0.2+5\amd64\api-ms-win-crt-stdio-l1-1-0.dll
0x00000208abd40000 - 0x00000208abd44000 	C:\Users\asmab\.openjfx\cache\21.0.2+5\amd64\api-ms-win-crt-string-l1-1-0.dll
0x00000208abd50000 - 0x00000208abd53000 	C:\Users\asmab\.openjfx\cache\21.0.2+5\amd64\api-ms-win-crt-time-l1-1-0.dll
0x00000208abd60000 - 0x00000208abd63000 	C:\Users\asmab\.openjfx\cache\21.0.2+5\amd64\api-ms-win-crt-utility-l1-1-0.dll
0x00007ff978aa0000 - 0x00007ff978b9c000 	C:\Users\asmab\.openjfx\cache\21.0.2+5\amd64\ucrtbase.dll
0x00007ff9a7960000 - 0x00007ff9a797b000 	C:\Users\asmab\.openjfx\cache\21.0.2+5\amd64\vcruntime140.dll
0x00007ff9a7160000 - 0x00007ff9a716c000 	C:\Users\asmab\.openjfx\cache\21.0.2+5\amd64\vcruntime140_1.dll
0x00007ff99d200000 - 0x00007ff99d28e000 	C:\Users\asmab\.openjfx\cache\21.0.2+5\amd64\msvcp140.dll
0x00007ff9a2410000 - 0x00007ff9a2419000 	C:\Users\asmab\.openjfx\cache\21.0.2+5\amd64\msvcp140_1.dll
0x00007ff99c9e0000 - 0x00007ff99ca21000 	C:\Users\asmab\.openjfx\cache\21.0.2+5\amd64\msvcp140_2.dll
0x00007ff99d3f0000 - 0x00007ff99d420000 	C:\Users\asmab\.openjfx\cache\21.0.2+5\amd64\prism_d3d.dll
0x00007ff96ca50000 - 0x00007ff96cbf9000 	C:\WINDOWS\system32\d3d9.dll
0x00007ff9ab460000 - 0x00007ff9ab48b000 	C:\WINDOWS\SYSTEM32\dwmapi.dll
0x00007ff9ab310000 - 0x00007ff9ab349000 	C:\WINDOWS\SYSTEM32\dxcore.dll
0x00007ff9ab210000 - 0x00007ff9ab2bb000 	C:\WINDOWS\system32\uxtheme.dll
0x00007ff96ef30000 - 0x00007ff96f095000 	C:\WINDOWS\System32\DriverStore\FileRepository\iigd_dch.inf_amd64_0a2eb8dac923ec42\igdumdim64.dll
0x00007ff9b09f0000 - 0x00007ff9b0b8f000 	C:\WINDOWS\System32\ole32.dll
0x00007ff94a610000 - 0x00007ff94e266000 	C:\WINDOWS\System32\DriverStore\FileRepository\iigd_dch.inf_amd64_0a2eb8dac923ec42\igd9dxva64.dll
0x00007ff9af940000 - 0x00007ff9afdb4000 	C:\WINDOWS\System32\SETUPAPI.dll
0x00007ff9add70000 - 0x00007ff9addbe000 	C:\WINDOWS\SYSTEM32\cfgmgr32.dll
0x00007ff9a1d60000 - 0x00007ff9a2121000 	C:\WINDOWS\System32\DriverStore\FileRepository\iigd_dch.inf_amd64_0a2eb8dac923ec42\igdgmm64.dll
0x00007ff9a7880000 - 0x00007ff9a78ca000 	C:\WINDOWS\SYSTEM32\directxdatabasehelper.dll
0x00007ff99ac10000 - 0x00007ff99ac52000 	C:\Users\asmab\.openjfx\cache\21.0.2+5\amd64\glass.dll
0x00007ff9b0cf0000 - 0x00007ff9b0de9000 	C:\WINDOWS\System32\COMDLG32.dll
0x00007ff9afdc0000 - 0x00007ff9aff14000 	C:\WINDOWS\System32\MSCTF.dll
0x00007ff9836b0000 - 0x00007ff9836d7000 	C:\WINDOWS\System32\DriverStore\FileRepository\iigd_dch.inf_amd64_0a2eb8dac923ec42\igdinfo64.dll
0x00007ff99eb50000 - 0x00007ff9a1d56000 	C:\WINDOWS\System32\DriverStore\FileRepository\iigd_dch.inf_amd64_0a2eb8dac923ec42\igc64.dll

dbghelp: loaded successfully - version: 4.0.5 - missing functions: none
symbol engine: initialized successfully - sym options: 0x614 - pdb path: .;C:\Users\asmab\.jdks\jbr-17.0.8\bin;C:\WINDOWS\SYSTEM32;C:\WINDOWS\WinSxS\amd64_microsoft.windows.common-controls_6595b64144ccf1df_6.0.22621.3235_none_270f74e173860f98;C:\Users\asmab\.jdks\jbr-17.0.8\bin\server;C:\Users\asmab\.openjfx\cache\21.0.2+5\amd64;C:\WINDOWS\System32\DriverStore\FileRepository\iigd_dch.inf_amd64_0a2eb8dac923ec42

VM Arguments:
jvm_args: --module-path=C:\Users\asmab\.m2\repository\org\openjfx\javafx-base\21.0.2\javafx-base-21.0.2-win.jar;C:\Users\asmab\.m2\repository\org\openjfx\javafx-base\21.0.2\javafx-base-21.0.2.jar;C:\Users\asmab\.m2\repository\org\openjfx\javafx-controls\21.0.2\javafx-controls-21.0.2-win.jar;C:\Users\asmab\.m2\repository\org\openjfx\javafx-controls\21.0.2\javafx-controls-21.0.2.jar;C:\Users\asmab\.m2\repository\org\openjfx\javafx-fxml\21.0.2\javafx-fxml-21.0.2-win.jar;C:\Users\asmab\.m2\repository\org\openjfx\javafx-fxml\21.0.2\javafx-fxml-21.0.2.jar;C:\Users\asmab\.m2\repository\org\openjfx\javafx-graphics\21.0.2\javafx-graphics-21.0.2-win.jar;C:\Users\asmab\.m2\repository\org\openjfx\javafx-graphics\21.0.2\javafx-graphics-21.0.2.jar --add-modules=javafx.base,javafx.controls,javafx.fxml,javafx.graphics 
java_command: tests.MainFx
java_class_path (initial): C:\Users\asmab\IdeaProjects\skillhub\target\classes;C:\Users\asmab\.m2\repository\com\google\protobuf\protobuf-java\3.21.9\protobuf-java-3.21.9.jar;C:\Users\asmab\.m2\repository\com\mysql\mysql-connector-j\8.0.33\mysql-connector-j-8.0.33.jar
Launcher Type: SUN_STANDARD

[Global flags]
     intx CICompilerCount                          = 4                                         {product} {ergonomic}
     uint ConcGCThreads                            = 2                                         {product} {ergonomic}
     uint G1ConcRefinementThreads                  = 8                                         {product} {ergonomic}
   size_t G1HeapRegionSize                         = 1048576                                   {product} {ergonomic}
    uintx GCDrainStackTargetSize                   = 64                                        {product} {ergonomic}
   size_t InitialHeapSize                          = 130023424                                 {product} {ergonomic}
   size_t MarkStackSize                            = 4194304                                   {product} {ergonomic}
   size_t MaxHeapSize                              = 2080374784                                {product} {ergonomic}
   size_t MaxNewSize                               = 1247805440                                {product} {ergonomic}
   size_t MinHeapDeltaBytes                        = 1048576                                   {product} {ergonomic}
   size_t MinHeapSize                              = 8388608                                   {product} {ergonomic}
    uintx NonNMethodCodeHeapSize                   = 5839372                                {pd product} {ergonomic}
    uintx NonProfiledCodeHeapSize                  = 122909434                              {pd product} {ergonomic}
    uintx ProfiledCodeHeapSize                     = 122909434                              {pd product} {ergonomic}
    uintx ReservedCodeCacheSize                    = 251658240                              {pd product} {ergonomic}
     bool SegmentedCodeCache                       = true                                      {product} {ergonomic}
   size_t SoftMaxHeapSize                          = 2080374784                             {manageable} {ergonomic}
     bool UseCompressedClassPointers               = true                           {product lp64_product} {ergonomic}
     bool UseCompressedOops                        = true                           {product lp64_product} {ergonomic}
     bool UseG1GC                                  = true                                      {product} {ergonomic}
     bool UseLargePagesIndividualAllocation        = false                                  {pd product} {ergonomic}

Logging:
Log output configuration:
 #0: stdout all=warning uptime,level,tags
 #1: stderr all=off uptime,level,tags

Environment Variables:
PATH=C:\Program Files (x86)\VMware\VMware Workstation\bin\;C:\oraclexe\app\oracle\product\11.2.0\server\bin;;C:\oraclexe\app\oracle\product\10.2.0\server\bin;C:\WINDOWS\system32;C:\WINDOWS;C:\WINDOWS\System32\Wbem;C:\WINDOWS\System32\WindowsPowerShell\v1.0\;C:\WINDOWS\System32\OpenSSH\;C:\xampp\php;C:\ProgramData\ComposerSetup\bin;C:\Program Files\Git\cmd;C:\Program Files (x86)\GnuWin32\bin;C:\Program Files\CodeBlocks\MinGW\bin;C:\Users\asmab\scoop\shims;C:\Users\asmab\AppData\Local\Microsoft\WindowsApps;C:\Users\asmab\AppData\Local\Programs\Microsoft VS Code\bin;C:\Users\asmab\AppData\Local\ComposerSetup\bin;C:\Users\asmab\AppData\Roaming\Composer\vendor\bin;C:\xamp\php;C:\Program Files\CodeBlocks\MinGW\bin;C:\xamppp\php;
USERNAME=asmab
OS=Windows_NT
PROCESSOR_IDENTIFIER=Intel64 Family 6 Model 126 Stepping 5, GenuineIntel
TMP=C:\Users\asmab\AppData\Local\Temp
TEMP=C:\Users\asmab\AppData\Local\Temp


JNI global refs:
JNI global refs: 14, weak refs: 0

JNI global refs memory usage: 843, weak refs: 841

OOME stack traces (most recent first):
Classloader memory used:
Loader bootstrap                                                                       : 1351K
Loader jdk.internal.loader.ClassLoaders$AppClassLoader                                 : 476K
Loader jdk.internal.loader.ClassLoaders$PlatformClassLoader                            : 29499B
Loader jdk.internal.reflect.DelegatingClassLoader                                      : 432B


---------------  S Y S T E M  ---------------

OS:
 Windows 11 , 64 bit Build 22621 (10.0.22621.3235)
OS uptime: 21 days 10:14 hours
Hyper-V role detected

CPU: total 8 (initial active 8) (4 cores per cpu, 2 threads per core) family 6 model 126 stepping 5 microcode 0xa8, cx8, cmov, fxsr, ht, mmx, 3dnowpref, sse, sse2, sse3, ssse3, sse4.1, sse4.2, popcnt, lzcnt, tsc, tscinvbit, avx, avx2, aes, erms, clmul, bmi1, bmi2, adx, avx512f, avx512dq, avx512cd, avx512bw, avx512vl, sha, fma, vzeroupper, avx512_vpopcntdq, avx512_vpclmulqdq, avx512_vaes, avx512_vnni, clflush, clflushopt, avx512_vbmi2, avx512_vbmi, hv
Processor Information for all 8 processors :
  Max Mhz: 1190, Current Mhz: 991, Mhz Limit: 987

Memory: 4k page, system-wide physical 7932M (491M free)
TotalPageFile size 32508M (AvailPageFile size 5M)
current process WorkingSet (physical memory assigned to process): 105M, peak: 107M
current process commit charge ("private bytes"): 243M, peak: 246M

vm_info: OpenJDK 64-Bit Server VM (17.0.8+7-b1000.22) for windows-amd64 JRE (17.0.8+7-b1000.22), built on 2023-09-02 by "builduser" with MS VC++ 16.10 / 16.11 (VS2019)

END.
